[ 2018-05-14T13:42:11+08:00 ] ::1 /index.php/home/xg
INFO: [ app_init ] --START--
INFO: Run Behavior\BuildLiteBehavior [ RunTime:0.000021s ]
INFO: [ app_init ] --END-- [ RunTime:0.014448s ]
INFO: [ app_begin ] --START--
INFO: Run Behavior\ReadHtmlCacheBehavior [ RunTime:0.000994s ]
INFO: [ app_begin ] --END-- [ RunTime:0.001067s ]
SQL: SHOW COLUMNS FROM `k` [ RunTime:0.0309s ]
SQL: SELECT COUNT(*) AS tp_count FROM `k` LIMIT 1   [ RunTime:0.0016s ]
SQL: SELECT `k_id`,`k_m`,`k_hkfs`,`k_shdq`,`k_zdate`,`k_shm`,`k_shdz`,`k_lxr`,`k_hy`,`k_tel`,`k_sj`,`k_fax`,`k_yb`,`k_email`,`k_bz`,`片区`,`营销员`,`k_dzbq` FROM `k` ORDER BY k_id desc LIMIT 0,13   [ RunTime:0.0007s ]
INFO: [ view_parse ] --START--
INFO: [ template_filter ] --START--
INFO: Run Behavior\ContentReplaceBehavior [ RunTime:0.016679s ]
INFO: [ template_filter ] --END-- [ RunTime:0.016768s ]
INFO: Run Behavior\ParseTemplateBehavior [ RunTime:0.107737s ]
INFO: [ view_parse ] --END-- [ RunTime:0.107805s ]
INFO: [ view_filter ] --START--
INFO: Run Behavior\WriteHtmlCacheBehavior [ RunTime:0.031133s ]
INFO: [ view_filter ] --END-- [ RunTime:0.031209s ]
INFO: [ app_end ] --START--
INFO: Run Behavior\ShowPageTraceBehavior [ RunTime:0.029392s ]
INFO: [ app_end ] --END-- [ RunTime:0.029491s ]

[ 2018-05-14T13:42:11+08:00 ] ::1 /index.php/Home/Kh/khmx/k_id/222
INFO: [ app_init ] --START--
INFO: Run Behavior\BuildLiteBehavior [ RunTime:0.000032s ]
INFO: [ app_init ] --END-- [ RunTime:0.014447s ]
INFO: [ app_begin ] --START--
INFO: Run Behavior\ReadHtmlCacheBehavior [ RunTime:0.001078s ]
INFO: [ app_begin ] --END-- [ RunTime:0.001161s ]
SQL: SHOW COLUMNS FROM `k` [ RunTime:0.0316s ]
SQL: SELECT * FROM `k` WHERE ( k_id=222 )  [ RunTime:0.0009s ]
SQL: SHOW COLUMNS FROM `ht` [ RunTime:0.0518s ]
SQL: SELECT COUNT(*) AS tp_count FROM `ht` WHERE ( k_id=222 ) LIMIT 1   [ RunTime:0.2453s ]
SQL: SELECT `h_id`,`h_date`,`k_id`,`h_h`,`h_jdate`,`h_hy`,`h_hdate`,`h_zl`,`h_hkfs`,`h_jhd`,`营销员`,`fhk_id`,`h_khht`,`备注` FROM `ht` WHERE ( k_id=222 ) ORDER BY h_id desc LIMIT 0,10   [ RunTime:0.0066s ]
INFO: [ view_parse ] --START--
INFO: [ template_filter ] --START--
INFO: Run Behavior\ContentReplaceBehavior [ RunTime:0.000198s ]
INFO: [ template_filter ] --END-- [ RunTime:0.000270s ]
INFO: Run Behavior\ParseTemplateBehavior [ RunTime:0.045988s ]
INFO: [ view_parse ] --END-- [ RunTime:0.046050s ]
INFO: [ view_filter ] --START--
INFO: Run Behavior\WriteHtmlCacheBehavior [ RunTime:0.000333s ]
INFO: [ view_filter ] --END-- [ RunTime:0.000367s ]
INFO: [ app_end ] --START--
INFO: Run Behavior\ShowPageTraceBehavior [ RunTime:0.000654s ]
INFO: [ app_end ] --END-- [ RunTime:0.000704s ]

