[ 2018-04-04T11:26:13+08:00 ] ::1 /index.php/home/xg
INFO: [ app_init ] --START--
INFO: Run Behavior\BuildLiteBehavior [ RunTime:0.000033s ]
INFO: [ app_init ] --END-- [ RunTime:0.046847s ]
INFO: [ app_begin ] --START--
INFO: Run Behavior\ReadHtmlCacheBehavior [ RunTime:0.008847s ]
INFO: [ app_begin ] --END-- [ RunTime:0.008962s ]
SQL: SHOW COLUMNS FROM `jg` [ RunTime:0.0681s ]
SQL: SELECT COUNT(*) AS tp_count FROM `jg` LIMIT 1   [ RunTime:0.0380s ]
SQL: SELECT `id`,`riq`,`gold`,`silver`,`silver1`,`pd`,`ru`,`pt`,`rh`,`yr`,`jcpd`,`jcpt` FROM `jg` ORDER BY riq desc LIMIT 0,13   [ RunTime:0.0034s ]
INFO: [ view_parse ] --START--
INFO: [ template_filter ] --START--
INFO: Run Behavior\ContentReplaceBehavior [ RunTime:0.016746s ]
INFO: [ template_filter ] --END-- [ RunTime:0.016911s ]
NOTIC: [8] Undefined variable: vo D:\xampp\htdocs\Application\Runtime\Cache\Home\92b993b24b73b4310482dd193d5f8cb7.php 第 45 行.
NOTIC: [8] Undefined variable: vo D:\xampp\htdocs\Application\Runtime\Cache\Home\92b993b24b73b4310482dd193d5f8cb7.php 第 46 行.
NOTIC: [8] Undefined variable: vo D:\xampp\htdocs\Application\Runtime\Cache\Home\92b993b24b73b4310482dd193d5f8cb7.php 第 47 行.
NOTIC: [8] Undefined variable: vo D:\xampp\htdocs\Application\Runtime\Cache\Home\92b993b24b73b4310482dd193d5f8cb7.php 第 48 行.
NOTIC: [8] Undefined variable: vo D:\xampp\htdocs\Application\Runtime\Cache\Home\92b993b24b73b4310482dd193d5f8cb7.php 第 49 行.
INFO: Run Behavior\ParseTemplateBehavior [ RunTime:0.120675s ]
INFO: [ view_parse ] --END-- [ RunTime:0.120867s ]
INFO: [ view_filter ] --START--
INFO: Run Behavior\WriteHtmlCacheBehavior [ RunTime:0.010364s ]
INFO: [ view_filter ] --END-- [ RunTime:0.010543s ]
INFO: [ app_end ] --START--
INFO: Run Behavior\ShowPageTraceBehavior [ RunTime:0.014163s ]
INFO: [ app_end ] --END-- [ RunTime:0.014292s ]

[ 2018-04-04T12:41:12+08:00 ] ::1 /index.php/home/xg
INFO: [ app_init ] --START--
INFO: Run Behavior\BuildLiteBehavior [ RunTime:0.000016s ]
INFO: [ app_init ] --END-- [ RunTime:0.021765s ]
INFO: [ app_begin ] --START--
INFO: Run Behavior\ReadHtmlCacheBehavior [ RunTime:0.012037s ]
INFO: [ app_begin ] --END-- [ RunTime:0.012129s ]
SQL: SHOW COLUMNS FROM `jg` [ RunTime:0.1287s ]
SQL: SELECT COUNT(*) AS tp_count FROM `jg` LIMIT 1   [ RunTime:0.0587s ]
SQL: SELECT `id`,`riq`,`gold`,`silver`,`silver1`,`pd`,`ru`,`pt`,`rh`,`yr`,`jcpd`,`jcpt` FROM `jg` ORDER BY riq desc LIMIT 0,13   [ RunTime:0.0016s ]
INFO: [ view_parse ] --START--
INFO: [ template_filter ] --START--
INFO: Run Behavior\ContentReplaceBehavior [ RunTime:0.017513s ]
INFO: [ template_filter ] --END-- [ RunTime:0.017610s ]
NOTIC: [8] Undefined variable: vo D:\xampp\htdocs\Application\Runtime\Cache\Home\92b993b24b73b4310482dd193d5f8cb7.php 第 45 行.
NOTIC: [8] Undefined variable: vo D:\xampp\htdocs\Application\Runtime\Cache\Home\92b993b24b73b4310482dd193d5f8cb7.php 第 46 行.
NOTIC: [8] Undefined variable: vo D:\xampp\htdocs\Application\Runtime\Cache\Home\92b993b24b73b4310482dd193d5f8cb7.php 第 47 行.
NOTIC: [8] Undefined variable: vo D:\xampp\htdocs\Application\Runtime\Cache\Home\92b993b24b73b4310482dd193d5f8cb7.php 第 48 行.
NOTIC: [8] Undefined variable: vo D:\xampp\htdocs\Application\Runtime\Cache\Home\92b993b24b73b4310482dd193d5f8cb7.php 第 49 行.
INFO: Run Behavior\ParseTemplateBehavior [ RunTime:0.078185s ]
INFO: [ view_parse ] --END-- [ RunTime:0.078281s ]
INFO: [ view_filter ] --START--
INFO: Run Behavior\WriteHtmlCacheBehavior [ RunTime:0.009582s ]
INFO: [ view_filter ] --END-- [ RunTime:0.009636s ]
INFO: [ app_end ] --START--
INFO: Run Behavior\ShowPageTraceBehavior [ RunTime:0.006354s ]
INFO: [ app_end ] --END-- [ RunTime:0.006412s ]

[ 2018-04-04T14:39:36+08:00 ] ::1 /index.php/
INFO: [ app_init ] --START--
INFO: Run Behavior\BuildLiteBehavior [ RunTime:0.000015s ]
INFO: [ app_init ] --END-- [ RunTime:0.000550s ]
INFO: [ app_begin ] --START--
INFO: Run Behavior\ReadHtmlCacheBehavior [ RunTime:0.000550s ]
INFO: [ app_begin ] --END-- [ RunTime:0.000607s ]
NOTIC: [2048] Declaration of Home\Controller\IndexController::show() should be compatible with Think\Controller::show($content, $charset = '', $contentType = '', $prefix = '') D:\xampp\htdocs\Application\Home\Controller\IndexController.class.php 第 153 行.
INFO: [ view_parse ] --START--
INFO: [ template_filter ] --START--
INFO: Run Behavior\ContentReplaceBehavior [ RunTime:0.000042s ]
INFO: [ template_filter ] --END-- [ RunTime:0.000090s ]
INFO: Run Behavior\ParseTemplateBehavior [ RunTime:0.021651s ]
INFO: [ view_parse ] --END-- [ RunTime:0.021728s ]
INFO: [ view_filter ] --START--
INFO: Run Behavior\WriteHtmlCacheBehavior [ RunTime:0.000459s ]
INFO: [ view_filter ] --END-- [ RunTime:0.000516s ]
INFO: [ app_end ] --START--
INFO: Run Behavior\ShowPageTraceBehavior [ RunTime:0.000826s ]
INFO: [ app_end ] --END-- [ RunTime:0.000903s ]

[ 2018-04-04T14:39:39+08:00 ] ::1 /index.php/
INFO: [ app_init ] --START--
INFO: Run Behavior\BuildLiteBehavior [ RunTime:0.000018s ]
INFO: [ app_init ] --END-- [ RunTime:0.000481s ]
INFO: [ app_begin ] --START--
INFO: Run Behavior\ReadHtmlCacheBehavior [ RunTime:0.000464s ]
INFO: [ app_begin ] --END-- [ RunTime:0.000564s ]
NOTIC: [2048] Declaration of Home\Controller\IndexController::show() should be compatible with Think\Controller::show($content, $charset = '', $contentType = '', $prefix = '') D:\xampp\htdocs\Application\Home\Controller\IndexController.class.php 第 153 行.
SQL: SHOW COLUMNS FROM `admin` [ RunTime:0.0278s ]
NOTIC: [8] Undefined index: validate D:\xampp\htdocs\ThinkPHP\Library\Think\Model.class.php 第 1185 行.
NOTIC: [8] Undefined index: auto D:\xampp\htdocs\ThinkPHP\Library\Think\Model.class.php 第 1128 行.
SQL: SELECT `id`,`uname`,`yxy`,`pw`,`jb`,`bz` FROM `admin` WHERE `uname` = 'mjg' AND `pw` = 'ewater' LIMIT 1   [ RunTime:0.0661s ]
INFO: [ view_parse ] --START--
INFO: [ template_filter ] --START--
INFO: Run Behavior\ContentReplaceBehavior [ RunTime:0.000041s ]
INFO: [ template_filter ] --END-- [ RunTime:0.000094s ]
INFO: Run Behavior\ParseTemplateBehavior [ RunTime:0.020541s ]
INFO: [ view_parse ] --END-- [ RunTime:0.020627s ]
INFO: [ view_filter ] --START--
INFO: Run Behavior\WriteHtmlCacheBehavior [ RunTime:0.000212s ]
INFO: [ view_filter ] --END-- [ RunTime:0.000247s ]
INFO: [ app_end ] --START--
INFO: Run Behavior\ShowPageTraceBehavior [ RunTime:0.000501s ]
INFO: [ app_end ] --END-- [ RunTime:0.000542s ]

[ 2018-04-04T14:39:40+08:00 ] ::1 /index.php/Home/Index/show.html
INFO: [ app_init ] --START--
INFO: Run Behavior\BuildLiteBehavior [ RunTime:0.000019s ]
INFO: [ app_init ] --END-- [ RunTime:0.000463s ]
INFO: [ app_begin ] --START--
INFO: Run Behavior\ReadHtmlCacheBehavior [ RunTime:0.000678s ]
INFO: [ app_begin ] --END-- [ RunTime:0.000767s ]
NOTIC: [2048] Declaration of Home\Controller\IndexController::show() should be compatible with Think\Controller::show($content, $charset = '', $contentType = '', $prefix = '') D:\xampp\htdocs\Application\Home\Controller\IndexController.class.php 第 153 行.
SQL: SHOW COLUMNS FROM `jg` [ RunTime:0.0077s ]
SQL: SELECT COUNT(*) AS tp_count FROM `jg` LIMIT 1   [ RunTime:0.0010s ]
SQL: SELECT `id`,`riq`,`gold`,`silver`,`silver1`,`pd`,`ru`,`pt`,`rh`,`yr`,`jcpd`,`jcpt` FROM `jg` ORDER BY riq desc LIMIT 0,14   [ RunTime:0.0015s ]
INFO: [ view_parse ] --START--
INFO: [ template_filter ] --START--
INFO: Run Behavior\ContentReplaceBehavior [ RunTime:0.000049s ]
INFO: [ template_filter ] --END-- [ RunTime:0.000111s ]
NOTIC: [8] Undefined variable: row D:\xampp\htdocs\Application\Runtime\Cache\Home\ef90aeb0d15d5181851dc046c9941189.php 第 74 行.
NOTIC: [8] Trying to get property of non-object D:\xampp\htdocs\Application\Runtime\Cache\Home\ef90aeb0d15d5181851dc046c9941189.php 第 74 行.
NOTIC: [8] Undefined variable: row D:\xampp\htdocs\Application\Runtime\Cache\Home\ef90aeb0d15d5181851dc046c9941189.php 第 74 行.
NOTIC: [8] Trying to get property of non-object D:\xampp\htdocs\Application\Runtime\Cache\Home\ef90aeb0d15d5181851dc046c9941189.php 第 74 行.
NOTIC: [8] Undefined variable: row D:\xampp\htdocs\Application\Runtime\Cache\Home\ef90aeb0d15d5181851dc046c9941189.php 第 74 行.
NOTIC: [8] Trying to get property of non-object D:\xampp\htdocs\Application\Runtime\Cache\Home\ef90aeb0d15d5181851dc046c9941189.php 第 74 行.
NOTIC: [8] Undefined variable: row D:\xampp\htdocs\Application\Runtime\Cache\Home\ef90aeb0d15d5181851dc046c9941189.php 第 74 行.
NOTIC: [8] Trying to get property of non-object D:\xampp\htdocs\Application\Runtime\Cache\Home\ef90aeb0d15d5181851dc046c9941189.php 第 74 行.
NOTIC: [8] Undefined variable: row D:\xampp\htdocs\Application\Runtime\Cache\Home\ef90aeb0d15d5181851dc046c9941189.php 第 74 行.
NOTIC: [8] Trying to get property of non-object D:\xampp\htdocs\Application\Runtime\Cache\Home\ef90aeb0d15d5181851dc046c9941189.php 第 74 行.
NOTIC: [8] Undefined variable: row D:\xampp\htdocs\Application\Runtime\Cache\Home\ef90aeb0d15d5181851dc046c9941189.php 第 74 行.
NOTIC: [8] Trying to get property of non-object D:\xampp\htdocs\Application\Runtime\Cache\Home\ef90aeb0d15d5181851dc046c9941189.php 第 74 行.
NOTIC: [8] Undefined variable: row D:\xampp\htdocs\Application\Runtime\Cache\Home\ef90aeb0d15d5181851dc046c9941189.php 第 74 行.
NOTIC: [8] Trying to get property of non-object D:\xampp\htdocs\Application\Runtime\Cache\Home\ef90aeb0d15d5181851dc046c9941189.php 第 74 行.
NOTIC: [8] Undefined variable: row D:\xampp\htdocs\Application\Runtime\Cache\Home\ef90aeb0d15d5181851dc046c9941189.php 第 74 行.
NOTIC: [8] Trying to get property of non-object D:\xampp\htdocs\Application\Runtime\Cache\Home\ef90aeb0d15d5181851dc046c9941189.php 第 74 行.
NOTIC: [8] Undefined variable: row D:\xampp\htdocs\Application\Runtime\Cache\Home\ef90aeb0d15d5181851dc046c9941189.php 第 74 行.
NOTIC: [8] Trying to get property of non-object D:\xampp\htdocs\Application\Runtime\Cache\Home\ef90aeb0d15d5181851dc046c9941189.php 第 74 行.
NOTIC: [8] Undefined variable: row D:\xampp\htdocs\Application\Runtime\Cache\Home\ef90aeb0d15d5181851dc046c9941189.php 第 74 行.
NOTIC: [8] Trying to get property of non-object D:\xampp\htdocs\Application\Runtime\Cache\Home\ef90aeb0d15d5181851dc046c9941189.php 第 74 行.
NOTIC: [8] Undefined variable: row D:\xampp\htdocs\Application\Runtime\Cache\Home\ef90aeb0d15d5181851dc046c9941189.php 第 74 行.
NOTIC: [8] Trying to get property of non-object D:\xampp\htdocs\Application\Runtime\Cache\Home\ef90aeb0d15d5181851dc046c9941189.php 第 74 行.
NOTIC: [8] Undefined variable: row D:\xampp\htdocs\Application\Runtime\Cache\Home\ef90aeb0d15d5181851dc046c9941189.php 第 74 行.
NOTIC: [8] Trying to get property of non-object D:\xampp\htdocs\Application\Runtime\Cache\Home\ef90aeb0d15d5181851dc046c9941189.php 第 74 行.
NOTIC: [8] Undefined variable: row D:\xampp\htdocs\Application\Runtime\Cache\Home\ef90aeb0d15d5181851dc046c9941189.php 第 74 行.
NOTIC: [8] Trying to get property of non-object D:\xampp\htdocs\Application\Runtime\Cache\Home\ef90aeb0d15d5181851dc046c9941189.php 第 74 行.
NOTIC: [8] Undefined variable: row D:\xampp\htdocs\Application\Runtime\Cache\Home\ef90aeb0d15d5181851dc046c9941189.php 第 74 行.
NOTIC: [8] Trying to get property of non-object D:\xampp\htdocs\Application\Runtime\Cache\Home\ef90aeb0d15d5181851dc046c9941189.php 第 74 行.
NOTIC: [8] Undefined variable: row D:\xampp\htdocs\Application\Runtime\Cache\Home\ef90aeb0d15d5181851dc046c9941189.php 第 74 行.
NOTIC: [8] Trying to get property of non-object D:\xampp\htdocs\Application\Runtime\Cache\Home\ef90aeb0d15d5181851dc046c9941189.php 第 74 行.
NOTIC: [8] Undefined variable: row D:\xampp\htdocs\Application\Runtime\Cache\Home\ef90aeb0d15d5181851dc046c9941189.php 第 74 行.
NOTIC: [8] Trying to get property of non-object D:\xampp\htdocs\Application\Runtime\Cache\Home\ef90aeb0d15d5181851dc046c9941189.php 第 74 行.
NOTIC: [8] Undefined variable: row D:\xampp\htdocs\Application\Runtime\Cache\Home\ef90aeb0d15d5181851dc046c9941189.php 第 74 行.
NOTIC: [8] Trying to get property of non-object D:\xampp\htdocs\Application\Runtime\Cache\Home\ef90aeb0d15d5181851dc046c9941189.php 第 74 行.
NOTIC: [8] Undefined variable: row D:\xampp\htdocs\Application\Runtime\Cache\Home\ef90aeb0d15d5181851dc046c9941189.php 第 74 行.
NOTIC: [8] Trying to get property of non-object D:\xampp\htdocs\Application\Runtime\Cache\Home\ef90aeb0d15d5181851dc046c9941189.php 第 74 行.
NOTIC: [8] Undefined variable: row D:\xampp\htdocs\Application\Runtime\Cache\Home\ef90aeb0d15d5181851dc046c9941189.php 第 74 行.
NOTIC: [8] Trying to get property of non-object D:\xampp\htdocs\Application\Runtime\Cache\Home\ef90aeb0d15d5181851dc046c9941189.php 第 74 行.
NOTIC: [8] Undefined variable: row D:\xampp\htdocs\Application\Runtime\Cache\Home\ef90aeb0d15d5181851dc046c9941189.php 第 74 行.
NOTIC: [8] Trying to get property of non-object D:\xampp\htdocs\Application\Runtime\Cache\Home\ef90aeb0d15d5181851dc046c9941189.php 第 74 行.
NOTIC: [8] Undefined variable: row D:\xampp\htdocs\Application\Runtime\Cache\Home\ef90aeb0d15d5181851dc046c9941189.php 第 74 行.
NOTIC: [8] Trying to get property of non-object D:\xampp\htdocs\Application\Runtime\Cache\Home\ef90aeb0d15d5181851dc046c9941189.php 第 74 行.
NOTIC: [8] Undefined variable: row D:\xampp\htdocs\Application\Runtime\Cache\Home\ef90aeb0d15d5181851dc046c9941189.php 第 74 行.
NOTIC: [8] Trying to get property of non-object D:\xampp\htdocs\Application\Runtime\Cache\Home\ef90aeb0d15d5181851dc046c9941189.php 第 74 行.
NOTIC: [8] Undefined variable: row D:\xampp\htdocs\Application\Runtime\Cache\Home\ef90aeb0d15d5181851dc046c9941189.php 第 74 行.
NOTIC: [8] Trying to get property of non-object D:\xampp\htdocs\Application\Runtime\Cache\Home\ef90aeb0d15d5181851dc046c9941189.php 第 74 行.
NOTIC: [8] Undefined variable: row D:\xampp\htdocs\Application\Runtime\Cache\Home\ef90aeb0d15d5181851dc046c9941189.php 第 74 行.
NOTIC: [8] Trying to get property of non-object D:\xampp\htdocs\Application\Runtime\Cache\Home\ef90aeb0d15d5181851dc046c9941189.php 第 74 行.
NOTIC: [8] Undefined variable: row D:\xampp\htdocs\Application\Runtime\Cache\Home\ef90aeb0d15d5181851dc046c9941189.php 第 74 行.
NOTIC: [8] Trying to get property of non-object D:\xampp\htdocs\Application\Runtime\Cache\Home\ef90aeb0d15d5181851dc046c9941189.php 第 74 行.
NOTIC: [8] Undefined variable: row D:\xampp\htdocs\Application\Runtime\Cache\Home\ef90aeb0d15d5181851dc046c9941189.php 第 74 行.
NOTIC: [8] Trying to get property of non-object D:\xampp\htdocs\Application\Runtime\Cache\Home\ef90aeb0d15d5181851dc046c9941189.php 第 74 行.
NOTIC: [8] Undefined variable: row D:\xampp\htdocs\Application\Runtime\Cache\Home\ef90aeb0d15d5181851dc046c9941189.php 第 74 行.
NOTIC: [8] Trying to get property of non-object D:\xampp\htdocs\Application\Runtime\Cache\Home\ef90aeb0d15d5181851dc046c9941189.php 第 74 行.
NOTIC: [8] Undefined variable: row D:\xampp\htdocs\Application\Runtime\Cache\Home\ef90aeb0d15d5181851dc046c9941189.php 第 74 行.
NOTIC: [8] Trying to get property of non-object D:\xampp\htdocs\Application\Runtime\Cache\Home\ef90aeb0d15d5181851dc046c9941189.php 第 74 行.
INFO: Run Behavior\ParseTemplateBehavior [ RunTime:0.045742s ]
INFO: [ view_parse ] --END-- [ RunTime:0.045828s ]
INFO: [ view_filter ] --START--
INFO: Run Behavior\WriteHtmlCacheBehavior [ RunTime:0.000212s ]
INFO: [ view_filter ] --END-- [ RunTime:0.000247s ]
INFO: [ app_end ] --START--
INFO: Run Behavior\ShowPageTraceBehavior [ RunTime:0.000477s ]
INFO: [ app_end ] --END-- [ RunTime:0.000536s ]

[ 2018-04-04T22:53:49+08:00 ] ::1 /index.php/home/xg
INFO: [ app_init ] --START--
INFO: Run Behavior\BuildLiteBehavior [ RunTime:0.000029s ]
INFO: [ app_init ] --END-- [ RunTime:0.021761s ]
INFO: [ app_begin ] --START--
INFO: Run Behavior\ReadHtmlCacheBehavior [ RunTime:0.005243s ]
INFO: [ app_begin ] --END-- [ RunTime:0.005331s ]
SQL: SHOW COLUMNS FROM `jg` [ RunTime:0.0791s ]
SQL: SELECT COUNT(*) AS tp_count FROM `jg` LIMIT 1   [ RunTime:0.0400s ]
SQL: SELECT `id`,`riq`,`gold`,`silver`,`silver1`,`pd`,`ru`,`pt`,`rh`,`yr`,`jcpd`,`jcpt` FROM `jg` ORDER BY riq desc LIMIT 0,13   [ RunTime:0.0013s ]
INFO: [ view_parse ] --START--
INFO: [ template_filter ] --START--
INFO: Run Behavior\ContentReplaceBehavior [ RunTime:0.017154s ]
INFO: [ template_filter ] --END-- [ RunTime:0.017234s ]
NOTIC: [8] Undefined variable: vo D:\xampp\htdocs\Application\Runtime\Cache\Home\92b993b24b73b4310482dd193d5f8cb7.php 第 45 行.
NOTIC: [8] Undefined variable: vo D:\xampp\htdocs\Application\Runtime\Cache\Home\92b993b24b73b4310482dd193d5f8cb7.php 第 46 行.
NOTIC: [8] Undefined variable: vo D:\xampp\htdocs\Application\Runtime\Cache\Home\92b993b24b73b4310482dd193d5f8cb7.php 第 47 行.
NOTIC: [8] Undefined variable: vo D:\xampp\htdocs\Application\Runtime\Cache\Home\92b993b24b73b4310482dd193d5f8cb7.php 第 48 行.
NOTIC: [8] Undefined variable: vo D:\xampp\htdocs\Application\Runtime\Cache\Home\92b993b24b73b4310482dd193d5f8cb7.php 第 49 行.
INFO: Run Behavior\ParseTemplateBehavior [ RunTime:0.094518s ]
INFO: [ view_parse ] --END-- [ RunTime:0.094653s ]
INFO: [ view_filter ] --START--
INFO: Run Behavior\WriteHtmlCacheBehavior [ RunTime:0.010509s ]
INFO: [ view_filter ] --END-- [ RunTime:0.010597s ]
INFO: [ app_end ] --START--
INFO: Run Behavior\ShowPageTraceBehavior [ RunTime:0.006241s ]
INFO: [ app_end ] --END-- [ RunTime:0.006337s ]

[ 2018-04-04T22:53:56+08:00 ] ::1 /index.php/home/xg
INFO: [ app_init ] --START--
INFO: Run Behavior\BuildLiteBehavior [ RunTime:0.000021s ]
INFO: [ app_init ] --END-- [ RunTime:0.000458s ]
INFO: [ app_begin ] --START--
INFO: Run Behavior\ReadHtmlCacheBehavior [ RunTime:0.000539s ]
INFO: [ app_begin ] --END-- [ RunTime:0.000602s ]
SQL: SHOW COLUMNS FROM `jg` [ RunTime:0.0082s ]
SQL: SELECT COUNT(*) AS tp_count FROM `jg` LIMIT 1   [ RunTime:0.0011s ]
SQL: SELECT `id`,`riq`,`gold`,`silver`,`silver1`,`pd`,`ru`,`pt`,`rh`,`yr`,`jcpd`,`jcpt` FROM `jg` ORDER BY riq desc LIMIT 0,13   [ RunTime:0.0017s ]
INFO: [ view_parse ] --START--
INFO: [ template_filter ] --START--
INFO: Run Behavior\ContentReplaceBehavior [ RunTime:0.000053s ]
INFO: [ template_filter ] --END-- [ RunTime:0.000118s ]
NOTIC: [8] Undefined variable: vo D:\xampp\htdocs\Application\Runtime\Cache\Home\92b993b24b73b4310482dd193d5f8cb7.php 第 45 行.
NOTIC: [8] Undefined variable: vo D:\xampp\htdocs\Application\Runtime\Cache\Home\92b993b24b73b4310482dd193d5f8cb7.php 第 46 行.
NOTIC: [8] Undefined variable: vo D:\xampp\htdocs\Application\Runtime\Cache\Home\92b993b24b73b4310482dd193d5f8cb7.php 第 47 行.
NOTIC: [8] Undefined variable: vo D:\xampp\htdocs\Application\Runtime\Cache\Home\92b993b24b73b4310482dd193d5f8cb7.php 第 48 行.
NOTIC: [8] Undefined variable: vo D:\xampp\htdocs\Application\Runtime\Cache\Home\92b993b24b73b4310482dd193d5f8cb7.php 第 49 行.
INFO: Run Behavior\ParseTemplateBehavior [ RunTime:0.010755s ]
INFO: [ view_parse ] --END-- [ RunTime:0.010838s ]
INFO: [ view_filter ] --START--
INFO: Run Behavior\WriteHtmlCacheBehavior [ RunTime:0.000530s ]
INFO: [ view_filter ] --END-- [ RunTime:0.000601s ]
INFO: [ app_end ] --START--
INFO: Run Behavior\ShowPageTraceBehavior [ RunTime:0.000805s ]
INFO: [ app_end ] --END-- [ RunTime:0.000881s ]

[ 2018-04-04T22:54:03+08:00 ] ::1 /index.php/home/jg/
INFO: [ app_init ] --START--
INFO: Run Behavior\BuildLiteBehavior [ RunTime:0.000012s ]
INFO: [ app_init ] --END-- [ RunTime:0.000307s ]
INFO: [ app_begin ] --START--
INFO: Run Behavior\ReadHtmlCacheBehavior [ RunTime:0.000379s ]
INFO: [ app_begin ] --END-- [ RunTime:0.000426s ]
SQL: SHOW COLUMNS FROM `jg` [ RunTime:0.0055s ]
SQL: SELECT COUNT(*) AS tp_count FROM `jg` LIMIT 1   [ RunTime:0.0007s ]
SQL: SELECT `id`,`riq`,`gold`,`silver`,`silver1`,`pd`,`ru`,`pt`,`rh`,`yr`,`jcpd`,`jcpt` FROM `jg` ORDER BY riq desc LIMIT 0,13   [ RunTime:0.0015s ]
INFO: [ view_parse ] --START--
INFO: [ template_filter ] --START--
INFO: Run Behavior\ContentReplaceBehavior [ RunTime:0.000120s ]
INFO: [ template_filter ] --END-- [ RunTime:0.000229s ]
INFO: Run Behavior\ParseTemplateBehavior [ RunTime:0.080741s ]
INFO: [ view_parse ] --END-- [ RunTime:0.080805s ]
INFO: [ view_filter ] --START--
INFO: Run Behavior\WriteHtmlCacheBehavior [ RunTime:0.000265s ]
INFO: [ view_filter ] --END-- [ RunTime:0.000299s ]
INFO: [ app_end ] --START--
INFO: Run Behavior\ShowPageTraceBehavior [ RunTime:0.000437s ]
INFO: [ app_end ] --END-- [ RunTime:0.000489s ]

[ 2018-04-04T22:54:06+08:00 ] ::1 /index.php/Home/Jg/indexedit.html
INFO: [ app_init ] --START--
INFO: Run Behavior\BuildLiteBehavior [ RunTime:0.000024s ]
INFO: [ app_init ] --END-- [ RunTime:0.000646s ]
INFO: [ app_begin ] --START--
INFO: Run Behavior\ReadHtmlCacheBehavior [ RunTime:0.000634s ]
INFO: [ app_begin ] --END-- [ RunTime:0.000735s ]
SQL: SHOW COLUMNS FROM `jg` [ RunTime:0.0094s ]
SQL: SELECT COUNT(*) AS tp_count FROM `jg` LIMIT 1   [ RunTime:0.0025s ]
SQL: SELECT `id`,`riq`,`gold`,`silver`,`silver1`,`pd`,`ru`,`pt`,`rh`,`yr`,`jcpd`,`jcpt` FROM `jg` ORDER BY riq desc LIMIT 0,13   [ RunTime:0.0019s ]
INFO: [ view_parse ] --START--
INFO: [ template_filter ] --START--
INFO: Run Behavior\ContentReplaceBehavior [ RunTime:0.000113s ]
INFO: [ template_filter ] --END-- [ RunTime:0.000203s ]
INFO: Run Behavior\ParseTemplateBehavior [ RunTime:0.025588s ]
INFO: [ view_parse ] --END-- [ RunTime:0.025704s ]
INFO: [ view_filter ] --START--
INFO: Run Behavior\WriteHtmlCacheBehavior [ RunTime:0.000463s ]
INFO: [ view_filter ] --END-- [ RunTime:0.000607s ]
INFO: [ app_end ] --START--
INFO: Run Behavior\ShowPageTraceBehavior [ RunTime:0.001625s ]
INFO: [ app_end ] --END-- [ RunTime:0.001757s ]

[ 2018-04-04T23:34:16+08:00 ] ::1 /index.php/home/xg
INFO: [ app_init ] --START--
INFO: Run Behavior\BuildLiteBehavior [ RunTime:0.000014s ]
INFO: [ app_init ] --END-- [ RunTime:0.000405s ]
INFO: [ app_begin ] --START--
INFO: Run Behavior\ReadHtmlCacheBehavior [ RunTime:0.000500s ]
INFO: [ app_begin ] --END-- [ RunTime:0.000565s ]
SQL: SHOW COLUMNS FROM `jg` [ RunTime:0.0072s ]
SQL: SELECT COUNT(*) AS tp_count FROM `jg` LIMIT 1   [ RunTime:0.0008s ]
SQL: SELECT `id`,`riq`,`gold`,`silver`,`silver1`,`pd`,`ru`,`pt`,`rh`,`yr`,`jcpd`,`jcpt` FROM `jg` ORDER BY riq desc LIMIT 0,13   [ RunTime:0.0020s ]
INFO: [ view_parse ] --START--
INFO: [ template_filter ] --START--
INFO: Run Behavior\ContentReplaceBehavior [ RunTime:0.000055s ]
INFO: [ template_filter ] --END-- [ RunTime:0.000116s ]
NOTIC: [8] Undefined variable: vo D:\xampp\htdocs\Application\Runtime\Cache\Home\92b993b24b73b4310482dd193d5f8cb7.php 第 74 行.
NOTIC: [8] Undefined variable: vo D:\xampp\htdocs\Application\Runtime\Cache\Home\92b993b24b73b4310482dd193d5f8cb7.php 第 75 行.
NOTIC: [8] Undefined variable: vo D:\xampp\htdocs\Application\Runtime\Cache\Home\92b993b24b73b4310482dd193d5f8cb7.php 第 76 行.
NOTIC: [8] Undefined variable: vo D:\xampp\htdocs\Application\Runtime\Cache\Home\92b993b24b73b4310482dd193d5f8cb7.php 第 77 行.
NOTIC: [8] Undefined variable: vo D:\xampp\htdocs\Application\Runtime\Cache\Home\92b993b24b73b4310482dd193d5f8cb7.php 第 78 行.
INFO: Run Behavior\ParseTemplateBehavior [ RunTime:0.007394s ]
INFO: [ view_parse ] --END-- [ RunTime:0.007480s ]
INFO: [ view_filter ] --START--
INFO: Run Behavior\WriteHtmlCacheBehavior [ RunTime:0.000404s ]
INFO: [ view_filter ] --END-- [ RunTime:0.000463s ]
INFO: [ app_end ] --START--
INFO: Run Behavior\ShowPageTraceBehavior [ RunTime:0.000663s ]
INFO: [ app_end ] --END-- [ RunTime:0.000716s ]

[ 2018-04-04T23:34:18+08:00 ] ::1 /index.php/home/update.do
INFO: [ app_init ] --START--
INFO: Run Behavior\BuildLiteBehavior [ RunTime:0.000011s ]
INFO: [ app_init ] --END-- [ RunTime:0.000267s ]
INFO: [ app_begin ] --START--
INFO: Run Behavior\ReadHtmlCacheBehavior [ RunTime:0.000338s ]
INFO: [ app_begin ] --END-- [ RunTime:0.000377s ]
ERR: 无法加载控制器:Update.do

[ 2018-04-04T23:34:19+08:00 ] ::1 /index.php/home/update.do
INFO: [ app_init ] --START--
INFO: Run Behavior\BuildLiteBehavior [ RunTime:0.000014s ]
INFO: [ app_init ] --END-- [ RunTime:0.000454s ]
INFO: [ app_begin ] --START--
INFO: Run Behavior\ReadHtmlCacheBehavior [ RunTime:0.000425s ]
INFO: [ app_begin ] --END-- [ RunTime:0.000474s ]
ERR: 无法加载控制器:Update.do

[ 2018-04-04T23:35:06+08:00 ] ::1 /index.php/home/xg
INFO: [ app_init ] --START--
INFO: Run Behavior\BuildLiteBehavior [ RunTime:0.000019s ]
INFO: [ app_init ] --END-- [ RunTime:0.000564s ]
INFO: [ app_begin ] --START--
INFO: Run Behavior\ReadHtmlCacheBehavior [ RunTime:0.000776s ]
INFO: [ app_begin ] --END-- [ RunTime:0.000856s ]
SQL: SHOW COLUMNS FROM `jg` [ RunTime:0.0067s ]
SQL: SELECT COUNT(*) AS tp_count FROM `jg` LIMIT 1   [ RunTime:0.0007s ]
SQL: SELECT `id`,`riq`,`gold`,`silver`,`silver1`,`pd`,`ru`,`pt`,`rh`,`yr`,`jcpd`,`jcpt` FROM `jg` ORDER BY riq desc LIMIT 0,13   [ RunTime:0.0011s ]
INFO: [ view_parse ] --START--
INFO: [ template_filter ] --START--
INFO: Run Behavior\ContentReplaceBehavior [ RunTime:0.000044s ]
INFO: [ template_filter ] --END-- [ RunTime:0.000090s ]
NOTIC: [8] Undefined variable: vo D:\xampp\htdocs\Application\Runtime\Cache\Home\92b993b24b73b4310482dd193d5f8cb7.php 第 74 行.
NOTIC: [8] Undefined variable: vo D:\xampp\htdocs\Application\Runtime\Cache\Home\92b993b24b73b4310482dd193d5f8cb7.php 第 75 行.
NOTIC: [8] Undefined variable: vo D:\xampp\htdocs\Application\Runtime\Cache\Home\92b993b24b73b4310482dd193d5f8cb7.php 第 76 行.
NOTIC: [8] Undefined variable: vo D:\xampp\htdocs\Application\Runtime\Cache\Home\92b993b24b73b4310482dd193d5f8cb7.php 第 77 行.
NOTIC: [8] Undefined variable: vo D:\xampp\htdocs\Application\Runtime\Cache\Home\92b993b24b73b4310482dd193d5f8cb7.php 第 78 行.
INFO: Run Behavior\ParseTemplateBehavior [ RunTime:0.006426s ]
INFO: [ view_parse ] --END-- [ RunTime:0.006494s ]
INFO: [ view_filter ] --START--
INFO: Run Behavior\WriteHtmlCacheBehavior [ RunTime:0.000306s ]
INFO: [ view_filter ] --END-- [ RunTime:0.000339s ]
INFO: [ app_end ] --START--
INFO: Run Behavior\ShowPageTraceBehavior [ RunTime:0.000469s ]
INFO: [ app_end ] --END-- [ RunTime:0.000508s ]

[ 2018-04-04T23:35:06+08:00 ] ::1 /index.php/home/xg
INFO: [ app_init ] --START--
INFO: Run Behavior\BuildLiteBehavior [ RunTime:0.000013s ]
INFO: [ app_init ] --END-- [ RunTime:0.000357s ]
INFO: [ app_begin ] --START--
INFO: Run Behavior\ReadHtmlCacheBehavior [ RunTime:0.000451s ]
INFO: [ app_begin ] --END-- [ RunTime:0.000507s ]
SQL: SHOW COLUMNS FROM `jg` [ RunTime:0.0065s ]
SQL: SELECT COUNT(*) AS tp_count FROM `jg` LIMIT 1   [ RunTime:0.0008s ]
SQL: SELECT `id`,`riq`,`gold`,`silver`,`silver1`,`pd`,`ru`,`pt`,`rh`,`yr`,`jcpd`,`jcpt` FROM `jg` ORDER BY riq desc LIMIT 0,13   [ RunTime:0.0013s ]
INFO: [ view_parse ] --START--
INFO: [ template_filter ] --START--
INFO: Run Behavior\ContentReplaceBehavior [ RunTime:0.000052s ]
INFO: [ template_filter ] --END-- [ RunTime:0.000107s ]
NOTIC: [8] Undefined variable: vo D:\xampp\htdocs\Application\Runtime\Cache\Home\92b993b24b73b4310482dd193d5f8cb7.php 第 74 行.
NOTIC: [8] Undefined variable: vo D:\xampp\htdocs\Application\Runtime\Cache\Home\92b993b24b73b4310482dd193d5f8cb7.php 第 75 行.
NOTIC: [8] Undefined variable: vo D:\xampp\htdocs\Application\Runtime\Cache\Home\92b993b24b73b4310482dd193d5f8cb7.php 第 76 行.
NOTIC: [8] Undefined variable: vo D:\xampp\htdocs\Application\Runtime\Cache\Home\92b993b24b73b4310482dd193d5f8cb7.php 第 77 行.
NOTIC: [8] Undefined variable: vo D:\xampp\htdocs\Application\Runtime\Cache\Home\92b993b24b73b4310482dd193d5f8cb7.php 第 78 行.
INFO: Run Behavior\ParseTemplateBehavior [ RunTime:0.007248s ]
INFO: [ view_parse ] --END-- [ RunTime:0.007316s ]
INFO: [ view_filter ] --START--
INFO: Run Behavior\WriteHtmlCacheBehavior [ RunTime:0.000217s ]
INFO: [ view_filter ] --END-- [ RunTime:0.000252s ]
INFO: [ app_end ] --START--
INFO: Run Behavior\ShowPageTraceBehavior [ RunTime:0.000425s ]
INFO: [ app_end ] --END-- [ RunTime:0.000459s ]

[ 2018-04-04T23:36:58+08:00 ] ::1 /index.php/home/xg
INFO: [ app_init ] --START--
INFO: Run Behavior\BuildLiteBehavior [ RunTime:0.000013s ]
INFO: [ app_init ] --END-- [ RunTime:0.000387s ]
INFO: [ app_begin ] --START--
INFO: Run Behavior\ReadHtmlCacheBehavior [ RunTime:0.000433s ]
INFO: [ app_begin ] --END-- [ RunTime:0.000478s ]
SQL: SHOW COLUMNS FROM `jg` [ RunTime:0.0068s ]
SQL: SELECT COUNT(*) AS tp_count FROM `jg` LIMIT 1   [ RunTime:0.0007s ]
SQL: SELECT `id`,`riq`,`gold`,`silver`,`silver1`,`pd`,`ru`,`pt`,`rh`,`yr`,`jcpd`,`jcpt` FROM `jg` ORDER BY riq desc LIMIT 0,13   [ RunTime:0.0012s ]
INFO: [ view_parse ] --START--
INFO: [ template_filter ] --START--
INFO: Run Behavior\ContentReplaceBehavior [ RunTime:0.000048s ]
INFO: [ template_filter ] --END-- [ RunTime:0.000106s ]
NOTIC: [8] Undefined variable: vo D:\xampp\htdocs\Application\Runtime\Cache\Home\92b993b24b73b4310482dd193d5f8cb7.php 第 74 行.
NOTIC: [8] Undefined variable: vo D:\xampp\htdocs\Application\Runtime\Cache\Home\92b993b24b73b4310482dd193d5f8cb7.php 第 75 行.
NOTIC: [8] Undefined variable: vo D:\xampp\htdocs\Application\Runtime\Cache\Home\92b993b24b73b4310482dd193d5f8cb7.php 第 76 行.
NOTIC: [8] Undefined variable: vo D:\xampp\htdocs\Application\Runtime\Cache\Home\92b993b24b73b4310482dd193d5f8cb7.php 第 77 行.
NOTIC: [8] Undefined variable: vo D:\xampp\htdocs\Application\Runtime\Cache\Home\92b993b24b73b4310482dd193d5f8cb7.php 第 78 行.
INFO: Run Behavior\ParseTemplateBehavior [ RunTime:0.007144s ]
INFO: [ view_parse ] --END-- [ RunTime:0.007203s ]
INFO: [ view_filter ] --START--
INFO: Run Behavior\WriteHtmlCacheBehavior [ RunTime:0.000278s ]
INFO: [ view_filter ] --END-- [ RunTime:0.000310s ]
INFO: [ app_end ] --START--
INFO: Run Behavior\ShowPageTraceBehavior [ RunTime:0.000454s ]
INFO: [ app_end ] --END-- [ RunTime:0.000488s ]

[ 2018-04-04T23:37:11+08:00 ] ::1 /index.php/home/xg
INFO: [ app_init ] --START--
INFO: Run Behavior\BuildLiteBehavior [ RunTime:0.000011s ]
INFO: [ app_init ] --END-- [ RunTime:0.000309s ]
INFO: [ app_begin ] --START--
INFO: Run Behavior\ReadHtmlCacheBehavior [ RunTime:0.000452s ]
INFO: [ app_begin ] --END-- [ RunTime:0.000496s ]
SQL: SHOW COLUMNS FROM `jg` [ RunTime:0.0056s ]
SQL: SELECT COUNT(*) AS tp_count FROM `jg` LIMIT 1   [ RunTime:0.0007s ]
SQL: SELECT `id`,`riq`,`gold`,`silver`,`silver1`,`pd`,`ru`,`pt`,`rh`,`yr`,`jcpd`,`jcpt` FROM `jg` ORDER BY riq desc LIMIT 0,13   [ RunTime:0.0011s ]
INFO: [ view_parse ] --START--
INFO: [ template_filter ] --START--
INFO: Run Behavior\ContentReplaceBehavior [ RunTime:0.000053s ]
INFO: [ template_filter ] --END-- [ RunTime:0.000102s ]
NOTIC: [8] Undefined variable: vo D:\xampp\htdocs\Application\Runtime\Cache\Home\92b993b24b73b4310482dd193d5f8cb7.php 第 74 行.
NOTIC: [8] Undefined variable: vo D:\xampp\htdocs\Application\Runtime\Cache\Home\92b993b24b73b4310482dd193d5f8cb7.php 第 75 行.
NOTIC: [8] Undefined variable: vo D:\xampp\htdocs\Application\Runtime\Cache\Home\92b993b24b73b4310482dd193d5f8cb7.php 第 76 行.
NOTIC: [8] Undefined variable: vo D:\xampp\htdocs\Application\Runtime\Cache\Home\92b993b24b73b4310482dd193d5f8cb7.php 第 77 行.
NOTIC: [8] Undefined variable: vo D:\xampp\htdocs\Application\Runtime\Cache\Home\92b993b24b73b4310482dd193d5f8cb7.php 第 78 行.
INFO: Run Behavior\ParseTemplateBehavior [ RunTime:0.006683s ]
INFO: [ view_parse ] --END-- [ RunTime:0.006758s ]
INFO: [ view_filter ] --START--
INFO: Run Behavior\WriteHtmlCacheBehavior [ RunTime:0.000316s ]
INFO: [ view_filter ] --END-- [ RunTime:0.000349s ]
INFO: [ app_end ] --START--
INFO: Run Behavior\ShowPageTraceBehavior [ RunTime:0.000438s ]
INFO: [ app_end ] --END-- [ RunTime:0.000474s ]

[ 2018-04-04T23:38:06+08:00 ] ::1 /index.php/home/xg
INFO: [ app_init ] --START--
INFO: Run Behavior\BuildLiteBehavior [ RunTime:0.000027s ]
INFO: [ app_init ] --END-- [ RunTime:0.000538s ]
INFO: [ app_begin ] --START--
INFO: Run Behavior\ReadHtmlCacheBehavior [ RunTime:0.000888s ]
INFO: [ app_begin ] --END-- [ RunTime:0.000987s ]
SQL: SHOW COLUMNS FROM `jg` [ RunTime:0.0064s ]
SQL: SELECT COUNT(*) AS tp_count FROM `jg` LIMIT 1   [ RunTime:0.0007s ]
SQL: SELECT `id`,`riq`,`gold`,`silver`,`silver1`,`pd`,`ru`,`pt`,`rh`,`yr`,`jcpd`,`jcpt` FROM `jg` ORDER BY riq desc LIMIT 0,13   [ RunTime:0.0016s ]
INFO: [ view_parse ] --START--
INFO: [ template_filter ] --START--
INFO: Run Behavior\ContentReplaceBehavior [ RunTime:0.000057s ]
INFO: [ template_filter ] --END-- [ RunTime:0.000126s ]
NOTIC: [8] Undefined variable: vo D:\xampp\htdocs\Application\Runtime\Cache\Home\92b993b24b73b4310482dd193d5f8cb7.php 第 74 行.
NOTIC: [8] Undefined variable: vo D:\xampp\htdocs\Application\Runtime\Cache\Home\92b993b24b73b4310482dd193d5f8cb7.php 第 75 行.
NOTIC: [8] Undefined variable: vo D:\xampp\htdocs\Application\Runtime\Cache\Home\92b993b24b73b4310482dd193d5f8cb7.php 第 76 行.
NOTIC: [8] Undefined variable: vo D:\xampp\htdocs\Application\Runtime\Cache\Home\92b993b24b73b4310482dd193d5f8cb7.php 第 77 行.
NOTIC: [8] Undefined variable: vo D:\xampp\htdocs\Application\Runtime\Cache\Home\92b993b24b73b4310482dd193d5f8cb7.php 第 78 行.
INFO: Run Behavior\ParseTemplateBehavior [ RunTime:0.006513s ]
INFO: [ view_parse ] --END-- [ RunTime:0.006574s ]
INFO: [ view_filter ] --START--
INFO: Run Behavior\WriteHtmlCacheBehavior [ RunTime:0.000300s ]
INFO: [ view_filter ] --END-- [ RunTime:0.000336s ]
INFO: [ app_end ] --START--
INFO: Run Behavior\ShowPageTraceBehavior [ RunTime:0.000460s ]
INFO: [ app_end ] --END-- [ RunTime:0.000497s ]

[ 2018-04-04T23:38:48+08:00 ] ::1 /index.php/home/xg
INFO: [ app_init ] --START--
INFO: Run Behavior\BuildLiteBehavior [ RunTime:0.000016s ]
INFO: [ app_init ] --END-- [ RunTime:0.000385s ]
INFO: [ app_begin ] --START--
INFO: Run Behavior\ReadHtmlCacheBehavior [ RunTime:0.000474s ]
INFO: [ app_begin ] --END-- [ RunTime:0.000534s ]
SQL: SHOW COLUMNS FROM `jg` [ RunTime:0.0073s ]
SQL: SELECT COUNT(*) AS tp_count FROM `jg` LIMIT 1   [ RunTime:0.0007s ]
SQL: SELECT `id`,`riq`,`gold`,`silver`,`silver1`,`pd`,`ru`,`pt`,`rh`,`yr`,`jcpd`,`jcpt` FROM `jg` ORDER BY riq desc LIMIT 0,13   [ RunTime:0.0012s ]
INFO: [ view_parse ] --START--
INFO: [ template_filter ] --START--
INFO: Run Behavior\ContentReplaceBehavior [ RunTime:0.000053s ]
INFO: [ template_filter ] --END-- [ RunTime:0.000121s ]
NOTIC: [8] Undefined variable: vo D:\xampp\htdocs\Application\Runtime\Cache\Home\92b993b24b73b4310482dd193d5f8cb7.php 第 74 行.
NOTIC: [8] Undefined variable: vo D:\xampp\htdocs\Application\Runtime\Cache\Home\92b993b24b73b4310482dd193d5f8cb7.php 第 75 行.
NOTIC: [8] Undefined variable: vo D:\xampp\htdocs\Application\Runtime\Cache\Home\92b993b24b73b4310482dd193d5f8cb7.php 第 76 行.
NOTIC: [8] Undefined variable: vo D:\xampp\htdocs\Application\Runtime\Cache\Home\92b993b24b73b4310482dd193d5f8cb7.php 第 77 行.
NOTIC: [8] Undefined variable: vo D:\xampp\htdocs\Application\Runtime\Cache\Home\92b993b24b73b4310482dd193d5f8cb7.php 第 78 行.
INFO: Run Behavior\ParseTemplateBehavior [ RunTime:0.006389s ]
INFO: [ view_parse ] --END-- [ RunTime:0.006446s ]
INFO: [ view_filter ] --START--
INFO: Run Behavior\WriteHtmlCacheBehavior [ RunTime:0.000182s ]
INFO: [ view_filter ] --END-- [ RunTime:0.000211s ]
INFO: [ app_end ] --START--
INFO: Run Behavior\ShowPageTraceBehavior [ RunTime:0.000373s ]
INFO: [ app_end ] --END-- [ RunTime:0.000404s ]

[ 2018-04-04T23:38:49+08:00 ] ::1 /index.php/home/xg
INFO: [ app_init ] --START--
INFO: Run Behavior\BuildLiteBehavior [ RunTime:0.000033s ]
INFO: [ app_init ] --END-- [ RunTime:0.001167s ]
INFO: [ app_begin ] --START--
INFO: Run Behavior\ReadHtmlCacheBehavior [ RunTime:0.000881s ]
INFO: [ app_begin ] --END-- [ RunTime:0.000998s ]
SQL: SHOW COLUMNS FROM `jg` [ RunTime:0.0074s ]
SQL: SELECT COUNT(*) AS tp_count FROM `jg` LIMIT 1   [ RunTime:0.0011s ]
SQL: SELECT `id`,`riq`,`gold`,`silver`,`silver1`,`pd`,`ru`,`pt`,`rh`,`yr`,`jcpd`,`jcpt` FROM `jg` ORDER BY riq desc LIMIT 0,13   [ RunTime:0.0017s ]
INFO: [ view_parse ] --START--
INFO: [ template_filter ] --START--
INFO: Run Behavior\ContentReplaceBehavior [ RunTime:0.000076s ]
INFO: [ template_filter ] --END-- [ RunTime:0.000155s ]
NOTIC: [8] Undefined variable: vo D:\xampp\htdocs\Application\Runtime\Cache\Home\92b993b24b73b4310482dd193d5f8cb7.php 第 74 行.
NOTIC: [8] Undefined variable: vo D:\xampp\htdocs\Application\Runtime\Cache\Home\92b993b24b73b4310482dd193d5f8cb7.php 第 75 行.
NOTIC: [8] Undefined variable: vo D:\xampp\htdocs\Application\Runtime\Cache\Home\92b993b24b73b4310482dd193d5f8cb7.php 第 76 行.
NOTIC: [8] Undefined variable: vo D:\xampp\htdocs\Application\Runtime\Cache\Home\92b993b24b73b4310482dd193d5f8cb7.php 第 77 行.
NOTIC: [8] Undefined variable: vo D:\xampp\htdocs\Application\Runtime\Cache\Home\92b993b24b73b4310482dd193d5f8cb7.php 第 78 行.
INFO: Run Behavior\ParseTemplateBehavior [ RunTime:0.009230s ]
INFO: [ view_parse ] --END-- [ RunTime:0.009323s ]
INFO: [ view_filter ] --START--
INFO: Run Behavior\WriteHtmlCacheBehavior [ RunTime:0.000401s ]
INFO: [ view_filter ] --END-- [ RunTime:0.000478s ]
INFO: [ app_end ] --START--
INFO: Run Behavior\ShowPageTraceBehavior [ RunTime:0.000719s ]
INFO: [ app_end ] --END-- [ RunTime:0.000799s ]

[ 2018-04-04T23:45:45+08:00 ] ::1 /index.php/home/xg
INFO: [ app_init ] --START--
INFO: Run Behavior\BuildLiteBehavior [ RunTime:0.000018s ]
INFO: [ app_init ] --END-- [ RunTime:0.000522s ]
INFO: [ app_begin ] --START--
INFO: Run Behavior\ReadHtmlCacheBehavior [ RunTime:0.000727s ]
INFO: [ app_begin ] --END-- [ RunTime:0.000802s ]
SQL: SHOW COLUMNS FROM `jg` [ RunTime:0.0062s ]
SQL: SELECT COUNT(*) AS tp_count FROM `jg` LIMIT 1   [ RunTime:0.0007s ]
SQL: SELECT `id`,`riq`,`gold`,`silver`,`silver1`,`pd`,`ru`,`pt`,`rh`,`yr`,`jcpd`,`jcpt` FROM `jg` ORDER BY riq desc LIMIT 0,13   [ RunTime:0.0013s ]
INFO: [ view_parse ] --START--
INFO: [ template_filter ] --START--
INFO: Run Behavior\ContentReplaceBehavior [ RunTime:0.000043s ]
INFO: [ template_filter ] --END-- [ RunTime:0.000088s ]
NOTIC: [8] Undefined variable: vo D:\xampp\htdocs\Application\Runtime\Cache\Home\92b993b24b73b4310482dd193d5f8cb7.php 第 74 行.
NOTIC: [8] Undefined variable: vo D:\xampp\htdocs\Application\Runtime\Cache\Home\92b993b24b73b4310482dd193d5f8cb7.php 第 75 行.
NOTIC: [8] Undefined variable: vo D:\xampp\htdocs\Application\Runtime\Cache\Home\92b993b24b73b4310482dd193d5f8cb7.php 第 76 行.
NOTIC: [8] Undefined variable: vo D:\xampp\htdocs\Application\Runtime\Cache\Home\92b993b24b73b4310482dd193d5f8cb7.php 第 77 行.
NOTIC: [8] Undefined variable: vo D:\xampp\htdocs\Application\Runtime\Cache\Home\92b993b24b73b4310482dd193d5f8cb7.php 第 78 行.
INFO: Run Behavior\ParseTemplateBehavior [ RunTime:0.006200s ]
INFO: [ view_parse ] --END-- [ RunTime:0.006292s ]
INFO: [ view_filter ] --START--
INFO: Run Behavior\WriteHtmlCacheBehavior [ RunTime:0.000310s ]
INFO: [ view_filter ] --END-- [ RunTime:0.000341s ]
INFO: [ app_end ] --START--
INFO: Run Behavior\ShowPageTraceBehavior [ RunTime:0.000427s ]
INFO: [ app_end ] --END-- [ RunTime:0.000462s ]

[ 2018-04-04T23:46:51+08:00 ] ::1 /index.php/home/xg
INFO: [ app_init ] --START--
INFO: Run Behavior\BuildLiteBehavior [ RunTime:0.000013s ]
INFO: [ app_init ] --END-- [ RunTime:0.000305s ]
INFO: [ app_begin ] --START--
INFO: Run Behavior\ReadHtmlCacheBehavior [ RunTime:0.000383s ]
INFO: [ app_begin ] --END-- [ RunTime:0.000434s ]
SQL: SHOW COLUMNS FROM `jg` [ RunTime:0.0081s ]
SQL: SELECT COUNT(*) AS tp_count FROM `jg` LIMIT 1   [ RunTime:0.0007s ]
SQL: SELECT `id`,`riq`,`gold`,`silver`,`silver1`,`pd`,`ru`,`pt`,`rh`,`yr`,`jcpd`,`jcpt` FROM `jg` ORDER BY riq desc LIMIT 0,13   [ RunTime:0.0011s ]
INFO: [ view_parse ] --START--
INFO: [ template_filter ] --START--
INFO: Run Behavior\ContentReplaceBehavior [ RunTime:0.000075s ]
INFO: [ template_filter ] --END-- [ RunTime:0.000154s ]
NOTIC: [8] Undefined variable: vo D:\xampp\htdocs\Application\Runtime\Cache\Home\92b993b24b73b4310482dd193d5f8cb7.php 第 74 行.
NOTIC: [8] Undefined variable: vo D:\xampp\htdocs\Application\Runtime\Cache\Home\92b993b24b73b4310482dd193d5f8cb7.php 第 75 行.
NOTIC: [8] Undefined variable: vo D:\xampp\htdocs\Application\Runtime\Cache\Home\92b993b24b73b4310482dd193d5f8cb7.php 第 76 行.
NOTIC: [8] Undefined variable: vo D:\xampp\htdocs\Application\Runtime\Cache\Home\92b993b24b73b4310482dd193d5f8cb7.php 第 77 行.
NOTIC: [8] Undefined variable: vo D:\xampp\htdocs\Application\Runtime\Cache\Home\92b993b24b73b4310482dd193d5f8cb7.php 第 78 行.
INFO: Run Behavior\ParseTemplateBehavior [ RunTime:0.008435s ]
INFO: [ view_parse ] --END-- [ RunTime:0.008513s ]
INFO: [ view_filter ] --START--
INFO: Run Behavior\WriteHtmlCacheBehavior [ RunTime:0.000220s ]
INFO: [ view_filter ] --END-- [ RunTime:0.000257s ]
INFO: [ app_end ] --START--
INFO: Run Behavior\ShowPageTraceBehavior [ RunTime:0.000403s ]
INFO: [ app_end ] --END-- [ RunTime:0.000442s ]

[ 2018-04-04T23:50:49+08:00 ] ::1 /index.php/home/xg
INFO: [ app_init ] --START--
INFO: Run Behavior\BuildLiteBehavior [ RunTime:0.000015s ]
INFO: [ app_init ] --END-- [ RunTime:0.000441s ]
INFO: [ app_begin ] --START--
INFO: Run Behavior\ReadHtmlCacheBehavior [ RunTime:0.000580s ]
INFO: [ app_begin ] --END-- [ RunTime:0.000639s ]
SQL: SHOW COLUMNS FROM `jg` [ RunTime:0.0066s ]
SQL: SELECT COUNT(*) AS tp_count FROM `jg` LIMIT 1   [ RunTime:0.0007s ]
SQL: SELECT `id`,`riq`,`gold`,`silver`,`silver1`,`pd`,`ru`,`pt`,`rh`,`yr`,`jcpd`,`jcpt` FROM `jg` ORDER BY riq desc LIMIT 0,13   [ RunTime:0.0011s ]
INFO: [ view_parse ] --START--
INFO: [ template_filter ] --START--
INFO: Run Behavior\ContentReplaceBehavior [ RunTime:0.000046s ]
INFO: [ template_filter ] --END-- [ RunTime:0.000100s ]
NOTIC: [8] Undefined variable: vo D:\xampp\htdocs\Application\Runtime\Cache\Home\92b993b24b73b4310482dd193d5f8cb7.php 第 74 行.
NOTIC: [8] Undefined variable: vo D:\xampp\htdocs\Application\Runtime\Cache\Home\92b993b24b73b4310482dd193d5f8cb7.php 第 75 行.
NOTIC: [8] Undefined variable: vo D:\xampp\htdocs\Application\Runtime\Cache\Home\92b993b24b73b4310482dd193d5f8cb7.php 第 76 行.
NOTIC: [8] Undefined variable: vo D:\xampp\htdocs\Application\Runtime\Cache\Home\92b993b24b73b4310482dd193d5f8cb7.php 第 77 行.
NOTIC: [8] Undefined variable: vo D:\xampp\htdocs\Application\Runtime\Cache\Home\92b993b24b73b4310482dd193d5f8cb7.php 第 78 行.
INFO: Run Behavior\ParseTemplateBehavior [ RunTime:0.006259s ]
INFO: [ view_parse ] --END-- [ RunTime:0.006322s ]
INFO: [ view_filter ] --START--
INFO: Run Behavior\WriteHtmlCacheBehavior [ RunTime:0.000296s ]
INFO: [ view_filter ] --END-- [ RunTime:0.000328s ]
INFO: [ app_end ] --START--
INFO: Run Behavior\ShowPageTraceBehavior [ RunTime:0.000424s ]
INFO: [ app_end ] --END-- [ RunTime:0.000459s ]

[ 2018-04-04T23:50:50+08:00 ] ::1 /index.php/home/xg
INFO: [ app_init ] --START--
INFO: Run Behavior\BuildLiteBehavior [ RunTime:0.000030s ]
INFO: [ app_init ] --END-- [ RunTime:0.000650s ]
INFO: [ app_begin ] --START--
INFO: Run Behavior\ReadHtmlCacheBehavior [ RunTime:0.000660s ]
INFO: [ app_begin ] --END-- [ RunTime:0.000753s ]
SQL: SHOW COLUMNS FROM `jg` [ RunTime:0.0549s ]
SQL: SELECT COUNT(*) AS tp_count FROM `jg` LIMIT 1   [ RunTime:0.0018s ]
SQL: SELECT `id`,`riq`,`gold`,`silver`,`silver1`,`pd`,`ru`,`pt`,`rh`,`yr`,`jcpd`,`jcpt` FROM `jg` ORDER BY riq desc LIMIT 0,13   [ RunTime:0.0030s ]
INFO: [ view_parse ] --START--
INFO: [ template_filter ] --START--
INFO: Run Behavior\ContentReplaceBehavior [ RunTime:0.000074s ]
INFO: [ template_filter ] --END-- [ RunTime:0.000154s ]
NOTIC: [8] Undefined variable: vo D:\xampp\htdocs\Application\Runtime\Cache\Home\92b993b24b73b4310482dd193d5f8cb7.php 第 74 行.
NOTIC: [8] Undefined variable: vo D:\xampp\htdocs\Application\Runtime\Cache\Home\92b993b24b73b4310482dd193d5f8cb7.php 第 75 行.
NOTIC: [8] Undefined variable: vo D:\xampp\htdocs\Application\Runtime\Cache\Home\92b993b24b73b4310482dd193d5f8cb7.php 第 76 行.
NOTIC: [8] Undefined variable: vo D:\xampp\htdocs\Application\Runtime\Cache\Home\92b993b24b73b4310482dd193d5f8cb7.php 第 77 行.
NOTIC: [8] Undefined variable: vo D:\xampp\htdocs\Application\Runtime\Cache\Home\92b993b24b73b4310482dd193d5f8cb7.php 第 78 行.
INFO: Run Behavior\ParseTemplateBehavior [ RunTime:0.015415s ]
INFO: [ view_parse ] --END-- [ RunTime:0.015588s ]
INFO: [ view_filter ] --START--
INFO: Run Behavior\WriteHtmlCacheBehavior [ RunTime:0.000383s ]
INFO: [ view_filter ] --END-- [ RunTime:0.000478s ]
INFO: [ app_end ] --START--
INFO: Run Behavior\ShowPageTraceBehavior [ RunTime:0.001103s ]
INFO: [ app_end ] --END-- [ RunTime:0.001223s ]

[ 2018-04-04T23:51:00+08:00 ] ::1 /index.php/home/update.do
INFO: [ app_init ] --START--
INFO: Run Behavior\BuildLiteBehavior [ RunTime:0.000016s ]
INFO: [ app_init ] --END-- [ RunTime:0.000326s ]
INFO: [ app_begin ] --START--
INFO: Run Behavior\ReadHtmlCacheBehavior [ RunTime:0.000411s ]
INFO: [ app_begin ] --END-- [ RunTime:0.000460s ]
ERR: 无法加载控制器:Update.do

[ 2018-04-04T23:51:22+08:00 ] ::1 /index.php/home/xg
INFO: [ app_init ] --START--
INFO: Run Behavior\BuildLiteBehavior [ RunTime:0.000013s ]
INFO: [ app_init ] --END-- [ RunTime:0.000315s ]
INFO: [ app_begin ] --START--
INFO: Run Behavior\ReadHtmlCacheBehavior [ RunTime:0.000411s ]
INFO: [ app_begin ] --END-- [ RunTime:0.000464s ]
SQL: SHOW COLUMNS FROM `jg` [ RunTime:0.0075s ]
SQL: SELECT COUNT(*) AS tp_count FROM `jg` LIMIT 1   [ RunTime:0.0006s ]
SQL: SELECT `id`,`riq`,`gold`,`silver`,`silver1`,`pd`,`ru`,`pt`,`rh`,`yr`,`jcpd`,`jcpt` FROM `jg` ORDER BY riq desc LIMIT 0,13   [ RunTime:0.0011s ]
INFO: [ view_parse ] --START--
INFO: [ template_filter ] --START--
INFO: Run Behavior\ContentReplaceBehavior [ RunTime:0.000049s ]
INFO: [ template_filter ] --END-- [ RunTime:0.000105s ]
NOTIC: [8] Undefined variable: vo D:\xampp\htdocs\Application\Runtime\Cache\Home\92b993b24b73b4310482dd193d5f8cb7.php 第 74 行.
NOTIC: [8] Undefined variable: vo D:\xampp\htdocs\Application\Runtime\Cache\Home\92b993b24b73b4310482dd193d5f8cb7.php 第 75 行.
NOTIC: [8] Undefined variable: vo D:\xampp\htdocs\Application\Runtime\Cache\Home\92b993b24b73b4310482dd193d5f8cb7.php 第 76 行.
NOTIC: [8] Undefined variable: vo D:\xampp\htdocs\Application\Runtime\Cache\Home\92b993b24b73b4310482dd193d5f8cb7.php 第 77 行.
NOTIC: [8] Undefined variable: vo D:\xampp\htdocs\Application\Runtime\Cache\Home\92b993b24b73b4310482dd193d5f8cb7.php 第 78 行.
INFO: Run Behavior\ParseTemplateBehavior [ RunTime:0.006384s ]
INFO: [ view_parse ] --END-- [ RunTime:0.006472s ]
INFO: [ view_filter ] --START--
INFO: Run Behavior\WriteHtmlCacheBehavior [ RunTime:0.000250s ]
INFO: [ view_filter ] --END-- [ RunTime:0.000301s ]
INFO: [ app_end ] --START--
INFO: Run Behavior\ShowPageTraceBehavior [ RunTime:0.000413s ]
INFO: [ app_end ] --END-- [ RunTime:0.000454s ]

[ 2018-04-04T23:51:23+08:00 ] ::1 /index.php/home/xg
INFO: [ app_init ] --START--
INFO: Run Behavior\BuildLiteBehavior [ RunTime:0.000020s ]
INFO: [ app_init ] --END-- [ RunTime:0.000462s ]
INFO: [ app_begin ] --START--
INFO: Run Behavior\ReadHtmlCacheBehavior [ RunTime:0.000608s ]
INFO: [ app_begin ] --END-- [ RunTime:0.000695s ]
SQL: SHOW COLUMNS FROM `jg` [ RunTime:0.0417s ]
SQL: SELECT COUNT(*) AS tp_count FROM `jg` LIMIT 1   [ RunTime:0.0007s ]
SQL: SELECT `id`,`riq`,`gold`,`silver`,`silver1`,`pd`,`ru`,`pt`,`rh`,`yr`,`jcpd`,`jcpt` FROM `jg` ORDER BY riq desc LIMIT 0,13   [ RunTime:0.0013s ]
INFO: [ view_parse ] --START--
INFO: [ template_filter ] --START--
INFO: Run Behavior\ContentReplaceBehavior [ RunTime:0.000040s ]
INFO: [ template_filter ] --END-- [ RunTime:0.000082s ]
NOTIC: [8] Undefined variable: vo D:\xampp\htdocs\Application\Runtime\Cache\Home\92b993b24b73b4310482dd193d5f8cb7.php 第 74 行.
NOTIC: [8] Undefined variable: vo D:\xampp\htdocs\Application\Runtime\Cache\Home\92b993b24b73b4310482dd193d5f8cb7.php 第 75 行.
NOTIC: [8] Undefined variable: vo D:\xampp\htdocs\Application\Runtime\Cache\Home\92b993b24b73b4310482dd193d5f8cb7.php 第 76 行.
NOTIC: [8] Undefined variable: vo D:\xampp\htdocs\Application\Runtime\Cache\Home\92b993b24b73b4310482dd193d5f8cb7.php 第 77 行.
NOTIC: [8] Undefined variable: vo D:\xampp\htdocs\Application\Runtime\Cache\Home\92b993b24b73b4310482dd193d5f8cb7.php 第 78 行.
INFO: Run Behavior\ParseTemplateBehavior [ RunTime:0.005923s ]
INFO: [ view_parse ] --END-- [ RunTime:0.005994s ]
INFO: [ view_filter ] --START--
INFO: Run Behavior\WriteHtmlCacheBehavior [ RunTime:0.000262s ]
INFO: [ view_filter ] --END-- [ RunTime:0.000313s ]
INFO: [ app_end ] --START--
INFO: Run Behavior\ShowPageTraceBehavior [ RunTime:0.000496s ]
INFO: [ app_end ] --END-- [ RunTime:0.000560s ]

[ 2018-04-04T23:51:25+08:00 ] ::1 /index.php/home/xg
INFO: [ app_init ] --START--
INFO: Run Behavior\BuildLiteBehavior [ RunTime:0.000023s ]
INFO: [ app_init ] --END-- [ RunTime:0.000539s ]
INFO: [ app_begin ] --START--
INFO: Run Behavior\ReadHtmlCacheBehavior [ RunTime:0.000588s ]
INFO: [ app_begin ] --END-- [ RunTime:0.000671s ]
SQL: SHOW COLUMNS FROM `jg` [ RunTime:0.0072s ]
SQL: SELECT COUNT(*) AS tp_count FROM `jg` LIMIT 1   [ RunTime:0.0006s ]
SQL: SELECT `id`,`riq`,`gold`,`silver`,`silver1`,`pd`,`ru`,`pt`,`rh`,`yr`,`jcpd`,`jcpt` FROM `jg` ORDER BY riq desc LIMIT 0,13   [ RunTime:0.0012s ]
INFO: [ view_parse ] --START--
INFO: [ template_filter ] --START--
INFO: Run Behavior\ContentReplaceBehavior [ RunTime:0.000041s ]
INFO: [ template_filter ] --END-- [ RunTime:0.000085s ]
NOTIC: [8] Undefined variable: vo D:\xampp\htdocs\Application\Runtime\Cache\Home\92b993b24b73b4310482dd193d5f8cb7.php 第 74 行.
NOTIC: [8] Undefined variable: vo D:\xampp\htdocs\Application\Runtime\Cache\Home\92b993b24b73b4310482dd193d5f8cb7.php 第 75 行.
NOTIC: [8] Undefined variable: vo D:\xampp\htdocs\Application\Runtime\Cache\Home\92b993b24b73b4310482dd193d5f8cb7.php 第 76 行.
NOTIC: [8] Undefined variable: vo D:\xampp\htdocs\Application\Runtime\Cache\Home\92b993b24b73b4310482dd193d5f8cb7.php 第 77 行.
NOTIC: [8] Undefined variable: vo D:\xampp\htdocs\Application\Runtime\Cache\Home\92b993b24b73b4310482dd193d5f8cb7.php 第 78 行.
INFO: Run Behavior\ParseTemplateBehavior [ RunTime:0.030578s ]
INFO: [ view_parse ] --END-- [ RunTime:0.030654s ]
INFO: [ view_filter ] --START--
INFO: Run Behavior\WriteHtmlCacheBehavior [ RunTime:0.000280s ]
INFO: [ view_filter ] --END-- [ RunTime:0.000327s ]
INFO: [ app_end ] --START--
INFO: Run Behavior\ShowPageTraceBehavior [ RunTime:0.000561s ]
INFO: [ app_end ] --END-- [ RunTime:0.000618s ]

[ 2018-04-04T23:51:26+08:00 ] ::1 /index.php/home/xg
INFO: [ app_init ] --START--
INFO: Run Behavior\BuildLiteBehavior [ RunTime:0.000012s ]
INFO: [ app_init ] --END-- [ RunTime:0.000288s ]
INFO: [ app_begin ] --START--
INFO: Run Behavior\ReadHtmlCacheBehavior [ RunTime:0.000371s ]
INFO: [ app_begin ] --END-- [ RunTime:0.000421s ]
SQL: SHOW COLUMNS FROM `jg` [ RunTime:0.0413s ]
SQL: SELECT COUNT(*) AS tp_count FROM `jg` LIMIT 1   [ RunTime:0.0006s ]
SQL: SELECT `id`,`riq`,`gold`,`silver`,`silver1`,`pd`,`ru`,`pt`,`rh`,`yr`,`jcpd`,`jcpt` FROM `jg` ORDER BY riq desc LIMIT 0,13   [ RunTime:0.0015s ]
INFO: [ view_parse ] --START--
INFO: [ template_filter ] --START--
INFO: Run Behavior\ContentReplaceBehavior [ RunTime:0.000049s ]
INFO: [ template_filter ] --END-- [ RunTime:0.000102s ]
NOTIC: [8] Undefined variable: vo D:\xampp\htdocs\Application\Runtime\Cache\Home\92b993b24b73b4310482dd193d5f8cb7.php 第 74 行.
NOTIC: [8] Undefined variable: vo D:\xampp\htdocs\Application\Runtime\Cache\Home\92b993b24b73b4310482dd193d5f8cb7.php 第 75 行.
NOTIC: [8] Undefined variable: vo D:\xampp\htdocs\Application\Runtime\Cache\Home\92b993b24b73b4310482dd193d5f8cb7.php 第 76 行.
NOTIC: [8] Undefined variable: vo D:\xampp\htdocs\Application\Runtime\Cache\Home\92b993b24b73b4310482dd193d5f8cb7.php 第 77 行.
NOTIC: [8] Undefined variable: vo D:\xampp\htdocs\Application\Runtime\Cache\Home\92b993b24b73b4310482dd193d5f8cb7.php 第 78 行.
INFO: Run Behavior\ParseTemplateBehavior [ RunTime:0.006712s ]
INFO: [ view_parse ] --END-- [ RunTime:0.006783s ]
INFO: [ view_filter ] --START--
INFO: Run Behavior\WriteHtmlCacheBehavior [ RunTime:0.000309s ]
INFO: [ view_filter ] --END-- [ RunTime:0.000358s ]
INFO: [ app_end ] --START--
INFO: Run Behavior\ShowPageTraceBehavior [ RunTime:0.000633s ]
INFO: [ app_end ] --END-- [ RunTime:0.000706s ]

[ 2018-04-04T23:52:17+08:00 ] ::1 /index.php/home/xg
INFO: [ app_init ] --START--
INFO: Run Behavior\BuildLiteBehavior [ RunTime:0.000018s ]
INFO: [ app_init ] --END-- [ RunTime:0.000342s ]
INFO: [ app_begin ] --START--
INFO: Run Behavior\ReadHtmlCacheBehavior [ RunTime:0.001046s ]
INFO: [ app_begin ] --END-- [ RunTime:0.001197s ]
SQL: SHOW COLUMNS FROM `jg` [ RunTime:0.0084s ]
SQL: SELECT COUNT(*) AS tp_count FROM `jg` LIMIT 1   [ RunTime:0.0010s ]
SQL: SELECT `id`,`riq`,`gold`,`silver`,`silver1`,`pd`,`ru`,`pt`,`rh`,`yr`,`jcpd`,`jcpt` FROM `jg` ORDER BY riq desc LIMIT 0,13   [ RunTime:0.0013s ]
INFO: [ view_parse ] --START--
INFO: [ template_filter ] --START--
INFO: Run Behavior\ContentReplaceBehavior [ RunTime:0.000051s ]
INFO: [ template_filter ] --END-- [ RunTime:0.000108s ]
NOTIC: [8] Undefined variable: vo D:\xampp\htdocs\Application\Runtime\Cache\Home\92b993b24b73b4310482dd193d5f8cb7.php 第 74 行.
NOTIC: [8] Undefined variable: vo D:\xampp\htdocs\Application\Runtime\Cache\Home\92b993b24b73b4310482dd193d5f8cb7.php 第 75 行.
NOTIC: [8] Undefined variable: vo D:\xampp\htdocs\Application\Runtime\Cache\Home\92b993b24b73b4310482dd193d5f8cb7.php 第 76 行.
NOTIC: [8] Undefined variable: vo D:\xampp\htdocs\Application\Runtime\Cache\Home\92b993b24b73b4310482dd193d5f8cb7.php 第 77 行.
NOTIC: [8] Undefined variable: vo D:\xampp\htdocs\Application\Runtime\Cache\Home\92b993b24b73b4310482dd193d5f8cb7.php 第 78 行.
INFO: Run Behavior\ParseTemplateBehavior [ RunTime:0.007738s ]
INFO: [ view_parse ] --END-- [ RunTime:0.007809s ]
INFO: [ view_filter ] --START--
INFO: Run Behavior\WriteHtmlCacheBehavior [ RunTime:0.000461s ]
INFO: [ view_filter ] --END-- [ RunTime:0.000585s ]
INFO: [ app_end ] --START--
INFO: Run Behavior\ShowPageTraceBehavior [ RunTime:0.000611s ]
INFO: [ app_end ] --END-- [ RunTime:0.000677s ]

[ 2018-04-04T23:52:19+08:00 ] ::1 /index.php/home/update.do
INFO: [ app_init ] --START--
INFO: Run Behavior\BuildLiteBehavior [ RunTime:0.000013s ]
INFO: [ app_init ] --END-- [ RunTime:0.000331s ]
INFO: [ app_begin ] --START--
INFO: Run Behavior\ReadHtmlCacheBehavior [ RunTime:0.000414s ]
INFO: [ app_begin ] --END-- [ RunTime:0.000463s ]
ERR: 无法加载控制器:Update.do

[ 2018-04-04T23:53:10+08:00 ] ::1 /index.php/home/xg
INFO: [ app_init ] --START--
INFO: Run Behavior\BuildLiteBehavior [ RunTime:0.000016s ]
INFO: [ app_init ] --END-- [ RunTime:0.000485s ]
INFO: [ app_begin ] --START--
INFO: Run Behavior\ReadHtmlCacheBehavior [ RunTime:0.000530s ]
INFO: [ app_begin ] --END-- [ RunTime:0.000586s ]
SQL: SHOW COLUMNS FROM `jg` [ RunTime:0.0053s ]
SQL: SELECT COUNT(*) AS tp_count FROM `jg` LIMIT 1   [ RunTime:0.0007s ]
SQL: SELECT `id`,`riq`,`gold`,`silver`,`silver1`,`pd`,`ru`,`pt`,`rh`,`yr`,`jcpd`,`jcpt` FROM `jg` ORDER BY riq desc LIMIT 0,13   [ RunTime:0.0012s ]
INFO: [ view_parse ] --START--
INFO: [ template_filter ] --START--
INFO: Run Behavior\ContentReplaceBehavior [ RunTime:0.000042s ]
INFO: [ template_filter ] --END-- [ RunTime:0.000088s ]
NOTIC: [8] Undefined variable: vo D:\xampp\htdocs\Application\Runtime\Cache\Home\92b993b24b73b4310482dd193d5f8cb7.php 第 74 行.
NOTIC: [8] Undefined variable: vo D:\xampp\htdocs\Application\Runtime\Cache\Home\92b993b24b73b4310482dd193d5f8cb7.php 第 75 行.
NOTIC: [8] Undefined variable: vo D:\xampp\htdocs\Application\Runtime\Cache\Home\92b993b24b73b4310482dd193d5f8cb7.php 第 76 行.
NOTIC: [8] Undefined variable: vo D:\xampp\htdocs\Application\Runtime\Cache\Home\92b993b24b73b4310482dd193d5f8cb7.php 第 77 行.
NOTIC: [8] Undefined variable: vo D:\xampp\htdocs\Application\Runtime\Cache\Home\92b993b24b73b4310482dd193d5f8cb7.php 第 78 行.
INFO: Run Behavior\ParseTemplateBehavior [ RunTime:0.007387s ]
INFO: [ view_parse ] --END-- [ RunTime:0.007465s ]
INFO: [ view_filter ] --START--
INFO: Run Behavior\WriteHtmlCacheBehavior [ RunTime:0.000473s ]
INFO: [ view_filter ] --END-- [ RunTime:0.000537s ]
INFO: [ app_end ] --START--
INFO: Run Behavior\ShowPageTraceBehavior [ RunTime:0.000668s ]
INFO: [ app_end ] --END-- [ RunTime:0.000742s ]

[ 2018-04-04T23:53:20+08:00 ] ::1 /index.php/home/xg
INFO: [ app_init ] --START--
INFO: Run Behavior\BuildLiteBehavior [ RunTime:0.000015s ]
INFO: [ app_init ] --END-- [ RunTime:0.000434s ]
INFO: [ app_begin ] --START--
INFO: Run Behavior\ReadHtmlCacheBehavior [ RunTime:0.000619s ]
INFO: [ app_begin ] --END-- [ RunTime:0.000683s ]
SQL: SHOW COLUMNS FROM `jg` [ RunTime:0.0073s ]
SQL: SELECT COUNT(*) AS tp_count FROM `jg` LIMIT 1   [ RunTime:0.0009s ]
SQL: SELECT `id`,`riq`,`gold`,`silver`,`silver1`,`pd`,`ru`,`pt`,`rh`,`yr`,`jcpd`,`jcpt` FROM `jg` ORDER BY riq desc LIMIT 0,13   [ RunTime:0.0014s ]
INFO: [ view_parse ] --START--
INFO: [ template_filter ] --START--
INFO: Run Behavior\ContentReplaceBehavior [ RunTime:0.000055s ]
INFO: [ template_filter ] --END-- [ RunTime:0.000116s ]
NOTIC: [8] Undefined variable: vo D:\xampp\htdocs\Application\Runtime\Cache\Home\92b993b24b73b4310482dd193d5f8cb7.php 第 74 行.
NOTIC: [8] Undefined variable: vo D:\xampp\htdocs\Application\Runtime\Cache\Home\92b993b24b73b4310482dd193d5f8cb7.php 第 75 行.
NOTIC: [8] Undefined variable: vo D:\xampp\htdocs\Application\Runtime\Cache\Home\92b993b24b73b4310482dd193d5f8cb7.php 第 76 行.
NOTIC: [8] Undefined variable: vo D:\xampp\htdocs\Application\Runtime\Cache\Home\92b993b24b73b4310482dd193d5f8cb7.php 第 77 行.
NOTIC: [8] Undefined variable: vo D:\xampp\htdocs\Application\Runtime\Cache\Home\92b993b24b73b4310482dd193d5f8cb7.php 第 78 行.
INFO: Run Behavior\ParseTemplateBehavior [ RunTime:0.008910s ]
INFO: [ view_parse ] --END-- [ RunTime:0.009008s ]
INFO: [ view_filter ] --START--
INFO: Run Behavior\WriteHtmlCacheBehavior [ RunTime:0.000409s ]
INFO: [ view_filter ] --END-- [ RunTime:0.000454s ]
INFO: [ app_end ] --START--
INFO: Run Behavior\ShowPageTraceBehavior [ RunTime:0.000619s ]
INFO: [ app_end ] --END-- [ RunTime:0.000669s ]

[ 2018-04-04T23:53:23+08:00 ] ::1 /index.php/home/update.do
INFO: [ app_init ] --START--
INFO: Run Behavior\BuildLiteBehavior [ RunTime:0.000014s ]
INFO: [ app_init ] --END-- [ RunTime:0.000325s ]
INFO: [ app_begin ] --START--
INFO: Run Behavior\ReadHtmlCacheBehavior [ RunTime:0.000412s ]
INFO: [ app_begin ] --END-- [ RunTime:0.000462s ]
ERR: 无法加载控制器:Update.do

[ 2018-04-04T23:54:41+08:00 ] ::1 /index.php/home/xg
INFO: [ app_init ] --START--
INFO: Run Behavior\BuildLiteBehavior [ RunTime:0.000015s ]
INFO: [ app_init ] --END-- [ RunTime:0.000450s ]
INFO: [ app_begin ] --START--
INFO: Run Behavior\ReadHtmlCacheBehavior [ RunTime:0.000632s ]
INFO: [ app_begin ] --END-- [ RunTime:0.000704s ]
SQL: SHOW COLUMNS FROM `jg` [ RunTime:0.0072s ]
SQL: SELECT COUNT(*) AS tp_count FROM `jg` LIMIT 1   [ RunTime:0.0007s ]
SQL: SELECT `id`,`riq`,`gold`,`silver`,`silver1`,`pd`,`ru`,`pt`,`rh`,`yr`,`jcpd`,`jcpt` FROM `jg` ORDER BY riq desc LIMIT 0,13   [ RunTime:0.0011s ]
INFO: [ view_parse ] --START--
INFO: [ template_filter ] --START--
INFO: Run Behavior\ContentReplaceBehavior [ RunTime:0.000042s ]
INFO: [ template_filter ] --END-- [ RunTime:0.000089s ]
NOTIC: [8] Undefined variable: vo D:\xampp\htdocs\Application\Runtime\Cache\Home\92b993b24b73b4310482dd193d5f8cb7.php 第 74 行.
NOTIC: [8] Undefined variable: vo D:\xampp\htdocs\Application\Runtime\Cache\Home\92b993b24b73b4310482dd193d5f8cb7.php 第 75 行.
NOTIC: [8] Undefined variable: vo D:\xampp\htdocs\Application\Runtime\Cache\Home\92b993b24b73b4310482dd193d5f8cb7.php 第 76 行.
NOTIC: [8] Undefined variable: vo D:\xampp\htdocs\Application\Runtime\Cache\Home\92b993b24b73b4310482dd193d5f8cb7.php 第 77 行.
NOTIC: [8] Undefined variable: vo D:\xampp\htdocs\Application\Runtime\Cache\Home\92b993b24b73b4310482dd193d5f8cb7.php 第 78 行.
INFO: Run Behavior\ParseTemplateBehavior [ RunTime:0.006175s ]
INFO: [ view_parse ] --END-- [ RunTime:0.006240s ]
INFO: [ view_filter ] --START--
INFO: Run Behavior\WriteHtmlCacheBehavior [ RunTime:0.000273s ]
INFO: [ view_filter ] --END-- [ RunTime:0.000304s ]
INFO: [ app_end ] --START--
INFO: Run Behavior\ShowPageTraceBehavior [ RunTime:0.000425s ]
INFO: [ app_end ] --END-- [ RunTime:0.000461s ]

