[ 2018-04-22T00:26:11+08:00 ] ::1 /index.php/Home/cp
INFO: [ app_init ] --START--
INFO: Run Behavior\BuildLiteBehavior [ RunTime:0.000036s ]
INFO: [ app_init ] --END-- [ RunTime:0.004421s ]
INFO: [ app_begin ] --START--
INFO: Run Behavior\ReadHtmlCacheBehavior [ RunTime:0.002037s ]
INFO: [ app_begin ] --END-- [ RunTime:0.002204s ]
SQL: SHOW COLUMNS FROM `c` [ RunTime:0.0523s ]
SQL: SELECT COUNT(*) AS tp_count FROM `c` LIMIT 1   [ RunTime:0.0014s ]
SQL: SELECT `c_id`,`c_m`,`c_x`,`c_b`,`c_gg`,`c_gy`,`c_gl`,`c_gb`,`c_gp`,`c_gRh`,`c_gIr`,`c_lb`,`c_bm`,`c_bz` FROM `c` ORDER BY c_id,c_m desc LIMIT 0,14   [ RunTime:0.0021s ]
INFO: [ view_parse ] --START--
INFO: [ template_filter ] --START--
INFO: Run Behavior\ContentReplaceBehavior [ RunTime:0.011349s ]
INFO: [ template_filter ] --END-- [ RunTime:0.011527s ]
NOTIC: [8] Undefined variable: jg D:\xampp\htdocs\Application\Runtime\Cache\Home\21f1817bd0d694c785630149f49c42d0.php 第 221 行.
NOTIC: [8] Undefined variable: jg D:\xampp\htdocs\Application\Runtime\Cache\Home\21f1817bd0d694c785630149f49c42d0.php 第 222 行.
NOTIC: [8] Undefined variable: jg D:\xampp\htdocs\Application\Runtime\Cache\Home\21f1817bd0d694c785630149f49c42d0.php 第 223 行.
NOTIC: [8] Undefined variable: jg D:\xampp\htdocs\Application\Runtime\Cache\Home\21f1817bd0d694c785630149f49c42d0.php 第 224 行.
NOTIC: [8] Undefined variable: jg D:\xampp\htdocs\Application\Runtime\Cache\Home\21f1817bd0d694c785630149f49c42d0.php 第 225 行.
NOTIC: [8] Undefined index: yr D:\xampp\htdocs\Application\Runtime\Cache\Home\21f1817bd0d694c785630149f49c42d0.php 第 226 行.
NOTIC: [8] Undefined variable: jg D:\xampp\htdocs\Application\Runtime\Cache\Home\21f1817bd0d694c785630149f49c42d0.php 第 221 行.
NOTIC: [8] Undefined variable: jg D:\xampp\htdocs\Application\Runtime\Cache\Home\21f1817bd0d694c785630149f49c42d0.php 第 222 行.
NOTIC: [8] Undefined variable: jg D:\xampp\htdocs\Application\Runtime\Cache\Home\21f1817bd0d694c785630149f49c42d0.php 第 223 行.
NOTIC: [8] Undefined variable: jg D:\xampp\htdocs\Application\Runtime\Cache\Home\21f1817bd0d694c785630149f49c42d0.php 第 224 行.
NOTIC: [8] Undefined variable: jg D:\xampp\htdocs\Application\Runtime\Cache\Home\21f1817bd0d694c785630149f49c42d0.php 第 225 行.
NOTIC: [8] Undefined index: yr D:\xampp\htdocs\Application\Runtime\Cache\Home\21f1817bd0d694c785630149f49c42d0.php 第 226 行.
NOTIC: [8] Undefined variable: jg D:\xampp\htdocs\Application\Runtime\Cache\Home\21f1817bd0d694c785630149f49c42d0.php 第 221 行.
NOTIC: [8] Undefined variable: jg D:\xampp\htdocs\Application\Runtime\Cache\Home\21f1817bd0d694c785630149f49c42d0.php 第 222 行.
NOTIC: [8] Undefined variable: jg D:\xampp\htdocs\Application\Runtime\Cache\Home\21f1817bd0d694c785630149f49c42d0.php 第 223 行.
NOTIC: [8] Undefined variable: jg D:\xampp\htdocs\Application\Runtime\Cache\Home\21f1817bd0d694c785630149f49c42d0.php 第 224 行.
NOTIC: [8] Undefined variable: jg D:\xampp\htdocs\Application\Runtime\Cache\Home\21f1817bd0d694c785630149f49c42d0.php 第 225 行.
NOTIC: [8] Undefined index: yr D:\xampp\htdocs\Application\Runtime\Cache\Home\21f1817bd0d694c785630149f49c42d0.php 第 226 行.
NOTIC: [8] Undefined variable: jg D:\xampp\htdocs\Application\Runtime\Cache\Home\21f1817bd0d694c785630149f49c42d0.php 第 221 行.
NOTIC: [8] Undefined variable: jg D:\xampp\htdocs\Application\Runtime\Cache\Home\21f1817bd0d694c785630149f49c42d0.php 第 222 行.
NOTIC: [8] Undefined variable: jg D:\xampp\htdocs\Application\Runtime\Cache\Home\21f1817bd0d694c785630149f49c42d0.php 第 223 行.
NOTIC: [8] Undefined variable: jg D:\xampp\htdocs\Application\Runtime\Cache\Home\21f1817bd0d694c785630149f49c42d0.php 第 224 行.
NOTIC: [8] Undefined variable: jg D:\xampp\htdocs\Application\Runtime\Cache\Home\21f1817bd0d694c785630149f49c42d0.php 第 225 行.
NOTIC: [8] Undefined index: yr D:\xampp\htdocs\Application\Runtime\Cache\Home\21f1817bd0d694c785630149f49c42d0.php 第 226 行.
NOTIC: [8] Undefined variable: jg D:\xampp\htdocs\Application\Runtime\Cache\Home\21f1817bd0d694c785630149f49c42d0.php 第 221 行.
NOTIC: [8] Undefined variable: jg D:\xampp\htdocs\Application\Runtime\Cache\Home\21f1817bd0d694c785630149f49c42d0.php 第 222 行.
NOTIC: [8] Undefined variable: jg D:\xampp\htdocs\Application\Runtime\Cache\Home\21f1817bd0d694c785630149f49c42d0.php 第 223 行.
NOTIC: [8] Undefined variable: jg D:\xampp\htdocs\Application\Runtime\Cache\Home\21f1817bd0d694c785630149f49c42d0.php 第 224 行.
NOTIC: [8] Undefined variable: jg D:\xampp\htdocs\Application\Runtime\Cache\Home\21f1817bd0d694c785630149f49c42d0.php 第 225 行.
NOTIC: [8] Undefined index: yr D:\xampp\htdocs\Application\Runtime\Cache\Home\21f1817bd0d694c785630149f49c42d0.php 第 226 行.
NOTIC: [8] Undefined variable: jg D:\xampp\htdocs\Application\Runtime\Cache\Home\21f1817bd0d694c785630149f49c42d0.php 第 221 行.
NOTIC: [8] Undefined variable: jg D:\xampp\htdocs\Application\Runtime\Cache\Home\21f1817bd0d694c785630149f49c42d0.php 第 222 行.
NOTIC: [8] Undefined variable: jg D:\xampp\htdocs\Application\Runtime\Cache\Home\21f1817bd0d694c785630149f49c42d0.php 第 223 行.
NOTIC: [8] Undefined variable: jg D:\xampp\htdocs\Application\Runtime\Cache\Home\21f1817bd0d694c785630149f49c42d0.php 第 224 行.
NOTIC: [8] Undefined variable: jg D:\xampp\htdocs\Application\Runtime\Cache\Home\21f1817bd0d694c785630149f49c42d0.php 第 225 行.
NOTIC: [8] Undefined index: yr D:\xampp\htdocs\Application\Runtime\Cache\Home\21f1817bd0d694c785630149f49c42d0.php 第 226 行.
NOTIC: [8] Undefined variable: jg D:\xampp\htdocs\Application\Runtime\Cache\Home\21f1817bd0d694c785630149f49c42d0.php 第 221 行.
NOTIC: [8] Undefined variable: jg D:\xampp\htdocs\Application\Runtime\Cache\Home\21f1817bd0d694c785630149f49c42d0.php 第 222 行.
NOTIC: [8] Undefined variable: jg D:\xampp\htdocs\Application\Runtime\Cache\Home\21f1817bd0d694c785630149f49c42d0.php 第 223 行.
NOTIC: [8] Undefined variable: jg D:\xampp\htdocs\Application\Runtime\Cache\Home\21f1817bd0d694c785630149f49c42d0.php 第 224 行.
NOTIC: [8] Undefined variable: jg D:\xampp\htdocs\Application\Runtime\Cache\Home\21f1817bd0d694c785630149f49c42d0.php 第 225 行.
NOTIC: [8] Undefined index: yr D:\xampp\htdocs\Application\Runtime\Cache\Home\21f1817bd0d694c785630149f49c42d0.php 第 226 行.
NOTIC: [8] Undefined variable: jg D:\xampp\htdocs\Application\Runtime\Cache\Home\21f1817bd0d694c785630149f49c42d0.php 第 221 行.
NOTIC: [8] Undefined variable: jg D:\xampp\htdocs\Application\Runtime\Cache\Home\21f1817bd0d694c785630149f49c42d0.php 第 222 行.
NOTIC: [8] Undefined variable: jg D:\xampp\htdocs\Application\Runtime\Cache\Home\21f1817bd0d694c785630149f49c42d0.php 第 223 行.
NOTIC: [8] Undefined variable: jg D:\xampp\htdocs\Application\Runtime\Cache\Home\21f1817bd0d694c785630149f49c42d0.php 第 224 行.
NOTIC: [8] Undefined variable: jg D:\xampp\htdocs\Application\Runtime\Cache\Home\21f1817bd0d694c785630149f49c42d0.php 第 225 行.
NOTIC: [8] Undefined index: yr D:\xampp\htdocs\Application\Runtime\Cache\Home\21f1817bd0d694c785630149f49c42d0.php 第 226 行.
NOTIC: [8] Undefined variable: jg D:\xampp\htdocs\Application\Runtime\Cache\Home\21f1817bd0d694c785630149f49c42d0.php 第 221 行.
NOTIC: [8] Undefined variable: jg D:\xampp\htdocs\Application\Runtime\Cache\Home\21f1817bd0d694c785630149f49c42d0.php 第 222 行.
NOTIC: [8] Undefined variable: jg D:\xampp\htdocs\Application\Runtime\Cache\Home\21f1817bd0d694c785630149f49c42d0.php 第 223 行.
NOTIC: [8] Undefined variable: jg D:\xampp\htdocs\Application\Runtime\Cache\Home\21f1817bd0d694c785630149f49c42d0.php 第 224 行.
NOTIC: [8] Undefined variable: jg D:\xampp\htdocs\Application\Runtime\Cache\Home\21f1817bd0d694c785630149f49c42d0.php 第 225 行.
NOTIC: [8] Undefined index: yr D:\xampp\htdocs\Application\Runtime\Cache\Home\21f1817bd0d694c785630149f49c42d0.php 第 226 行.
NOTIC: [8] Undefined variable: jg D:\xampp\htdocs\Application\Runtime\Cache\Home\21f1817bd0d694c785630149f49c42d0.php 第 221 行.
NOTIC: [8] Undefined variable: jg D:\xampp\htdocs\Application\Runtime\Cache\Home\21f1817bd0d694c785630149f49c42d0.php 第 222 行.
NOTIC: [8] Undefined variable: jg D:\xampp\htdocs\Application\Runtime\Cache\Home\21f1817bd0d694c785630149f49c42d0.php 第 223 行.
NOTIC: [8] Undefined variable: jg D:\xampp\htdocs\Application\Runtime\Cache\Home\21f1817bd0d694c785630149f49c42d0.php 第 224 行.
NOTIC: [8] Undefined variable: jg D:\xampp\htdocs\Application\Runtime\Cache\Home\21f1817bd0d694c785630149f49c42d0.php 第 225 行.
NOTIC: [8] Undefined index: yr D:\xampp\htdocs\Application\Runtime\Cache\Home\21f1817bd0d694c785630149f49c42d0.php 第 226 行.
NOTIC: [8] Undefined variable: jg D:\xampp\htdocs\Application\Runtime\Cache\Home\21f1817bd0d694c785630149f49c42d0.php 第 221 行.
NOTIC: [8] Undefined variable: jg D:\xampp\htdocs\Application\Runtime\Cache\Home\21f1817bd0d694c785630149f49c42d0.php 第 222 行.
NOTIC: [8] Undefined variable: jg D:\xampp\htdocs\Application\Runtime\Cache\Home\21f1817bd0d694c785630149f49c42d0.php 第 223 行.
NOTIC: [8] Undefined variable: jg D:\xampp\htdocs\Application\Runtime\Cache\Home\21f1817bd0d694c785630149f49c42d0.php 第 224 行.
NOTIC: [8] Undefined variable: jg D:\xampp\htdocs\Application\Runtime\Cache\Home\21f1817bd0d694c785630149f49c42d0.php 第 225 行.
NOTIC: [8] Undefined index: yr D:\xampp\htdocs\Application\Runtime\Cache\Home\21f1817bd0d694c785630149f49c42d0.php 第 226 行.
NOTIC: [8] Undefined variable: jg D:\xampp\htdocs\Application\Runtime\Cache\Home\21f1817bd0d694c785630149f49c42d0.php 第 221 行.
NOTIC: [8] Undefined variable: jg D:\xampp\htdocs\Application\Runtime\Cache\Home\21f1817bd0d694c785630149f49c42d0.php 第 222 行.
NOTIC: [8] Undefined variable: jg D:\xampp\htdocs\Application\Runtime\Cache\Home\21f1817bd0d694c785630149f49c42d0.php 第 223 行.
NOTIC: [8] Undefined variable: jg D:\xampp\htdocs\Application\Runtime\Cache\Home\21f1817bd0d694c785630149f49c42d0.php 第 224 行.
NOTIC: [8] Undefined variable: jg D:\xampp\htdocs\Application\Runtime\Cache\Home\21f1817bd0d694c785630149f49c42d0.php 第 225 行.
NOTIC: [8] Undefined index: yr D:\xampp\htdocs\Application\Runtime\Cache\Home\21f1817bd0d694c785630149f49c42d0.php 第 226 行.
NOTIC: [8] Undefined variable: jg D:\xampp\htdocs\Application\Runtime\Cache\Home\21f1817bd0d694c785630149f49c42d0.php 第 221 行.
NOTIC: [8] Undefined variable: jg D:\xampp\htdocs\Application\Runtime\Cache\Home\21f1817bd0d694c785630149f49c42d0.php 第 222 行.
NOTIC: [8] Undefined variable: jg D:\xampp\htdocs\Application\Runtime\Cache\Home\21f1817bd0d694c785630149f49c42d0.php 第 223 行.
NOTIC: [8] Undefined variable: jg D:\xampp\htdocs\Application\Runtime\Cache\Home\21f1817bd0d694c785630149f49c42d0.php 第 224 行.
NOTIC: [8] Undefined variable: jg D:\xampp\htdocs\Application\Runtime\Cache\Home\21f1817bd0d694c785630149f49c42d0.php 第 225 行.
NOTIC: [8] Undefined index: yr D:\xampp\htdocs\Application\Runtime\Cache\Home\21f1817bd0d694c785630149f49c42d0.php 第 226 行.
NOTIC: [8] Undefined variable: jg D:\xampp\htdocs\Application\Runtime\Cache\Home\21f1817bd0d694c785630149f49c42d0.php 第 221 行.
NOTIC: [8] Undefined variable: jg D:\xampp\htdocs\Application\Runtime\Cache\Home\21f1817bd0d694c785630149f49c42d0.php 第 222 行.
NOTIC: [8] Undefined variable: jg D:\xampp\htdocs\Application\Runtime\Cache\Home\21f1817bd0d694c785630149f49c42d0.php 第 223 行.
NOTIC: [8] Undefined variable: jg D:\xampp\htdocs\Application\Runtime\Cache\Home\21f1817bd0d694c785630149f49c42d0.php 第 224 行.
NOTIC: [8] Undefined variable: jg D:\xampp\htdocs\Application\Runtime\Cache\Home\21f1817bd0d694c785630149f49c42d0.php 第 225 行.
NOTIC: [8] Undefined index: yr D:\xampp\htdocs\Application\Runtime\Cache\Home\21f1817bd0d694c785630149f49c42d0.php 第 226 行.
INFO: Run Behavior\ParseTemplateBehavior [ RunTime:0.119371s ]
INFO: [ view_parse ] --END-- [ RunTime:0.119577s ]
INFO: [ view_filter ] --START--
INFO: Run Behavior\WriteHtmlCacheBehavior [ RunTime:0.008032s ]
INFO: [ view_filter ] --END-- [ RunTime:0.008213s ]
INFO: [ app_end ] --START--
INFO: Run Behavior\ShowPageTraceBehavior [ RunTime:0.014245s ]
INFO: [ app_end ] --END-- [ RunTime:0.014636s ]

[ 2018-04-22T00:47:11+08:00 ] ::1 /
INFO: [ app_init ] --START--
INFO: Run Behavior\BuildLiteBehavior [ RunTime:0.000019s ]
INFO: [ app_init ] --END-- [ RunTime:0.000598s ]
INFO: [ app_begin ] --START--
INFO: Run Behavior\ReadHtmlCacheBehavior [ RunTime:0.000866s ]
INFO: [ app_begin ] --END-- [ RunTime:0.000949s ]
NOTIC: [2048] Declaration of Home\Controller\IndexController::show() should be compatible with Think\Controller::show($content, $charset = '', $contentType = '', $prefix = '') D:\xampp\htdocs\Application\Home\Controller\IndexController.class.php 第 153 行.
INFO: [ view_parse ] --START--
INFO: [ template_filter ] --START--
INFO: Run Behavior\ContentReplaceBehavior [ RunTime:0.000122s ]
INFO: [ template_filter ] --END-- [ RunTime:0.000229s ]
INFO: Run Behavior\ParseTemplateBehavior [ RunTime:0.037326s ]
INFO: [ view_parse ] --END-- [ RunTime:0.037448s ]
INFO: [ view_filter ] --START--
INFO: Run Behavior\WriteHtmlCacheBehavior [ RunTime:0.000514s ]
INFO: [ view_filter ] --END-- [ RunTime:0.000576s ]
INFO: [ app_end ] --START--
INFO: Run Behavior\ShowPageTraceBehavior [ RunTime:0.000823s ]
INFO: [ app_end ] --END-- [ RunTime:0.000893s ]

[ 2018-04-22T00:47:20+08:00 ] ::1 /
INFO: [ app_init ] --START--
INFO: Run Behavior\BuildLiteBehavior [ RunTime:0.000020s ]
INFO: [ app_init ] --END-- [ RunTime:0.000493s ]
INFO: [ app_begin ] --START--
INFO: Run Behavior\ReadHtmlCacheBehavior [ RunTime:0.000946s ]
INFO: [ app_begin ] --END-- [ RunTime:0.001069s ]
NOTIC: [2048] Declaration of Home\Controller\IndexController::show() should be compatible with Think\Controller::show($content, $charset = '', $contentType = '', $prefix = '') D:\xampp\htdocs\Application\Home\Controller\IndexController.class.php 第 153 行.
SQL: SHOW COLUMNS FROM `admin` [ RunTime:0.0439s ]
NOTIC: [8] Undefined index: validate D:\xampp\htdocs\ThinkPHP\Library\Think\Model.class.php 第 1185 行.
NOTIC: [8] Undefined index: auto D:\xampp\htdocs\ThinkPHP\Library\Think\Model.class.php 第 1128 行.
SQL: SELECT `id`,`uname`,`yxy`,`pw`,`jb`,`bz` FROM `admin` WHERE `uname` = 'mjg' AND `pw` = 'ewater' LIMIT 1   [ RunTime:0.0008s ]
INFO: [ view_parse ] --START--
INFO: [ template_filter ] --START--
INFO: Run Behavior\ContentReplaceBehavior [ RunTime:0.000069s ]
INFO: [ template_filter ] --END-- [ RunTime:0.000157s ]
INFO: Run Behavior\ParseTemplateBehavior [ RunTime:0.026942s ]
INFO: [ view_parse ] --END-- [ RunTime:0.027075s ]
INFO: [ view_filter ] --START--
INFO: Run Behavior\WriteHtmlCacheBehavior [ RunTime:0.000384s ]
INFO: [ view_filter ] --END-- [ RunTime:0.000448s ]
INFO: [ app_end ] --START--
INFO: Run Behavior\ShowPageTraceBehavior [ RunTime:0.000757s ]
INFO: [ app_end ] --END-- [ RunTime:0.000832s ]

[ 2018-04-22T00:47:21+08:00 ] ::1 /index.php/Home/Index/show.html
INFO: [ app_init ] --START--
INFO: Run Behavior\BuildLiteBehavior [ RunTime:0.000032s ]
INFO: [ app_init ] --END-- [ RunTime:0.000784s ]
INFO: [ app_begin ] --START--
INFO: Run Behavior\ReadHtmlCacheBehavior [ RunTime:0.000996s ]
INFO: [ app_begin ] --END-- [ RunTime:0.001125s ]
NOTIC: [2048] Declaration of Home\Controller\IndexController::show() should be compatible with Think\Controller::show($content, $charset = '', $contentType = '', $prefix = '') D:\xampp\htdocs\Application\Home\Controller\IndexController.class.php 第 153 行.
SQL: SHOW COLUMNS FROM `jg` [ RunTime:0.0416s ]
SQL: SELECT COUNT(*) AS tp_count FROM `jg` LIMIT 1   [ RunTime:0.0291s ]
SQL: SELECT `id`,`riq`,`gold`,`silver`,`silver1`,`pd`,`ru`,`pt`,`rh`,`yr`,`jcpd`,`jcpt` FROM `jg` ORDER BY riq desc LIMIT 0,14   [ RunTime:0.0030s ]
INFO: [ view_parse ] --START--
INFO: [ template_filter ] --START--
INFO: Run Behavior\ContentReplaceBehavior [ RunTime:0.000125s ]
INFO: [ template_filter ] --END-- [ RunTime:0.000268s ]
NOTIC: [8] Undefined variable: row D:\xampp\htdocs\Application\Runtime\Cache\Home\ef90aeb0d15d5181851dc046c9941189.php 第 74 行.
NOTIC: [8] Trying to get property of non-object D:\xampp\htdocs\Application\Runtime\Cache\Home\ef90aeb0d15d5181851dc046c9941189.php 第 74 行.
NOTIC: [8] Undefined variable: row D:\xampp\htdocs\Application\Runtime\Cache\Home\ef90aeb0d15d5181851dc046c9941189.php 第 74 行.
NOTIC: [8] Trying to get property of non-object D:\xampp\htdocs\Application\Runtime\Cache\Home\ef90aeb0d15d5181851dc046c9941189.php 第 74 行.
NOTIC: [8] Undefined variable: row D:\xampp\htdocs\Application\Runtime\Cache\Home\ef90aeb0d15d5181851dc046c9941189.php 第 74 行.
NOTIC: [8] Trying to get property of non-object D:\xampp\htdocs\Application\Runtime\Cache\Home\ef90aeb0d15d5181851dc046c9941189.php 第 74 行.
NOTIC: [8] Undefined variable: row D:\xampp\htdocs\Application\Runtime\Cache\Home\ef90aeb0d15d5181851dc046c9941189.php 第 74 行.
NOTIC: [8] Trying to get property of non-object D:\xampp\htdocs\Application\Runtime\Cache\Home\ef90aeb0d15d5181851dc046c9941189.php 第 74 行.
NOTIC: [8] Undefined variable: row D:\xampp\htdocs\Application\Runtime\Cache\Home\ef90aeb0d15d5181851dc046c9941189.php 第 74 行.
NOTIC: [8] Trying to get property of non-object D:\xampp\htdocs\Application\Runtime\Cache\Home\ef90aeb0d15d5181851dc046c9941189.php 第 74 行.
NOTIC: [8] Undefined variable: row D:\xampp\htdocs\Application\Runtime\Cache\Home\ef90aeb0d15d5181851dc046c9941189.php 第 74 行.
NOTIC: [8] Trying to get property of non-object D:\xampp\htdocs\Application\Runtime\Cache\Home\ef90aeb0d15d5181851dc046c9941189.php 第 74 行.
NOTIC: [8] Undefined variable: row D:\xampp\htdocs\Application\Runtime\Cache\Home\ef90aeb0d15d5181851dc046c9941189.php 第 74 行.
NOTIC: [8] Trying to get property of non-object D:\xampp\htdocs\Application\Runtime\Cache\Home\ef90aeb0d15d5181851dc046c9941189.php 第 74 行.
NOTIC: [8] Undefined variable: row D:\xampp\htdocs\Application\Runtime\Cache\Home\ef90aeb0d15d5181851dc046c9941189.php 第 74 行.
NOTIC: [8] Trying to get property of non-object D:\xampp\htdocs\Application\Runtime\Cache\Home\ef90aeb0d15d5181851dc046c9941189.php 第 74 行.
NOTIC: [8] Undefined variable: row D:\xampp\htdocs\Application\Runtime\Cache\Home\ef90aeb0d15d5181851dc046c9941189.php 第 74 行.
NOTIC: [8] Trying to get property of non-object D:\xampp\htdocs\Application\Runtime\Cache\Home\ef90aeb0d15d5181851dc046c9941189.php 第 74 行.
NOTIC: [8] Undefined variable: row D:\xampp\htdocs\Application\Runtime\Cache\Home\ef90aeb0d15d5181851dc046c9941189.php 第 74 行.
NOTIC: [8] Trying to get property of non-object D:\xampp\htdocs\Application\Runtime\Cache\Home\ef90aeb0d15d5181851dc046c9941189.php 第 74 行.
NOTIC: [8] Undefined variable: row D:\xampp\htdocs\Application\Runtime\Cache\Home\ef90aeb0d15d5181851dc046c9941189.php 第 74 行.
NOTIC: [8] Trying to get property of non-object D:\xampp\htdocs\Application\Runtime\Cache\Home\ef90aeb0d15d5181851dc046c9941189.php 第 74 行.
NOTIC: [8] Undefined variable: row D:\xampp\htdocs\Application\Runtime\Cache\Home\ef90aeb0d15d5181851dc046c9941189.php 第 74 行.
NOTIC: [8] Trying to get property of non-object D:\xampp\htdocs\Application\Runtime\Cache\Home\ef90aeb0d15d5181851dc046c9941189.php 第 74 行.
NOTIC: [8] Undefined variable: row D:\xampp\htdocs\Application\Runtime\Cache\Home\ef90aeb0d15d5181851dc046c9941189.php 第 74 行.
NOTIC: [8] Trying to get property of non-object D:\xampp\htdocs\Application\Runtime\Cache\Home\ef90aeb0d15d5181851dc046c9941189.php 第 74 行.
NOTIC: [8] Undefined variable: row D:\xampp\htdocs\Application\Runtime\Cache\Home\ef90aeb0d15d5181851dc046c9941189.php 第 74 行.
NOTIC: [8] Trying to get property of non-object D:\xampp\htdocs\Application\Runtime\Cache\Home\ef90aeb0d15d5181851dc046c9941189.php 第 74 行.
NOTIC: [8] Undefined variable: row D:\xampp\htdocs\Application\Runtime\Cache\Home\ef90aeb0d15d5181851dc046c9941189.php 第 74 行.
NOTIC: [8] Trying to get property of non-object D:\xampp\htdocs\Application\Runtime\Cache\Home\ef90aeb0d15d5181851dc046c9941189.php 第 74 行.
NOTIC: [8] Undefined variable: row D:\xampp\htdocs\Application\Runtime\Cache\Home\ef90aeb0d15d5181851dc046c9941189.php 第 74 行.
NOTIC: [8] Trying to get property of non-object D:\xampp\htdocs\Application\Runtime\Cache\Home\ef90aeb0d15d5181851dc046c9941189.php 第 74 行.
NOTIC: [8] Undefined variable: row D:\xampp\htdocs\Application\Runtime\Cache\Home\ef90aeb0d15d5181851dc046c9941189.php 第 74 行.
NOTIC: [8] Trying to get property of non-object D:\xampp\htdocs\Application\Runtime\Cache\Home\ef90aeb0d15d5181851dc046c9941189.php 第 74 行.
NOTIC: [8] Undefined variable: row D:\xampp\htdocs\Application\Runtime\Cache\Home\ef90aeb0d15d5181851dc046c9941189.php 第 74 行.
NOTIC: [8] Trying to get property of non-object D:\xampp\htdocs\Application\Runtime\Cache\Home\ef90aeb0d15d5181851dc046c9941189.php 第 74 行.
NOTIC: [8] Undefined variable: row D:\xampp\htdocs\Application\Runtime\Cache\Home\ef90aeb0d15d5181851dc046c9941189.php 第 74 行.
NOTIC: [8] Trying to get property of non-object D:\xampp\htdocs\Application\Runtime\Cache\Home\ef90aeb0d15d5181851dc046c9941189.php 第 74 行.
NOTIC: [8] Undefined variable: row D:\xampp\htdocs\Application\Runtime\Cache\Home\ef90aeb0d15d5181851dc046c9941189.php 第 74 行.
NOTIC: [8] Trying to get property of non-object D:\xampp\htdocs\Application\Runtime\Cache\Home\ef90aeb0d15d5181851dc046c9941189.php 第 74 行.
NOTIC: [8] Undefined variable: row D:\xampp\htdocs\Application\Runtime\Cache\Home\ef90aeb0d15d5181851dc046c9941189.php 第 74 行.
NOTIC: [8] Trying to get property of non-object D:\xampp\htdocs\Application\Runtime\Cache\Home\ef90aeb0d15d5181851dc046c9941189.php 第 74 行.
NOTIC: [8] Undefined variable: row D:\xampp\htdocs\Application\Runtime\Cache\Home\ef90aeb0d15d5181851dc046c9941189.php 第 74 行.
NOTIC: [8] Trying to get property of non-object D:\xampp\htdocs\Application\Runtime\Cache\Home\ef90aeb0d15d5181851dc046c9941189.php 第 74 行.
NOTIC: [8] Undefined variable: row D:\xampp\htdocs\Application\Runtime\Cache\Home\ef90aeb0d15d5181851dc046c9941189.php 第 74 行.
NOTIC: [8] Trying to get property of non-object D:\xampp\htdocs\Application\Runtime\Cache\Home\ef90aeb0d15d5181851dc046c9941189.php 第 74 行.
NOTIC: [8] Undefined variable: row D:\xampp\htdocs\Application\Runtime\Cache\Home\ef90aeb0d15d5181851dc046c9941189.php 第 74 行.
NOTIC: [8] Trying to get property of non-object D:\xampp\htdocs\Application\Runtime\Cache\Home\ef90aeb0d15d5181851dc046c9941189.php 第 74 行.
NOTIC: [8] Undefined variable: row D:\xampp\htdocs\Application\Runtime\Cache\Home\ef90aeb0d15d5181851dc046c9941189.php 第 74 行.
NOTIC: [8] Trying to get property of non-object D:\xampp\htdocs\Application\Runtime\Cache\Home\ef90aeb0d15d5181851dc046c9941189.php 第 74 行.
NOTIC: [8] Undefined variable: row D:\xampp\htdocs\Application\Runtime\Cache\Home\ef90aeb0d15d5181851dc046c9941189.php 第 74 行.
NOTIC: [8] Trying to get property of non-object D:\xampp\htdocs\Application\Runtime\Cache\Home\ef90aeb0d15d5181851dc046c9941189.php 第 74 行.
NOTIC: [8] Undefined variable: row D:\xampp\htdocs\Application\Runtime\Cache\Home\ef90aeb0d15d5181851dc046c9941189.php 第 74 行.
NOTIC: [8] Trying to get property of non-object D:\xampp\htdocs\Application\Runtime\Cache\Home\ef90aeb0d15d5181851dc046c9941189.php 第 74 行.
NOTIC: [8] Undefined variable: row D:\xampp\htdocs\Application\Runtime\Cache\Home\ef90aeb0d15d5181851dc046c9941189.php 第 74 行.
NOTIC: [8] Trying to get property of non-object D:\xampp\htdocs\Application\Runtime\Cache\Home\ef90aeb0d15d5181851dc046c9941189.php 第 74 行.
INFO: Run Behavior\ParseTemplateBehavior [ RunTime:0.035461s ]
INFO: [ view_parse ] --END-- [ RunTime:0.035595s ]
INFO: [ view_filter ] --START--
INFO: Run Behavior\WriteHtmlCacheBehavior [ RunTime:0.000635s ]
INFO: [ view_filter ] --END-- [ RunTime:0.000742s ]
INFO: [ app_end ] --START--
INFO: Run Behavior\ShowPageTraceBehavior [ RunTime:0.001238s ]
INFO: [ app_end ] --END-- [ RunTime:0.001374s ]

[ 2018-04-22T00:47:32+08:00 ] ::1 /index.php/Home/kh
INFO: [ app_init ] --START--
INFO: Run Behavior\BuildLiteBehavior [ RunTime:0.000017s ]
INFO: [ app_init ] --END-- [ RunTime:0.000442s ]
INFO: [ app_begin ] --START--
INFO: Run Behavior\ReadHtmlCacheBehavior [ RunTime:0.000576s ]
INFO: [ app_begin ] --END-- [ RunTime:0.000648s ]
SQL: SHOW COLUMNS FROM `k` [ RunTime:0.0583s ]
SQL: SELECT COUNT(*) AS tp_count FROM `k` LIMIT 1   [ RunTime:0.0015s ]
SQL: SELECT `k_id`,`k_m`,`k_hkfs`,`k_shdq`,`k_zdate`,`k_shm`,`k_shdz`,`k_lxr`,`k_hy`,`k_tel`,`k_sj`,`k_fax`,`k_yb`,`k_email`,`k_bz`,`片区`,`营销员`,`k_dzbq` FROM `k` ORDER BY k_m desc,k_id desc LIMIT 0,15   [ RunTime:0.0017s ]
INFO: [ view_parse ] --START--
INFO: [ template_filter ] --START--
INFO: Run Behavior\ContentReplaceBehavior [ RunTime:0.000225s ]
INFO: [ template_filter ] --END-- [ RunTime:0.000303s ]
INFO: Run Behavior\ParseTemplateBehavior [ RunTime:0.032731s ]
INFO: [ view_parse ] --END-- [ RunTime:0.032813s ]
INFO: [ view_filter ] --START--
INFO: Run Behavior\WriteHtmlCacheBehavior [ RunTime:0.000365s ]
INFO: [ view_filter ] --END-- [ RunTime:0.000420s ]
INFO: [ app_end ] --START--
INFO: Run Behavior\ShowPageTraceBehavior [ RunTime:0.000894s ]
INFO: [ app_end ] --END-- [ RunTime:0.001011s ]

[ 2018-04-22T00:47:41+08:00 ] ::1 /index.php/Home/Kh/khmx/k_id/335
INFO: [ app_init ] --START--
INFO: Run Behavior\BuildLiteBehavior [ RunTime:0.000016s ]
INFO: [ app_init ] --END-- [ RunTime:0.000507s ]
INFO: [ app_begin ] --START--
INFO: Run Behavior\ReadHtmlCacheBehavior [ RunTime:0.000577s ]
INFO: [ app_begin ] --END-- [ RunTime:0.000639s ]
SQL: SHOW COLUMNS FROM `k` [ RunTime:0.0119s ]
SQL: SELECT * FROM `k` WHERE ( k_id=335 )  [ RunTime:0.0007s ]
INFO: [ view_parse ] --START--
INFO: [ template_filter ] --START--
INFO: Run Behavior\ContentReplaceBehavior [ RunTime:0.000244s ]
INFO: [ template_filter ] --END-- [ RunTime:0.000328s ]
NOTIC: [8] Undefined index: k_shm D:\xampp\htdocs\Application\Runtime\Cache\Home\a676da6858ca4c2be134c84274e7c1eb.php 第 290 行.
NOTIC: [8] Undefined variable: page D:\xampp\htdocs\Application\Runtime\Cache\Home\a676da6858ca4c2be134c84274e7c1eb.php 第 375 行.
NOTIC: [8] Undefined variable: page D:\xampp\htdocs\Application\Runtime\Cache\Home\a676da6858ca4c2be134c84274e7c1eb.php 第 378 行.
INFO: Run Behavior\ParseTemplateBehavior [ RunTime:0.032790s ]
INFO: [ view_parse ] --END-- [ RunTime:0.032890s ]
INFO: [ view_filter ] --START--
INFO: Run Behavior\WriteHtmlCacheBehavior [ RunTime:0.000489s ]
INFO: [ view_filter ] --END-- [ RunTime:0.000544s ]
INFO: [ app_end ] --START--
INFO: Run Behavior\ShowPageTraceBehavior [ RunTime:0.000835s ]
INFO: [ app_end ] --END-- [ RunTime:0.000919s ]

[ 2018-04-22T00:47:45+08:00 ] ::1 /index.php/Home/Jg/index.html
INFO: [ app_init ] --START--
INFO: Run Behavior\BuildLiteBehavior [ RunTime:0.000013s ]
INFO: [ app_init ] --END-- [ RunTime:0.000318s ]
INFO: [ app_begin ] --START--
INFO: Run Behavior\ReadHtmlCacheBehavior [ RunTime:0.000408s ]
INFO: [ app_begin ] --END-- [ RunTime:0.000460s ]
SQL: SHOW COLUMNS FROM `jg` [ RunTime:0.0075s ]
SQL: SELECT COUNT(*) AS tp_count FROM `jg` LIMIT 1   [ RunTime:0.0011s ]
SQL: SELECT `id`,`riq`,`gold`,`silver`,`silver1`,`pd`,`ru`,`pt`,`rh`,`yr`,`jcpd`,`jcpt` FROM `jg` ORDER BY riq desc LIMIT 0,15   [ RunTime:0.0013s ]
INFO: [ view_parse ] --START--
INFO: [ template_filter ] --START--
INFO: Run Behavior\ContentReplaceBehavior [ RunTime:0.000089s ]
INFO: [ template_filter ] --END-- [ RunTime:0.000140s ]
INFO: Run Behavior\ParseTemplateBehavior [ RunTime:0.011245s ]
INFO: [ view_parse ] --END-- [ RunTime:0.011307s ]
INFO: [ view_filter ] --START--
INFO: Run Behavior\WriteHtmlCacheBehavior [ RunTime:0.000264s ]
INFO: [ view_filter ] --END-- [ RunTime:0.000308s ]
INFO: [ app_end ] --START--
INFO: Run Behavior\ShowPageTraceBehavior [ RunTime:0.000468s ]
INFO: [ app_end ] --END-- [ RunTime:0.000517s ]

[ 2018-04-22T00:47:48+08:00 ] ::1 /index.php/Home/Kh/index.html
INFO: [ app_init ] --START--
INFO: Run Behavior\BuildLiteBehavior [ RunTime:0.000017s ]
INFO: [ app_init ] --END-- [ RunTime:0.000450s ]
INFO: [ app_begin ] --START--
INFO: Run Behavior\ReadHtmlCacheBehavior [ RunTime:0.000567s ]
INFO: [ app_begin ] --END-- [ RunTime:0.000639s ]
SQL: SHOW COLUMNS FROM `k` [ RunTime:0.0091s ]
SQL: SELECT COUNT(*) AS tp_count FROM `k` LIMIT 1   [ RunTime:0.0006s ]
SQL: SELECT `k_id`,`k_m`,`k_hkfs`,`k_shdq`,`k_zdate`,`k_shm`,`k_shdz`,`k_lxr`,`k_hy`,`k_tel`,`k_sj`,`k_fax`,`k_yb`,`k_email`,`k_bz`,`片区`,`营销员`,`k_dzbq` FROM `k` ORDER BY k_m desc,k_id desc LIMIT 0,15   [ RunTime:0.0018s ]
INFO: [ view_parse ] --START--
INFO: [ template_filter ] --START--
INFO: Run Behavior\ContentReplaceBehavior [ RunTime:0.000243s ]
INFO: [ template_filter ] --END-- [ RunTime:0.000326s ]
INFO: Run Behavior\ParseTemplateBehavior [ RunTime:0.020185s ]
INFO: [ view_parse ] --END-- [ RunTime:0.020274s ]
INFO: [ view_filter ] --START--
INFO: Run Behavior\WriteHtmlCacheBehavior [ RunTime:0.000368s ]
INFO: [ view_filter ] --END-- [ RunTime:0.000430s ]
INFO: [ app_end ] --START--
INFO: Run Behavior\ShowPageTraceBehavior [ RunTime:0.000729s ]
INFO: [ app_end ] --END-- [ RunTime:0.000831s ]

[ 2018-04-22T00:47:50+08:00 ] ::1 /index.php/Home/Kh/khedit.html
INFO: [ app_init ] --START--
INFO: Run Behavior\BuildLiteBehavior [ RunTime:0.000023s ]
INFO: [ app_init ] --END-- [ RunTime:0.000582s ]
INFO: [ app_begin ] --START--
INFO: Run Behavior\ReadHtmlCacheBehavior [ RunTime:0.000685s ]
INFO: [ app_begin ] --END-- [ RunTime:0.000772s ]
SQL: SHOW COLUMNS FROM `k` [ RunTime:0.0126s ]
SQL: SELECT COUNT(*) AS tp_count FROM `k` LIMIT 1   [ RunTime:0.0010s ]
SQL: SELECT `k_id`,`k_m`,`k_hkfs`,`k_shdq`,`k_zdate`,`k_shm`,`k_shdz`,`k_lxr`,`k_hy`,`k_tel`,`k_sj`,`k_fax`,`k_yb`,`k_email`,`k_bz`,`片区`,`营销员`,`k_dzbq` FROM `k` ORDER BY k_m desc,k_id desc LIMIT 0,15   [ RunTime:0.0032s ]
INFO: [ view_parse ] --START--
INFO: [ template_filter ] --START--
INFO: Run Behavior\ContentReplaceBehavior [ RunTime:0.000430s ]
INFO: [ template_filter ] --END-- [ RunTime:0.000567s ]
INFO: Run Behavior\ParseTemplateBehavior [ RunTime:0.048557s ]
INFO: [ view_parse ] --END-- [ RunTime:0.048695s ]
INFO: [ view_filter ] --START--
INFO: Run Behavior\WriteHtmlCacheBehavior [ RunTime:0.000602s ]
INFO: [ view_filter ] --END-- [ RunTime:0.000706s ]
INFO: [ app_end ] --START--
INFO: Run Behavior\ShowPageTraceBehavior [ RunTime:0.001215s ]
INFO: [ app_end ] --END-- [ RunTime:0.001362s ]

[ 2018-04-22T00:47:56+08:00 ] ::1 /index.php/Home/Jg/index.html
INFO: [ app_init ] --START--
INFO: Run Behavior\BuildLiteBehavior [ RunTime:0.000014s ]
INFO: [ app_init ] --END-- [ RunTime:0.000348s ]
INFO: [ app_begin ] --START--
INFO: Run Behavior\ReadHtmlCacheBehavior [ RunTime:0.000522s ]
INFO: [ app_begin ] --END-- [ RunTime:0.000590s ]
SQL: SHOW COLUMNS FROM `jg` [ RunTime:0.0073s ]
SQL: SELECT COUNT(*) AS tp_count FROM `jg` LIMIT 1   [ RunTime:0.0007s ]
SQL: SELECT `id`,`riq`,`gold`,`silver`,`silver1`,`pd`,`ru`,`pt`,`rh`,`yr`,`jcpd`,`jcpt` FROM `jg` ORDER BY riq desc LIMIT 0,15   [ RunTime:0.0011s ]
INFO: [ view_parse ] --START--
INFO: [ template_filter ] --START--
INFO: Run Behavior\ContentReplaceBehavior [ RunTime:0.000088s ]
INFO: [ template_filter ] --END-- [ RunTime:0.000135s ]
INFO: Run Behavior\ParseTemplateBehavior [ RunTime:0.010935s ]
INFO: [ view_parse ] --END-- [ RunTime:0.010989s ]
INFO: [ view_filter ] --START--
INFO: Run Behavior\WriteHtmlCacheBehavior [ RunTime:0.000237s ]
INFO: [ view_filter ] --END-- [ RunTime:0.000276s ]
INFO: [ app_end ] --START--
INFO: Run Behavior\ShowPageTraceBehavior [ RunTime:0.000662s ]
INFO: [ app_end ] --END-- [ RunTime:0.000731s ]

[ 2018-04-22T00:48:00+08:00 ] ::1 /index.php/Home/Jg/indexedit.html
INFO: [ app_init ] --START--
INFO: Run Behavior\BuildLiteBehavior [ RunTime:0.000020s ]
INFO: [ app_init ] --END-- [ RunTime:0.000511s ]
INFO: [ app_begin ] --START--
INFO: Run Behavior\ReadHtmlCacheBehavior [ RunTime:0.001164s ]
INFO: [ app_begin ] --END-- [ RunTime:0.001284s ]
SQL: SHOW COLUMNS FROM `jg` [ RunTime:0.0118s ]
SQL: SELECT COUNT(*) AS tp_count FROM `jg` LIMIT 1   [ RunTime:0.0020s ]
SQL: SELECT `id`,`riq`,`gold`,`silver`,`silver1`,`pd`,`ru`,`pt`,`rh`,`yr`,`jcpd`,`jcpt` FROM `jg` ORDER BY riq desc LIMIT 0,15   [ RunTime:0.0028s ]
INFO: [ view_parse ] --START--
INFO: [ template_filter ] --START--
INFO: Run Behavior\ContentReplaceBehavior [ RunTime:0.000263s ]
INFO: [ template_filter ] --END-- [ RunTime:0.000381s ]
INFO: Run Behavior\ParseTemplateBehavior [ RunTime:0.029794s ]
INFO: [ view_parse ] --END-- [ RunTime:0.029889s ]
INFO: [ view_filter ] --START--
INFO: Run Behavior\WriteHtmlCacheBehavior [ RunTime:0.000466s ]
INFO: [ view_filter ] --END-- [ RunTime:0.000537s ]
INFO: [ app_end ] --START--
INFO: Run Behavior\ShowPageTraceBehavior [ RunTime:0.000812s ]
INFO: [ app_end ] --END-- [ RunTime:0.000914s ]

[ 2018-04-22T00:48:11+08:00 ] ::1 /index.php/Home/Jg/index.html
INFO: [ app_init ] --START--
INFO: Run Behavior\BuildLiteBehavior [ RunTime:0.000013s ]
INFO: [ app_init ] --END-- [ RunTime:0.000328s ]
INFO: [ app_begin ] --START--
INFO: Run Behavior\ReadHtmlCacheBehavior [ RunTime:0.000470s ]
INFO: [ app_begin ] --END-- [ RunTime:0.000532s ]
SQL: SHOW COLUMNS FROM `jg` [ RunTime:0.0076s ]
SQL: SELECT COUNT(*) AS tp_count FROM `jg` LIMIT 1   [ RunTime:0.0009s ]
SQL: SELECT `id`,`riq`,`gold`,`silver`,`silver1`,`pd`,`ru`,`pt`,`rh`,`yr`,`jcpd`,`jcpt` FROM `jg` ORDER BY riq desc LIMIT 0,15   [ RunTime:0.0012s ]
INFO: [ view_parse ] --START--
INFO: [ template_filter ] --START--
INFO: Run Behavior\ContentReplaceBehavior [ RunTime:0.000142s ]
INFO: [ template_filter ] --END-- [ RunTime:0.000202s ]
INFO: Run Behavior\ParseTemplateBehavior [ RunTime:0.012592s ]
INFO: [ view_parse ] --END-- [ RunTime:0.012675s ]
INFO: [ view_filter ] --START--
INFO: Run Behavior\WriteHtmlCacheBehavior [ RunTime:0.000546s ]
INFO: [ view_filter ] --END-- [ RunTime:0.000639s ]
INFO: [ app_end ] --START--
INFO: Run Behavior\ShowPageTraceBehavior [ RunTime:0.000608s ]
INFO: [ app_end ] --END-- [ RunTime:0.000668s ]

[ 2018-04-22T00:48:13+08:00 ] ::1 /index.php/Home/Jg/indexedit.html
INFO: [ app_init ] --START--
INFO: Run Behavior\BuildLiteBehavior [ RunTime:0.000016s ]
INFO: [ app_init ] --END-- [ RunTime:0.000388s ]
INFO: [ app_begin ] --START--
INFO: Run Behavior\ReadHtmlCacheBehavior [ RunTime:0.000447s ]
INFO: [ app_begin ] --END-- [ RunTime:0.000504s ]
SQL: SHOW COLUMNS FROM `jg` [ RunTime:0.0126s ]
SQL: SELECT COUNT(*) AS tp_count FROM `jg` LIMIT 1   [ RunTime:0.0017s ]
SQL: SELECT `id`,`riq`,`gold`,`silver`,`silver1`,`pd`,`ru`,`pt`,`rh`,`yr`,`jcpd`,`jcpt` FROM `jg` ORDER BY riq desc LIMIT 0,15   [ RunTime:0.0032s ]
INFO: [ view_parse ] --START--
INFO: [ template_filter ] --START--
INFO: Run Behavior\ContentReplaceBehavior [ RunTime:0.000325s ]
INFO: [ template_filter ] --END-- [ RunTime:0.000442s ]
INFO: Run Behavior\ParseTemplateBehavior [ RunTime:0.031821s ]
INFO: [ view_parse ] --END-- [ RunTime:0.031920s ]
INFO: [ view_filter ] --START--
INFO: Run Behavior\WriteHtmlCacheBehavior [ RunTime:0.000568s ]
INFO: [ view_filter ] --END-- [ RunTime:0.000660s ]
INFO: [ app_end ] --START--
INFO: Run Behavior\ShowPageTraceBehavior [ RunTime:0.001452s ]
INFO: [ app_end ] --END-- [ RunTime:0.001597s ]

[ 2018-04-22T00:48:44+08:00 ] ::1 /index.php/Home/Jg/index.html
INFO: [ app_init ] --START--
INFO: Run Behavior\BuildLiteBehavior [ RunTime:0.000016s ]
INFO: [ app_init ] --END-- [ RunTime:0.000345s ]
INFO: [ app_begin ] --START--
INFO: Run Behavior\ReadHtmlCacheBehavior [ RunTime:0.000526s ]
INFO: [ app_begin ] --END-- [ RunTime:0.000596s ]
SQL: SHOW COLUMNS FROM `jg` [ RunTime:0.0104s ]
SQL: SELECT COUNT(*) AS tp_count FROM `jg` LIMIT 1   [ RunTime:0.0011s ]
SQL: SELECT `id`,`riq`,`gold`,`silver`,`silver1`,`pd`,`ru`,`pt`,`rh`,`yr`,`jcpd`,`jcpt` FROM `jg` ORDER BY riq desc LIMIT 0,15   [ RunTime:0.0019s ]
INFO: [ view_parse ] --START--
INFO: [ template_filter ] --START--
INFO: Run Behavior\ContentReplaceBehavior [ RunTime:0.000150s ]
INFO: [ template_filter ] --END-- [ RunTime:0.000243s ]
INFO: Run Behavior\ParseTemplateBehavior [ RunTime:0.018286s ]
INFO: [ view_parse ] --END-- [ RunTime:0.018412s ]
INFO: [ view_filter ] --START--
INFO: Run Behavior\WriteHtmlCacheBehavior [ RunTime:0.000585s ]
INFO: [ view_filter ] --END-- [ RunTime:0.000680s ]
INFO: [ app_end ] --START--
INFO: Run Behavior\ShowPageTraceBehavior [ RunTime:0.001116s ]
INFO: [ app_end ] --END-- [ RunTime:0.001233s ]

[ 2018-04-22T00:48:47+08:00 ] ::1 /index.php/Home/Jg/indexedit.html
INFO: [ app_init ] --START--
INFO: Run Behavior\BuildLiteBehavior [ RunTime:0.000027s ]
INFO: [ app_init ] --END-- [ RunTime:0.000681s ]
INFO: [ app_begin ] --START--
INFO: Run Behavior\ReadHtmlCacheBehavior [ RunTime:0.000824s ]
INFO: [ app_begin ] --END-- [ RunTime:0.000929s ]
SQL: SHOW COLUMNS FROM `jg` [ RunTime:0.0120s ]
SQL: SELECT COUNT(*) AS tp_count FROM `jg` LIMIT 1   [ RunTime:0.0018s ]
SQL: SELECT `id`,`riq`,`gold`,`silver`,`silver1`,`pd`,`ru`,`pt`,`rh`,`yr`,`jcpd`,`jcpt` FROM `jg` ORDER BY riq desc LIMIT 0,15   [ RunTime:0.0037s ]
INFO: [ view_parse ] --START--
INFO: [ template_filter ] --START--
INFO: Run Behavior\ContentReplaceBehavior [ RunTime:0.000428s ]
INFO: [ template_filter ] --END-- [ RunTime:0.000585s ]
INFO: Run Behavior\ParseTemplateBehavior [ RunTime:0.034477s ]
INFO: [ view_parse ] --END-- [ RunTime:0.034617s ]
INFO: [ view_filter ] --START--
INFO: Run Behavior\WriteHtmlCacheBehavior [ RunTime:0.000501s ]
INFO: [ view_filter ] --END-- [ RunTime:0.000588s ]
INFO: [ app_end ] --START--
INFO: Run Behavior\ShowPageTraceBehavior [ RunTime:0.001331s ]
INFO: [ app_end ] --END-- [ RunTime:0.001494s ]

[ 2018-04-22T00:49:14+08:00 ] ::1 /index.php/Home/Jg/index.html
INFO: [ app_init ] --START--
INFO: Run Behavior\BuildLiteBehavior [ RunTime:0.000023s ]
INFO: [ app_init ] --END-- [ RunTime:0.000515s ]
INFO: [ app_begin ] --START--
INFO: Run Behavior\ReadHtmlCacheBehavior [ RunTime:0.000566s ]
INFO: [ app_begin ] --END-- [ RunTime:0.000641s ]
SQL: SHOW COLUMNS FROM `jg` [ RunTime:0.0097s ]
SQL: SELECT COUNT(*) AS tp_count FROM `jg` LIMIT 1   [ RunTime:0.0017s ]
SQL: SELECT `id`,`riq`,`gold`,`silver`,`silver1`,`pd`,`ru`,`pt`,`rh`,`yr`,`jcpd`,`jcpt` FROM `jg` ORDER BY riq desc LIMIT 0,15   [ RunTime:0.0019s ]
INFO: [ view_parse ] --START--
INFO: [ template_filter ] --START--
INFO: Run Behavior\ContentReplaceBehavior [ RunTime:0.000143s ]
INFO: [ template_filter ] --END-- [ RunTime:0.000228s ]
INFO: Run Behavior\ParseTemplateBehavior [ RunTime:0.021766s ]
INFO: [ view_parse ] --END-- [ RunTime:0.021862s ]
INFO: [ view_filter ] --START--
INFO: Run Behavior\WriteHtmlCacheBehavior [ RunTime:0.000371s ]
INFO: [ view_filter ] --END-- [ RunTime:0.000429s ]
INFO: [ app_end ] --START--
INFO: Run Behavior\ShowPageTraceBehavior [ RunTime:0.001285s ]
INFO: [ app_end ] --END-- [ RunTime:0.001396s ]

[ 2018-04-22T00:49:18+08:00 ] ::1 /index.php/Home/Kh/index.html
INFO: [ app_init ] --START--
INFO: Run Behavior\BuildLiteBehavior [ RunTime:0.000014s ]
INFO: [ app_init ] --END-- [ RunTime:0.000333s ]
INFO: [ app_begin ] --START--
INFO: Run Behavior\ReadHtmlCacheBehavior [ RunTime:0.000424s ]
INFO: [ app_begin ] --END-- [ RunTime:0.000479s ]
SQL: SHOW COLUMNS FROM `k` [ RunTime:0.0120s ]
SQL: SELECT COUNT(*) AS tp_count FROM `k` LIMIT 1   [ RunTime:0.0009s ]
SQL: SELECT `k_id`,`k_m`,`k_hkfs`,`k_shdq`,`k_zdate`,`k_shm`,`k_shdz`,`k_lxr`,`k_hy`,`k_tel`,`k_sj`,`k_fax`,`k_yb`,`k_email`,`k_bz`,`片区`,`营销员`,`k_dzbq` FROM `k` ORDER BY k_m desc,k_id desc LIMIT 0,15   [ RunTime:0.0025s ]
INFO: [ view_parse ] --START--
INFO: [ template_filter ] --START--
INFO: Run Behavior\ContentReplaceBehavior [ RunTime:0.000322s ]
INFO: [ template_filter ] --END-- [ RunTime:0.000434s ]
INFO: Run Behavior\ParseTemplateBehavior [ RunTime:0.027786s ]
INFO: [ view_parse ] --END-- [ RunTime:0.027894s ]
INFO: [ view_filter ] --START--
INFO: Run Behavior\WriteHtmlCacheBehavior [ RunTime:0.000563s ]
INFO: [ view_filter ] --END-- [ RunTime:0.000655s ]
INFO: [ app_end ] --START--
INFO: Run Behavior\ShowPageTraceBehavior [ RunTime:0.000919s ]
INFO: [ app_end ] --END-- [ RunTime:0.001025s ]

