[ 2018-05-27T12:20:43+08:00 ] ::1 /index.php/home/xg
INFO: [ app_init ] --START--
INFO: Run Behavior\BuildLiteBehavior [ RunTime:0.000018s ]
INFO: [ app_init ] --END-- [ RunTime:0.005230s ]
INFO: [ app_begin ] --START--
INFO: Run Behavior\ReadHtmlCacheBehavior [ RunTime:0.001642s ]
INFO: [ app_begin ] --END-- [ RunTime:0.001810s ]
SQL: SHOW COLUMNS FROM `k` [ RunTime:0.0385s ]
SQL: SELECT COUNT(*) AS tp_count FROM `k` LIMIT 1   [ RunTime:0.0023s ]
SQL: SELECT `k_id`,`k_m`,`k_hkfs`,`k_shdq`,`k_zdate`,`k_shm`,`k_shdz`,`k_lxr`,`k_hy`,`k_tel`,`k_sj`,`k_fax`,`k_yb`,`k_email`,`k_bz`,`片区`,`营销员`,`k_dzbq` FROM `k` ORDER BY k_id desc LIMIT 0,13   [ RunTime:0.0009s ]
INFO: [ view_parse ] --START--
INFO: [ template_filter ] --START--
INFO: Run Behavior\ContentReplaceBehavior [ RunTime:0.004697s ]
INFO: [ template_filter ] --END-- [ RunTime:0.004793s ]
INFO: Run Behavior\ParseTemplateBehavior [ RunTime:0.083066s ]
INFO: [ view_parse ] --END-- [ RunTime:0.083164s ]
INFO: [ view_filter ] --START--
INFO: Run Behavior\WriteHtmlCacheBehavior [ RunTime:0.005538s ]
INFO: [ view_filter ] --END-- [ RunTime:0.005615s ]
INFO: [ app_end ] --START--
INFO: Run Behavior\ShowPageTraceBehavior [ RunTime:0.013227s ]
INFO: [ app_end ] --END-- [ RunTime:0.013326s ]

[ 2018-05-27T12:20:45+08:00 ] ::1 /index.php/Home/Index/show.html
INFO: [ app_init ] --START--
INFO: Run Behavior\BuildLiteBehavior [ RunTime:0.000018s ]
INFO: [ app_init ] --END-- [ RunTime:0.000450s ]
INFO: [ app_begin ] --START--
INFO: Run Behavior\ReadHtmlCacheBehavior [ RunTime:0.000764s ]
INFO: [ app_begin ] --END-- [ RunTime:0.000856s ]
NOTIC: [2048] Declaration of Home\Controller\IndexController::show() should be compatible with Think\Controller::show($content, $charset = '', $contentType = '', $prefix = '') D:\xampp\htdocs\Application\Home\Controller\IndexController.class.php 第 153 行.
SQL: SHOW COLUMNS FROM `jg` [ RunTime:0.0231s ]
SQL: SELECT COUNT(*) AS tp_count FROM `jg` LIMIT 1   [ RunTime:0.0278s ]
SQL: SELECT `id`,`riq`,`gold`,`silver`,`silver1`,`pd`,`ru`,`pt`,`rh`,`yr`,`jcpd`,`jcpt` FROM `jg` ORDER BY riq desc LIMIT 0,14   [ RunTime:0.0011s ]
INFO: [ view_parse ] --START--
INFO: [ template_filter ] --START--
INFO: Run Behavior\ContentReplaceBehavior [ RunTime:0.000046s ]
INFO: [ template_filter ] --END-- [ RunTime:0.000098s ]
NOTIC: [8] Undefined variable: row D:\xampp\htdocs\Application\Runtime\Cache\Home\ef90aeb0d15d5181851dc046c9941189.php 第 74 行.
NOTIC: [8] Trying to get property of non-object D:\xampp\htdocs\Application\Runtime\Cache\Home\ef90aeb0d15d5181851dc046c9941189.php 第 74 行.
NOTIC: [8] Undefined variable: row D:\xampp\htdocs\Application\Runtime\Cache\Home\ef90aeb0d15d5181851dc046c9941189.php 第 74 行.
NOTIC: [8] Trying to get property of non-object D:\xampp\htdocs\Application\Runtime\Cache\Home\ef90aeb0d15d5181851dc046c9941189.php 第 74 行.
NOTIC: [8] Undefined variable: row D:\xampp\htdocs\Application\Runtime\Cache\Home\ef90aeb0d15d5181851dc046c9941189.php 第 74 行.
NOTIC: [8] Trying to get property of non-object D:\xampp\htdocs\Application\Runtime\Cache\Home\ef90aeb0d15d5181851dc046c9941189.php 第 74 行.
NOTIC: [8] Undefined variable: row D:\xampp\htdocs\Application\Runtime\Cache\Home\ef90aeb0d15d5181851dc046c9941189.php 第 74 行.
NOTIC: [8] Trying to get property of non-object D:\xampp\htdocs\Application\Runtime\Cache\Home\ef90aeb0d15d5181851dc046c9941189.php 第 74 行.
NOTIC: [8] Undefined variable: row D:\xampp\htdocs\Application\Runtime\Cache\Home\ef90aeb0d15d5181851dc046c9941189.php 第 74 行.
NOTIC: [8] Trying to get property of non-object D:\xampp\htdocs\Application\Runtime\Cache\Home\ef90aeb0d15d5181851dc046c9941189.php 第 74 行.
NOTIC: [8] Undefined variable: row D:\xampp\htdocs\Application\Runtime\Cache\Home\ef90aeb0d15d5181851dc046c9941189.php 第 74 行.
NOTIC: [8] Trying to get property of non-object D:\xampp\htdocs\Application\Runtime\Cache\Home\ef90aeb0d15d5181851dc046c9941189.php 第 74 行.
NOTIC: [8] Undefined variable: row D:\xampp\htdocs\Application\Runtime\Cache\Home\ef90aeb0d15d5181851dc046c9941189.php 第 74 行.
NOTIC: [8] Trying to get property of non-object D:\xampp\htdocs\Application\Runtime\Cache\Home\ef90aeb0d15d5181851dc046c9941189.php 第 74 行.
NOTIC: [8] Undefined variable: row D:\xampp\htdocs\Application\Runtime\Cache\Home\ef90aeb0d15d5181851dc046c9941189.php 第 74 行.
NOTIC: [8] Trying to get property of non-object D:\xampp\htdocs\Application\Runtime\Cache\Home\ef90aeb0d15d5181851dc046c9941189.php 第 74 行.
NOTIC: [8] Undefined variable: row D:\xampp\htdocs\Application\Runtime\Cache\Home\ef90aeb0d15d5181851dc046c9941189.php 第 74 行.
NOTIC: [8] Trying to get property of non-object D:\xampp\htdocs\Application\Runtime\Cache\Home\ef90aeb0d15d5181851dc046c9941189.php 第 74 行.
NOTIC: [8] Undefined variable: row D:\xampp\htdocs\Application\Runtime\Cache\Home\ef90aeb0d15d5181851dc046c9941189.php 第 74 行.
NOTIC: [8] Trying to get property of non-object D:\xampp\htdocs\Application\Runtime\Cache\Home\ef90aeb0d15d5181851dc046c9941189.php 第 74 行.
NOTIC: [8] Undefined variable: row D:\xampp\htdocs\Application\Runtime\Cache\Home\ef90aeb0d15d5181851dc046c9941189.php 第 74 行.
NOTIC: [8] Trying to get property of non-object D:\xampp\htdocs\Application\Runtime\Cache\Home\ef90aeb0d15d5181851dc046c9941189.php 第 74 行.
NOTIC: [8] Undefined variable: row D:\xampp\htdocs\Application\Runtime\Cache\Home\ef90aeb0d15d5181851dc046c9941189.php 第 74 行.
NOTIC: [8] Trying to get property of non-object D:\xampp\htdocs\Application\Runtime\Cache\Home\ef90aeb0d15d5181851dc046c9941189.php 第 74 行.
NOTIC: [8] Undefined variable: row D:\xampp\htdocs\Application\Runtime\Cache\Home\ef90aeb0d15d5181851dc046c9941189.php 第 74 行.
NOTIC: [8] Trying to get property of non-object D:\xampp\htdocs\Application\Runtime\Cache\Home\ef90aeb0d15d5181851dc046c9941189.php 第 74 行.
NOTIC: [8] Undefined variable: row D:\xampp\htdocs\Application\Runtime\Cache\Home\ef90aeb0d15d5181851dc046c9941189.php 第 74 行.
NOTIC: [8] Trying to get property of non-object D:\xampp\htdocs\Application\Runtime\Cache\Home\ef90aeb0d15d5181851dc046c9941189.php 第 74 行.
NOTIC: [8] Undefined variable: row D:\xampp\htdocs\Application\Runtime\Cache\Home\ef90aeb0d15d5181851dc046c9941189.php 第 74 行.
NOTIC: [8] Trying to get property of non-object D:\xampp\htdocs\Application\Runtime\Cache\Home\ef90aeb0d15d5181851dc046c9941189.php 第 74 行.
NOTIC: [8] Undefined variable: row D:\xampp\htdocs\Application\Runtime\Cache\Home\ef90aeb0d15d5181851dc046c9941189.php 第 74 行.
NOTIC: [8] Trying to get property of non-object D:\xampp\htdocs\Application\Runtime\Cache\Home\ef90aeb0d15d5181851dc046c9941189.php 第 74 行.
NOTIC: [8] Undefined variable: row D:\xampp\htdocs\Application\Runtime\Cache\Home\ef90aeb0d15d5181851dc046c9941189.php 第 74 行.
NOTIC: [8] Trying to get property of non-object D:\xampp\htdocs\Application\Runtime\Cache\Home\ef90aeb0d15d5181851dc046c9941189.php 第 74 行.
NOTIC: [8] Undefined variable: row D:\xampp\htdocs\Application\Runtime\Cache\Home\ef90aeb0d15d5181851dc046c9941189.php 第 74 行.
NOTIC: [8] Trying to get property of non-object D:\xampp\htdocs\Application\Runtime\Cache\Home\ef90aeb0d15d5181851dc046c9941189.php 第 74 行.
NOTIC: [8] Undefined variable: row D:\xampp\htdocs\Application\Runtime\Cache\Home\ef90aeb0d15d5181851dc046c9941189.php 第 74 行.
NOTIC: [8] Trying to get property of non-object D:\xampp\htdocs\Application\Runtime\Cache\Home\ef90aeb0d15d5181851dc046c9941189.php 第 74 行.
NOTIC: [8] Undefined variable: row D:\xampp\htdocs\Application\Runtime\Cache\Home\ef90aeb0d15d5181851dc046c9941189.php 第 74 行.
NOTIC: [8] Trying to get property of non-object D:\xampp\htdocs\Application\Runtime\Cache\Home\ef90aeb0d15d5181851dc046c9941189.php 第 74 行.
NOTIC: [8] Undefined variable: row D:\xampp\htdocs\Application\Runtime\Cache\Home\ef90aeb0d15d5181851dc046c9941189.php 第 74 行.
NOTIC: [8] Trying to get property of non-object D:\xampp\htdocs\Application\Runtime\Cache\Home\ef90aeb0d15d5181851dc046c9941189.php 第 74 行.
NOTIC: [8] Undefined variable: row D:\xampp\htdocs\Application\Runtime\Cache\Home\ef90aeb0d15d5181851dc046c9941189.php 第 74 行.
NOTIC: [8] Trying to get property of non-object D:\xampp\htdocs\Application\Runtime\Cache\Home\ef90aeb0d15d5181851dc046c9941189.php 第 74 行.
NOTIC: [8] Undefined variable: row D:\xampp\htdocs\Application\Runtime\Cache\Home\ef90aeb0d15d5181851dc046c9941189.php 第 74 行.
NOTIC: [8] Trying to get property of non-object D:\xampp\htdocs\Application\Runtime\Cache\Home\ef90aeb0d15d5181851dc046c9941189.php 第 74 行.
NOTIC: [8] Undefined variable: row D:\xampp\htdocs\Application\Runtime\Cache\Home\ef90aeb0d15d5181851dc046c9941189.php 第 74 行.
NOTIC: [8] Trying to get property of non-object D:\xampp\htdocs\Application\Runtime\Cache\Home\ef90aeb0d15d5181851dc046c9941189.php 第 74 行.
NOTIC: [8] Undefined variable: row D:\xampp\htdocs\Application\Runtime\Cache\Home\ef90aeb0d15d5181851dc046c9941189.php 第 74 行.
NOTIC: [8] Trying to get property of non-object D:\xampp\htdocs\Application\Runtime\Cache\Home\ef90aeb0d15d5181851dc046c9941189.php 第 74 行.
NOTIC: [8] Undefined variable: row D:\xampp\htdocs\Application\Runtime\Cache\Home\ef90aeb0d15d5181851dc046c9941189.php 第 74 行.
NOTIC: [8] Trying to get property of non-object D:\xampp\htdocs\Application\Runtime\Cache\Home\ef90aeb0d15d5181851dc046c9941189.php 第 74 行.
NOTIC: [8] Undefined variable: row D:\xampp\htdocs\Application\Runtime\Cache\Home\ef90aeb0d15d5181851dc046c9941189.php 第 74 行.
NOTIC: [8] Trying to get property of non-object D:\xampp\htdocs\Application\Runtime\Cache\Home\ef90aeb0d15d5181851dc046c9941189.php 第 74 行.
NOTIC: [8] Undefined variable: row D:\xampp\htdocs\Application\Runtime\Cache\Home\ef90aeb0d15d5181851dc046c9941189.php 第 74 行.
NOTIC: [8] Trying to get property of non-object D:\xampp\htdocs\Application\Runtime\Cache\Home\ef90aeb0d15d5181851dc046c9941189.php 第 74 行.
INFO: Run Behavior\ParseTemplateBehavior [ RunTime:0.013088s ]
INFO: [ view_parse ] --END-- [ RunTime:0.013180s ]
INFO: [ view_filter ] --START--
INFO: Run Behavior\WriteHtmlCacheBehavior [ RunTime:0.000401s ]
INFO: [ view_filter ] --END-- [ RunTime:0.000461s ]
INFO: [ app_end ] --START--
INFO: Run Behavior\ShowPageTraceBehavior [ RunTime:0.000706s ]
INFO: [ app_end ] --END-- [ RunTime:0.000788s ]

[ 2018-05-27T12:29:38+08:00 ] ::1 /index.php/Home/kh
INFO: [ app_init ] --START--
INFO: Run Behavior\BuildLiteBehavior [ RunTime:0.000017s ]
INFO: [ app_init ] --END-- [ RunTime:0.000460s ]
INFO: [ app_begin ] --START--
INFO: Run Behavior\ReadHtmlCacheBehavior [ RunTime:0.000673s ]
INFO: [ app_begin ] --END-- [ RunTime:0.000752s ]
SQL: SHOW COLUMNS FROM `k` [ RunTime:0.0076s ]
SQL: SELECT COUNT(*) AS tp_count FROM `k` LIMIT 1   [ RunTime:0.0006s ]
SQL: SELECT `k_id`,`k_m`,`k_hkfs`,`k_shdq`,`k_zdate`,`k_shm`,`k_shdz`,`k_lxr`,`k_hy`,`k_tel`,`k_sj`,`k_fax`,`k_yb`,`k_email`,`k_bz`,`片区`,`营销员`,`k_dzbq` FROM `k` ORDER BY k_m desc,k_id desc LIMIT 0,15   [ RunTime:0.0016s ]
INFO: [ view_parse ] --START--
INFO: [ template_filter ] --START--
INFO: Run Behavior\ContentReplaceBehavior [ RunTime:0.000206s ]
INFO: [ template_filter ] --END-- [ RunTime:0.000293s ]
INFO: Run Behavior\ParseTemplateBehavior [ RunTime:0.027212s ]
INFO: [ view_parse ] --END-- [ RunTime:0.027303s ]
INFO: [ view_filter ] --START--
INFO: Run Behavior\WriteHtmlCacheBehavior [ RunTime:0.000586s ]
INFO: [ view_filter ] --END-- [ RunTime:0.000655s ]
INFO: [ app_end ] --START--
INFO: Run Behavior\ShowPageTraceBehavior [ RunTime:0.001015s ]
INFO: [ app_end ] --END-- [ RunTime:0.001126s ]

