[ 2018-04-20T23:45:39+08:00 ] ::1 /index.php/home/xg
INFO: [ app_init ] --START--
INFO: Run Behavior\BuildLiteBehavior [ RunTime:0.000021s ]
INFO: [ app_init ] --END-- [ RunTime:0.018510s ]
INFO: [ app_begin ] --START--
INFO: Run Behavior\ReadHtmlCacheBehavior [ RunTime:0.010461s ]
INFO: [ app_begin ] --END-- [ RunTime:0.010551s ]
SQL: SHOW COLUMNS FROM `k` [ RunTime:0.0518s ]
SQL: SELECT COUNT(*) AS tp_count FROM `k` LIMIT 1   [ RunTime:0.0018s ]
SQL: SELECT `k_id`,`k_m`,`k_hkfs`,`k_shdq`,`k_zdate`,`k_shm`,`k_shdz`,`k_lxr`,`k_hy`,`k_tel`,`k_sj`,`k_fax`,`k_yb`,`k_email`,`k_bz`,`片区`,`营销员`,`k_dzbq` FROM `k` ORDER BY k_id desc LIMIT 0,13   [ RunTime:0.0006s ]
INFO: [ view_parse ] --START--
INFO: [ template_filter ] --START--
INFO: Run Behavior\ContentReplaceBehavior [ RunTime:0.000147s ]
INFO: [ template_filter ] --END-- [ RunTime:0.000199s ]
INFO: Run Behavior\ParseTemplateBehavior [ RunTime:0.063176s ]
INFO: [ view_parse ] --END-- [ RunTime:0.063252s ]
INFO: [ view_filter ] --START--
INFO: Run Behavior\WriteHtmlCacheBehavior [ RunTime:0.023698s ]
INFO: [ view_filter ] --END-- [ RunTime:0.023769s ]
INFO: [ app_end ] --START--
INFO: Run Behavior\ShowPageTraceBehavior [ RunTime:0.005767s ]
INFO: [ app_end ] --END-- [ RunTime:0.005862s ]

[ 2018-04-20T23:45:43+08:00 ] ::1 /index.php/Home/Xg/index.html
INFO: [ app_init ] --START--
INFO: Run Behavior\BuildLiteBehavior [ RunTime:0.000020s ]
INFO: [ app_init ] --END-- [ RunTime:0.000451s ]
INFO: [ app_begin ] --START--
INFO: Run Behavior\ReadHtmlCacheBehavior [ RunTime:0.000658s ]
INFO: [ app_begin ] --END-- [ RunTime:0.000747s ]
SQL: SHOW COLUMNS FROM `k` [ RunTime:0.0094s ]
SQL: SELECT COUNT(*) AS tp_count FROM `k` LIMIT 1   [ RunTime:0.0006s ]
SQL: SELECT `k_id`,`k_m`,`k_hkfs`,`k_shdq`,`k_zdate`,`k_shm`,`k_shdz`,`k_lxr`,`k_hy`,`k_tel`,`k_sj`,`k_fax`,`k_yb`,`k_email`,`k_bz`,`片区`,`营销员`,`k_dzbq` FROM `k` ORDER BY k_id desc LIMIT 0,13   [ RunTime:0.0006s ]
INFO: [ view_parse ] --START--
INFO: [ template_filter ] --START--
INFO: Run Behavior\ContentReplaceBehavior [ RunTime:0.000343s ]
INFO: [ template_filter ] --END-- [ RunTime:0.000504s ]
INFO: Run Behavior\ParseTemplateBehavior [ RunTime:0.016374s ]
INFO: [ view_parse ] --END-- [ RunTime:0.016457s ]
INFO: [ view_filter ] --START--
INFO: Run Behavior\WriteHtmlCacheBehavior [ RunTime:0.000520s ]
INFO: [ view_filter ] --END-- [ RunTime:0.000623s ]
INFO: [ app_end ] --START--
INFO: Run Behavior\ShowPageTraceBehavior [ RunTime:0.000631s ]
INFO: [ app_end ] --END-- [ RunTime:0.000711s ]

[ 2018-04-20T23:45:44+08:00 ] ::1 /index.php/Home/Jg/index.html
INFO: [ app_init ] --START--
INFO: Run Behavior\BuildLiteBehavior [ RunTime:0.000020s ]
INFO: [ app_init ] --END-- [ RunTime:0.000484s ]
INFO: [ app_begin ] --START--
INFO: Run Behavior\ReadHtmlCacheBehavior [ RunTime:0.000687s ]
INFO: [ app_begin ] --END-- [ RunTime:0.000776s ]
SQL: SHOW COLUMNS FROM `jg` [ RunTime:0.0238s ]
SQL: SELECT COUNT(*) AS tp_count FROM `jg` LIMIT 1   [ RunTime:0.0293s ]
SQL: SELECT `id`,`riq`,`gold`,`silver`,`silver1`,`pd`,`ru`,`pt`,`rh`,`yr`,`jcpd`,`jcpt` FROM `jg` ORDER BY riq desc LIMIT 0,13   [ RunTime:0.0014s ]
INFO: [ view_parse ] --START--
INFO: [ template_filter ] --START--
INFO: Run Behavior\ContentReplaceBehavior [ RunTime:0.000080s ]
INFO: [ template_filter ] --END-- [ RunTime:0.000133s ]
INFO: Run Behavior\ParseTemplateBehavior [ RunTime:0.036391s ]
INFO: [ view_parse ] --END-- [ RunTime:0.036466s ]
INFO: [ view_filter ] --START--
INFO: Run Behavior\WriteHtmlCacheBehavior [ RunTime:0.000366s ]
INFO: [ view_filter ] --END-- [ RunTime:0.000433s ]
INFO: [ app_end ] --START--
INFO: Run Behavior\ShowPageTraceBehavior [ RunTime:0.000689s ]
INFO: [ app_end ] --END-- [ RunTime:0.000784s ]

[ 2018-04-20T23:45:46+08:00 ] ::1 /index.php/Home/Kh/index.html
INFO: [ app_init ] --START--
INFO: Run Behavior\BuildLiteBehavior [ RunTime:0.000011s ]
INFO: [ app_init ] --END-- [ RunTime:0.000268s ]
INFO: [ app_begin ] --START--
INFO: Run Behavior\ReadHtmlCacheBehavior [ RunTime:0.000339s ]
INFO: [ app_begin ] --END-- [ RunTime:0.000382s ]
SQL: SHOW COLUMNS FROM `k` [ RunTime:0.0059s ]
SQL: SELECT COUNT(*) AS tp_count FROM `k` LIMIT 1   [ RunTime:0.0007s ]
SQL: SELECT `k_id`,`k_m`,`k_hkfs`,`k_shdq`,`k_zdate`,`k_shm`,`k_shdz`,`k_lxr`,`k_hy`,`k_tel`,`k_sj`,`k_fax`,`k_yb`,`k_email`,`k_bz`,`片区`,`营销员`,`k_dzbq` FROM `k` ORDER BY k_m desc,k_id desc LIMIT 0,13   [ RunTime:0.0016s ]
INFO: [ view_parse ] --START--
INFO: [ template_filter ] --START--
INFO: Run Behavior\ContentReplaceBehavior [ RunTime:0.000132s ]
INFO: [ template_filter ] --END-- [ RunTime:0.000178s ]
INFO: Run Behavior\ParseTemplateBehavior [ RunTime:0.022498s ]
INFO: [ view_parse ] --END-- [ RunTime:0.022559s ]
INFO: [ view_filter ] --START--
INFO: Run Behavior\WriteHtmlCacheBehavior [ RunTime:0.000215s ]
INFO: [ view_filter ] --END-- [ RunTime:0.000248s ]
INFO: [ app_end ] --START--
INFO: Run Behavior\ShowPageTraceBehavior [ RunTime:0.000531s ]
INFO: [ app_end ] --END-- [ RunTime:0.000608s ]

[ 2018-04-20T23:45:52+08:00 ] ::1 /index.php/Home/Kh/khmx/k_id/220
INFO: [ app_init ] --START--
INFO: Run Behavior\BuildLiteBehavior [ RunTime:0.000011s ]
INFO: [ app_init ] --END-- [ RunTime:0.000270s ]
INFO: [ app_begin ] --START--
INFO: Run Behavior\ReadHtmlCacheBehavior [ RunTime:0.000342s ]
INFO: [ app_begin ] --END-- [ RunTime:0.000385s ]
SQL: SHOW COLUMNS FROM `k` [ RunTime:0.0069s ]
SQL: SELECT * FROM `k` WHERE ( k_id=220 )  [ RunTime:0.0004s ]
INFO: [ view_parse ] --START--
INFO: [ template_filter ] --START--
INFO: Run Behavior\ContentReplaceBehavior [ RunTime:0.000142s ]
INFO: [ template_filter ] --END-- [ RunTime:0.000186s ]
NOTIC: [8] Undefined index: k_shm D:\xampp\htdocs\Application\Runtime\Cache\Home\a676da6858ca4c2be134c84274e7c1eb.php 第 291 行.
NOTIC: [8] Undefined variable: page D:\xampp\htdocs\Application\Runtime\Cache\Home\a676da6858ca4c2be134c84274e7c1eb.php 第 390 行.
NOTIC: [8] Undefined variable: page D:\xampp\htdocs\Application\Runtime\Cache\Home\a676da6858ca4c2be134c84274e7c1eb.php 第 393 行.
INFO: Run Behavior\ParseTemplateBehavior [ RunTime:0.014951s ]
INFO: [ view_parse ] --END-- [ RunTime:0.015012s ]
INFO: [ view_filter ] --START--
INFO: Run Behavior\WriteHtmlCacheBehavior [ RunTime:0.000286s ]
INFO: [ view_filter ] --END-- [ RunTime:0.000327s ]
INFO: [ app_end ] --START--
INFO: Run Behavior\ShowPageTraceBehavior [ RunTime:0.001103s ]
INFO: [ app_end ] --END-- [ RunTime:0.001238s ]

[ 2018-04-20T23:46:19+08:00 ] ::1 /index.php/Home/Kh/index.html
INFO: [ app_init ] --START--
INFO: Run Behavior\BuildLiteBehavior [ RunTime:0.000022s ]
INFO: [ app_init ] --END-- [ RunTime:0.000547s ]
INFO: [ app_begin ] --START--
INFO: Run Behavior\ReadHtmlCacheBehavior [ RunTime:0.000486s ]
INFO: [ app_begin ] --END-- [ RunTime:0.000553s ]
SQL: SHOW COLUMNS FROM `k` [ RunTime:0.0090s ]
SQL: SELECT COUNT(*) AS tp_count FROM `k` LIMIT 1   [ RunTime:0.0004s ]
SQL: SELECT `k_id`,`k_m`,`k_hkfs`,`k_shdq`,`k_zdate`,`k_shm`,`k_shdz`,`k_lxr`,`k_hy`,`k_tel`,`k_sj`,`k_fax`,`k_yb`,`k_email`,`k_bz`,`片区`,`营销员`,`k_dzbq` FROM `k` ORDER BY k_m desc,k_id desc LIMIT 0,13   [ RunTime:0.0013s ]
INFO: [ view_parse ] --START--
INFO: [ template_filter ] --START--
INFO: Run Behavior\ContentReplaceBehavior [ RunTime:0.000294s ]
INFO: [ template_filter ] --END-- [ RunTime:0.000390s ]
INFO: Run Behavior\ParseTemplateBehavior [ RunTime:0.019538s ]
INFO: [ view_parse ] --END-- [ RunTime:0.019635s ]
INFO: [ view_filter ] --START--
INFO: Run Behavior\WriteHtmlCacheBehavior [ RunTime:0.000480s ]
INFO: [ view_filter ] --END-- [ RunTime:0.000558s ]
INFO: [ app_end ] --START--
INFO: Run Behavior\ShowPageTraceBehavior [ RunTime:0.000662s ]
INFO: [ app_end ] --END-- [ RunTime:0.000753s ]

[ 2018-04-20T23:46:21+08:00 ] ::1 /index.php/Home/Kh/khedit.html
INFO: [ app_init ] --START--
INFO: Run Behavior\BuildLiteBehavior [ RunTime:0.000012s ]
INFO: [ app_init ] --END-- [ RunTime:0.000335s ]
INFO: [ app_begin ] --START--
INFO: Run Behavior\ReadHtmlCacheBehavior [ RunTime:0.000375s ]
INFO: [ app_begin ] --END-- [ RunTime:0.000422s ]
SQL: SHOW COLUMNS FROM `k` [ RunTime:0.0083s ]
SQL: SELECT COUNT(*) AS tp_count FROM `k` LIMIT 1   [ RunTime:0.0005s ]
SQL: SELECT `k_id`,`k_m`,`k_hkfs`,`k_shdq`,`k_zdate`,`k_shm`,`k_shdz`,`k_lxr`,`k_hy`,`k_tel`,`k_sj`,`k_fax`,`k_yb`,`k_email`,`k_bz`,`片区`,`营销员`,`k_dzbq` FROM `k` ORDER BY k_m desc,k_id desc LIMIT 0,13   [ RunTime:0.0012s ]
INFO: [ view_parse ] --START--
INFO: [ template_filter ] --START--
INFO: Run Behavior\ContentReplaceBehavior [ RunTime:0.000157s ]
INFO: [ template_filter ] --END-- [ RunTime:0.000206s ]
INFO: Run Behavior\ParseTemplateBehavior [ RunTime:0.064257s ]
INFO: [ view_parse ] --END-- [ RunTime:0.064313s ]
INFO: [ view_filter ] --START--
INFO: Run Behavior\WriteHtmlCacheBehavior [ RunTime:0.000205s ]
INFO: [ view_filter ] --END-- [ RunTime:0.000237s ]
INFO: [ app_end ] --START--
INFO: Run Behavior\ShowPageTraceBehavior [ RunTime:0.000479s ]
INFO: [ app_end ] --END-- [ RunTime:0.000532s ]

[ 2018-04-20T23:46:26+08:00 ] ::1 /index.php/Home/Kh/index.html
INFO: [ app_init ] --START--
INFO: Run Behavior\BuildLiteBehavior [ RunTime:0.000017s ]
INFO: [ app_init ] --END-- [ RunTime:0.000449s ]
INFO: [ app_begin ] --START--
INFO: Run Behavior\ReadHtmlCacheBehavior [ RunTime:0.000615s ]
INFO: [ app_begin ] --END-- [ RunTime:0.000738s ]
SQL: SHOW COLUMNS FROM `k` [ RunTime:0.0093s ]
SQL: SELECT COUNT(*) AS tp_count FROM `k` LIMIT 1   [ RunTime:0.0007s ]
SQL: SELECT `k_id`,`k_m`,`k_hkfs`,`k_shdq`,`k_zdate`,`k_shm`,`k_shdz`,`k_lxr`,`k_hy`,`k_tel`,`k_sj`,`k_fax`,`k_yb`,`k_email`,`k_bz`,`片区`,`营销员`,`k_dzbq` FROM `k` ORDER BY k_m desc,k_id desc LIMIT 0,13   [ RunTime:0.0018s ]
INFO: [ view_parse ] --START--
INFO: [ template_filter ] --START--
INFO: Run Behavior\ContentReplaceBehavior [ RunTime:0.000184s ]
INFO: [ template_filter ] --END-- [ RunTime:0.000252s ]
INFO: Run Behavior\ParseTemplateBehavior [ RunTime:0.014644s ]
INFO: [ view_parse ] --END-- [ RunTime:0.014815s ]
INFO: [ view_filter ] --START--
INFO: Run Behavior\WriteHtmlCacheBehavior [ RunTime:0.000404s ]
INFO: [ view_filter ] --END-- [ RunTime:0.000475s ]
INFO: [ app_end ] --START--
INFO: Run Behavior\ShowPageTraceBehavior [ RunTime:0.000958s ]
INFO: [ app_end ] --END-- [ RunTime:0.001069s ]

[ 2018-04-20T23:46:38+08:00 ] ::1 /index.php/Home/Kh/index/p/11.html
INFO: [ app_init ] --START--
INFO: Run Behavior\BuildLiteBehavior [ RunTime:0.000017s ]
INFO: [ app_init ] --END-- [ RunTime:0.000494s ]
INFO: [ app_begin ] --START--
INFO: Run Behavior\ReadHtmlCacheBehavior [ RunTime:0.000465s ]
INFO: [ app_begin ] --END-- [ RunTime:0.000538s ]
SQL: SHOW COLUMNS FROM `k` [ RunTime:0.0096s ]
SQL: SELECT COUNT(*) AS tp_count FROM `k` LIMIT 1   [ RunTime:0.0006s ]
SQL: SELECT `k_id`,`k_m`,`k_hkfs`,`k_shdq`,`k_zdate`,`k_shm`,`k_shdz`,`k_lxr`,`k_hy`,`k_tel`,`k_sj`,`k_fax`,`k_yb`,`k_email`,`k_bz`,`片区`,`营销员`,`k_dzbq` FROM `k` ORDER BY k_m desc,k_id desc LIMIT 130,13   [ RunTime:0.0029s ]
INFO: [ view_parse ] --START--
INFO: [ template_filter ] --START--
INFO: Run Behavior\ContentReplaceBehavior [ RunTime:0.000220s ]
INFO: [ template_filter ] --END-- [ RunTime:0.000292s ]
INFO: Run Behavior\ParseTemplateBehavior [ RunTime:0.016908s ]
INFO: [ view_parse ] --END-- [ RunTime:0.016981s ]
INFO: [ view_filter ] --START--
INFO: Run Behavior\WriteHtmlCacheBehavior [ RunTime:0.000397s ]
INFO: [ view_filter ] --END-- [ RunTime:0.000456s ]
INFO: [ app_end ] --START--
INFO: Run Behavior\ShowPageTraceBehavior [ RunTime:0.000678s ]
INFO: [ app_end ] --END-- [ RunTime:0.000758s ]

[ 2018-04-20T23:46:42+08:00 ] ::1 /index.php/Home/Kh/index.html?search=88&cxfs=mhcx
INFO: [ app_init ] --START--
INFO: Run Behavior\BuildLiteBehavior [ RunTime:0.000010s ]
INFO: [ app_init ] --END-- [ RunTime:0.000301s ]
INFO: [ app_begin ] --START--
INFO: Run Behavior\ReadHtmlCacheBehavior [ RunTime:0.000388s ]
INFO: [ app_begin ] --END-- [ RunTime:0.000439s ]
NOTIC: [8] Use of undefined constant jqcx - assumed 'jqcx' D:\xampp\htdocs\Application\Home\Controller\KhController.class.php 第 12 行.
NOTIC: [8] Use of undefined constant mhcx - assumed 'mhcx' D:\xampp\htdocs\Application\Home\Controller\KhController.class.php 第 16 行.
SQL: SHOW COLUMNS FROM `k` [ RunTime:0.0080s ]
SQL: SELECT COUNT(*) AS tp_count FROM `k` WHERE ( `k_m` LIKE '%88%' OR `k_shdz` LIKE '%88%' OR `k_lxr` LIKE '%88%' OR `k_shm` LIKE '%88%' OR `k_tel` LIKE '%88%' OR `k_sj` LIKE '%88%' OR `k_email` LIKE '%88%' OR `k_hkfs` LIKE '%88%' ) LIMIT 1   [ RunTime:0.0014s ]
SQL: SELECT `k_id`,`k_m`,`k_hkfs`,`k_shdq`,`k_zdate`,`k_shm`,`k_shdz`,`k_lxr`,`k_hy`,`k_tel`,`k_sj`,`k_fax`,`k_yb`,`k_email`,`k_bz`,`片区`,`营销员`,`k_dzbq` FROM `k` WHERE ( `k_m` LIKE '%88%' OR `k_shdz` LIKE '%88%' OR `k_lxr` LIKE '%88%' OR `k_shm` LIKE '%88%' OR `k_tel` LIKE '%88%' OR `k_sj` LIKE '%88%' OR `k_email` LIKE '%88%' OR `k_hkfs` LIKE '%88%' ) ORDER BY k_m desc,k_id desc LIMIT 0,13   [ RunTime:0.0016s ]
INFO: [ view_parse ] --START--
INFO: [ template_filter ] --START--
INFO: Run Behavior\ContentReplaceBehavior [ RunTime:0.000135s ]
INFO: [ template_filter ] --END-- [ RunTime:0.000186s ]
INFO: Run Behavior\ParseTemplateBehavior [ RunTime:0.011920s ]
INFO: [ view_parse ] --END-- [ RunTime:0.011971s ]
INFO: [ view_filter ] --START--
INFO: Run Behavior\WriteHtmlCacheBehavior [ RunTime:0.000218s ]
INFO: [ view_filter ] --END-- [ RunTime:0.000252s ]
INFO: [ app_end ] --START--
INFO: Run Behavior\ShowPageTraceBehavior [ RunTime:0.000455s ]
INFO: [ app_end ] --END-- [ RunTime:0.000506s ]

[ 2018-04-20T23:46:54+08:00 ] ::1 /index.php/Home/Kh/index.html?search=%E5%B1%B1%E5%81%A5%E5%8D%8E%E5%AE%9E%E4%B8%9A%E6%9C%89%E9%99%90%E5%85%AC%E5%8F%B8&cxfs=mhcx
INFO: [ app_init ] --START--
INFO: Run Behavior\BuildLiteBehavior [ RunTime:0.000013s ]
INFO: [ app_init ] --END-- [ RunTime:0.000312s ]
INFO: [ app_begin ] --START--
INFO: Run Behavior\ReadHtmlCacheBehavior [ RunTime:0.000611s ]
INFO: [ app_begin ] --END-- [ RunTime:0.000833s ]
NOTIC: [8] Use of undefined constant jqcx - assumed 'jqcx' D:\xampp\htdocs\Application\Home\Controller\KhController.class.php 第 12 行.
NOTIC: [8] Use of undefined constant mhcx - assumed 'mhcx' D:\xampp\htdocs\Application\Home\Controller\KhController.class.php 第 16 行.
SQL: SHOW COLUMNS FROM `k` [ RunTime:0.0072s ]
SQL: SELECT COUNT(*) AS tp_count FROM `k` WHERE ( `k_m` LIKE '%山健华实业有限公司%' OR `k_shdz` LIKE '%山健华实业有限公司%' OR `k_lxr` LIKE '%山健华实业有限公司%' OR `k_shm` LIKE '%山健华实业有限公司%' OR `k_tel` LIKE '%山健华实业有限公司%' OR `k_sj` LIKE '%山健华实业有限公司%' OR `k_email` LIKE '%山健华实业有限公司%' OR `k_hkfs` LIKE '%山健华实业有限公司%' ) LIMIT 1   [ RunTime:0.0023s ]
SQL: SELECT `k_id`,`k_m`,`k_hkfs`,`k_shdq`,`k_zdate`,`k_shm`,`k_shdz`,`k_lxr`,`k_hy`,`k_tel`,`k_sj`,`k_fax`,`k_yb`,`k_email`,`k_bz`,`片区`,`营销员`,`k_dzbq` FROM `k` WHERE ( `k_m` LIKE '%山健华实业有限公司%' OR `k_shdz` LIKE '%山健华实业有限公司%' OR `k_lxr` LIKE '%山健华实业有限公司%' OR `k_shm` LIKE '%山健华实业有限公司%' OR `k_tel` LIKE '%山健华实业有限公司%' OR `k_sj` LIKE '%山健华实业有限公司%' OR `k_email` LIKE '%山健华实业有限公司%' OR `k_hkfs` LIKE '%山健华实业有限公司%' ) ORDER BY k_m desc,k_id desc LIMIT 0,13   [ RunTime:0.0016s ]
INFO: [ view_parse ] --START--
INFO: [ template_filter ] --START--
INFO: Run Behavior\ContentReplaceBehavior [ RunTime:0.000147s ]
INFO: [ template_filter ] --END-- [ RunTime:0.000200s ]
INFO: Run Behavior\ParseTemplateBehavior [ RunTime:0.017019s ]
INFO: [ view_parse ] --END-- [ RunTime:0.017128s ]
INFO: [ view_filter ] --START--
INFO: Run Behavior\WriteHtmlCacheBehavior [ RunTime:0.000272s ]
INFO: [ view_filter ] --END-- [ RunTime:0.000320s ]
INFO: [ app_end ] --START--
INFO: Run Behavior\ShowPageTraceBehavior [ RunTime:0.000686s ]
INFO: [ app_end ] --END-- [ RunTime:0.000858s ]

[ 2018-04-20T23:47:01+08:00 ] ::1 /index.php/Home/Kh/khmx/k_id/414
INFO: [ app_init ] --START--
INFO: Run Behavior\BuildLiteBehavior [ RunTime:0.000018s ]
INFO: [ app_init ] --END-- [ RunTime:0.000458s ]
INFO: [ app_begin ] --START--
INFO: Run Behavior\ReadHtmlCacheBehavior [ RunTime:0.000422s ]
INFO: [ app_begin ] --END-- [ RunTime:0.000481s ]
SQL: SHOW COLUMNS FROM `k` [ RunTime:0.0068s ]
SQL: SELECT * FROM `k` WHERE ( k_id=414 )  [ RunTime:0.0003s ]
INFO: [ view_parse ] --START--
INFO: [ template_filter ] --START--
INFO: Run Behavior\ContentReplaceBehavior [ RunTime:0.000143s ]
INFO: [ template_filter ] --END-- [ RunTime:0.000193s ]
NOTIC: [8] Undefined index: k_shm D:\xampp\htdocs\Application\Runtime\Cache\Home\a676da6858ca4c2be134c84274e7c1eb.php 第 291 行.
NOTIC: [8] Undefined variable: page D:\xampp\htdocs\Application\Runtime\Cache\Home\a676da6858ca4c2be134c84274e7c1eb.php 第 390 行.
NOTIC: [8] Undefined variable: page D:\xampp\htdocs\Application\Runtime\Cache\Home\a676da6858ca4c2be134c84274e7c1eb.php 第 393 行.
INFO: Run Behavior\ParseTemplateBehavior [ RunTime:0.016534s ]
INFO: [ view_parse ] --END-- [ RunTime:0.016601s ]
INFO: [ view_filter ] --START--
INFO: Run Behavior\WriteHtmlCacheBehavior [ RunTime:0.000519s ]
INFO: [ view_filter ] --END-- [ RunTime:0.000596s ]
INFO: [ app_end ] --START--
INFO: Run Behavior\ShowPageTraceBehavior [ RunTime:0.000577s ]
INFO: [ app_end ] --END-- [ RunTime:0.000629s ]

