[ 2018-04-13T08:28:57+08:00 ] ::1 /index.php/Home/Kh/index.html?search=%E5%88%A9%E5%BE%B7&cxfs=jqcx
INFO: [ app_init ] --START--
INFO: Run Behavior\BuildLiteBehavior [ RunTime:0.000020s ]
INFO: [ app_init ] --END-- [ RunTime:0.014629s ]
INFO: [ app_begin ] --START--
INFO: Run Behavior\ReadHtmlCacheBehavior [ RunTime:0.010822s ]
INFO: [ app_begin ] --END-- [ RunTime:0.010919s ]
NOTIC: [8] Use of undefined constant jqcx - assumed 'jqcx' D:\xampp\htdocs\Application\Home\Controller\KhController.class.php 第 12 行.
SQL: SHOW COLUMNS FROM `k` [ RunTime:0.0067s ]
ERR: 1054:Unknown column 'k_dz' in 'where clause'
 [ SQL语句 ] : SELECT COUNT(*) AS tp_count FROM `k` WHERE ( `k_m` = '利德' OR `k_dz` = '利德' OR `k_lxr` = '利德' ) LIMIT 1  
ERR: 1054:Unknown column 'k_dz' in 'where clause'
 [ SQL语句 ] : SELECT COUNT(*) AS tp_count FROM `k` WHERE ( `k_m` = '利德' OR `k_dz` = '利德' OR `k_lxr` = '利德' ) LIMIT 1  

[ 2018-04-13T08:29:04+08:00 ] ::1 /index.php/Home/Kh/index.html?search=%E5%88%A9%E5%BE%B7&cxfs=jqcx
INFO: [ app_init ] --START--
INFO: Run Behavior\BuildLiteBehavior [ RunTime:0.000012s ]
INFO: [ app_init ] --END-- [ RunTime:0.000317s ]
INFO: [ app_begin ] --START--
INFO: Run Behavior\ReadHtmlCacheBehavior [ RunTime:0.000477s ]
INFO: [ app_begin ] --END-- [ RunTime:0.000523s ]
NOTIC: [8] Use of undefined constant jqcx - assumed 'jqcx' D:\xampp\htdocs\Application\Home\Controller\KhController.class.php 第 12 行.
SQL: SHOW COLUMNS FROM `k` [ RunTime:0.0084s ]
ERR: 1054:Unknown column 'k_dz' in 'where clause'
 [ SQL语句 ] : SELECT COUNT(*) AS tp_count FROM `k` WHERE ( `k_m` = '利德' OR `k_dz` = '利德' OR `k_lxr` = '利德' ) LIMIT 1  
ERR: 1054:Unknown column 'k_dz' in 'where clause'
 [ SQL语句 ] : SELECT COUNT(*) AS tp_count FROM `k` WHERE ( `k_m` = '利德' OR `k_dz` = '利德' OR `k_lxr` = '利德' ) LIMIT 1  

[ 2018-04-13T08:29:09+08:00 ] ::1 /index.php/Home/Kh/index.html?search=%E5%88%A9%E5%BE%B7&cxfs=mhcx
INFO: [ app_init ] --START--
INFO: Run Behavior\BuildLiteBehavior [ RunTime:0.000022s ]
INFO: [ app_init ] --END-- [ RunTime:0.000457s ]
INFO: [ app_begin ] --START--
INFO: Run Behavior\ReadHtmlCacheBehavior [ RunTime:0.000965s ]
INFO: [ app_begin ] --END-- [ RunTime:0.001054s ]
NOTIC: [8] Use of undefined constant jqcx - assumed 'jqcx' D:\xampp\htdocs\Application\Home\Controller\KhController.class.php 第 12 行.
NOTIC: [8] Use of undefined constant mhcx - assumed 'mhcx' D:\xampp\htdocs\Application\Home\Controller\KhController.class.php 第 16 行.
SQL: SHOW COLUMNS FROM `k` [ RunTime:0.0641s ]
ERR: 1054:Unknown column 'k_dz' in 'where clause'
 [ SQL语句 ] : SELECT COUNT(*) AS tp_count FROM `k` WHERE ( `k_m` LIKE '%利德%' OR `k_dz` LIKE '%利德%' OR `k_lxr` LIKE '%利德%' ) LIMIT 1  
ERR: 1054:Unknown column 'k_dz' in 'where clause'
 [ SQL语句 ] : SELECT COUNT(*) AS tp_count FROM `k` WHERE ( `k_m` LIKE '%利德%' OR `k_dz` LIKE '%利德%' OR `k_lxr` LIKE '%利德%' ) LIMIT 1  

[ 2018-04-13T08:29:19+08:00 ] ::1 /index.php/Home/Kh/index.html?search=33&cxfs=mhcx
INFO: [ app_init ] --START--
INFO: Run Behavior\BuildLiteBehavior [ RunTime:0.000011s ]
INFO: [ app_init ] --END-- [ RunTime:0.000307s ]
INFO: [ app_begin ] --START--
INFO: Run Behavior\ReadHtmlCacheBehavior [ RunTime:0.000471s ]
INFO: [ app_begin ] --END-- [ RunTime:0.000522s ]
NOTIC: [8] Use of undefined constant jqcx - assumed 'jqcx' D:\xampp\htdocs\Application\Home\Controller\KhController.class.php 第 12 行.
NOTIC: [8] Use of undefined constant mhcx - assumed 'mhcx' D:\xampp\htdocs\Application\Home\Controller\KhController.class.php 第 16 行.
SQL: SHOW COLUMNS FROM `k` [ RunTime:0.0064s ]
ERR: 1054:Unknown column 'k_dz' in 'where clause'
 [ SQL语句 ] : SELECT COUNT(*) AS tp_count FROM `k` WHERE ( `k_m` LIKE '%33%' OR `k_dz` LIKE '%33%' OR `k_lxr` LIKE '%33%' ) LIMIT 1  
ERR: 1054:Unknown column 'k_dz' in 'where clause'
 [ SQL语句 ] : SELECT COUNT(*) AS tp_count FROM `k` WHERE ( `k_m` LIKE '%33%' OR `k_dz` LIKE '%33%' OR `k_lxr` LIKE '%33%' ) LIMIT 1  

[ 2018-04-13T08:29:42+08:00 ] ::1 /index.php/Home/Kh/index.html?search=%E7%BD%97%E9%87%91&cxfs=mhcx
INFO: [ app_init ] --START--
INFO: Run Behavior\BuildLiteBehavior [ RunTime:0.000019s ]
INFO: [ app_init ] --END-- [ RunTime:0.000469s ]
INFO: [ app_begin ] --START--
INFO: Run Behavior\ReadHtmlCacheBehavior [ RunTime:0.000563s ]
INFO: [ app_begin ] --END-- [ RunTime:0.000643s ]
NOTIC: [8] Use of undefined constant jqcx - assumed 'jqcx' D:\xampp\htdocs\Application\Home\Controller\KhController.class.php 第 12 行.
NOTIC: [8] Use of undefined constant mhcx - assumed 'mhcx' D:\xampp\htdocs\Application\Home\Controller\KhController.class.php 第 16 行.
SQL: SHOW COLUMNS FROM `k` [ RunTime:0.0104s ]
ERR: 1054:Unknown column 'k_dz' in 'where clause'
 [ SQL语句 ] : SELECT COUNT(*) AS tp_count FROM `k` WHERE ( `k_m` LIKE '%罗金%' OR `k_dz` LIKE '%罗金%' OR `k_lxr` LIKE '%罗金%' ) LIMIT 1  
ERR: 1054:Unknown column 'k_dz' in 'where clause'
 [ SQL语句 ] : SELECT COUNT(*) AS tp_count FROM `k` WHERE ( `k_m` LIKE '%罗金%' OR `k_dz` LIKE '%罗金%' OR `k_lxr` LIKE '%罗金%' ) LIMIT 1  

[ 2018-04-13T08:29:53+08:00 ] ::1 /index.php/Home/Kh/index.html?search=&cxfs=mhcx
INFO: [ app_init ] --START--
INFO: Run Behavior\BuildLiteBehavior [ RunTime:0.000013s ]
INFO: [ app_init ] --END-- [ RunTime:0.000313s ]
INFO: [ app_begin ] --START--
INFO: Run Behavior\ReadHtmlCacheBehavior [ RunTime:0.000385s ]
INFO: [ app_begin ] --END-- [ RunTime:0.000435s ]
SQL: SHOW COLUMNS FROM `k` [ RunTime:0.0068s ]
SQL: SELECT COUNT(*) AS tp_count FROM `k` LIMIT 1   [ RunTime:0.0010s ]
SQL: SELECT `k_id`,`k_m`,`k_hkfs`,`k_shdq`,`k_zdate`,`k_shm`,`k_shdz`,`k_lxr`,`k_hy`,`k_tel`,`k_sj`,`k_fax`,`k_yb`,`k_email`,`k_bz`,`片区`,`营销员`,`k_dzbq` FROM `k` ORDER BY k_id desc LIMIT 0,13   [ RunTime:0.0009s ]
INFO: [ view_parse ] --START--
INFO: [ template_filter ] --START--
INFO: Run Behavior\ContentReplaceBehavior [ RunTime:0.000155s ]
INFO: [ template_filter ] --END-- [ RunTime:0.000246s ]
INFO: Run Behavior\ParseTemplateBehavior [ RunTime:0.073276s ]
INFO: [ view_parse ] --END-- [ RunTime:0.073359s ]
INFO: [ view_filter ] --START--
INFO: Run Behavior\WriteHtmlCacheBehavior [ RunTime:0.009350s ]
INFO: [ view_filter ] --END-- [ RunTime:0.009415s ]
INFO: [ app_end ] --START--
INFO: Run Behavior\ShowPageTraceBehavior [ RunTime:0.006094s ]
INFO: [ app_end ] --END-- [ RunTime:0.006164s ]

[ 2018-04-13T16:04:35+08:00 ] ::1 /index.php/Home/Kh/index.html?search=&cxfs=mhcx
INFO: [ app_init ] --START--
INFO: Run Behavior\BuildLiteBehavior [ RunTime:0.000024s ]
INFO: [ app_init ] --END-- [ RunTime:0.011162s ]
INFO: [ app_begin ] --START--
INFO: Run Behavior\ReadHtmlCacheBehavior [ RunTime:0.006517s ]
INFO: [ app_begin ] --END-- [ RunTime:0.006611s ]
SQL: SHOW COLUMNS FROM `k` [ RunTime:0.0107s ]
SQL: SELECT COUNT(*) AS tp_count FROM `k` LIMIT 1   [ RunTime:0.0011s ]
SQL: SELECT `k_id`,`k_m`,`k_hkfs`,`k_shdq`,`k_zdate`,`k_shm`,`k_shdz`,`k_lxr`,`k_hy`,`k_tel`,`k_sj`,`k_fax`,`k_yb`,`k_email`,`k_bz`,`片区`,`营销员`,`k_dzbq` FROM `k` ORDER BY k_id desc LIMIT 0,13   [ RunTime:0.0015s ]
INFO: [ view_parse ] --START--
INFO: [ template_filter ] --START--
INFO: Run Behavior\ContentReplaceBehavior [ RunTime:0.000176s ]
INFO: [ template_filter ] --END-- [ RunTime:0.000274s ]
INFO: Run Behavior\ParseTemplateBehavior [ RunTime:0.074755s ]
INFO: [ view_parse ] --END-- [ RunTime:0.074830s ]
INFO: [ view_filter ] --START--
INFO: Run Behavior\WriteHtmlCacheBehavior [ RunTime:0.009805s ]
INFO: [ view_filter ] --END-- [ RunTime:0.009905s ]
INFO: [ app_end ] --START--
INFO: Run Behavior\ShowPageTraceBehavior [ RunTime:0.001087s ]
INFO: [ app_end ] --END-- [ RunTime:0.001162s ]

[ 2018-04-13T18:25:55+08:00 ] ::1 /index.php/Home/Kh/khedit.html
INFO: [ app_init ] --START--
INFO: Run Behavior\BuildLiteBehavior [ RunTime:0.000026s ]
INFO: [ app_init ] --END-- [ RunTime:0.000806s ]
INFO: [ app_begin ] --START--
INFO: Run Behavior\ReadHtmlCacheBehavior [ RunTime:0.001109s ]
INFO: [ app_begin ] --END-- [ RunTime:0.001227s ]
SQL: SHOW COLUMNS FROM `k` [ RunTime:0.0107s ]
SQL: SELECT COUNT(*) AS tp_count FROM `k` LIMIT 1   [ RunTime:0.0008s ]
SQL: SELECT `k_id`,`k_m`,`k_hkfs`,`k_shdq`,`k_zdate`,`k_shm`,`k_shdz`,`k_lxr`,`k_hy`,`k_tel`,`k_sj`,`k_fax`,`k_yb`,`k_email`,`k_bz`,`片区`,`营销员`,`k_dzbq` FROM `k` ORDER BY k_m desc LIMIT 0,13   [ RunTime:0.0018s ]
INFO: [ view_parse ] --START--
INFO: [ template_filter ] --START--
INFO: Run Behavior\ContentReplaceBehavior [ RunTime:0.000131s ]
INFO: [ template_filter ] --END-- [ RunTime:0.000189s ]
INFO: Run Behavior\ParseTemplateBehavior [ RunTime:0.034593s ]
INFO: [ view_parse ] --END-- [ RunTime:0.034685s ]
INFO: [ view_filter ] --START--
INFO: Run Behavior\WriteHtmlCacheBehavior [ RunTime:0.000479s ]
INFO: [ view_filter ] --END-- [ RunTime:0.000530s ]
INFO: [ app_end ] --START--
INFO: Run Behavior\ShowPageTraceBehavior [ RunTime:0.000924s ]
INFO: [ app_end ] --END-- [ RunTime:0.001028s ]

[ 2018-04-13T18:26:07+08:00 ] ::1 /index.php/Home/Kh/khedit.html?search=8466&cxfs=mhcx
INFO: [ app_init ] --START--
INFO: Run Behavior\BuildLiteBehavior [ RunTime:0.000017s ]
INFO: [ app_init ] --END-- [ RunTime:0.000365s ]
INFO: [ app_begin ] --START--
INFO: Run Behavior\ReadHtmlCacheBehavior [ RunTime:0.000401s ]
INFO: [ app_begin ] --END-- [ RunTime:0.000453s ]
NOTIC: [8] Use of undefined constant jqcx - assumed 'jqcx' D:\xampp\htdocs\Application\Home\Controller\KhController.class.php 第 46 行.
NOTIC: [8] Use of undefined constant mhcx - assumed 'mhcx' D:\xampp\htdocs\Application\Home\Controller\KhController.class.php 第 50 行.
SQL: SHOW COLUMNS FROM `k` [ RunTime:0.0066s ]
ERR: 1064:You have an error in your SQL syntax; check the manual that corresponds to your MariaDB server version for the right syntax to use near 'like ) AND (  %8466% ) LIMIT 1' at line 1
 [ SQL语句 ] : SELECT COUNT(*) AS tp_count FROM `k` WHERE (  like ) AND (  %8466% ) LIMIT 1  
ERR: 1064:You have an error in your SQL syntax; check the manual that corresponds to your MariaDB server version for the right syntax to use near 'like ) AND (  %8466% ) LIMIT 1' at line 1
 [ SQL语句 ] : SELECT COUNT(*) AS tp_count FROM `k` WHERE (  like ) AND (  %8466% ) LIMIT 1  

[ 2018-04-13T18:26:22+08:00 ] ::1 /index.php/Home/Kh/khedit.html?search=8466&cxfs=jqcx
INFO: [ app_init ] --START--
INFO: Run Behavior\BuildLiteBehavior [ RunTime:0.000024s ]
INFO: [ app_init ] --END-- [ RunTime:0.000892s ]
INFO: [ app_begin ] --START--
INFO: Run Behavior\ReadHtmlCacheBehavior [ RunTime:0.000421s ]
INFO: [ app_begin ] --END-- [ RunTime:0.000479s ]
NOTIC: [8] Use of undefined constant jqcx - assumed 'jqcx' D:\xampp\htdocs\Application\Home\Controller\KhController.class.php 第 46 行.
SQL: SHOW COLUMNS FROM `k` [ RunTime:0.0069s ]
SQL: SELECT COUNT(*) AS tp_count FROM `k` WHERE ( 8466 ) LIMIT 1   [ RunTime:0.0005s ]
SQL: SELECT `k_id`,`k_m`,`k_hkfs`,`k_shdq`,`k_zdate`,`k_shm`,`k_shdz`,`k_lxr`,`k_hy`,`k_tel`,`k_sj`,`k_fax`,`k_yb`,`k_email`,`k_bz`,`片区`,`营销员`,`k_dzbq` FROM `k` WHERE ( 8466 ) ORDER BY k_m desc LIMIT 0,13   [ RunTime:0.0022s ]
INFO: [ view_parse ] --START--
INFO: [ template_filter ] --START--
INFO: Run Behavior\ContentReplaceBehavior [ RunTime:0.000143s ]
INFO: [ template_filter ] --END-- [ RunTime:0.000199s ]
INFO: Run Behavior\ParseTemplateBehavior [ RunTime:0.015229s ]
INFO: [ view_parse ] --END-- [ RunTime:0.015310s ]
INFO: [ view_filter ] --START--
INFO: Run Behavior\WriteHtmlCacheBehavior [ RunTime:0.000619s ]
INFO: [ view_filter ] --END-- [ RunTime:0.000857s ]
INFO: [ app_end ] --START--
INFO: Run Behavior\ShowPageTraceBehavior [ RunTime:0.000661s ]
INFO: [ app_end ] --END-- [ RunTime:0.000735s ]

[ 2018-04-13T18:26:23+08:00 ] ::1 /index.php/Home/Kh/khedit.html?search=&cxfs=mhcx
INFO: [ app_init ] --START--
INFO: Run Behavior\BuildLiteBehavior [ RunTime:0.000022s ]
INFO: [ app_init ] --END-- [ RunTime:0.000301s ]
INFO: [ app_begin ] --START--
INFO: Run Behavior\ReadHtmlCacheBehavior [ RunTime:0.000344s ]
INFO: [ app_begin ] --END-- [ RunTime:0.000386s ]
SQL: SHOW COLUMNS FROM `k` [ RunTime:0.0326s ]
SQL: SELECT COUNT(*) AS tp_count FROM `k` LIMIT 1   [ RunTime:0.0004s ]
SQL: SELECT `k_id`,`k_m`,`k_hkfs`,`k_shdq`,`k_zdate`,`k_shm`,`k_shdz`,`k_lxr`,`k_hy`,`k_tel`,`k_sj`,`k_fax`,`k_yb`,`k_email`,`k_bz`,`片区`,`营销员`,`k_dzbq` FROM `k` ORDER BY k_m desc LIMIT 0,13   [ RunTime:0.0012s ]
INFO: [ view_parse ] --START--
INFO: [ template_filter ] --START--
INFO: Run Behavior\ContentReplaceBehavior [ RunTime:0.000112s ]
INFO: [ template_filter ] --END-- [ RunTime:0.000160s ]
INFO: Run Behavior\ParseTemplateBehavior [ RunTime:0.013415s ]
INFO: [ view_parse ] --END-- [ RunTime:0.013477s ]
INFO: [ view_filter ] --START--
INFO: Run Behavior\WriteHtmlCacheBehavior [ RunTime:0.000246s ]
INFO: [ view_filter ] --END-- [ RunTime:0.000285s ]
INFO: [ app_end ] --START--
INFO: Run Behavior\ShowPageTraceBehavior [ RunTime:0.000560s ]
INFO: [ app_end ] --END-- [ RunTime:0.000633s ]

[ 2018-04-13T18:26:24+08:00 ] ::1 /index.php/Home/Kh/khedit.html?search=&cxfs=mhcx
INFO: [ app_init ] --START--
INFO: Run Behavior\BuildLiteBehavior [ RunTime:0.000011s ]
INFO: [ app_init ] --END-- [ RunTime:0.000308s ]
INFO: [ app_begin ] --START--
INFO: Run Behavior\ReadHtmlCacheBehavior [ RunTime:0.000379s ]
INFO: [ app_begin ] --END-- [ RunTime:0.000422s ]
SQL: SHOW COLUMNS FROM `k` [ RunTime:0.0075s ]
SQL: SELECT COUNT(*) AS tp_count FROM `k` LIMIT 1   [ RunTime:0.0004s ]
SQL: SELECT `k_id`,`k_m`,`k_hkfs`,`k_shdq`,`k_zdate`,`k_shm`,`k_shdz`,`k_lxr`,`k_hy`,`k_tel`,`k_sj`,`k_fax`,`k_yb`,`k_email`,`k_bz`,`片区`,`营销员`,`k_dzbq` FROM `k` ORDER BY k_m desc LIMIT 0,13   [ RunTime:0.0020s ]
INFO: [ view_parse ] --START--
INFO: [ template_filter ] --START--
INFO: Run Behavior\ContentReplaceBehavior [ RunTime:0.000142s ]
INFO: [ template_filter ] --END-- [ RunTime:0.000194s ]
INFO: Run Behavior\ParseTemplateBehavior [ RunTime:0.013947s ]
INFO: [ view_parse ] --END-- [ RunTime:0.014099s ]
INFO: [ view_filter ] --START--
INFO: Run Behavior\WriteHtmlCacheBehavior [ RunTime:0.000375s ]
INFO: [ view_filter ] --END-- [ RunTime:0.000432s ]
INFO: [ app_end ] --START--
INFO: Run Behavior\ShowPageTraceBehavior [ RunTime:0.001251s ]
INFO: [ app_end ] --END-- [ RunTime:0.001365s ]

[ 2018-04-13T18:26:26+08:00 ] ::1 /index.php/Home/Kh/khedit.html?search=56&cxfs=mhcx
INFO: [ app_init ] --START--
INFO: Run Behavior\BuildLiteBehavior [ RunTime:0.000015s ]
INFO: [ app_init ] --END-- [ RunTime:0.000307s ]
INFO: [ app_begin ] --START--
INFO: Run Behavior\ReadHtmlCacheBehavior [ RunTime:0.000371s ]
INFO: [ app_begin ] --END-- [ RunTime:0.000421s ]
NOTIC: [8] Use of undefined constant jqcx - assumed 'jqcx' D:\xampp\htdocs\Application\Home\Controller\KhController.class.php 第 46 行.
NOTIC: [8] Use of undefined constant mhcx - assumed 'mhcx' D:\xampp\htdocs\Application\Home\Controller\KhController.class.php 第 50 行.
SQL: SHOW COLUMNS FROM `k` [ RunTime:0.0075s ]
ERR: 1064:You have an error in your SQL syntax; check the manual that corresponds to your MariaDB server version for the right syntax to use near 'like ) AND (  %56% ) LIMIT 1' at line 1
 [ SQL语句 ] : SELECT COUNT(*) AS tp_count FROM `k` WHERE (  like ) AND (  %56% ) LIMIT 1  
ERR: 1064:You have an error in your SQL syntax; check the manual that corresponds to your MariaDB server version for the right syntax to use near 'like ) AND (  %56% ) LIMIT 1' at line 1
 [ SQL语句 ] : SELECT COUNT(*) AS tp_count FROM `k` WHERE (  like ) AND (  %56% ) LIMIT 1  

[ 2018-04-13T18:26:30+08:00 ] ::1 /index.php/Home/Kh/khedit.html?search=56&cxfs=jqcx
INFO: [ app_init ] --START--
INFO: Run Behavior\BuildLiteBehavior [ RunTime:0.000024s ]
INFO: [ app_init ] --END-- [ RunTime:0.000323s ]
INFO: [ app_begin ] --START--
INFO: Run Behavior\ReadHtmlCacheBehavior [ RunTime:0.000390s ]
INFO: [ app_begin ] --END-- [ RunTime:0.000439s ]
NOTIC: [8] Use of undefined constant jqcx - assumed 'jqcx' D:\xampp\htdocs\Application\Home\Controller\KhController.class.php 第 46 行.
SQL: SHOW COLUMNS FROM `k` [ RunTime:0.0088s ]
SQL: SELECT COUNT(*) AS tp_count FROM `k` WHERE ( 56 ) LIMIT 1   [ RunTime:0.0006s ]
SQL: SELECT `k_id`,`k_m`,`k_hkfs`,`k_shdq`,`k_zdate`,`k_shm`,`k_shdz`,`k_lxr`,`k_hy`,`k_tel`,`k_sj`,`k_fax`,`k_yb`,`k_email`,`k_bz`,`片区`,`营销员`,`k_dzbq` FROM `k` WHERE ( 56 ) ORDER BY k_m desc LIMIT 0,13   [ RunTime:0.0015s ]
INFO: [ view_parse ] --START--
INFO: [ template_filter ] --START--
INFO: Run Behavior\ContentReplaceBehavior [ RunTime:0.000127s ]
INFO: [ template_filter ] --END-- [ RunTime:0.000176s ]
INFO: Run Behavior\ParseTemplateBehavior [ RunTime:0.013923s ]
INFO: [ view_parse ] --END-- [ RunTime:0.013978s ]
INFO: [ view_filter ] --START--
INFO: Run Behavior\WriteHtmlCacheBehavior [ RunTime:0.000238s ]
INFO: [ view_filter ] --END-- [ RunTime:0.000274s ]
INFO: [ app_end ] --START--
INFO: Run Behavior\ShowPageTraceBehavior [ RunTime:0.000673s ]
INFO: [ app_end ] --END-- [ RunTime:0.000758s ]

[ 2018-04-13T18:26:35+08:00 ] ::1 /index.php/Home/Kh/khedit.html?search=&cxfs=mhcx
INFO: [ app_init ] --START--
INFO: Run Behavior\BuildLiteBehavior [ RunTime:0.000014s ]
INFO: [ app_init ] --END-- [ RunTime:0.000343s ]
INFO: [ app_begin ] --START--
INFO: Run Behavior\ReadHtmlCacheBehavior [ RunTime:0.000417s ]
INFO: [ app_begin ] --END-- [ RunTime:0.000468s ]
SQL: SHOW COLUMNS FROM `k` [ RunTime:0.0090s ]
SQL: SELECT COUNT(*) AS tp_count FROM `k` LIMIT 1   [ RunTime:0.0006s ]
SQL: SELECT `k_id`,`k_m`,`k_hkfs`,`k_shdq`,`k_zdate`,`k_shm`,`k_shdz`,`k_lxr`,`k_hy`,`k_tel`,`k_sj`,`k_fax`,`k_yb`,`k_email`,`k_bz`,`片区`,`营销员`,`k_dzbq` FROM `k` ORDER BY k_m desc LIMIT 0,13   [ RunTime:0.0015s ]
INFO: [ view_parse ] --START--
INFO: [ template_filter ] --START--
INFO: Run Behavior\ContentReplaceBehavior [ RunTime:0.000188s ]
INFO: [ template_filter ] --END-- [ RunTime:0.000260s ]
INFO: Run Behavior\ParseTemplateBehavior [ RunTime:0.018204s ]
INFO: [ view_parse ] --END-- [ RunTime:0.018278s ]
INFO: [ view_filter ] --START--
INFO: Run Behavior\WriteHtmlCacheBehavior [ RunTime:0.000348s ]
INFO: [ view_filter ] --END-- [ RunTime:0.000407s ]
INFO: [ app_end ] --START--
INFO: Run Behavior\ShowPageTraceBehavior [ RunTime:0.000682s ]
INFO: [ app_end ] --END-- [ RunTime:0.000778s ]

[ 2018-04-13T18:26:46+08:00 ] ::1 /index.php/Home/Kh/khedit.html?search=12651&cxfs=jqcx
INFO: [ app_init ] --START--
INFO: Run Behavior\BuildLiteBehavior [ RunTime:0.000035s ]
INFO: [ app_init ] --END-- [ RunTime:0.000846s ]
INFO: [ app_begin ] --START--
INFO: Run Behavior\ReadHtmlCacheBehavior [ RunTime:0.000539s ]
INFO: [ app_begin ] --END-- [ RunTime:0.000607s ]
NOTIC: [8] Use of undefined constant jqcx - assumed 'jqcx' D:\xampp\htdocs\Application\Home\Controller\KhController.class.php 第 46 行.
SQL: SHOW COLUMNS FROM `k` [ RunTime:0.0093s ]
SQL: SELECT COUNT(*) AS tp_count FROM `k` WHERE ( 12651 ) LIMIT 1   [ RunTime:0.0004s ]
SQL: SELECT `k_id`,`k_m`,`k_hkfs`,`k_shdq`,`k_zdate`,`k_shm`,`k_shdz`,`k_lxr`,`k_hy`,`k_tel`,`k_sj`,`k_fax`,`k_yb`,`k_email`,`k_bz`,`片区`,`营销员`,`k_dzbq` FROM `k` WHERE ( 12651 ) ORDER BY k_m desc LIMIT 0,13   [ RunTime:0.0018s ]
INFO: [ view_parse ] --START--
INFO: [ template_filter ] --START--
INFO: Run Behavior\ContentReplaceBehavior [ RunTime:0.000226s ]
INFO: [ template_filter ] --END-- [ RunTime:0.000442s ]
INFO: Run Behavior\ParseTemplateBehavior [ RunTime:0.019436s ]
INFO: [ view_parse ] --END-- [ RunTime:0.019507s ]
INFO: [ view_filter ] --START--
INFO: Run Behavior\WriteHtmlCacheBehavior [ RunTime:0.000325s ]
INFO: [ view_filter ] --END-- [ RunTime:0.000375s ]
INFO: [ app_end ] --START--
INFO: Run Behavior\ShowPageTraceBehavior [ RunTime:0.000677s ]
INFO: [ app_end ] --END-- [ RunTime:0.000771s ]

[ 2018-04-13T22:07:04+08:00 ] ::1 /index.php/home/xg
INFO: [ app_init ] --START--
INFO: Run Behavior\BuildLiteBehavior [ RunTime:0.000020s ]
INFO: [ app_init ] --END-- [ RunTime:0.022003s ]
INFO: [ app_begin ] --START--
INFO: Run Behavior\ReadHtmlCacheBehavior [ RunTime:0.011636s ]
INFO: [ app_begin ] --END-- [ RunTime:0.011766s ]
SQL: SHOW COLUMNS FROM `jg` [ RunTime:0.0309s ]
SQL: SELECT COUNT(*) AS tp_count FROM `jg` LIMIT 1   [ RunTime:0.0377s ]
SQL: SELECT `id`,`riq`,`gold`,`silver`,`silver1`,`pd`,`ru`,`pt`,`rh`,`yr`,`jcpd`,`jcpt` FROM `jg` ORDER BY riq desc LIMIT 0,13   [ RunTime:0.0018s ]
INFO: [ view_parse ] --START--
INFO: [ template_filter ] --START--
INFO: Run Behavior\ContentReplaceBehavior [ RunTime:0.015407s ]
INFO: [ template_filter ] --END-- [ RunTime:0.015557s ]
INFO: Run Behavior\ParseTemplateBehavior [ RunTime:0.093280s ]
INFO: [ view_parse ] --END-- [ RunTime:0.093382s ]
INFO: [ view_filter ] --START--
INFO: Run Behavior\WriteHtmlCacheBehavior [ RunTime:0.008601s ]
INFO: [ view_filter ] --END-- [ RunTime:0.008706s ]
INFO: [ app_end ] --START--
INFO: Run Behavior\ShowPageTraceBehavior [ RunTime:0.007182s ]
INFO: [ app_end ] --END-- [ RunTime:0.007375s ]

[ 2018-04-13T22:07:08+08:00 ] ::1 /index.php/Home/Kh/
INFO: [ app_init ] --START--
INFO: Run Behavior\BuildLiteBehavior [ RunTime:0.000022s ]
INFO: [ app_init ] --END-- [ RunTime:0.000466s ]
INFO: [ app_begin ] --START--
INFO: Run Behavior\ReadHtmlCacheBehavior [ RunTime:0.000508s ]
INFO: [ app_begin ] --END-- [ RunTime:0.000576s ]
SQL: SHOW COLUMNS FROM `k` [ RunTime:0.0262s ]
SQL: SELECT COUNT(*) AS tp_count FROM `k` LIMIT 1   [ RunTime:0.0021s ]
SQL: SELECT `k_id`,`k_m`,`k_hkfs`,`k_shdq`,`k_zdate`,`k_shm`,`k_shdz`,`k_lxr`,`k_hy`,`k_tel`,`k_sj`,`k_fax`,`k_yb`,`k_email`,`k_bz`,`片区`,`营销员`,`k_dzbq` FROM `k` ORDER BY k_id desc LIMIT 0,13   [ RunTime:0.0007s ]
INFO: [ view_parse ] --START--
INFO: [ template_filter ] --START--
INFO: Run Behavior\ContentReplaceBehavior [ RunTime:0.000219s ]
INFO: [ template_filter ] --END-- [ RunTime:0.000330s ]
INFO: Run Behavior\ParseTemplateBehavior [ RunTime:0.042838s ]
INFO: [ view_parse ] --END-- [ RunTime:0.042933s ]
INFO: [ view_filter ] --START--
INFO: Run Behavior\WriteHtmlCacheBehavior [ RunTime:0.000343s ]
INFO: [ view_filter ] --END-- [ RunTime:0.000398s ]
INFO: [ app_end ] --START--
INFO: Run Behavior\ShowPageTraceBehavior [ RunTime:0.000932s ]
INFO: [ app_end ] --END-- [ RunTime:0.001025s ]

[ 2018-04-13T22:38:21+08:00 ] ::1 /index.php/home/xg
INFO: [ app_init ] --START--
INFO: Run Behavior\BuildLiteBehavior [ RunTime:0.000023s ]
INFO: [ app_init ] --END-- [ RunTime:0.000570s ]
INFO: [ app_begin ] --START--
INFO: Run Behavior\ReadHtmlCacheBehavior [ RunTime:0.000729s ]
INFO: [ app_begin ] --END-- [ RunTime:0.000812s ]
ERR: 无法加载控制器:Xg

[ 2018-04-13T22:41:01+08:00 ] ::1 /index.php/home/xg
INFO: [ app_init ] --START--
INFO: Run Behavior\BuildLiteBehavior [ RunTime:0.000030s ]
INFO: [ app_init ] --END-- [ RunTime:0.000780s ]
INFO: [ app_begin ] --START--
INFO: Run Behavior\ReadHtmlCacheBehavior [ RunTime:0.001323s ]
INFO: [ app_begin ] --END-- [ RunTime:0.001473s ]
ERR: 无法加载控制器:Xg

[ 2018-04-13T22:41:04+08:00 ] ::1 /index.php/home/xg
INFO: [ app_init ] --START--
INFO: Run Behavior\BuildLiteBehavior [ RunTime:0.000018s ]
INFO: [ app_init ] --END-- [ RunTime:0.000427s ]
INFO: [ app_begin ] --START--
INFO: Run Behavior\ReadHtmlCacheBehavior [ RunTime:0.000586s ]
INFO: [ app_begin ] --END-- [ RunTime:0.000665s ]
ERR: 无法加载控制器:Xg

[ 2018-04-13T22:41:31+08:00 ] ::1 /index.php/home/xg
INFO: [ app_init ] --START--
INFO: Run Behavior\BuildLiteBehavior [ RunTime:0.000023s ]
INFO: [ app_init ] --END-- [ RunTime:0.000618s ]
INFO: [ app_begin ] --START--
INFO: Run Behavior\ReadHtmlCacheBehavior [ RunTime:0.003209s ]
INFO: [ app_begin ] --END-- [ RunTime:0.003498s ]
SQL: SHOW COLUMNS FROM `k` [ RunTime:0.0102s ]
SQL: SELECT COUNT(*) AS tp_count FROM `k` LIMIT 1   [ RunTime:0.0006s ]
SQL: SELECT `k_id`,`k_m`,`k_hkfs`,`k_shdq`,`k_zdate`,`k_shm`,`k_shdz`,`k_lxr`,`k_hy`,`k_tel`,`k_sj`,`k_fax`,`k_yb`,`k_email`,`k_bz`,`片区`,`营销员`,`k_dzbq` FROM `k` ORDER BY k_id desc LIMIT 0,13   [ RunTime:0.0014s ]
INFO: [ view_parse ] --START--
INFO: [ template_filter ] --START--
INFO: Run Behavior\ContentReplaceBehavior [ RunTime:0.000124s ]
INFO: [ template_filter ] --END-- [ RunTime:0.000190s ]
INFO: Run Behavior\ParseTemplateBehavior [ RunTime:0.015559s ]
INFO: [ view_parse ] --END-- [ RunTime:0.015642s ]
INFO: [ view_filter ] --START--
INFO: Run Behavior\WriteHtmlCacheBehavior [ RunTime:0.000501s ]
INFO: [ view_filter ] --END-- [ RunTime:0.000551s ]
INFO: [ app_end ] --START--
INFO: Run Behavior\ShowPageTraceBehavior [ RunTime:0.001155s ]
INFO: [ app_end ] --END-- [ RunTime:0.001259s ]

[ 2018-04-13T22:46:22+08:00 ] ::1 /index.php/Home/Xg/index.html?search=%E4%BA%8C%E5%A8%83&cxfs=jqcx
INFO: [ app_init ] --START--
INFO: Run Behavior\BuildLiteBehavior [ RunTime:0.000048s ]
INFO: [ app_init ] --END-- [ RunTime:0.001122s ]
INFO: [ app_begin ] --START--
INFO: Run Behavior\ReadHtmlCacheBehavior [ RunTime:0.001017s ]
INFO: [ app_begin ] --END-- [ RunTime:0.001134s ]
NOTIC: [8] Use of undefined constant jqcx - assumed 'jqcx' D:\xampp\htdocs\Application\Home\Controller\XgController.class.php 第 12 行.
SQL: SHOW COLUMNS FROM `k` [ RunTime:0.0105s ]
ERR: 1054:Unknown column '二娃' in 'where clause'
 [ SQL语句 ] : SELECT COUNT(*) AS tp_count FROM `k` WHERE ( 二娃 ) LIMIT 1  
ERR: 1054:Unknown column '二娃' in 'where clause'
 [ SQL语句 ] : SELECT COUNT(*) AS tp_count FROM `k` WHERE ( 二娃 ) LIMIT 1  

[ 2018-04-13T22:49:48+08:00 ] ::1 /index.php/home/xg
INFO: [ app_init ] --START--
INFO: Run Behavior\BuildLiteBehavior [ RunTime:0.000025s ]
INFO: [ app_init ] --END-- [ RunTime:0.000757s ]
INFO: [ app_begin ] --START--
INFO: Run Behavior\ReadHtmlCacheBehavior [ RunTime:0.001106s ]
INFO: [ app_begin ] --END-- [ RunTime:0.001239s ]
SQL: SHOW COLUMNS FROM `k` [ RunTime:0.0143s ]
SQL: SELECT COUNT(*) AS tp_count FROM `k` LIMIT 1   [ RunTime:0.0013s ]
SQL: SELECT `k_id`,`k_m`,`k_hkfs`,`k_shdq`,`k_zdate`,`k_shm`,`k_shdz`,`k_lxr`,`k_hy`,`k_tel`,`k_sj`,`k_fax`,`k_yb`,`k_email`,`k_bz`,`片区`,`营销员`,`k_dzbq` FROM `k` ORDER BY k_id desc LIMIT 0,13   [ RunTime:0.0010s ]
INFO: [ view_parse ] --START--
INFO: [ template_filter ] --START--
INFO: Run Behavior\ContentReplaceBehavior [ RunTime:0.000270s ]
INFO: [ template_filter ] --END-- [ RunTime:0.000424s ]
INFO: Run Behavior\ParseTemplateBehavior [ RunTime:0.028294s ]
INFO: [ view_parse ] --END-- [ RunTime:0.028427s ]
INFO: [ view_filter ] --START--
INFO: Run Behavior\WriteHtmlCacheBehavior [ RunTime:0.000816s ]
INFO: [ view_filter ] --END-- [ RunTime:0.000906s ]
INFO: [ app_end ] --START--
INFO: Run Behavior\ShowPageTraceBehavior [ RunTime:0.001581s ]
INFO: [ app_end ] --END-- [ RunTime:0.001710s ]

[ 2018-04-13T22:49:49+08:00 ] ::1 /index.php/home/xg
INFO: [ app_init ] --START--
INFO: Run Behavior\BuildLiteBehavior [ RunTime:0.000034s ]
INFO: [ app_init ] --END-- [ RunTime:0.000933s ]
INFO: [ app_begin ] --START--
INFO: Run Behavior\ReadHtmlCacheBehavior [ RunTime:0.001097s ]
INFO: [ app_begin ] --END-- [ RunTime:0.001238s ]
SQL: SHOW COLUMNS FROM `k` [ RunTime:0.0145s ]
SQL: SELECT COUNT(*) AS tp_count FROM `k` LIMIT 1   [ RunTime:0.0011s ]
SQL: SELECT `k_id`,`k_m`,`k_hkfs`,`k_shdq`,`k_zdate`,`k_shm`,`k_shdz`,`k_lxr`,`k_hy`,`k_tel`,`k_sj`,`k_fax`,`k_yb`,`k_email`,`k_bz`,`片区`,`营销员`,`k_dzbq` FROM `k` ORDER BY k_id desc LIMIT 0,13   [ RunTime:0.0012s ]
INFO: [ view_parse ] --START--
INFO: [ template_filter ] --START--
INFO: Run Behavior\ContentReplaceBehavior [ RunTime:0.000327s ]
INFO: [ template_filter ] --END-- [ RunTime:0.000500s ]
INFO: Run Behavior\ParseTemplateBehavior [ RunTime:0.037803s ]
INFO: [ view_parse ] --END-- [ RunTime:0.037972s ]
INFO: [ view_filter ] --START--
INFO: Run Behavior\WriteHtmlCacheBehavior [ RunTime:0.001397s ]
INFO: [ view_filter ] --END-- [ RunTime:0.001613s ]
INFO: [ app_end ] --START--
INFO: Run Behavior\ShowPageTraceBehavior [ RunTime:0.001380s ]
INFO: [ app_end ] --END-- [ RunTime:0.001535s ]

[ 2018-04-13T22:49:54+08:00 ] ::1 /index.php/Home/Xg/index.html?search=%E5%8E%BB&cxfs=jqcx
INFO: [ app_init ] --START--
INFO: Run Behavior\BuildLiteBehavior [ RunTime:0.000032s ]
INFO: [ app_init ] --END-- [ RunTime:0.000642s ]
INFO: [ app_begin ] --START--
INFO: Run Behavior\ReadHtmlCacheBehavior [ RunTime:0.000819s ]
INFO: [ app_begin ] --END-- [ RunTime:0.000937s ]
NOTIC: [8] Use of undefined constant jqcx - assumed 'jqcx' D:\xampp\htdocs\Application\Home\Controller\XgController.class.php 第 12 行.
SQL: SHOW COLUMNS FROM `k` [ RunTime:0.0092s ]
ERR: 1054:Unknown column 'k_dz' in 'where clause'
 [ SQL语句 ] : SELECT COUNT(*) AS tp_count FROM `k` WHERE ( `k_m` = '去' OR `k_dz` = '去' OR `k_lxr` = '去' ) LIMIT 1  
ERR: 1054:Unknown column 'k_dz' in 'where clause'
 [ SQL语句 ] : SELECT COUNT(*) AS tp_count FROM `k` WHERE ( `k_m` = '去' OR `k_dz` = '去' OR `k_lxr` = '去' ) LIMIT 1  

[ 2018-04-13T22:51:49+08:00 ] ::1 /index.php/home/xg
INFO: [ app_init ] --START--
INFO: Run Behavior\BuildLiteBehavior [ RunTime:0.000026s ]
INFO: [ app_init ] --END-- [ RunTime:0.001148s ]
INFO: [ app_begin ] --START--
INFO: Run Behavior\ReadHtmlCacheBehavior [ RunTime:0.000916s ]
INFO: [ app_begin ] --END-- [ RunTime:0.001020s ]
SQL: SHOW COLUMNS FROM `k` [ RunTime:0.0123s ]
SQL: SELECT COUNT(*) AS tp_count FROM `k` LIMIT 1   [ RunTime:0.0006s ]
SQL: SELECT `k_id`,`k_m`,`k_hkfs`,`k_shdq`,`k_zdate`,`k_shm`,`k_shdz`,`k_lxr`,`k_hy`,`k_tel`,`k_sj`,`k_fax`,`k_yb`,`k_email`,`k_bz`,`片区`,`营销员`,`k_dzbq` FROM `k` ORDER BY k_id desc LIMIT 0,13   [ RunTime:0.0007s ]
INFO: [ view_parse ] --START--
INFO: [ template_filter ] --START--
INFO: Run Behavior\ContentReplaceBehavior [ RunTime:0.000161s ]
INFO: [ template_filter ] --END-- [ RunTime:0.000254s ]
INFO: Run Behavior\ParseTemplateBehavior [ RunTime:0.016147s ]
INFO: [ view_parse ] --END-- [ RunTime:0.016261s ]
INFO: [ view_filter ] --START--
INFO: Run Behavior\WriteHtmlCacheBehavior [ RunTime:0.000667s ]
INFO: [ view_filter ] --END-- [ RunTime:0.000782s ]
INFO: [ app_end ] --START--
INFO: Run Behavior\ShowPageTraceBehavior [ RunTime:0.001128s ]
INFO: [ app_end ] --END-- [ RunTime:0.001238s ]

[ 2018-04-13T22:51:54+08:00 ] ::1 /index.php/Home/Xg/index.html?search=%E7%9A%84&cxfs=jqcx
INFO: [ app_init ] --START--
INFO: Run Behavior\BuildLiteBehavior [ RunTime:0.000025s ]
INFO: [ app_init ] --END-- [ RunTime:0.000720s ]
INFO: [ app_begin ] --START--
INFO: Run Behavior\ReadHtmlCacheBehavior [ RunTime:0.001245s ]
INFO: [ app_begin ] --END-- [ RunTime:0.001395s ]
NOTIC: [8] Use of undefined constant jqcx - assumed 'jqcx' D:\xampp\htdocs\Application\Home\Controller\XgController.class.php 第 12 行.
SQL: SHOW COLUMNS FROM `k` [ RunTime:0.0106s ]
SQL: SELECT COUNT(*) AS tp_count FROM `k` LIMIT 1   [ RunTime:0.0008s ]
SQL: SELECT `k_id`,`k_m`,`k_hkfs`,`k_shdq`,`k_zdate`,`k_shm`,`k_shdz`,`k_lxr`,`k_hy`,`k_tel`,`k_sj`,`k_fax`,`k_yb`,`k_email`,`k_bz`,`片区`,`营销员`,`k_dzbq` FROM `k` ORDER BY k_id desc LIMIT 0,13   [ RunTime:0.0012s ]
INFO: [ view_parse ] --START--
INFO: [ template_filter ] --START--
INFO: Run Behavior\ContentReplaceBehavior [ RunTime:0.000205s ]
INFO: [ template_filter ] --END-- [ RunTime:0.000304s ]
INFO: Run Behavior\ParseTemplateBehavior [ RunTime:0.019264s ]
INFO: [ view_parse ] --END-- [ RunTime:0.019369s ]
INFO: [ view_filter ] --START--
INFO: Run Behavior\WriteHtmlCacheBehavior [ RunTime:0.000616s ]
INFO: [ view_filter ] --END-- [ RunTime:0.000707s ]
INFO: [ app_end ] --START--
INFO: Run Behavior\ShowPageTraceBehavior [ RunTime:0.001147s ]
INFO: [ app_end ] --END-- [ RunTime:0.001258s ]

[ 2018-04-13T22:52:05+08:00 ] ::1 /index.php/Home/Xg/index.html?search=%E6%92%92%E7%9A%84%E5%8F%91&cxfs=jqcx
INFO: [ app_init ] --START--
INFO: Run Behavior\BuildLiteBehavior [ RunTime:0.000014s ]
INFO: [ app_init ] --END-- [ RunTime:0.000378s ]
INFO: [ app_begin ] --START--
INFO: Run Behavior\ReadHtmlCacheBehavior [ RunTime:0.000531s ]
INFO: [ app_begin ] --END-- [ RunTime:0.000587s ]
NOTIC: [8] Use of undefined constant jqcx - assumed 'jqcx' D:\xampp\htdocs\Application\Home\Controller\XgController.class.php 第 12 行.
SQL: SHOW COLUMNS FROM `k` [ RunTime:0.0087s ]
SQL: SELECT COUNT(*) AS tp_count FROM `k` LIMIT 1   [ RunTime:0.0005s ]
SQL: SELECT `k_id`,`k_m`,`k_hkfs`,`k_shdq`,`k_zdate`,`k_shm`,`k_shdz`,`k_lxr`,`k_hy`,`k_tel`,`k_sj`,`k_fax`,`k_yb`,`k_email`,`k_bz`,`片区`,`营销员`,`k_dzbq` FROM `k` ORDER BY k_id desc LIMIT 0,13   [ RunTime:0.0005s ]
INFO: [ view_parse ] --START--
INFO: [ template_filter ] --START--
INFO: Run Behavior\ContentReplaceBehavior [ RunTime:0.000112s ]
INFO: [ template_filter ] --END-- [ RunTime:0.000164s ]
INFO: Run Behavior\ParseTemplateBehavior [ RunTime:0.011522s ]
INFO: [ view_parse ] --END-- [ RunTime:0.011584s ]
INFO: [ view_filter ] --START--
INFO: Run Behavior\WriteHtmlCacheBehavior [ RunTime:0.000366s ]
INFO: [ view_filter ] --END-- [ RunTime:0.000408s ]
INFO: [ app_end ] --START--
INFO: Run Behavior\ShowPageTraceBehavior [ RunTime:0.000559s ]
INFO: [ app_end ] --END-- [ RunTime:0.000606s ]

[ 2018-04-13T22:52:41+08:00 ] ::1 /index.php/Home/Xg/index.html?search=%E6%83%A0%E5%B7%9E%E6%AF%94%E4%BA%9A%E8%BF%AA%E5%AE%9E%E4%B8%9A%E6%9C%89%E9%99%90%E5%85%AC%E5%8F%B8&cxfs=jqcx
INFO: [ app_init ] --START--
INFO: Run Behavior\BuildLiteBehavior [ RunTime:0.000014s ]
INFO: [ app_init ] --END-- [ RunTime:0.000354s ]
INFO: [ app_begin ] --START--
INFO: Run Behavior\ReadHtmlCacheBehavior [ RunTime:0.000457s ]
INFO: [ app_begin ] --END-- [ RunTime:0.000518s ]
NOTIC: [8] Use of undefined constant jqcx - assumed 'jqcx' D:\xampp\htdocs\Application\Home\Controller\XgController.class.php 第 12 行.
SQL: SHOW COLUMNS FROM `k` [ RunTime:0.0078s ]
SQL: SELECT COUNT(*) AS tp_count FROM `k` WHERE `k_m` = '惠州比亚迪实业有限公司' LIMIT 1   [ RunTime:0.0005s ]
SQL: SELECT `k_id`,`k_m`,`k_hkfs`,`k_shdq`,`k_zdate`,`k_shm`,`k_shdz`,`k_lxr`,`k_hy`,`k_tel`,`k_sj`,`k_fax`,`k_yb`,`k_email`,`k_bz`,`片区`,`营销员`,`k_dzbq` FROM `k` WHERE `k_m` = '惠州比亚迪实业有限公司' ORDER BY k_id desc LIMIT 0,13   [ RunTime:0.0015s ]
INFO: [ view_parse ] --START--
INFO: [ template_filter ] --START--
INFO: Run Behavior\ContentReplaceBehavior [ RunTime:0.000124s ]
INFO: [ template_filter ] --END-- [ RunTime:0.000198s ]
INFO: Run Behavior\ParseTemplateBehavior [ RunTime:0.010503s ]
INFO: [ view_parse ] --END-- [ RunTime:0.010567s ]
INFO: [ view_filter ] --START--
INFO: Run Behavior\WriteHtmlCacheBehavior [ RunTime:0.000247s ]
INFO: [ view_filter ] --END-- [ RunTime:0.000289s ]
INFO: [ app_end ] --START--
INFO: Run Behavior\ShowPageTraceBehavior [ RunTime:0.000887s ]
INFO: [ app_end ] --END-- [ RunTime:0.000978s ]

[ 2018-04-13T22:52:57+08:00 ] ::1 /index.php/Home/Xg/index.html?search=%E6%AF%94%E4%BA%9A%E8%BF%AA&cxfs=jqcx
INFO: [ app_init ] --START--
INFO: Run Behavior\BuildLiteBehavior [ RunTime:0.000021s ]
INFO: [ app_init ] --END-- [ RunTime:0.000502s ]
INFO: [ app_begin ] --START--
INFO: Run Behavior\ReadHtmlCacheBehavior [ RunTime:0.000672s ]
INFO: [ app_begin ] --END-- [ RunTime:0.000756s ]
NOTIC: [8] Use of undefined constant jqcx - assumed 'jqcx' D:\xampp\htdocs\Application\Home\Controller\XgController.class.php 第 12 行.
SQL: SHOW COLUMNS FROM `k` [ RunTime:0.0119s ]
SQL: SELECT COUNT(*) AS tp_count FROM `k` WHERE `k_m` = '比亚迪' LIMIT 1   [ RunTime:0.0012s ]
SQL: SELECT `k_id`,`k_m`,`k_hkfs`,`k_shdq`,`k_zdate`,`k_shm`,`k_shdz`,`k_lxr`,`k_hy`,`k_tel`,`k_sj`,`k_fax`,`k_yb`,`k_email`,`k_bz`,`片区`,`营销员`,`k_dzbq` FROM `k` WHERE `k_m` = '比亚迪' ORDER BY k_id desc LIMIT 0,13   [ RunTime:0.0025s ]
INFO: [ view_parse ] --START--
INFO: [ template_filter ] --START--
INFO: Run Behavior\ContentReplaceBehavior [ RunTime:0.000173s ]
INFO: [ template_filter ] --END-- [ RunTime:0.000264s ]
INFO: Run Behavior\ParseTemplateBehavior [ RunTime:0.021696s ]
INFO: [ view_parse ] --END-- [ RunTime:0.021866s ]
INFO: [ view_filter ] --START--
INFO: Run Behavior\WriteHtmlCacheBehavior [ RunTime:0.000599s ]
INFO: [ view_filter ] --END-- [ RunTime:0.000716s ]
INFO: [ app_end ] --START--
INFO: Run Behavior\ShowPageTraceBehavior [ RunTime:0.001178s ]
INFO: [ app_end ] --END-- [ RunTime:0.001323s ]

[ 2018-04-13T22:54:00+08:00 ] ::1 /index.php/Home/Xg/index.html?search=%E5%92%96%E5%95%A1%E6%9C%BA&cxfs=mhcx
INFO: [ app_init ] --START--
INFO: Run Behavior\BuildLiteBehavior [ RunTime:0.000012s ]
INFO: [ app_init ] --END-- [ RunTime:0.000351s ]
INFO: [ app_begin ] --START--
INFO: Run Behavior\ReadHtmlCacheBehavior [ RunTime:0.000763s ]
INFO: [ app_begin ] --END-- [ RunTime:0.000849s ]
NOTIC: [8] Use of undefined constant jqcx - assumed 'jqcx' D:\xampp\htdocs\Application\Home\Controller\XgController.class.php 第 12 行.
NOTIC: [8] Use of undefined constant mhcx - assumed 'mhcx' D:\xampp\htdocs\Application\Home\Controller\XgController.class.php 第 16 行.
SQL: SHOW COLUMNS FROM `k` [ RunTime:0.0057s ]
SQL: SELECT COUNT(*) AS tp_count FROM `k` WHERE `k_m` LIKE '%咖啡机%' LIMIT 1   [ RunTime:0.0007s ]
SQL: SELECT `k_id`,`k_m`,`k_hkfs`,`k_shdq`,`k_zdate`,`k_shm`,`k_shdz`,`k_lxr`,`k_hy`,`k_tel`,`k_sj`,`k_fax`,`k_yb`,`k_email`,`k_bz`,`片区`,`营销员`,`k_dzbq` FROM `k` WHERE `k_m` LIKE '%咖啡机%' ORDER BY k_id desc LIMIT 0,13   [ RunTime:0.0014s ]
INFO: [ view_parse ] --START--
INFO: [ template_filter ] --START--
INFO: Run Behavior\ContentReplaceBehavior [ RunTime:0.000103s ]
INFO: [ template_filter ] --END-- [ RunTime:0.000155s ]
INFO: Run Behavior\ParseTemplateBehavior [ RunTime:0.011810s ]
INFO: [ view_parse ] --END-- [ RunTime:0.011907s ]
INFO: [ view_filter ] --START--
INFO: Run Behavior\WriteHtmlCacheBehavior [ RunTime:0.000264s ]
INFO: [ view_filter ] --END-- [ RunTime:0.000303s ]
INFO: [ app_end ] --START--
INFO: Run Behavior\ShowPageTraceBehavior [ RunTime:0.000495s ]
INFO: [ app_end ] --END-- [ RunTime:0.000547s ]

[ 2018-04-13T22:54:05+08:00 ] ::1 /index.php/Home/Xg/index.html?search=%E6%AF%94%E4%BA%9A&cxfs=mhcx
INFO: [ app_init ] --START--
INFO: Run Behavior\BuildLiteBehavior [ RunTime:0.000013s ]
INFO: [ app_init ] --END-- [ RunTime:0.000327s ]
INFO: [ app_begin ] --START--
INFO: Run Behavior\ReadHtmlCacheBehavior [ RunTime:0.000431s ]
INFO: [ app_begin ] --END-- [ RunTime:0.000483s ]
NOTIC: [8] Use of undefined constant jqcx - assumed 'jqcx' D:\xampp\htdocs\Application\Home\Controller\XgController.class.php 第 12 行.
NOTIC: [8] Use of undefined constant mhcx - assumed 'mhcx' D:\xampp\htdocs\Application\Home\Controller\XgController.class.php 第 16 行.
SQL: SHOW COLUMNS FROM `k` [ RunTime:0.0088s ]
SQL: SELECT COUNT(*) AS tp_count FROM `k` WHERE `k_m` LIKE '%比亚%' LIMIT 1   [ RunTime:0.0006s ]
SQL: SELECT `k_id`,`k_m`,`k_hkfs`,`k_shdq`,`k_zdate`,`k_shm`,`k_shdz`,`k_lxr`,`k_hy`,`k_tel`,`k_sj`,`k_fax`,`k_yb`,`k_email`,`k_bz`,`片区`,`营销员`,`k_dzbq` FROM `k` WHERE `k_m` LIKE '%比亚%' ORDER BY k_id desc LIMIT 0,13   [ RunTime:0.0014s ]
INFO: [ view_parse ] --START--
INFO: [ template_filter ] --START--
INFO: Run Behavior\ContentReplaceBehavior [ RunTime:0.000108s ]
INFO: [ template_filter ] --END-- [ RunTime:0.000175s ]
INFO: Run Behavior\ParseTemplateBehavior [ RunTime:0.010764s ]
INFO: [ view_parse ] --END-- [ RunTime:0.010829s ]
INFO: [ view_filter ] --START--
INFO: Run Behavior\WriteHtmlCacheBehavior [ RunTime:0.000290s ]
INFO: [ view_filter ] --END-- [ RunTime:0.000335s ]
INFO: [ app_end ] --START--
INFO: Run Behavior\ShowPageTraceBehavior [ RunTime:0.000536s ]
INFO: [ app_end ] --END-- [ RunTime:0.000594s ]

[ 2018-04-13T22:54:29+08:00 ] ::1 /index.php/Home/Xg/index.html?search=%E6%AF%94%E4%BA%9A&cxfs=mhcx
INFO: [ app_init ] --START--
INFO: Run Behavior\BuildLiteBehavior [ RunTime:0.000063s ]
INFO: [ app_init ] --END-- [ RunTime:0.002016s ]
INFO: [ app_begin ] --START--
INFO: Run Behavior\ReadHtmlCacheBehavior [ RunTime:0.001148s ]
INFO: [ app_begin ] --END-- [ RunTime:0.001274s ]
NOTIC: [8] Use of undefined constant jqcx - assumed 'jqcx' D:\xampp\htdocs\Application\Home\Controller\XgController.class.php 第 12 行.
NOTIC: [8] Use of undefined constant mhcx - assumed 'mhcx' D:\xampp\htdocs\Application\Home\Controller\XgController.class.php 第 16 行.
SQL: SHOW COLUMNS FROM `k` [ RunTime:0.0138s ]
SQL: SELECT COUNT(*) AS tp_count FROM `k` WHERE ( `k_m` LIKE '%比亚%' OR `k_lxr` LIKE '%比亚%' ) LIMIT 1   [ RunTime:0.0014s ]
SQL: SELECT `k_id`,`k_m`,`k_hkfs`,`k_shdq`,`k_zdate`,`k_shm`,`k_shdz`,`k_lxr`,`k_hy`,`k_tel`,`k_sj`,`k_fax`,`k_yb`,`k_email`,`k_bz`,`片区`,`营销员`,`k_dzbq` FROM `k` WHERE ( `k_m` LIKE '%比亚%' OR `k_lxr` LIKE '%比亚%' ) ORDER BY k_id desc LIMIT 0,13   [ RunTime:0.0044s ]
INFO: [ view_parse ] --START--
INFO: [ template_filter ] --START--
INFO: Run Behavior\ContentReplaceBehavior [ RunTime:0.000298s ]
INFO: [ template_filter ] --END-- [ RunTime:0.000455s ]
INFO: Run Behavior\ParseTemplateBehavior [ RunTime:0.026915s ]
INFO: [ view_parse ] --END-- [ RunTime:0.027036s ]
INFO: [ view_filter ] --START--
INFO: Run Behavior\WriteHtmlCacheBehavior [ RunTime:0.000898s ]
INFO: [ view_filter ] --END-- [ RunTime:0.000988s ]
INFO: [ app_end ] --START--
INFO: Run Behavior\ShowPageTraceBehavior [ RunTime:0.001314s ]
INFO: [ app_end ] --END-- [ RunTime:0.001454s ]

[ 2018-04-13T22:54:29+08:00 ] ::1 /index.php/Home/Xg/index.html?search=%E6%AF%94%E4%BA%9A&cxfs=mhcx
INFO: [ app_init ] --START--
INFO: Run Behavior\BuildLiteBehavior [ RunTime:0.000030s ]
INFO: [ app_init ] --END-- [ RunTime:0.000995s ]
INFO: [ app_begin ] --START--
INFO: Run Behavior\ReadHtmlCacheBehavior [ RunTime:0.001801s ]
INFO: [ app_begin ] --END-- [ RunTime:0.002365s ]
NOTIC: [8] Use of undefined constant jqcx - assumed 'jqcx' D:\xampp\htdocs\Application\Home\Controller\XgController.class.php 第 12 行.
NOTIC: [8] Use of undefined constant mhcx - assumed 'mhcx' D:\xampp\htdocs\Application\Home\Controller\XgController.class.php 第 16 行.
SQL: SHOW COLUMNS FROM `k` [ RunTime:0.0138s ]
SQL: SELECT COUNT(*) AS tp_count FROM `k` WHERE ( `k_m` LIKE '%比亚%' OR `k_lxr` LIKE '%比亚%' ) LIMIT 1   [ RunTime:0.0019s ]
SQL: SELECT `k_id`,`k_m`,`k_hkfs`,`k_shdq`,`k_zdate`,`k_shm`,`k_shdz`,`k_lxr`,`k_hy`,`k_tel`,`k_sj`,`k_fax`,`k_yb`,`k_email`,`k_bz`,`片区`,`营销员`,`k_dzbq` FROM `k` WHERE ( `k_m` LIKE '%比亚%' OR `k_lxr` LIKE '%比亚%' ) ORDER BY k_id desc LIMIT 0,13   [ RunTime:0.0040s ]
INFO: [ view_parse ] --START--
INFO: [ template_filter ] --START--
INFO: Run Behavior\ContentReplaceBehavior [ RunTime:0.000283s ]
INFO: [ template_filter ] --END-- [ RunTime:0.000431s ]
INFO: Run Behavior\ParseTemplateBehavior [ RunTime:0.026249s ]
INFO: [ view_parse ] --END-- [ RunTime:0.026419s ]
INFO: [ view_filter ] --START--
INFO: Run Behavior\WriteHtmlCacheBehavior [ RunTime:0.000749s ]
INFO: [ view_filter ] --END-- [ RunTime:0.000863s ]
INFO: [ app_end ] --START--
INFO: Run Behavior\ShowPageTraceBehavior [ RunTime:0.001406s ]
INFO: [ app_end ] --END-- [ RunTime:0.001534s ]

[ 2018-04-13T22:54:30+08:00 ] ::1 /index.php/Home/Xg/index.html?search=%E6%AF%94%E4%BA%9A&cxfs=mhcx
INFO: [ app_init ] --START--
INFO: Run Behavior\BuildLiteBehavior [ RunTime:0.000033s ]
INFO: [ app_init ] --END-- [ RunTime:0.000837s ]
INFO: [ app_begin ] --START--
INFO: Run Behavior\ReadHtmlCacheBehavior [ RunTime:0.001051s ]
INFO: [ app_begin ] --END-- [ RunTime:0.001183s ]
NOTIC: [8] Use of undefined constant jqcx - assumed 'jqcx' D:\xampp\htdocs\Application\Home\Controller\XgController.class.php 第 12 行.
NOTIC: [8] Use of undefined constant mhcx - assumed 'mhcx' D:\xampp\htdocs\Application\Home\Controller\XgController.class.php 第 16 行.
SQL: SHOW COLUMNS FROM `k` [ RunTime:0.0107s ]
SQL: SELECT COUNT(*) AS tp_count FROM `k` WHERE ( `k_m` LIKE '%比亚%' OR `k_lxr` LIKE '%比亚%' ) LIMIT 1   [ RunTime:0.0014s ]
SQL: SELECT `k_id`,`k_m`,`k_hkfs`,`k_shdq`,`k_zdate`,`k_shm`,`k_shdz`,`k_lxr`,`k_hy`,`k_tel`,`k_sj`,`k_fax`,`k_yb`,`k_email`,`k_bz`,`片区`,`营销员`,`k_dzbq` FROM `k` WHERE ( `k_m` LIKE '%比亚%' OR `k_lxr` LIKE '%比亚%' ) ORDER BY k_id desc LIMIT 0,13   [ RunTime:0.0041s ]
INFO: [ view_parse ] --START--
INFO: [ template_filter ] --START--
INFO: Run Behavior\ContentReplaceBehavior [ RunTime:0.000255s ]
INFO: [ template_filter ] --END-- [ RunTime:0.000365s ]
INFO: Run Behavior\ParseTemplateBehavior [ RunTime:0.023960s ]
INFO: [ view_parse ] --END-- [ RunTime:0.024091s ]
INFO: [ view_filter ] --START--
INFO: Run Behavior\WriteHtmlCacheBehavior [ RunTime:0.000427s ]
INFO: [ view_filter ] --END-- [ RunTime:0.000494s ]
INFO: [ app_end ] --START--
INFO: Run Behavior\ShowPageTraceBehavior [ RunTime:0.001345s ]
INFO: [ app_end ] --END-- [ RunTime:0.001654s ]

[ 2018-04-13T22:54:37+08:00 ] ::1 /index.php/Home/Xg/index.html?search=%E9%A9%AC&cxfs=mhcx
INFO: [ app_init ] --START--
INFO: Run Behavior\BuildLiteBehavior [ RunTime:0.000015s ]
INFO: [ app_init ] --END-- [ RunTime:0.000349s ]
INFO: [ app_begin ] --START--
INFO: Run Behavior\ReadHtmlCacheBehavior [ RunTime:0.000425s ]
INFO: [ app_begin ] --END-- [ RunTime:0.000481s ]
NOTIC: [8] Use of undefined constant jqcx - assumed 'jqcx' D:\xampp\htdocs\Application\Home\Controller\XgController.class.php 第 12 行.
NOTIC: [8] Use of undefined constant mhcx - assumed 'mhcx' D:\xampp\htdocs\Application\Home\Controller\XgController.class.php 第 16 行.
SQL: SHOW COLUMNS FROM `k` [ RunTime:0.0081s ]
SQL: SELECT COUNT(*) AS tp_count FROM `k` WHERE ( `k_m` LIKE '%马%' OR `k_lxr` LIKE '%马%' ) LIMIT 1   [ RunTime:0.0014s ]
SQL: SELECT `k_id`,`k_m`,`k_hkfs`,`k_shdq`,`k_zdate`,`k_shm`,`k_shdz`,`k_lxr`,`k_hy`,`k_tel`,`k_sj`,`k_fax`,`k_yb`,`k_email`,`k_bz`,`片区`,`营销员`,`k_dzbq` FROM `k` WHERE ( `k_m` LIKE '%马%' OR `k_lxr` LIKE '%马%' ) ORDER BY k_id desc LIMIT 0,13   [ RunTime:0.0021s ]
INFO: [ view_parse ] --START--
INFO: [ template_filter ] --START--
INFO: Run Behavior\ContentReplaceBehavior [ RunTime:0.000160s ]
INFO: [ template_filter ] --END-- [ RunTime:0.000255s ]
INFO: Run Behavior\ParseTemplateBehavior [ RunTime:0.016427s ]
INFO: [ view_parse ] --END-- [ RunTime:0.016528s ]
INFO: [ view_filter ] --START--
INFO: Run Behavior\WriteHtmlCacheBehavior [ RunTime:0.000456s ]
INFO: [ view_filter ] --END-- [ RunTime:0.000539s ]
INFO: [ app_end ] --START--
INFO: Run Behavior\ShowPageTraceBehavior [ RunTime:0.001006s ]
INFO: [ app_end ] --END-- [ RunTime:0.001104s ]

[ 2018-04-13T22:54:43+08:00 ] ::1 /index.php/Home/Xg/index.html?search=&cxfs=mhcx
INFO: [ app_init ] --START--
INFO: Run Behavior\BuildLiteBehavior [ RunTime:0.000018s ]
INFO: [ app_init ] --END-- [ RunTime:0.000434s ]
INFO: [ app_begin ] --START--
INFO: Run Behavior\ReadHtmlCacheBehavior [ RunTime:0.002119s ]
INFO: [ app_begin ] --END-- [ RunTime:0.002247s ]
SQL: SHOW COLUMNS FROM `k` [ RunTime:0.0101s ]
SQL: SELECT COUNT(*) AS tp_count FROM `k` LIMIT 1   [ RunTime:0.0005s ]
SQL: SELECT `k_id`,`k_m`,`k_hkfs`,`k_shdq`,`k_zdate`,`k_shm`,`k_shdz`,`k_lxr`,`k_hy`,`k_tel`,`k_sj`,`k_fax`,`k_yb`,`k_email`,`k_bz`,`片区`,`营销员`,`k_dzbq` FROM `k` ORDER BY k_id desc LIMIT 0,13   [ RunTime:0.0006s ]
INFO: [ view_parse ] --START--
INFO: [ template_filter ] --START--
INFO: Run Behavior\ContentReplaceBehavior [ RunTime:0.000124s ]
INFO: [ template_filter ] --END-- [ RunTime:0.000201s ]
INFO: Run Behavior\ParseTemplateBehavior [ RunTime:0.013733s ]
INFO: [ view_parse ] --END-- [ RunTime:0.013811s ]
INFO: [ view_filter ] --START--
INFO: Run Behavior\WriteHtmlCacheBehavior [ RunTime:0.000282s ]
INFO: [ view_filter ] --END-- [ RunTime:0.000331s ]
INFO: [ app_end ] --START--
INFO: Run Behavior\ShowPageTraceBehavior [ RunTime:0.000736s ]
INFO: [ app_end ] --END-- [ RunTime:0.000816s ]

[ 2018-04-13T22:54:48+08:00 ] ::1 /index.php/Home/Xg/index.html?search=%E9%A9%AC&cxfs=mhcx
INFO: [ app_init ] --START--
INFO: Run Behavior\BuildLiteBehavior [ RunTime:0.000014s ]
INFO: [ app_init ] --END-- [ RunTime:0.000333s ]
INFO: [ app_begin ] --START--
INFO: Run Behavior\ReadHtmlCacheBehavior [ RunTime:0.000422s ]
INFO: [ app_begin ] --END-- [ RunTime:0.000475s ]
NOTIC: [8] Use of undefined constant jqcx - assumed 'jqcx' D:\xampp\htdocs\Application\Home\Controller\XgController.class.php 第 12 行.
NOTIC: [8] Use of undefined constant mhcx - assumed 'mhcx' D:\xampp\htdocs\Application\Home\Controller\XgController.class.php 第 16 行.
SQL: SHOW COLUMNS FROM `k` [ RunTime:0.0095s ]
SQL: SELECT COUNT(*) AS tp_count FROM `k` WHERE ( `k_m` LIKE '%马%' OR `k_lxr` LIKE '%马%' ) LIMIT 1   [ RunTime:0.0012s ]
SQL: SELECT `k_id`,`k_m`,`k_hkfs`,`k_shdq`,`k_zdate`,`k_shm`,`k_shdz`,`k_lxr`,`k_hy`,`k_tel`,`k_sj`,`k_fax`,`k_yb`,`k_email`,`k_bz`,`片区`,`营销员`,`k_dzbq` FROM `k` WHERE ( `k_m` LIKE '%马%' OR `k_lxr` LIKE '%马%' ) ORDER BY k_id desc LIMIT 0,13   [ RunTime:0.0019s ]
INFO: [ view_parse ] --START--
INFO: [ template_filter ] --START--
INFO: Run Behavior\ContentReplaceBehavior [ RunTime:0.000098s ]
INFO: [ template_filter ] --END-- [ RunTime:0.000155s ]
INFO: Run Behavior\ParseTemplateBehavior [ RunTime:0.013064s ]
INFO: [ view_parse ] --END-- [ RunTime:0.013131s ]
INFO: [ view_filter ] --START--
INFO: Run Behavior\WriteHtmlCacheBehavior [ RunTime:0.000286s ]
INFO: [ view_filter ] --END-- [ RunTime:0.000328s ]
INFO: [ app_end ] --START--
INFO: Run Behavior\ShowPageTraceBehavior [ RunTime:0.000816s ]
INFO: [ app_end ] --END-- [ RunTime:0.000893s ]

[ 2018-04-13T23:31:24+08:00 ] ::1 /index.php/Home/Xg/index.html?search=%E7%94%9F&cxfs=mhcx
INFO: [ app_init ] --START--
INFO: Run Behavior\BuildLiteBehavior [ RunTime:0.000016s ]
INFO: [ app_init ] --END-- [ RunTime:0.000497s ]
INFO: [ app_begin ] --START--
INFO: Run Behavior\ReadHtmlCacheBehavior [ RunTime:0.000706s ]
INFO: [ app_begin ] --END-- [ RunTime:0.000780s ]
NOTIC: [8] Use of undefined constant jqcx - assumed 'jqcx' D:\xampp\htdocs\Application\Home\Controller\XgController.class.php 第 12 行.
NOTIC: [8] Use of undefined constant mhcx - assumed 'mhcx' D:\xampp\htdocs\Application\Home\Controller\XgController.class.php 第 16 行.
SQL: SHOW COLUMNS FROM `k` [ RunTime:0.0097s ]
SQL: SELECT COUNT(*) AS tp_count FROM `k` WHERE ( `k_m` LIKE '%生%' OR `k_lxr` LIKE '%生%' ) LIMIT 1   [ RunTime:0.0009s ]
SQL: SELECT `k_id`,`k_m`,`k_hkfs`,`k_shdq`,`k_zdate`,`k_shm`,`k_shdz`,`k_lxr`,`k_hy`,`k_tel`,`k_sj`,`k_fax`,`k_yb`,`k_email`,`k_bz`,`片区`,`营销员`,`k_dzbq` FROM `k` WHERE ( `k_m` LIKE '%生%' OR `k_lxr` LIKE '%生%' ) ORDER BY k_id desc LIMIT 0,13   [ RunTime:0.0019s ]
INFO: [ view_parse ] --START--
INFO: [ template_filter ] --START--
INFO: Run Behavior\ContentReplaceBehavior [ RunTime:0.000126s ]
INFO: [ template_filter ] --END-- [ RunTime:0.000192s ]
INFO: Run Behavior\ParseTemplateBehavior [ RunTime:0.013557s ]
INFO: [ view_parse ] --END-- [ RunTime:0.013634s ]
INFO: [ view_filter ] --START--
INFO: Run Behavior\WriteHtmlCacheBehavior [ RunTime:0.000362s ]
INFO: [ view_filter ] --END-- [ RunTime:0.000405s ]
INFO: [ app_end ] --START--
INFO: Run Behavior\ShowPageTraceBehavior [ RunTime:0.000994s ]
INFO: [ app_end ] --END-- [ RunTime:0.001075s ]

[ 2018-04-13T23:31:44+08:00 ] ::1 /index.php/Home/Xg/index.html?search=%E7%94%9F&cxfs=mhcx
INFO: [ app_init ] --START--
INFO: Run Behavior\BuildLiteBehavior [ RunTime:0.000017s ]
INFO: [ app_init ] --END-- [ RunTime:0.000430s ]
INFO: [ app_begin ] --START--
INFO: Run Behavior\ReadHtmlCacheBehavior [ RunTime:0.000738s ]
INFO: [ app_begin ] --END-- [ RunTime:0.000835s ]
NOTIC: [8] Use of undefined constant jqcx - assumed 'jqcx' D:\xampp\htdocs\Application\Home\Controller\XgController.class.php 第 12 行.
NOTIC: [8] Use of undefined constant mhcx - assumed 'mhcx' D:\xampp\htdocs\Application\Home\Controller\XgController.class.php 第 16 行.
SQL: SHOW COLUMNS FROM `k` [ RunTime:0.0106s ]
ERR: 1054:Unknown column 'k_dz' in 'where clause'
 [ SQL语句 ] : SELECT COUNT(*) AS tp_count FROM `k` WHERE ( `k_m` LIKE '%生%' OR `k_lxr` LIKE '%生%' OR `k_dz` LIKE '%生%' ) LIMIT 1  
ERR: 1054:Unknown column 'k_dz' in 'where clause'
 [ SQL语句 ] : SELECT COUNT(*) AS tp_count FROM `k` WHERE ( `k_m` LIKE '%生%' OR `k_lxr` LIKE '%生%' OR `k_dz` LIKE '%生%' ) LIMIT 1  

[ 2018-04-13T23:32:07+08:00 ] ::1 /index.php/Home/Xg/index.html?search=%E7%94%9F&cxfs=mhcx
INFO: [ app_init ] --START--
INFO: Run Behavior\BuildLiteBehavior [ RunTime:0.000037s ]
INFO: [ app_init ] --END-- [ RunTime:0.000957s ]
INFO: [ app_begin ] --START--
INFO: Run Behavior\ReadHtmlCacheBehavior [ RunTime:0.001312s ]
INFO: [ app_begin ] --END-- [ RunTime:0.001530s ]
NOTIC: [8] Use of undefined constant jqcx - assumed 'jqcx' D:\xampp\htdocs\Application\Home\Controller\XgController.class.php 第 12 行.
NOTIC: [8] Use of undefined constant mhcx - assumed 'mhcx' D:\xampp\htdocs\Application\Home\Controller\XgController.class.php 第 16 行.
SQL: SHOW COLUMNS FROM `k` [ RunTime:0.0123s ]
SQL: SELECT COUNT(*) AS tp_count FROM `k` WHERE ( `k_m` LIKE '%生%' OR `k_lxr` LIKE '%生%' OR `k_shdz` LIKE '%生%' ) LIMIT 1   [ RunTime:0.0019s ]
SQL: SELECT `k_id`,`k_m`,`k_hkfs`,`k_shdq`,`k_zdate`,`k_shm`,`k_shdz`,`k_lxr`,`k_hy`,`k_tel`,`k_sj`,`k_fax`,`k_yb`,`k_email`,`k_bz`,`片区`,`营销员`,`k_dzbq` FROM `k` WHERE ( `k_m` LIKE '%生%' OR `k_lxr` LIKE '%生%' OR `k_shdz` LIKE '%生%' ) ORDER BY k_id desc LIMIT 0,13   [ RunTime:0.0031s ]
INFO: [ view_parse ] --START--
INFO: [ template_filter ] --START--
INFO: Run Behavior\ContentReplaceBehavior [ RunTime:0.000312s ]
INFO: [ template_filter ] --END-- [ RunTime:0.000473s ]
INFO: Run Behavior\ParseTemplateBehavior [ RunTime:0.026078s ]
INFO: [ view_parse ] --END-- [ RunTime:0.026216s ]
INFO: [ view_filter ] --START--
INFO: Run Behavior\WriteHtmlCacheBehavior [ RunTime:0.000473s ]
INFO: [ view_filter ] --END-- [ RunTime:0.000555s ]
INFO: [ app_end ] --START--
INFO: Run Behavior\ShowPageTraceBehavior [ RunTime:0.001289s ]
INFO: [ app_end ] --END-- [ RunTime:0.001434s ]

[ 2018-04-13T23:32:11+08:00 ] ::1 /index.php/Home/Xg/index.html?search=k_shdz&cxfs=mhcx
INFO: [ app_init ] --START--
INFO: Run Behavior\BuildLiteBehavior [ RunTime:0.000017s ]
INFO: [ app_init ] --END-- [ RunTime:0.000384s ]
INFO: [ app_begin ] --START--
INFO: Run Behavior\ReadHtmlCacheBehavior [ RunTime:0.000459s ]
INFO: [ app_begin ] --END-- [ RunTime:0.000530s ]
NOTIC: [8] Use of undefined constant jqcx - assumed 'jqcx' D:\xampp\htdocs\Application\Home\Controller\XgController.class.php 第 12 行.
NOTIC: [8] Use of undefined constant mhcx - assumed 'mhcx' D:\xampp\htdocs\Application\Home\Controller\XgController.class.php 第 16 行.
SQL: SHOW COLUMNS FROM `k` [ RunTime:0.0094s ]
SQL: SELECT COUNT(*) AS tp_count FROM `k` WHERE ( `k_m` LIKE '%k_shdz%' OR `k_lxr` LIKE '%k_shdz%' OR `k_shdz` LIKE '%k_shdz%' ) LIMIT 1   [ RunTime:0.0014s ]
SQL: SELECT `k_id`,`k_m`,`k_hkfs`,`k_shdq`,`k_zdate`,`k_shm`,`k_shdz`,`k_lxr`,`k_hy`,`k_tel`,`k_sj`,`k_fax`,`k_yb`,`k_email`,`k_bz`,`片区`,`营销员`,`k_dzbq` FROM `k` WHERE ( `k_m` LIKE '%k_shdz%' OR `k_lxr` LIKE '%k_shdz%' OR `k_shdz` LIKE '%k_shdz%' ) ORDER BY k_id desc LIMIT 0,13   [ RunTime:0.0041s ]
INFO: [ view_parse ] --START--
INFO: [ template_filter ] --START--
INFO: Run Behavior\ContentReplaceBehavior [ RunTime:0.000212s ]
INFO: [ template_filter ] --END-- [ RunTime:0.000322s ]
INFO: Run Behavior\ParseTemplateBehavior [ RunTime:0.028792s ]
INFO: [ view_parse ] --END-- [ RunTime:0.028946s ]
INFO: [ view_filter ] --START--
INFO: Run Behavior\WriteHtmlCacheBehavior [ RunTime:0.000717s ]
INFO: [ view_filter ] --END-- [ RunTime:0.000844s ]
INFO: [ app_end ] --START--
INFO: Run Behavior\ShowPageTraceBehavior [ RunTime:0.001285s ]
INFO: [ app_end ] --END-- [ RunTime:0.001417s ]

[ 2018-04-13T23:32:17+08:00 ] ::1 /index.php/Home/Xg/index.html?search=k&cxfs=mhcx
INFO: [ app_init ] --START--
INFO: Run Behavior\BuildLiteBehavior [ RunTime:0.000013s ]
INFO: [ app_init ] --END-- [ RunTime:0.000302s ]
INFO: [ app_begin ] --START--
INFO: Run Behavior\ReadHtmlCacheBehavior [ RunTime:0.000385s ]
INFO: [ app_begin ] --END-- [ RunTime:0.000447s ]
NOTIC: [8] Use of undefined constant jqcx - assumed 'jqcx' D:\xampp\htdocs\Application\Home\Controller\XgController.class.php 第 12 行.
NOTIC: [8] Use of undefined constant mhcx - assumed 'mhcx' D:\xampp\htdocs\Application\Home\Controller\XgController.class.php 第 16 行.
SQL: SHOW COLUMNS FROM `k` [ RunTime:0.0065s ]
SQL: SELECT COUNT(*) AS tp_count FROM `k` WHERE ( `k_m` LIKE '%k%' OR `k_lxr` LIKE '%k%' OR `k_shdz` LIKE '%k%' ) LIMIT 1   [ RunTime:0.0013s ]
SQL: SELECT `k_id`,`k_m`,`k_hkfs`,`k_shdq`,`k_zdate`,`k_shm`,`k_shdz`,`k_lxr`,`k_hy`,`k_tel`,`k_sj`,`k_fax`,`k_yb`,`k_email`,`k_bz`,`片区`,`营销员`,`k_dzbq` FROM `k` WHERE ( `k_m` LIKE '%k%' OR `k_lxr` LIKE '%k%' OR `k_shdz` LIKE '%k%' ) ORDER BY k_id desc LIMIT 0,13   [ RunTime:0.0017s ]
INFO: [ view_parse ] --START--
INFO: [ template_filter ] --START--
INFO: Run Behavior\ContentReplaceBehavior [ RunTime:0.000098s ]
INFO: [ template_filter ] --END-- [ RunTime:0.000154s ]
INFO: Run Behavior\ParseTemplateBehavior [ RunTime:0.010795s ]
INFO: [ view_parse ] --END-- [ RunTime:0.010883s ]
INFO: [ view_filter ] --START--
INFO: Run Behavior\WriteHtmlCacheBehavior [ RunTime:0.000323s ]
INFO: [ view_filter ] --END-- [ RunTime:0.000377s ]
INFO: [ app_end ] --START--
INFO: Run Behavior\ShowPageTraceBehavior [ RunTime:0.000676s ]
INFO: [ app_end ] --END-- [ RunTime:0.000759s ]

[ 2018-04-13T23:32:19+08:00 ] ::1 /index.php/Home/Xg/index.html?search=&cxfs=mhcx
INFO: [ app_init ] --START--
INFO: Run Behavior\BuildLiteBehavior [ RunTime:0.000024s ]
INFO: [ app_init ] --END-- [ RunTime:0.000482s ]
INFO: [ app_begin ] --START--
INFO: Run Behavior\ReadHtmlCacheBehavior [ RunTime:0.000664s ]
INFO: [ app_begin ] --END-- [ RunTime:0.000758s ]
SQL: SHOW COLUMNS FROM `k` [ RunTime:0.0076s ]
SQL: SELECT COUNT(*) AS tp_count FROM `k` LIMIT 1   [ RunTime:0.0006s ]
SQL: SELECT `k_id`,`k_m`,`k_hkfs`,`k_shdq`,`k_zdate`,`k_shm`,`k_shdz`,`k_lxr`,`k_hy`,`k_tel`,`k_sj`,`k_fax`,`k_yb`,`k_email`,`k_bz`,`片区`,`营销员`,`k_dzbq` FROM `k` ORDER BY k_id desc LIMIT 0,13   [ RunTime:0.0006s ]
INFO: [ view_parse ] --START--
INFO: [ template_filter ] --START--
INFO: Run Behavior\ContentReplaceBehavior [ RunTime:0.000173s ]
INFO: [ template_filter ] --END-- [ RunTime:0.000260s ]
INFO: Run Behavior\ParseTemplateBehavior [ RunTime:0.014225s ]
INFO: [ view_parse ] --END-- [ RunTime:0.014331s ]
INFO: [ view_filter ] --START--
INFO: Run Behavior\WriteHtmlCacheBehavior [ RunTime:0.000598s ]
INFO: [ view_filter ] --END-- [ RunTime:0.000698s ]
INFO: [ app_end ] --START--
INFO: Run Behavior\ShowPageTraceBehavior [ RunTime:0.000799s ]
INFO: [ app_end ] --END-- [ RunTime:0.000910s ]

[ 2018-04-13T23:32:28+08:00 ] ::1 /index.php/Home/Xg/index.html?search=%E6%97%B6%E4%BB%A3&cxfs=mhcx
INFO: [ app_init ] --START--
INFO: Run Behavior\BuildLiteBehavior [ RunTime:0.000019s ]
INFO: [ app_init ] --END-- [ RunTime:0.000356s ]
INFO: [ app_begin ] --START--
INFO: Run Behavior\ReadHtmlCacheBehavior [ RunTime:0.000453s ]
INFO: [ app_begin ] --END-- [ RunTime:0.000514s ]
NOTIC: [8] Use of undefined constant jqcx - assumed 'jqcx' D:\xampp\htdocs\Application\Home\Controller\XgController.class.php 第 12 行.
NOTIC: [8] Use of undefined constant mhcx - assumed 'mhcx' D:\xampp\htdocs\Application\Home\Controller\XgController.class.php 第 16 行.
SQL: SHOW COLUMNS FROM `k` [ RunTime:0.0080s ]
SQL: SELECT COUNT(*) AS tp_count FROM `k` WHERE ( `k_m` LIKE '%时代%' OR `k_lxr` LIKE '%时代%' OR `k_shdz` LIKE '%时代%' ) LIMIT 1   [ RunTime:0.0012s ]
SQL: SELECT `k_id`,`k_m`,`k_hkfs`,`k_shdq`,`k_zdate`,`k_shm`,`k_shdz`,`k_lxr`,`k_hy`,`k_tel`,`k_sj`,`k_fax`,`k_yb`,`k_email`,`k_bz`,`片区`,`营销员`,`k_dzbq` FROM `k` WHERE ( `k_m` LIKE '%时代%' OR `k_lxr` LIKE '%时代%' OR `k_shdz` LIKE '%时代%' ) ORDER BY k_id desc LIMIT 0,13   [ RunTime:0.0024s ]
INFO: [ view_parse ] --START--
INFO: [ template_filter ] --START--
INFO: Run Behavior\ContentReplaceBehavior [ RunTime:0.000162s ]
INFO: [ template_filter ] --END-- [ RunTime:0.000240s ]
INFO: Run Behavior\ParseTemplateBehavior [ RunTime:0.016499s ]
INFO: [ view_parse ] --END-- [ RunTime:0.016612s ]
INFO: [ view_filter ] --START--
INFO: Run Behavior\WriteHtmlCacheBehavior [ RunTime:0.000491s ]
INFO: [ view_filter ] --END-- [ RunTime:0.000576s ]
INFO: [ app_end ] --START--
INFO: Run Behavior\ShowPageTraceBehavior [ RunTime:0.000989s ]
INFO: [ app_end ] --END-- [ RunTime:0.001104s ]

[ 2018-04-13T23:33:54+08:00 ] ::1 /index.php/Home/kh
INFO: [ app_init ] --START--
INFO: Run Behavior\BuildLiteBehavior [ RunTime:0.000022s ]
INFO: [ app_init ] --END-- [ RunTime:0.000551s ]
INFO: [ app_begin ] --START--
INFO: Run Behavior\ReadHtmlCacheBehavior [ RunTime:0.000620s ]
INFO: [ app_begin ] --END-- [ RunTime:0.000694s ]
SQL: SHOW COLUMNS FROM `k` [ RunTime:0.0174s ]
SQL: SELECT COUNT(*) AS tp_count FROM `k` LIMIT 1   [ RunTime:0.0010s ]
SQL: SELECT `k_id`,`k_m`,`k_hkfs`,`k_shdq`,`k_zdate`,`k_shm`,`k_shdz`,`k_lxr`,`k_hy`,`k_tel`,`k_sj`,`k_fax`,`k_yb`,`k_email`,`k_bz`,`片区`,`营销员`,`k_dzbq` FROM `k` ORDER BY k_id desc LIMIT 0,13   [ RunTime:0.0011s ]
INFO: [ view_parse ] --START--
INFO: [ template_filter ] --START--
INFO: Run Behavior\ContentReplaceBehavior [ RunTime:0.000252s ]
INFO: [ template_filter ] --END-- [ RunTime:0.000385s ]
INFO: Run Behavior\ParseTemplateBehavior [ RunTime:0.027243s ]
INFO: [ view_parse ] --END-- [ RunTime:0.027379s ]
INFO: [ view_filter ] --START--
INFO: Run Behavior\WriteHtmlCacheBehavior [ RunTime:0.000815s ]
INFO: [ view_filter ] --END-- [ RunTime:0.000917s ]
INFO: [ app_end ] --START--
INFO: Run Behavior\ShowPageTraceBehavior [ RunTime:0.001383s ]
INFO: [ app_end ] --END-- [ RunTime:0.001500s ]

[ 2018-04-13T23:33:58+08:00 ] ::1 /index.php/Home/Kh/index.html?search=%E8%92%8B&cxfs=mhcx
INFO: [ app_init ] --START--
INFO: Run Behavior\BuildLiteBehavior [ RunTime:0.000020s ]
INFO: [ app_init ] --END-- [ RunTime:0.000486s ]
INFO: [ app_begin ] --START--
INFO: Run Behavior\ReadHtmlCacheBehavior [ RunTime:0.000741s ]
INFO: [ app_begin ] --END-- [ RunTime:0.000814s ]
NOTIC: [8] Use of undefined constant jqcx - assumed 'jqcx' D:\xampp\htdocs\Application\Home\Controller\KhController.class.php 第 12 行.
NOTIC: [8] Use of undefined constant mhcx - assumed 'mhcx' D:\xampp\htdocs\Application\Home\Controller\KhController.class.php 第 16 行.
SQL: SHOW COLUMNS FROM `k` [ RunTime:0.0136s ]
ERR: 1064:You have an error in your SQL syntax; check the manual that corresponds to your MariaDB server version for the right syntax to use near 'like ) AND (  %蒋% ) LIMIT 1' at line 1
 [ SQL语句 ] : SELECT COUNT(*) AS tp_count FROM `k` WHERE (  like ) AND (  %蒋% ) LIMIT 1  
ERR: 1064:You have an error in your SQL syntax; check the manual that corresponds to your MariaDB server version for the right syntax to use near 'like ) AND (  %蒋% ) LIMIT 1' at line 1
 [ SQL语句 ] : SELECT COUNT(*) AS tp_count FROM `k` WHERE (  like ) AND (  %蒋% ) LIMIT 1  

[ 2018-04-13T23:34:49+08:00 ] ::1 /index.php/Home/Kh/index.html?search=%E8%92%8B&cxfs=mhcx
INFO: [ app_init ] --START--
INFO: Run Behavior\BuildLiteBehavior [ RunTime:0.000013s ]
INFO: [ app_init ] --END-- [ RunTime:0.000368s ]
INFO: [ app_begin ] --START--
INFO: Run Behavior\ReadHtmlCacheBehavior [ RunTime:0.000531s ]
INFO: [ app_begin ] --END-- [ RunTime:0.000586s ]
NOTIC: [8] Use of undefined constant jqcx - assumed 'jqcx' D:\xampp\htdocs\Application\Home\Controller\KhController.class.php 第 12 行.
NOTIC: [8] Use of undefined constant mhcx - assumed 'mhcx' D:\xampp\htdocs\Application\Home\Controller\KhController.class.php 第 16 行.
SQL: SHOW COLUMNS FROM `k` [ RunTime:0.0075s ]
SQL: SELECT COUNT(*) AS tp_count FROM `k` WHERE ( `k_m` LIKE '%蒋%' OR `k_shdz` LIKE '%蒋%' OR `k_lxr` LIKE '%蒋%' ) LIMIT 1   [ RunTime:0.0010s ]
SQL: SELECT `k_id`,`k_m`,`k_hkfs`,`k_shdq`,`k_zdate`,`k_shm`,`k_shdz`,`k_lxr`,`k_hy`,`k_tel`,`k_sj`,`k_fax`,`k_yb`,`k_email`,`k_bz`,`片区`,`营销员`,`k_dzbq` FROM `k` WHERE ( `k_m` LIKE '%蒋%' OR `k_shdz` LIKE '%蒋%' OR `k_lxr` LIKE '%蒋%' ) ORDER BY k_id desc LIMIT 0,13   [ RunTime:0.0017s ]
INFO: [ view_parse ] --START--
INFO: [ template_filter ] --START--
INFO: Run Behavior\ContentReplaceBehavior [ RunTime:0.000116s ]
INFO: [ template_filter ] --END-- [ RunTime:0.000168s ]
INFO: Run Behavior\ParseTemplateBehavior [ RunTime:0.011203s ]
INFO: [ view_parse ] --END-- [ RunTime:0.011268s ]
INFO: [ view_filter ] --START--
INFO: Run Behavior\WriteHtmlCacheBehavior [ RunTime:0.000405s ]
INFO: [ view_filter ] --END-- [ RunTime:0.000452s ]
INFO: [ app_end ] --START--
INFO: Run Behavior\ShowPageTraceBehavior [ RunTime:0.000638s ]
INFO: [ app_end ] --END-- [ RunTime:0.000692s ]

[ 2018-04-13T23:34:55+08:00 ] ::1 /index.php/Home/Kh/index.html?search=%E7%A0%94%E7%A9%B6%E6%89%80&cxfs=mhcx
INFO: [ app_init ] --START--
INFO: Run Behavior\BuildLiteBehavior [ RunTime:0.000014s ]
INFO: [ app_init ] --END-- [ RunTime:0.000387s ]
INFO: [ app_begin ] --START--
INFO: Run Behavior\ReadHtmlCacheBehavior [ RunTime:0.000536s ]
INFO: [ app_begin ] --END-- [ RunTime:0.000592s ]
NOTIC: [8] Use of undefined constant jqcx - assumed 'jqcx' D:\xampp\htdocs\Application\Home\Controller\KhController.class.php 第 12 行.
NOTIC: [8] Use of undefined constant mhcx - assumed 'mhcx' D:\xampp\htdocs\Application\Home\Controller\KhController.class.php 第 16 行.
SQL: SHOW COLUMNS FROM `k` [ RunTime:0.0073s ]
SQL: SELECT COUNT(*) AS tp_count FROM `k` WHERE ( `k_m` LIKE '%研究所%' OR `k_shdz` LIKE '%研究所%' OR `k_lxr` LIKE '%研究所%' ) LIMIT 1   [ RunTime:0.0009s ]
SQL: SELECT `k_id`,`k_m`,`k_hkfs`,`k_shdq`,`k_zdate`,`k_shm`,`k_shdz`,`k_lxr`,`k_hy`,`k_tel`,`k_sj`,`k_fax`,`k_yb`,`k_email`,`k_bz`,`片区`,`营销员`,`k_dzbq` FROM `k` WHERE ( `k_m` LIKE '%研究所%' OR `k_shdz` LIKE '%研究所%' OR `k_lxr` LIKE '%研究所%' ) ORDER BY k_id desc LIMIT 0,13   [ RunTime:0.0014s ]
INFO: [ view_parse ] --START--
INFO: [ template_filter ] --START--
INFO: Run Behavior\ContentReplaceBehavior [ RunTime:0.000217s ]
INFO: [ template_filter ] --END-- [ RunTime:0.000298s ]
INFO: Run Behavior\ParseTemplateBehavior [ RunTime:0.010921s ]
INFO: [ view_parse ] --END-- [ RunTime:0.011142s ]
INFO: [ view_filter ] --START--
INFO: Run Behavior\WriteHtmlCacheBehavior [ RunTime:0.000296s ]
INFO: [ view_filter ] --END-- [ RunTime:0.000329s ]
INFO: [ app_end ] --START--
INFO: Run Behavior\ShowPageTraceBehavior [ RunTime:0.000569s ]
INFO: [ app_end ] --END-- [ RunTime:0.000617s ]

[ 2018-04-13T23:35:17+08:00 ] ::1 /index.php/Home/Kh/index.html?search=%E5%A4%A7%E5%8E%A6903&cxfs=mhcx
INFO: [ app_init ] --START--
INFO: Run Behavior\BuildLiteBehavior [ RunTime:0.000023s ]
INFO: [ app_init ] --END-- [ RunTime:0.000435s ]
INFO: [ app_begin ] --START--
INFO: Run Behavior\ReadHtmlCacheBehavior [ RunTime:0.000800s ]
INFO: [ app_begin ] --END-- [ RunTime:0.000900s ]
NOTIC: [8] Use of undefined constant jqcx - assumed 'jqcx' D:\xampp\htdocs\Application\Home\Controller\KhController.class.php 第 12 行.
NOTIC: [8] Use of undefined constant mhcx - assumed 'mhcx' D:\xampp\htdocs\Application\Home\Controller\KhController.class.php 第 16 行.
SQL: SHOW COLUMNS FROM `k` [ RunTime:0.0120s ]
SQL: SELECT COUNT(*) AS tp_count FROM `k` WHERE ( `k_m` LIKE '%大厦903%' OR `k_shdz` LIKE '%大厦903%' OR `k_lxr` LIKE '%大厦903%' ) LIMIT 1   [ RunTime:0.0030s ]
SQL: SELECT `k_id`,`k_m`,`k_hkfs`,`k_shdq`,`k_zdate`,`k_shm`,`k_shdz`,`k_lxr`,`k_hy`,`k_tel`,`k_sj`,`k_fax`,`k_yb`,`k_email`,`k_bz`,`片区`,`营销员`,`k_dzbq` FROM `k` WHERE ( `k_m` LIKE '%大厦903%' OR `k_shdz` LIKE '%大厦903%' OR `k_lxr` LIKE '%大厦903%' ) ORDER BY k_id desc LIMIT 0,13   [ RunTime:0.0048s ]
INFO: [ view_parse ] --START--
INFO: [ template_filter ] --START--
INFO: Run Behavior\ContentReplaceBehavior [ RunTime:0.000209s ]
INFO: [ template_filter ] --END-- [ RunTime:0.000322s ]
INFO: Run Behavior\ParseTemplateBehavior [ RunTime:0.024006s ]
INFO: [ view_parse ] --END-- [ RunTime:0.024148s ]
INFO: [ view_filter ] --START--
INFO: Run Behavior\WriteHtmlCacheBehavior [ RunTime:0.000890s ]
INFO: [ view_filter ] --END-- [ RunTime:0.001036s ]
INFO: [ app_end ] --START--
INFO: Run Behavior\ShowPageTraceBehavior [ RunTime:0.001214s ]
INFO: [ app_end ] --END-- [ RunTime:0.001347s ]

[ 2018-04-13T23:35:24+08:00 ] ::1 /index.php/Home/Kh/index.html?search=903&cxfs=mhcx
INFO: [ app_init ] --START--
INFO: Run Behavior\BuildLiteBehavior [ RunTime:0.000093s ]
INFO: [ app_init ] --END-- [ RunTime:0.001758s ]
INFO: [ app_begin ] --START--
INFO: Run Behavior\ReadHtmlCacheBehavior [ RunTime:0.000735s ]
INFO: [ app_begin ] --END-- [ RunTime:0.000847s ]
NOTIC: [8] Use of undefined constant jqcx - assumed 'jqcx' D:\xampp\htdocs\Application\Home\Controller\KhController.class.php 第 12 行.
NOTIC: [8] Use of undefined constant mhcx - assumed 'mhcx' D:\xampp\htdocs\Application\Home\Controller\KhController.class.php 第 16 行.
SQL: SHOW COLUMNS FROM `k` [ RunTime:0.0112s ]
SQL: SELECT COUNT(*) AS tp_count FROM `k` WHERE ( `k_m` LIKE '%903%' OR `k_shdz` LIKE '%903%' OR `k_lxr` LIKE '%903%' ) LIMIT 1   [ RunTime:0.0015s ]
SQL: SELECT `k_id`,`k_m`,`k_hkfs`,`k_shdq`,`k_zdate`,`k_shm`,`k_shdz`,`k_lxr`,`k_hy`,`k_tel`,`k_sj`,`k_fax`,`k_yb`,`k_email`,`k_bz`,`片区`,`营销员`,`k_dzbq` FROM `k` WHERE ( `k_m` LIKE '%903%' OR `k_shdz` LIKE '%903%' OR `k_lxr` LIKE '%903%' ) ORDER BY k_id desc LIMIT 0,13   [ RunTime:0.0027s ]
INFO: [ view_parse ] --START--
INFO: [ template_filter ] --START--
INFO: Run Behavior\ContentReplaceBehavior [ RunTime:0.000234s ]
INFO: [ template_filter ] --END-- [ RunTime:0.000350s ]
INFO: Run Behavior\ParseTemplateBehavior [ RunTime:0.020969s ]
INFO: [ view_parse ] --END-- [ RunTime:0.021096s ]
INFO: [ view_filter ] --START--
INFO: Run Behavior\WriteHtmlCacheBehavior [ RunTime:0.000831s ]
INFO: [ view_filter ] --END-- [ RunTime:0.000952s ]
INFO: [ app_end ] --START--
INFO: Run Behavior\ShowPageTraceBehavior [ RunTime:0.001343s ]
INFO: [ app_end ] --END-- [ RunTime:0.001982s ]

[ 2018-04-13T23:38:21+08:00 ] ::1 /index.php/Home/Kh/index.html?search=903&cxfs=mhcx
INFO: [ app_init ] --START--
INFO: Run Behavior\BuildLiteBehavior [ RunTime:0.000036s ]
INFO: [ app_init ] --END-- [ RunTime:0.000852s ]
INFO: [ app_begin ] --START--
INFO: Run Behavior\ReadHtmlCacheBehavior [ RunTime:0.001439s ]
INFO: [ app_begin ] --END-- [ RunTime:0.001579s ]
NOTIC: [8] Use of undefined constant jqcx - assumed 'jqcx' D:\xampp\htdocs\Application\Home\Controller\KhController.class.php 第 12 行.
NOTIC: [8] Use of undefined constant mhcx - assumed 'mhcx' D:\xampp\htdocs\Application\Home\Controller\KhController.class.php 第 16 行.
SQL: SHOW COLUMNS FROM `k` [ RunTime:0.0140s ]
SQL: SELECT COUNT(*) AS tp_count FROM `k` WHERE ( `k_m` LIKE '%903%' OR `k_shdz` LIKE '%903%' OR `k_lxr` LIKE '%903%' OR `k_shm` LIKE '%903%' OR `k_tel` LIKE '%903%' OR `k_sj` LIKE '%903%' OR `k_email` LIKE '%903%' ) LIMIT 1   [ RunTime:0.0028s ]
SQL: SELECT `k_id`,`k_m`,`k_hkfs`,`k_shdq`,`k_zdate`,`k_shm`,`k_shdz`,`k_lxr`,`k_hy`,`k_tel`,`k_sj`,`k_fax`,`k_yb`,`k_email`,`k_bz`,`片区`,`营销员`,`k_dzbq` FROM `k` WHERE ( `k_m` LIKE '%903%' OR `k_shdz` LIKE '%903%' OR `k_lxr` LIKE '%903%' OR `k_shm` LIKE '%903%' OR `k_tel` LIKE '%903%' OR `k_sj` LIKE '%903%' OR `k_email` LIKE '%903%' ) ORDER BY k_id desc LIMIT 0,13   [ RunTime:0.0040s ]
INFO: [ view_parse ] --START--
INFO: [ template_filter ] --START--
INFO: Run Behavior\ContentReplaceBehavior [ RunTime:0.000225s ]
INFO: [ template_filter ] --END-- [ RunTime:0.000340s ]
INFO: Run Behavior\ParseTemplateBehavior [ RunTime:0.027212s ]
INFO: [ view_parse ] --END-- [ RunTime:0.027360s ]
INFO: [ view_filter ] --START--
INFO: Run Behavior\WriteHtmlCacheBehavior [ RunTime:0.001129s ]
INFO: [ view_filter ] --END-- [ RunTime:0.001273s ]
INFO: [ app_end ] --START--
INFO: Run Behavior\ShowPageTraceBehavior [ RunTime:0.002459s ]
INFO: [ app_end ] --END-- [ RunTime:0.002614s ]

[ 2018-04-13T23:38:27+08:00 ] ::1 /index.php/Home/Kh/index.html?search=%E5%8F%91%E7%94%9F%E7%9A%84%E5%8F%91&cxfs=mhcx
INFO: [ app_init ] --START--
INFO: Run Behavior\BuildLiteBehavior [ RunTime:0.000012s ]
INFO: [ app_init ] --END-- [ RunTime:0.000308s ]
INFO: [ app_begin ] --START--
INFO: Run Behavior\ReadHtmlCacheBehavior [ RunTime:0.000403s ]
INFO: [ app_begin ] --END-- [ RunTime:0.000454s ]
NOTIC: [8] Use of undefined constant jqcx - assumed 'jqcx' D:\xampp\htdocs\Application\Home\Controller\KhController.class.php 第 12 行.
NOTIC: [8] Use of undefined constant mhcx - assumed 'mhcx' D:\xampp\htdocs\Application\Home\Controller\KhController.class.php 第 16 行.
SQL: SHOW COLUMNS FROM `k` [ RunTime:0.0093s ]
SQL: SELECT COUNT(*) AS tp_count FROM `k` WHERE ( `k_m` LIKE '%发生的发%' OR `k_shdz` LIKE '%发生的发%' OR `k_lxr` LIKE '%发生的发%' OR `k_shm` LIKE '%发生的发%' OR `k_tel` LIKE '%发生的发%' OR `k_sj` LIKE '%发生的发%' OR `k_email` LIKE '%发生的发%' ) LIMIT 1   [ RunTime:0.0014s ]
SQL: SELECT `k_id`,`k_m`,`k_hkfs`,`k_shdq`,`k_zdate`,`k_shm`,`k_shdz`,`k_lxr`,`k_hy`,`k_tel`,`k_sj`,`k_fax`,`k_yb`,`k_email`,`k_bz`,`片区`,`营销员`,`k_dzbq` FROM `k` WHERE ( `k_m` LIKE '%发生的发%' OR `k_shdz` LIKE '%发生的发%' OR `k_lxr` LIKE '%发生的发%' OR `k_shm` LIKE '%发生的发%' OR `k_tel` LIKE '%发生的发%' OR `k_sj` LIKE '%发生的发%' OR `k_email` LIKE '%发生的发%' ) ORDER BY k_id desc LIMIT 0,13   [ RunTime:0.0027s ]
INFO: [ view_parse ] --START--
INFO: [ template_filter ] --START--
INFO: Run Behavior\ContentReplaceBehavior [ RunTime:0.000147s ]
INFO: [ template_filter ] --END-- [ RunTime:0.000226s ]
INFO: Run Behavior\ParseTemplateBehavior [ RunTime:0.015769s ]
INFO: [ view_parse ] --END-- [ RunTime:0.015872s ]
INFO: [ view_filter ] --START--
INFO: Run Behavior\WriteHtmlCacheBehavior [ RunTime:0.000595s ]
INFO: [ view_filter ] --END-- [ RunTime:0.000697s ]
INFO: [ app_end ] --START--
INFO: Run Behavior\ShowPageTraceBehavior [ RunTime:0.000976s ]
INFO: [ app_end ] --END-- [ RunTime:0.001087s ]

[ 2018-04-13T23:38:29+08:00 ] ::1 /index.php/Home/Kh/index.html?search=%E5%8F%91&cxfs=mhcx
INFO: [ app_init ] --START--
INFO: Run Behavior\BuildLiteBehavior [ RunTime:0.000013s ]
INFO: [ app_init ] --END-- [ RunTime:0.000330s ]
INFO: [ app_begin ] --START--
INFO: Run Behavior\ReadHtmlCacheBehavior [ RunTime:0.000433s ]
INFO: [ app_begin ] --END-- [ RunTime:0.000488s ]
NOTIC: [8] Use of undefined constant jqcx - assumed 'jqcx' D:\xampp\htdocs\Application\Home\Controller\KhController.class.php 第 12 行.
NOTIC: [8] Use of undefined constant mhcx - assumed 'mhcx' D:\xampp\htdocs\Application\Home\Controller\KhController.class.php 第 16 行.
SQL: SHOW COLUMNS FROM `k` [ RunTime:0.0075s ]
SQL: SELECT COUNT(*) AS tp_count FROM `k` WHERE ( `k_m` LIKE '%发%' OR `k_shdz` LIKE '%发%' OR `k_lxr` LIKE '%发%' OR `k_shm` LIKE '%发%' OR `k_tel` LIKE '%发%' OR `k_sj` LIKE '%发%' OR `k_email` LIKE '%发%' ) LIMIT 1   [ RunTime:0.0012s ]
SQL: SELECT `k_id`,`k_m`,`k_hkfs`,`k_shdq`,`k_zdate`,`k_shm`,`k_shdz`,`k_lxr`,`k_hy`,`k_tel`,`k_sj`,`k_fax`,`k_yb`,`k_email`,`k_bz`,`片区`,`营销员`,`k_dzbq` FROM `k` WHERE ( `k_m` LIKE '%发%' OR `k_shdz` LIKE '%发%' OR `k_lxr` LIKE '%发%' OR `k_shm` LIKE '%发%' OR `k_tel` LIKE '%发%' OR `k_sj` LIKE '%发%' OR `k_email` LIKE '%发%' ) ORDER BY k_id desc LIMIT 0,13   [ RunTime:0.0011s ]
INFO: [ view_parse ] --START--
INFO: [ template_filter ] --START--
INFO: Run Behavior\ContentReplaceBehavior [ RunTime:0.000108s ]
INFO: [ template_filter ] --END-- [ RunTime:0.000161s ]
INFO: Run Behavior\ParseTemplateBehavior [ RunTime:0.010634s ]
INFO: [ view_parse ] --END-- [ RunTime:0.010689s ]
INFO: [ view_filter ] --START--
INFO: Run Behavior\WriteHtmlCacheBehavior [ RunTime:0.000228s ]
INFO: [ view_filter ] --END-- [ RunTime:0.000266s ]
INFO: [ app_end ] --START--
INFO: Run Behavior\ShowPageTraceBehavior [ RunTime:0.000556s ]
INFO: [ app_end ] --END-- [ RunTime:0.000608s ]

[ 2018-04-13T23:38:38+08:00 ] ::1 /index.php/Home/Kh/index.html?search=+%E5%A4%9A%E5%B0%91&cxfs=mhcx
INFO: [ app_init ] --START--
INFO: Run Behavior\BuildLiteBehavior [ RunTime:0.000015s ]
INFO: [ app_init ] --END-- [ RunTime:0.000372s ]
INFO: [ app_begin ] --START--
INFO: Run Behavior\ReadHtmlCacheBehavior [ RunTime:0.000526s ]
INFO: [ app_begin ] --END-- [ RunTime:0.000596s ]
NOTIC: [8] Use of undefined constant jqcx - assumed 'jqcx' D:\xampp\htdocs\Application\Home\Controller\KhController.class.php 第 12 行.
NOTIC: [8] Use of undefined constant mhcx - assumed 'mhcx' D:\xampp\htdocs\Application\Home\Controller\KhController.class.php 第 16 行.
SQL: SHOW COLUMNS FROM `k` [ RunTime:0.0096s ]
SQL: SELECT COUNT(*) AS tp_count FROM `k` WHERE ( `k_m` LIKE '% 多少%' OR `k_shdz` LIKE '% 多少%' OR `k_lxr` LIKE '% 多少%' OR `k_shm` LIKE '% 多少%' OR `k_tel` LIKE '% 多少%' OR `k_sj` LIKE '% 多少%' OR `k_email` LIKE '% 多少%' ) LIMIT 1   [ RunTime:0.0019s ]
SQL: SELECT `k_id`,`k_m`,`k_hkfs`,`k_shdq`,`k_zdate`,`k_shm`,`k_shdz`,`k_lxr`,`k_hy`,`k_tel`,`k_sj`,`k_fax`,`k_yb`,`k_email`,`k_bz`,`片区`,`营销员`,`k_dzbq` FROM `k` WHERE ( `k_m` LIKE '% 多少%' OR `k_shdz` LIKE '% 多少%' OR `k_lxr` LIKE '% 多少%' OR `k_shm` LIKE '% 多少%' OR `k_tel` LIKE '% 多少%' OR `k_sj` LIKE '% 多少%' OR `k_email` LIKE '% 多少%' ) ORDER BY k_id desc LIMIT 0,13   [ RunTime:0.0028s ]
INFO: [ view_parse ] --START--
INFO: [ template_filter ] --START--
INFO: Run Behavior\ContentReplaceBehavior [ RunTime:0.000149s ]
INFO: [ template_filter ] --END-- [ RunTime:0.000240s ]
INFO: Run Behavior\ParseTemplateBehavior [ RunTime:0.017874s ]
INFO: [ view_parse ] --END-- [ RunTime:0.017972s ]
INFO: [ view_filter ] --START--
INFO: Run Behavior\WriteHtmlCacheBehavior [ RunTime:0.000384s ]
INFO: [ view_filter ] --END-- [ RunTime:0.000440s ]
INFO: [ app_end ] --START--
INFO: Run Behavior\ShowPageTraceBehavior [ RunTime:0.000957s ]
INFO: [ app_end ] --END-- [ RunTime:0.001087s ]

[ 2018-04-13T23:38:41+08:00 ] ::1 /index.php/Home/Kh/index.html?search=%E7%9A%84&cxfs=mhcx
INFO: [ app_init ] --START--
INFO: Run Behavior\BuildLiteBehavior [ RunTime:0.000022s ]
INFO: [ app_init ] --END-- [ RunTime:0.000474s ]
INFO: [ app_begin ] --START--
INFO: Run Behavior\ReadHtmlCacheBehavior [ RunTime:0.001018s ]
INFO: [ app_begin ] --END-- [ RunTime:0.001105s ]
NOTIC: [8] Use of undefined constant jqcx - assumed 'jqcx' D:\xampp\htdocs\Application\Home\Controller\KhController.class.php 第 12 行.
NOTIC: [8] Use of undefined constant mhcx - assumed 'mhcx' D:\xampp\htdocs\Application\Home\Controller\KhController.class.php 第 16 行.
SQL: SHOW COLUMNS FROM `k` [ RunTime:0.0118s ]
SQL: SELECT COUNT(*) AS tp_count FROM `k` WHERE ( `k_m` LIKE '%的%' OR `k_shdz` LIKE '%的%' OR `k_lxr` LIKE '%的%' OR `k_shm` LIKE '%的%' OR `k_tel` LIKE '%的%' OR `k_sj` LIKE '%的%' OR `k_email` LIKE '%的%' ) LIMIT 1   [ RunTime:0.0032s ]
SQL: SELECT `k_id`,`k_m`,`k_hkfs`,`k_shdq`,`k_zdate`,`k_shm`,`k_shdz`,`k_lxr`,`k_hy`,`k_tel`,`k_sj`,`k_fax`,`k_yb`,`k_email`,`k_bz`,`片区`,`营销员`,`k_dzbq` FROM `k` WHERE ( `k_m` LIKE '%的%' OR `k_shdz` LIKE '%的%' OR `k_lxr` LIKE '%的%' OR `k_shm` LIKE '%的%' OR `k_tel` LIKE '%的%' OR `k_sj` LIKE '%的%' OR `k_email` LIKE '%的%' ) ORDER BY k_id desc LIMIT 0,13   [ RunTime:0.0031s ]
INFO: [ view_parse ] --START--
INFO: [ template_filter ] --START--
INFO: Run Behavior\ContentReplaceBehavior [ RunTime:0.000199s ]
INFO: [ template_filter ] --END-- [ RunTime:0.000302s ]
INFO: Run Behavior\ParseTemplateBehavior [ RunTime:0.019913s ]
INFO: [ view_parse ] --END-- [ RunTime:0.020053s ]
INFO: [ view_filter ] --START--
INFO: Run Behavior\WriteHtmlCacheBehavior [ RunTime:0.000934s ]
INFO: [ view_filter ] --END-- [ RunTime:0.001042s ]
INFO: [ app_end ] --START--
INFO: Run Behavior\ShowPageTraceBehavior [ RunTime:0.001030s ]
INFO: [ app_end ] --END-- [ RunTime:0.001141s ]

[ 2018-04-13T23:38:45+08:00 ] ::1 /index.php/Home/Kh/index.html?search=%E5%8F%91&cxfs=mhcx
INFO: [ app_init ] --START--
INFO: Run Behavior\BuildLiteBehavior [ RunTime:0.000013s ]
INFO: [ app_init ] --END-- [ RunTime:0.000329s ]
INFO: [ app_begin ] --START--
INFO: Run Behavior\ReadHtmlCacheBehavior [ RunTime:0.000425s ]
INFO: [ app_begin ] --END-- [ RunTime:0.000477s ]
NOTIC: [8] Use of undefined constant jqcx - assumed 'jqcx' D:\xampp\htdocs\Application\Home\Controller\KhController.class.php 第 12 行.
NOTIC: [8] Use of undefined constant mhcx - assumed 'mhcx' D:\xampp\htdocs\Application\Home\Controller\KhController.class.php 第 16 行.
SQL: SHOW COLUMNS FROM `k` [ RunTime:0.0093s ]
SQL: SELECT COUNT(*) AS tp_count FROM `k` WHERE ( `k_m` LIKE '%发%' OR `k_shdz` LIKE '%发%' OR `k_lxr` LIKE '%发%' OR `k_shm` LIKE '%发%' OR `k_tel` LIKE '%发%' OR `k_sj` LIKE '%发%' OR `k_email` LIKE '%发%' ) LIMIT 1   [ RunTime:0.0013s ]
SQL: SELECT `k_id`,`k_m`,`k_hkfs`,`k_shdq`,`k_zdate`,`k_shm`,`k_shdz`,`k_lxr`,`k_hy`,`k_tel`,`k_sj`,`k_fax`,`k_yb`,`k_email`,`k_bz`,`片区`,`营销员`,`k_dzbq` FROM `k` WHERE ( `k_m` LIKE '%发%' OR `k_shdz` LIKE '%发%' OR `k_lxr` LIKE '%发%' OR `k_shm` LIKE '%发%' OR `k_tel` LIKE '%发%' OR `k_sj` LIKE '%发%' OR `k_email` LIKE '%发%' ) ORDER BY k_id desc LIMIT 0,13   [ RunTime:0.0012s ]
INFO: [ view_parse ] --START--
INFO: [ template_filter ] --START--
INFO: Run Behavior\ContentReplaceBehavior [ RunTime:0.000119s ]
INFO: [ template_filter ] --END-- [ RunTime:0.000179s ]
INFO: Run Behavior\ParseTemplateBehavior [ RunTime:0.011543s ]
INFO: [ view_parse ] --END-- [ RunTime:0.011640s ]
INFO: [ view_filter ] --START--
INFO: Run Behavior\WriteHtmlCacheBehavior [ RunTime:0.000277s ]
INFO: [ view_filter ] --END-- [ RunTime:0.000316s ]
INFO: [ app_end ] --START--
INFO: Run Behavior\ShowPageTraceBehavior [ RunTime:0.000714s ]
INFO: [ app_end ] --END-- [ RunTime:0.000778s ]

[ 2018-04-13T23:39:01+08:00 ] ::1 /index.php/Home/Kh/index/search/%E5%8F%91/cxfs/mhcx/p/2.html
INFO: [ app_init ] --START--
INFO: Run Behavior\BuildLiteBehavior [ RunTime:0.000020s ]
INFO: [ app_init ] --END-- [ RunTime:0.000352s ]
INFO: [ app_begin ] --START--
INFO: Run Behavior\ReadHtmlCacheBehavior [ RunTime:0.000446s ]
INFO: [ app_begin ] --END-- [ RunTime:0.000503s ]
NOTIC: [8] Use of undefined constant jqcx - assumed 'jqcx' D:\xampp\htdocs\Application\Home\Controller\KhController.class.php 第 12 行.
NOTIC: [8] Use of undefined constant mhcx - assumed 'mhcx' D:\xampp\htdocs\Application\Home\Controller\KhController.class.php 第 16 行.
SQL: SHOW COLUMNS FROM `k` [ RunTime:0.0086s ]
SQL: SELECT COUNT(*) AS tp_count FROM `k` WHERE ( `k_m` LIKE '%发%' OR `k_shdz` LIKE '%发%' OR `k_lxr` LIKE '%发%' OR `k_shm` LIKE '%发%' OR `k_tel` LIKE '%发%' OR `k_sj` LIKE '%发%' OR `k_email` LIKE '%发%' ) LIMIT 1   [ RunTime:0.0014s ]
SQL: SELECT `k_id`,`k_m`,`k_hkfs`,`k_shdq`,`k_zdate`,`k_shm`,`k_shdz`,`k_lxr`,`k_hy`,`k_tel`,`k_sj`,`k_fax`,`k_yb`,`k_email`,`k_bz`,`片区`,`营销员`,`k_dzbq` FROM `k` WHERE ( `k_m` LIKE '%发%' OR `k_shdz` LIKE '%发%' OR `k_lxr` LIKE '%发%' OR `k_shm` LIKE '%发%' OR `k_tel` LIKE '%发%' OR `k_sj` LIKE '%发%' OR `k_email` LIKE '%发%' ) ORDER BY k_id desc LIMIT 13,13   [ RunTime:0.0016s ]
INFO: [ view_parse ] --START--
INFO: [ template_filter ] --START--
INFO: Run Behavior\ContentReplaceBehavior [ RunTime:0.000115s ]
INFO: [ template_filter ] --END-- [ RunTime:0.000185s ]
INFO: Run Behavior\ParseTemplateBehavior [ RunTime:0.012822s ]
INFO: [ view_parse ] --END-- [ RunTime:0.012935s ]
INFO: [ view_filter ] --START--
INFO: Run Behavior\WriteHtmlCacheBehavior [ RunTime:0.000304s ]
INFO: [ view_filter ] --END-- [ RunTime:0.000352s ]
INFO: [ app_end ] --START--
INFO: Run Behavior\ShowPageTraceBehavior [ RunTime:0.000649s ]
INFO: [ app_end ] --END-- [ RunTime:0.000721s ]

[ 2018-04-13T23:39:03+08:00 ] ::1 /index.php/Home/Kh/index/search/%E5%8F%91/cxfs/mhcx/p/3.html
INFO: [ app_init ] --START--
INFO: Run Behavior\BuildLiteBehavior [ RunTime:0.000020s ]
INFO: [ app_init ] --END-- [ RunTime:0.000569s ]
INFO: [ app_begin ] --START--
INFO: Run Behavior\ReadHtmlCacheBehavior [ RunTime:0.000515s ]
INFO: [ app_begin ] --END-- [ RunTime:0.000585s ]
NOTIC: [8] Use of undefined constant jqcx - assumed 'jqcx' D:\xampp\htdocs\Application\Home\Controller\KhController.class.php 第 12 行.
NOTIC: [8] Use of undefined constant mhcx - assumed 'mhcx' D:\xampp\htdocs\Application\Home\Controller\KhController.class.php 第 16 行.
SQL: SHOW COLUMNS FROM `k` [ RunTime:0.0133s ]
SQL: SELECT COUNT(*) AS tp_count FROM `k` WHERE ( `k_m` LIKE '%发%' OR `k_shdz` LIKE '%发%' OR `k_lxr` LIKE '%发%' OR `k_shm` LIKE '%发%' OR `k_tel` LIKE '%发%' OR `k_sj` LIKE '%发%' OR `k_email` LIKE '%发%' ) LIMIT 1   [ RunTime:0.0048s ]
SQL: SELECT `k_id`,`k_m`,`k_hkfs`,`k_shdq`,`k_zdate`,`k_shm`,`k_shdz`,`k_lxr`,`k_hy`,`k_tel`,`k_sj`,`k_fax`,`k_yb`,`k_email`,`k_bz`,`片区`,`营销员`,`k_dzbq` FROM `k` WHERE ( `k_m` LIKE '%发%' OR `k_shdz` LIKE '%发%' OR `k_lxr` LIKE '%发%' OR `k_shm` LIKE '%发%' OR `k_tel` LIKE '%发%' OR `k_sj` LIKE '%发%' OR `k_email` LIKE '%发%' ) ORDER BY k_id desc LIMIT 26,13   [ RunTime:0.0048s ]
INFO: [ view_parse ] --START--
INFO: [ template_filter ] --START--
INFO: Run Behavior\ContentReplaceBehavior [ RunTime:0.000349s ]
INFO: [ template_filter ] --END-- [ RunTime:0.000520s ]
INFO: Run Behavior\ParseTemplateBehavior [ RunTime:0.030015s ]
INFO: [ view_parse ] --END-- [ RunTime:0.030171s ]
INFO: [ view_filter ] --START--
INFO: Run Behavior\WriteHtmlCacheBehavior [ RunTime:0.000826s ]
INFO: [ view_filter ] --END-- [ RunTime:0.000963s ]
INFO: [ app_end ] --START--
INFO: Run Behavior\ShowPageTraceBehavior [ RunTime:0.001760s ]
INFO: [ app_end ] --END-- [ RunTime:0.001976s ]

[ 2018-04-13T23:40:30+08:00 ] ::1 /index.php/Home/Kh/khedit.html
INFO: [ app_init ] --START--
INFO: Run Behavior\BuildLiteBehavior [ RunTime:0.000012s ]
INFO: [ app_init ] --END-- [ RunTime:0.000365s ]
INFO: [ app_begin ] --START--
INFO: Run Behavior\ReadHtmlCacheBehavior [ RunTime:0.000586s ]
INFO: [ app_begin ] --END-- [ RunTime:0.000641s ]
SQL: SHOW COLUMNS FROM `k` [ RunTime:0.0073s ]
SQL: SELECT COUNT(*) AS tp_count FROM `k` LIMIT 1   [ RunTime:0.0006s ]
SQL: SELECT `k_id`,`k_m`,`k_hkfs`,`k_shdq`,`k_zdate`,`k_shm`,`k_shdz`,`k_lxr`,`k_hy`,`k_tel`,`k_sj`,`k_fax`,`k_yb`,`k_email`,`k_bz`,`片区`,`营销员`,`k_dzbq` FROM `k` ORDER BY k_m desc LIMIT 0,13   [ RunTime:0.0012s ]
INFO: [ view_parse ] --START--
INFO: [ template_filter ] --START--
INFO: Run Behavior\ContentReplaceBehavior [ RunTime:0.000135s ]
INFO: [ template_filter ] --END-- [ RunTime:0.000190s ]
INFO: Run Behavior\ParseTemplateBehavior [ RunTime:0.017237s ]
INFO: [ view_parse ] --END-- [ RunTime:0.017313s ]
INFO: [ view_filter ] --START--
INFO: Run Behavior\WriteHtmlCacheBehavior [ RunTime:0.000390s ]
INFO: [ view_filter ] --END-- [ RunTime:0.000435s ]
INFO: [ app_end ] --START--
INFO: Run Behavior\ShowPageTraceBehavior [ RunTime:0.001161s ]
INFO: [ app_end ] --END-- [ RunTime:0.001310s ]

[ 2018-04-13T23:48:22+08:00 ] ::1 /index.php/Home/Kh/khedit.html
INFO: [ app_init ] --START--
INFO: Run Behavior\BuildLiteBehavior [ RunTime:0.000023s ]
INFO: [ app_init ] --END-- [ RunTime:0.000686s ]
INFO: [ app_begin ] --START--
INFO: Run Behavior\ReadHtmlCacheBehavior [ RunTime:0.000937s ]
INFO: [ app_begin ] --END-- [ RunTime:0.001035s ]
SQL: SHOW COLUMNS FROM `k` [ RunTime:0.0133s ]
SQL: SELECT COUNT(*) AS tp_count FROM `k` LIMIT 1   [ RunTime:0.0010s ]
SQL: SELECT `k_id`,`k_m`,`k_hkfs`,`k_shdq`,`k_zdate`,`k_shm`,`k_shdz`,`k_lxr`,`k_hy`,`k_tel`,`k_sj`,`k_fax`,`k_yb`,`k_email`,`k_bz`,`片区`,`营销员`,`k_dzbq` FROM `k` ORDER BY k_m desc LIMIT 0,13   [ RunTime:0.0031s ]
INFO: [ view_parse ] --START--
INFO: [ template_filter ] --START--
INFO: Run Behavior\ContentReplaceBehavior [ RunTime:0.000229s ]
INFO: [ template_filter ] --END-- [ RunTime:0.000324s ]
INFO: Run Behavior\ParseTemplateBehavior [ RunTime:0.027522s ]
INFO: [ view_parse ] --END-- [ RunTime:0.027633s ]
INFO: [ view_filter ] --START--
INFO: Run Behavior\WriteHtmlCacheBehavior [ RunTime:0.000758s ]
INFO: [ view_filter ] --END-- [ RunTime:0.000858s ]
INFO: [ app_end ] --START--
INFO: Run Behavior\ShowPageTraceBehavior [ RunTime:0.001890s ]
INFO: [ app_end ] --END-- [ RunTime:0.002051s ]

[ 2018-04-13T23:48:23+08:00 ] ::1 /index.php/Home/Kh/khedit.html
INFO: [ app_init ] --START--
INFO: Run Behavior\BuildLiteBehavior [ RunTime:0.000057s ]
INFO: [ app_init ] --END-- [ RunTime:0.001530s ]
INFO: [ app_begin ] --START--
INFO: Run Behavior\ReadHtmlCacheBehavior [ RunTime:0.002125s ]
INFO: [ app_begin ] --END-- [ RunTime:0.002540s ]
SQL: SHOW COLUMNS FROM `k` [ RunTime:0.0106s ]
SQL: SELECT COUNT(*) AS tp_count FROM `k` LIMIT 1   [ RunTime:0.0006s ]
SQL: SELECT `k_id`,`k_m`,`k_hkfs`,`k_shdq`,`k_zdate`,`k_shm`,`k_shdz`,`k_lxr`,`k_hy`,`k_tel`,`k_sj`,`k_fax`,`k_yb`,`k_email`,`k_bz`,`片区`,`营销员`,`k_dzbq` FROM `k` ORDER BY k_m desc LIMIT 0,13   [ RunTime:0.0019s ]
INFO: [ view_parse ] --START--
INFO: [ template_filter ] --START--
INFO: Run Behavior\ContentReplaceBehavior [ RunTime:0.000244s ]
INFO: [ template_filter ] --END-- [ RunTime:0.000347s ]
INFO: Run Behavior\ParseTemplateBehavior [ RunTime:0.020491s ]
INFO: [ view_parse ] --END-- [ RunTime:0.020582s ]
INFO: [ view_filter ] --START--
INFO: Run Behavior\WriteHtmlCacheBehavior [ RunTime:0.000443s ]
INFO: [ view_filter ] --END-- [ RunTime:0.000510s ]
INFO: [ app_end ] --START--
INFO: Run Behavior\ShowPageTraceBehavior [ RunTime:0.001139s ]
INFO: [ app_end ] --END-- [ RunTime:0.001257s ]

[ 2018-04-13T23:48:23+08:00 ] ::1 /index.php/Home/Kh/khedit.html
INFO: [ app_init ] --START--
INFO: Run Behavior\BuildLiteBehavior [ RunTime:0.000022s ]
INFO: [ app_init ] --END-- [ RunTime:0.000497s ]
INFO: [ app_begin ] --START--
INFO: Run Behavior\ReadHtmlCacheBehavior [ RunTime:0.001052s ]
INFO: [ app_begin ] --END-- [ RunTime:0.001274s ]
SQL: SHOW COLUMNS FROM `k` [ RunTime:0.0094s ]
SQL: SELECT COUNT(*) AS tp_count FROM `k` LIMIT 1   [ RunTime:0.0004s ]
SQL: SELECT `k_id`,`k_m`,`k_hkfs`,`k_shdq`,`k_zdate`,`k_shm`,`k_shdz`,`k_lxr`,`k_hy`,`k_tel`,`k_sj`,`k_fax`,`k_yb`,`k_email`,`k_bz`,`片区`,`营销员`,`k_dzbq` FROM `k` ORDER BY k_m desc LIMIT 0,13   [ RunTime:0.0012s ]
INFO: [ view_parse ] --START--
INFO: [ template_filter ] --START--
INFO: Run Behavior\ContentReplaceBehavior [ RunTime:0.000167s ]
INFO: [ template_filter ] --END-- [ RunTime:0.000241s ]
INFO: Run Behavior\ParseTemplateBehavior [ RunTime:0.018952s ]
INFO: [ view_parse ] --END-- [ RunTime:0.019033s ]
INFO: [ view_filter ] --START--
INFO: Run Behavior\WriteHtmlCacheBehavior [ RunTime:0.000379s ]
INFO: [ view_filter ] --END-- [ RunTime:0.000456s ]
INFO: [ app_end ] --START--
INFO: Run Behavior\ShowPageTraceBehavior [ RunTime:0.000798s ]
INFO: [ app_end ] --END-- [ RunTime:0.000908s ]

[ 2018-04-13T23:51:51+08:00 ] ::1 /index.php/Home/Kh/khedit.html
INFO: [ app_init ] --START--
INFO: Run Behavior\BuildLiteBehavior [ RunTime:0.000033s ]
INFO: [ app_init ] --END-- [ RunTime:0.001396s ]
INFO: [ app_begin ] --START--
INFO: Run Behavior\ReadHtmlCacheBehavior [ RunTime:0.001253s ]
INFO: [ app_begin ] --END-- [ RunTime:0.001371s ]
SQL: SHOW COLUMNS FROM `k` [ RunTime:0.0426s ]
SQL: SELECT COUNT(*) AS tp_count FROM `k` LIMIT 1   [ RunTime:0.0007s ]
SQL: SELECT `k_id`,`k_m`,`k_hkfs`,`k_shdq`,`k_zdate`,`k_shm`,`k_shdz`,`k_lxr`,`k_hy`,`k_tel`,`k_sj`,`k_fax`,`k_yb`,`k_email`,`k_bz`,`片区`,`营销员`,`k_dzbq` FROM `k` ORDER BY k_m desc LIMIT 0,13   [ RunTime:0.0019s ]
INFO: [ view_parse ] --START--
INFO: [ template_filter ] --START--
INFO: Run Behavior\ContentReplaceBehavior [ RunTime:0.000193s ]
INFO: [ template_filter ] --END-- [ RunTime:0.000271s ]
INFO: Run Behavior\ParseTemplateBehavior [ RunTime:0.026160s ]
INFO: [ view_parse ] --END-- [ RunTime:0.026284s ]
INFO: [ view_filter ] --START--
INFO: Run Behavior\WriteHtmlCacheBehavior [ RunTime:0.000706s ]
INFO: [ view_filter ] --END-- [ RunTime:0.000800s ]
INFO: [ app_end ] --START--
INFO: Run Behavior\ShowPageTraceBehavior [ RunTime:0.001451s ]
INFO: [ app_end ] --END-- [ RunTime:0.001599s ]

[ 2018-04-13T23:51:52+08:00 ] ::1 /index.php/Home/Kh/khedit.html
INFO: [ app_init ] --START--
INFO: Run Behavior\BuildLiteBehavior [ RunTime:0.000057s ]
INFO: [ app_init ] --END-- [ RunTime:0.001854s ]
INFO: [ app_begin ] --START--
INFO: Run Behavior\ReadHtmlCacheBehavior [ RunTime:0.001072s ]
INFO: [ app_begin ] --END-- [ RunTime:0.001230s ]
SQL: SHOW COLUMNS FROM `k` [ RunTime:0.0120s ]
SQL: SELECT COUNT(*) AS tp_count FROM `k` LIMIT 1   [ RunTime:0.0010s ]
SQL: SELECT `k_id`,`k_m`,`k_hkfs`,`k_shdq`,`k_zdate`,`k_shm`,`k_shdz`,`k_lxr`,`k_hy`,`k_tel`,`k_sj`,`k_fax`,`k_yb`,`k_email`,`k_bz`,`片区`,`营销员`,`k_dzbq` FROM `k` ORDER BY k_m desc LIMIT 0,13   [ RunTime:0.0022s ]
INFO: [ view_parse ] --START--
INFO: [ template_filter ] --START--
INFO: Run Behavior\ContentReplaceBehavior [ RunTime:0.000150s ]
INFO: [ template_filter ] --END-- [ RunTime:0.000219s ]
INFO: Run Behavior\ParseTemplateBehavior [ RunTime:0.030890s ]
INFO: [ view_parse ] --END-- [ RunTime:0.030987s ]
INFO: [ view_filter ] --START--
INFO: Run Behavior\WriteHtmlCacheBehavior [ RunTime:0.000404s ]
INFO: [ view_filter ] --END-- [ RunTime:0.000481s ]
INFO: [ app_end ] --START--
INFO: Run Behavior\ShowPageTraceBehavior [ RunTime:0.000844s ]
INFO: [ app_end ] --END-- [ RunTime:0.000962s ]

[ 2018-04-13T23:51:53+08:00 ] ::1 /index.php/Home/Kh/khedit.html
INFO: [ app_init ] --START--
INFO: Run Behavior\BuildLiteBehavior [ RunTime:0.000020s ]
INFO: [ app_init ] --END-- [ RunTime:0.000485s ]
INFO: [ app_begin ] --START--
INFO: Run Behavior\ReadHtmlCacheBehavior [ RunTime:0.000560s ]
INFO: [ app_begin ] --END-- [ RunTime:0.000630s ]
SQL: SHOW COLUMNS FROM `k` [ RunTime:0.0086s ]
SQL: SELECT COUNT(*) AS tp_count FROM `k` LIMIT 1   [ RunTime:0.0005s ]
SQL: SELECT `k_id`,`k_m`,`k_hkfs`,`k_shdq`,`k_zdate`,`k_shm`,`k_shdz`,`k_lxr`,`k_hy`,`k_tel`,`k_sj`,`k_fax`,`k_yb`,`k_email`,`k_bz`,`片区`,`营销员`,`k_dzbq` FROM `k` ORDER BY k_m desc LIMIT 0,13   [ RunTime:0.0017s ]
INFO: [ view_parse ] --START--
INFO: [ template_filter ] --START--
INFO: Run Behavior\ContentReplaceBehavior [ RunTime:0.000127s ]
INFO: [ template_filter ] --END-- [ RunTime:0.000185s ]
INFO: Run Behavior\ParseTemplateBehavior [ RunTime:0.020818s ]
INFO: [ view_parse ] --END-- [ RunTime:0.020902s ]
INFO: [ view_filter ] --START--
INFO: Run Behavior\WriteHtmlCacheBehavior [ RunTime:0.000530s ]
INFO: [ view_filter ] --END-- [ RunTime:0.000631s ]
INFO: [ app_end ] --START--
INFO: Run Behavior\ShowPageTraceBehavior [ RunTime:0.000794s ]
INFO: [ app_end ] --END-- [ RunTime:0.000914s ]

[ 2018-04-13T23:53:58+08:00 ] ::1 /index.php/Home/Kh/khedit.html
INFO: [ app_init ] --START--
INFO: Run Behavior\BuildLiteBehavior [ RunTime:0.000024s ]
INFO: [ app_init ] --END-- [ RunTime:0.000691s ]
INFO: [ app_begin ] --START--
INFO: Run Behavior\ReadHtmlCacheBehavior [ RunTime:0.000945s ]
INFO: [ app_begin ] --END-- [ RunTime:0.001042s ]
SQL: SHOW COLUMNS FROM `k` [ RunTime:0.0128s ]
SQL: SELECT COUNT(*) AS tp_count FROM `k` LIMIT 1   [ RunTime:0.0011s ]
SQL: SELECT `k_id`,`k_m`,`k_hkfs`,`k_shdq`,`k_zdate`,`k_shm`,`k_shdz`,`k_lxr`,`k_hy`,`k_tel`,`k_sj`,`k_fax`,`k_yb`,`k_email`,`k_bz`,`片区`,`营销员`,`k_dzbq` FROM `k` ORDER BY k_m desc LIMIT 0,13   [ RunTime:0.0025s ]
INFO: [ view_parse ] --START--
INFO: [ template_filter ] --START--
INFO: Run Behavior\ContentReplaceBehavior [ RunTime:0.000309s ]
INFO: [ template_filter ] --END-- [ RunTime:0.000431s ]
INFO: Run Behavior\ParseTemplateBehavior [ RunTime:0.035417s ]
INFO: [ view_parse ] --END-- [ RunTime:0.035554s ]
INFO: [ view_filter ] --START--
INFO: Run Behavior\WriteHtmlCacheBehavior [ RunTime:0.001732s ]
INFO: [ view_filter ] --END-- [ RunTime:0.001879s ]
INFO: [ app_end ] --START--
INFO: Run Behavior\ShowPageTraceBehavior [ RunTime:0.001774s ]
INFO: [ app_end ] --END-- [ RunTime:0.001952s ]

[ 2018-04-13T23:53:58+08:00 ] ::1 /index.php/Home/Kh/khedit.html
INFO: [ app_init ] --START--
INFO: Run Behavior\BuildLiteBehavior [ RunTime:0.000023s ]
INFO: [ app_init ] --END-- [ RunTime:0.000426s ]
INFO: [ app_begin ] --START--
INFO: Run Behavior\ReadHtmlCacheBehavior [ RunTime:0.001483s ]
INFO: [ app_begin ] --END-- [ RunTime:0.001626s ]
SQL: SHOW COLUMNS FROM `k` [ RunTime:0.0096s ]
SQL: SELECT COUNT(*) AS tp_count FROM `k` LIMIT 1   [ RunTime:0.0004s ]
SQL: SELECT `k_id`,`k_m`,`k_hkfs`,`k_shdq`,`k_zdate`,`k_shm`,`k_shdz`,`k_lxr`,`k_hy`,`k_tel`,`k_sj`,`k_fax`,`k_yb`,`k_email`,`k_bz`,`片区`,`营销员`,`k_dzbq` FROM `k` ORDER BY k_m desc LIMIT 0,13   [ RunTime:0.0010s ]
INFO: [ view_parse ] --START--
INFO: [ template_filter ] --START--
INFO: Run Behavior\ContentReplaceBehavior [ RunTime:0.000171s ]
INFO: [ template_filter ] --END-- [ RunTime:0.000271s ]
INFO: Run Behavior\ParseTemplateBehavior [ RunTime:0.018022s ]
INFO: [ view_parse ] --END-- [ RunTime:0.018087s ]
INFO: [ view_filter ] --START--
INFO: Run Behavior\WriteHtmlCacheBehavior [ RunTime:0.000232s ]
INFO: [ view_filter ] --END-- [ RunTime:0.000271s ]
INFO: [ app_end ] --START--
INFO: Run Behavior\ShowPageTraceBehavior [ RunTime:0.000775s ]
INFO: [ app_end ] --END-- [ RunTime:0.000878s ]

[ 2018-04-13T23:53:59+08:00 ] ::1 /index.php/Home/Kh/khedit.html
INFO: [ app_init ] --START--
INFO: Run Behavior\BuildLiteBehavior [ RunTime:0.000025s ]
INFO: [ app_init ] --END-- [ RunTime:0.000630s ]
INFO: [ app_begin ] --START--
INFO: Run Behavior\ReadHtmlCacheBehavior [ RunTime:0.000957s ]
INFO: [ app_begin ] --END-- [ RunTime:0.001078s ]
SQL: SHOW COLUMNS FROM `k` [ RunTime:0.0104s ]
SQL: SELECT COUNT(*) AS tp_count FROM `k` LIMIT 1   [ RunTime:0.0012s ]
SQL: SELECT `k_id`,`k_m`,`k_hkfs`,`k_shdq`,`k_zdate`,`k_shm`,`k_shdz`,`k_lxr`,`k_hy`,`k_tel`,`k_sj`,`k_fax`,`k_yb`,`k_email`,`k_bz`,`片区`,`营销员`,`k_dzbq` FROM `k` ORDER BY k_m desc LIMIT 0,13   [ RunTime:0.0024s ]
INFO: [ view_parse ] --START--
INFO: [ template_filter ] --START--
INFO: Run Behavior\ContentReplaceBehavior [ RunTime:0.000188s ]
INFO: [ template_filter ] --END-- [ RunTime:0.000267s ]
INFO: Run Behavior\ParseTemplateBehavior [ RunTime:0.026332s ]
INFO: [ view_parse ] --END-- [ RunTime:0.026450s ]
INFO: [ view_filter ] --START--
INFO: Run Behavior\WriteHtmlCacheBehavior [ RunTime:0.000768s ]
INFO: [ view_filter ] --END-- [ RunTime:0.000885s ]
INFO: [ app_end ] --START--
INFO: Run Behavior\ShowPageTraceBehavior [ RunTime:0.001040s ]
INFO: [ app_end ] --END-- [ RunTime:0.001175s ]

