[ 2018-03-25T18:15:32+08:00 ] ::1 /index.php/home/xg
INFO: [ app_init ] --START--
INFO: Run Behavior\BuildLiteBehavior [ RunTime:0.000017s ]
INFO: [ app_init ] --END-- [ RunTime:0.021861s ]
INFO: [ app_begin ] --START--
INFO: Run Behavior\ReadHtmlCacheBehavior [ RunTime:0.012508s ]
INFO: [ app_begin ] --END-- [ RunTime:0.012576s ]
SQL: SHOW COLUMNS FROM `jg` [ RunTime:0.1356s ]
SQL: SELECT COUNT(*) AS tp_count FROM `jg` LIMIT 1   [ RunTime:0.0540s ]
SQL: SELECT `id`,`riq`,`gold`,`silver`,`silver1`,`pd`,`ru`,`pt`,`rh`,`yr`,`jcpd`,`jcpt` FROM `jg` ORDER BY riq desc LIMIT 0,14   [ RunTime:0.0022s ]
INFO: [ view_parse ] --START--
INFO: [ template_filter ] --START--
INFO: Run Behavior\ContentReplaceBehavior [ RunTime:0.011979s ]
INFO: [ template_filter ] --END-- [ RunTime:0.012044s ]
NOTIC: [8] Undefined variable: del1 D:\xampp\htdocs\Application\Runtime\Cache\Home\92b993b24b73b4310482dd193d5f8cb7.php 第 180 行.
NOTIC: [8] Undefined variable: jgid D:\xampp\htdocs\Application\Runtime\Cache\Home\92b993b24b73b4310482dd193d5f8cb7.php 第 180 行.
NOTIC: [8] Undefined variable: row D:\xampp\htdocs\Application\Runtime\Cache\Home\92b993b24b73b4310482dd193d5f8cb7.php 第 212 行.
NOTIC: [8] Undefined variable: del1 D:\xampp\htdocs\Application\Runtime\Cache\Home\92b993b24b73b4310482dd193d5f8cb7.php 第 180 行.
NOTIC: [8] Undefined variable: jgid D:\xampp\htdocs\Application\Runtime\Cache\Home\92b993b24b73b4310482dd193d5f8cb7.php 第 180 行.
NOTIC: [8] Undefined variable: row D:\xampp\htdocs\Application\Runtime\Cache\Home\92b993b24b73b4310482dd193d5f8cb7.php 第 212 行.
NOTIC: [8] Undefined variable: del1 D:\xampp\htdocs\Application\Runtime\Cache\Home\92b993b24b73b4310482dd193d5f8cb7.php 第 180 行.
NOTIC: [8] Undefined variable: jgid D:\xampp\htdocs\Application\Runtime\Cache\Home\92b993b24b73b4310482dd193d5f8cb7.php 第 180 行.
NOTIC: [8] Undefined variable: row D:\xampp\htdocs\Application\Runtime\Cache\Home\92b993b24b73b4310482dd193d5f8cb7.php 第 212 行.
NOTIC: [8] Undefined variable: del1 D:\xampp\htdocs\Application\Runtime\Cache\Home\92b993b24b73b4310482dd193d5f8cb7.php 第 180 行.
NOTIC: [8] Undefined variable: jgid D:\xampp\htdocs\Application\Runtime\Cache\Home\92b993b24b73b4310482dd193d5f8cb7.php 第 180 行.
NOTIC: [8] Undefined variable: row D:\xampp\htdocs\Application\Runtime\Cache\Home\92b993b24b73b4310482dd193d5f8cb7.php 第 212 行.
NOTIC: [8] Undefined variable: del1 D:\xampp\htdocs\Application\Runtime\Cache\Home\92b993b24b73b4310482dd193d5f8cb7.php 第 180 行.
NOTIC: [8] Undefined variable: jgid D:\xampp\htdocs\Application\Runtime\Cache\Home\92b993b24b73b4310482dd193d5f8cb7.php 第 180 行.
NOTIC: [8] Undefined variable: row D:\xampp\htdocs\Application\Runtime\Cache\Home\92b993b24b73b4310482dd193d5f8cb7.php 第 212 行.
NOTIC: [8] Undefined variable: del1 D:\xampp\htdocs\Application\Runtime\Cache\Home\92b993b24b73b4310482dd193d5f8cb7.php 第 180 行.
NOTIC: [8] Undefined variable: jgid D:\xampp\htdocs\Application\Runtime\Cache\Home\92b993b24b73b4310482dd193d5f8cb7.php 第 180 行.
NOTIC: [8] Undefined variable: row D:\xampp\htdocs\Application\Runtime\Cache\Home\92b993b24b73b4310482dd193d5f8cb7.php 第 212 行.
NOTIC: [8] Undefined variable: del1 D:\xampp\htdocs\Application\Runtime\Cache\Home\92b993b24b73b4310482dd193d5f8cb7.php 第 180 行.
NOTIC: [8] Undefined variable: jgid D:\xampp\htdocs\Application\Runtime\Cache\Home\92b993b24b73b4310482dd193d5f8cb7.php 第 180 行.
NOTIC: [8] Undefined variable: row D:\xampp\htdocs\Application\Runtime\Cache\Home\92b993b24b73b4310482dd193d5f8cb7.php 第 212 行.
NOTIC: [8] Undefined variable: del1 D:\xampp\htdocs\Application\Runtime\Cache\Home\92b993b24b73b4310482dd193d5f8cb7.php 第 180 行.
NOTIC: [8] Undefined variable: jgid D:\xampp\htdocs\Application\Runtime\Cache\Home\92b993b24b73b4310482dd193d5f8cb7.php 第 180 行.
NOTIC: [8] Undefined variable: row D:\xampp\htdocs\Application\Runtime\Cache\Home\92b993b24b73b4310482dd193d5f8cb7.php 第 212 行.
NOTIC: [8] Undefined variable: del1 D:\xampp\htdocs\Application\Runtime\Cache\Home\92b993b24b73b4310482dd193d5f8cb7.php 第 180 行.
NOTIC: [8] Undefined variable: jgid D:\xampp\htdocs\Application\Runtime\Cache\Home\92b993b24b73b4310482dd193d5f8cb7.php 第 180 行.
NOTIC: [8] Undefined variable: row D:\xampp\htdocs\Application\Runtime\Cache\Home\92b993b24b73b4310482dd193d5f8cb7.php 第 212 行.
NOTIC: [8] Undefined variable: del1 D:\xampp\htdocs\Application\Runtime\Cache\Home\92b993b24b73b4310482dd193d5f8cb7.php 第 180 行.
NOTIC: [8] Undefined variable: jgid D:\xampp\htdocs\Application\Runtime\Cache\Home\92b993b24b73b4310482dd193d5f8cb7.php 第 180 行.
NOTIC: [8] Undefined variable: row D:\xampp\htdocs\Application\Runtime\Cache\Home\92b993b24b73b4310482dd193d5f8cb7.php 第 212 行.
NOTIC: [8] Undefined variable: del1 D:\xampp\htdocs\Application\Runtime\Cache\Home\92b993b24b73b4310482dd193d5f8cb7.php 第 180 行.
NOTIC: [8] Undefined variable: jgid D:\xampp\htdocs\Application\Runtime\Cache\Home\92b993b24b73b4310482dd193d5f8cb7.php 第 180 行.
NOTIC: [8] Undefined variable: row D:\xampp\htdocs\Application\Runtime\Cache\Home\92b993b24b73b4310482dd193d5f8cb7.php 第 212 行.
NOTIC: [8] Undefined variable: del1 D:\xampp\htdocs\Application\Runtime\Cache\Home\92b993b24b73b4310482dd193d5f8cb7.php 第 180 行.
NOTIC: [8] Undefined variable: jgid D:\xampp\htdocs\Application\Runtime\Cache\Home\92b993b24b73b4310482dd193d5f8cb7.php 第 180 行.
NOTIC: [8] Undefined variable: row D:\xampp\htdocs\Application\Runtime\Cache\Home\92b993b24b73b4310482dd193d5f8cb7.php 第 212 行.
NOTIC: [8] Undefined variable: del1 D:\xampp\htdocs\Application\Runtime\Cache\Home\92b993b24b73b4310482dd193d5f8cb7.php 第 180 行.
NOTIC: [8] Undefined variable: jgid D:\xampp\htdocs\Application\Runtime\Cache\Home\92b993b24b73b4310482dd193d5f8cb7.php 第 180 行.
NOTIC: [8] Undefined variable: row D:\xampp\htdocs\Application\Runtime\Cache\Home\92b993b24b73b4310482dd193d5f8cb7.php 第 212 行.
NOTIC: [8] Undefined variable: del1 D:\xampp\htdocs\Application\Runtime\Cache\Home\92b993b24b73b4310482dd193d5f8cb7.php 第 180 行.
NOTIC: [8] Undefined variable: jgid D:\xampp\htdocs\Application\Runtime\Cache\Home\92b993b24b73b4310482dd193d5f8cb7.php 第 180 行.
NOTIC: [8] Undefined variable: row D:\xampp\htdocs\Application\Runtime\Cache\Home\92b993b24b73b4310482dd193d5f8cb7.php 第 212 行.
NOTIC: [8] Undefined variable: tablist D:\xampp\htdocs\Application\Runtime\Cache\Home\92b993b24b73b4310482dd193d5f8cb7.php 第 266 行.
INFO: Run Behavior\ParseTemplateBehavior [ RunTime:0.130119s ]
INFO: [ view_parse ] --END-- [ RunTime:0.130216s ]
INFO: [ view_filter ] --START--
INFO: Run Behavior\WriteHtmlCacheBehavior [ RunTime:0.011624s ]
INFO: [ view_filter ] --END-- [ RunTime:0.011678s ]
INFO: [ app_end ] --START--
INFO: Run Behavior\ShowPageTraceBehavior [ RunTime:0.006868s ]
INFO: [ app_end ] --END-- [ RunTime:0.006950s ]

[ 2018-03-25T19:58:31+08:00 ] ::1 /index.php/home/xg
INFO: [ app_init ] --START--
INFO: Run Behavior\BuildLiteBehavior [ RunTime:0.000010s ]
INFO: [ app_init ] --END-- [ RunTime:0.000327s ]
INFO: [ app_begin ] --START--
INFO: Run Behavior\ReadHtmlCacheBehavior [ RunTime:0.000573s ]
INFO: [ app_begin ] --END-- [ RunTime:0.000642s ]
SQL: SHOW COLUMNS FROM `jg` [ RunTime:0.0085s ]
SQL: SELECT COUNT(*) AS tp_count FROM `jg` LIMIT 1   [ RunTime:0.0017s ]
SQL: SELECT `id`,`riq`,`gold`,`silver`,`silver1`,`pd`,`ru`,`pt`,`rh`,`yr`,`jcpd`,`jcpt` FROM `jg` ORDER BY riq desc LIMIT 0,14   [ RunTime:0.0021s ]
INFO: [ view_parse ] --START--
INFO: [ template_filter ] --START--
INFO: Run Behavior\ContentReplaceBehavior [ RunTime:0.000075s ]
INFO: [ template_filter ] --END-- [ RunTime:0.000128s ]
NOTIC: [8] Undefined variable: tablist D:\xampp\htdocs\Application\Runtime\Cache\Home\92b993b24b73b4310482dd193d5f8cb7.php 第 194 行.
INFO: Run Behavior\ParseTemplateBehavior [ RunTime:0.014829s ]
INFO: [ view_parse ] --END-- [ RunTime:0.014959s ]
INFO: [ view_filter ] --START--
INFO: Run Behavior\WriteHtmlCacheBehavior [ RunTime:0.000351s ]
INFO: [ view_filter ] --END-- [ RunTime:0.000388s ]
INFO: [ app_end ] --START--
INFO: Run Behavior\ShowPageTraceBehavior [ RunTime:0.000853s ]
INFO: [ app_end ] --END-- [ RunTime:0.000934s ]

[ 2018-03-25T19:58:47+08:00 ] ::1 /index.php/home/xg
INFO: [ app_init ] --START--
INFO: Run Behavior\BuildLiteBehavior [ RunTime:0.000014s ]
INFO: [ app_init ] --END-- [ RunTime:0.000422s ]
INFO: [ app_begin ] --START--
INFO: Run Behavior\ReadHtmlCacheBehavior [ RunTime:0.000554s ]
INFO: [ app_begin ] --END-- [ RunTime:0.000612s ]
SQL: SHOW COLUMNS FROM `jg` [ RunTime:0.0072s ]
SQL: SELECT COUNT(*) AS tp_count FROM `jg` LIMIT 1   [ RunTime:0.0008s ]
SQL: SELECT `id`,`riq`,`gold`,`silver`,`silver1`,`pd`,`ru`,`pt`,`rh`,`yr`,`jcpd`,`jcpt` FROM `jg` ORDER BY riq desc LIMIT 0,14   [ RunTime:0.0018s ]
INFO: [ view_parse ] --START--
INFO: [ template_filter ] --START--
INFO: Run Behavior\ContentReplaceBehavior [ RunTime:0.000100s ]
INFO: [ template_filter ] --END-- [ RunTime:0.000167s ]
NOTIC: [8] Undefined variable: tablist D:\xampp\htdocs\Application\Runtime\Cache\Home\92b993b24b73b4310482dd193d5f8cb7.php 第 194 行.
INFO: Run Behavior\ParseTemplateBehavior [ RunTime:0.013126s ]
INFO: [ view_parse ] --END-- [ RunTime:0.013207s ]
INFO: [ view_filter ] --START--
INFO: Run Behavior\WriteHtmlCacheBehavior [ RunTime:0.000372s ]
INFO: [ view_filter ] --END-- [ RunTime:0.000421s ]
INFO: [ app_end ] --START--
INFO: Run Behavior\ShowPageTraceBehavior [ RunTime:0.000884s ]
INFO: [ app_end ] --END-- [ RunTime:0.000979s ]

[ 2018-03-25T19:59:40+08:00 ] ::1 /index.php/home/xg
INFO: [ app_init ] --START--
INFO: Run Behavior\BuildLiteBehavior [ RunTime:0.000011s ]
INFO: [ app_init ] --END-- [ RunTime:0.000275s ]
INFO: [ app_begin ] --START--
INFO: Run Behavior\ReadHtmlCacheBehavior [ RunTime:0.000412s ]
INFO: [ app_begin ] --END-- [ RunTime:0.000465s ]
SQL: SHOW COLUMNS FROM `jg` [ RunTime:0.0354s ]
SQL: SELECT COUNT(*) AS tp_count FROM `jg` LIMIT 1   [ RunTime:0.0008s ]
SQL: SELECT `id`,`riq`,`gold`,`silver`,`silver1`,`pd`,`ru`,`pt`,`rh`,`yr`,`jcpd`,`jcpt` FROM `jg` ORDER BY riq desc LIMIT 0,14   [ RunTime:0.0012s ]
INFO: [ view_parse ] --START--
INFO: [ template_filter ] --START--
INFO: Run Behavior\ContentReplaceBehavior [ RunTime:0.000073s ]
INFO: [ template_filter ] --END-- [ RunTime:0.000134s ]
NOTIC: [8] Undefined variable: tablist D:\xampp\htdocs\Application\Runtime\Cache\Home\92b993b24b73b4310482dd193d5f8cb7.php 第 192 行.
INFO: Run Behavior\ParseTemplateBehavior [ RunTime:0.022251s ]
INFO: [ view_parse ] --END-- [ RunTime:0.022357s ]
INFO: [ view_filter ] --START--
INFO: Run Behavior\WriteHtmlCacheBehavior [ RunTime:0.000401s ]
INFO: [ view_filter ] --END-- [ RunTime:0.000476s ]
INFO: [ app_end ] --START--
INFO: Run Behavior\ShowPageTraceBehavior [ RunTime:0.000796s ]
INFO: [ app_end ] --END-- [ RunTime:0.000878s ]

[ 2018-03-25T20:00:28+08:00 ] ::1 /index.php/home/xg
INFO: [ app_init ] --START--
INFO: Run Behavior\BuildLiteBehavior [ RunTime:0.000012s ]
INFO: [ app_init ] --END-- [ RunTime:0.000287s ]
INFO: [ app_begin ] --START--
INFO: Run Behavior\ReadHtmlCacheBehavior [ RunTime:0.000671s ]
INFO: [ app_begin ] --END-- [ RunTime:0.000760s ]
SQL: SHOW COLUMNS FROM `jg` [ RunTime:0.0071s ]
SQL: SELECT COUNT(*) AS tp_count FROM `jg` LIMIT 1   [ RunTime:0.0009s ]
SQL: SELECT `id`,`riq`,`gold`,`silver`,`silver1`,`pd`,`ru`,`pt`,`rh`,`yr`,`jcpd`,`jcpt` FROM `jg` ORDER BY riq desc LIMIT 0,14   [ RunTime:0.0011s ]
INFO: [ view_parse ] --START--
INFO: [ template_filter ] --START--
INFO: Run Behavior\ContentReplaceBehavior [ RunTime:0.000068s ]
INFO: [ template_filter ] --END-- [ RunTime:0.000125s ]
NOTIC: [8] Undefined variable: tablist D:\xampp\htdocs\Application\Runtime\Cache\Home\92b993b24b73b4310482dd193d5f8cb7.php 第 192 行.
INFO: Run Behavior\ParseTemplateBehavior [ RunTime:0.010575s ]
INFO: [ view_parse ] --END-- [ RunTime:0.010664s ]
INFO: [ view_filter ] --START--
INFO: Run Behavior\WriteHtmlCacheBehavior [ RunTime:0.000210s ]
INFO: [ view_filter ] --END-- [ RunTime:0.000243s ]
INFO: [ app_end ] --START--
INFO: Run Behavior\ShowPageTraceBehavior [ RunTime:0.000763s ]
INFO: [ app_end ] --END-- [ RunTime:0.000920s ]

[ 2018-03-25T20:02:28+08:00 ] ::1 /index.php/home/xg
INFO: [ app_init ] --START--
INFO: Run Behavior\BuildLiteBehavior [ RunTime:0.000022s ]
INFO: [ app_init ] --END-- [ RunTime:0.000587s ]
INFO: [ app_begin ] --START--
INFO: Run Behavior\ReadHtmlCacheBehavior [ RunTime:0.000896s ]
INFO: [ app_begin ] --END-- [ RunTime:0.000990s ]
SQL: SHOW COLUMNS FROM `jg` [ RunTime:0.0094s ]
SQL: SELECT COUNT(*) AS tp_count FROM `jg` LIMIT 1   [ RunTime:0.0014s ]
SQL: SELECT `id`,`riq`,`gold`,`silver`,`silver1`,`pd`,`ru`,`pt`,`rh`,`yr`,`jcpd`,`jcpt` FROM `jg` ORDER BY riq desc LIMIT 0,14   [ RunTime:0.0019s ]
INFO: [ view_parse ] --START--
INFO: [ template_filter ] --START--
INFO: Run Behavior\ContentReplaceBehavior [ RunTime:0.000110s ]
INFO: [ template_filter ] --END-- [ RunTime:0.000202s ]
NOTIC: [8] Undefined variable: tablist D:\xampp\htdocs\Application\Runtime\Cache\Home\92b993b24b73b4310482dd193d5f8cb7.php 第 192 行.
INFO: Run Behavior\ParseTemplateBehavior [ RunTime:0.014705s ]
INFO: [ view_parse ] --END-- [ RunTime:0.014809s ]
INFO: [ view_filter ] --START--
INFO: Run Behavior\WriteHtmlCacheBehavior [ RunTime:0.000455s ]
INFO: [ view_filter ] --END-- [ RunTime:0.000503s ]
INFO: [ app_end ] --START--
INFO: Run Behavior\ShowPageTraceBehavior [ RunTime:0.001018s ]
INFO: [ app_end ] --END-- [ RunTime:0.001119s ]

[ 2018-03-25T20:02:55+08:00 ] ::1 /index.php/home/xg
INFO: [ app_init ] --START--
INFO: Run Behavior\BuildLiteBehavior [ RunTime:0.000013s ]
INFO: [ app_init ] --END-- [ RunTime:0.000379s ]
INFO: [ app_begin ] --START--
INFO: Run Behavior\ReadHtmlCacheBehavior [ RunTime:0.000477s ]
INFO: [ app_begin ] --END-- [ RunTime:0.000528s ]
SQL: SHOW COLUMNS FROM `jg` [ RunTime:0.0074s ]
SQL: SELECT COUNT(*) AS tp_count FROM `jg` LIMIT 1   [ RunTime:0.0009s ]
SQL: SELECT `id`,`riq`,`gold`,`silver`,`silver1`,`pd`,`ru`,`pt`,`rh`,`yr`,`jcpd`,`jcpt` FROM `jg` ORDER BY riq desc LIMIT 0,14   [ RunTime:0.0012s ]
INFO: [ view_parse ] --START--
INFO: [ template_filter ] --START--
INFO: Run Behavior\ContentReplaceBehavior [ RunTime:0.000073s ]
INFO: [ template_filter ] --END-- [ RunTime:0.000137s ]
NOTIC: [8] Undefined variable: tablist D:\xampp\htdocs\Application\Runtime\Cache\Home\92b993b24b73b4310482dd193d5f8cb7.php 第 192 行.
INFO: Run Behavior\ParseTemplateBehavior [ RunTime:0.013104s ]
INFO: [ view_parse ] --END-- [ RunTime:0.013199s ]
INFO: [ view_filter ] --START--
INFO: Run Behavior\WriteHtmlCacheBehavior [ RunTime:0.000398s ]
INFO: [ view_filter ] --END-- [ RunTime:0.000444s ]
INFO: [ app_end ] --START--
INFO: Run Behavior\ShowPageTraceBehavior [ RunTime:0.000821s ]
INFO: [ app_end ] --END-- [ RunTime:0.000897s ]

[ 2018-03-25T20:03:21+08:00 ] ::1 /index.php/Home/Xg/del.html
INFO: [ app_init ] --START--
INFO: Run Behavior\BuildLiteBehavior [ RunTime:0.000056s ]
INFO: [ app_init ] --END-- [ RunTime:0.000612s ]
INFO: [ app_begin ] --START--
INFO: Run Behavior\ReadHtmlCacheBehavior [ RunTime:0.000562s ]
INFO: [ app_begin ] --END-- [ RunTime:0.000627s ]
SQL: SHOW COLUMNS FROM `jg` [ RunTime:0.0056s ]
SQL: DELETE FROM `jg` WHERE `id` = 0 [ RunTime:0.0615s ]

[ 2018-03-25T20:11:07+08:00 ] ::1 /index.php/home/xg
INFO: [ app_init ] --START--
INFO: Run Behavior\BuildLiteBehavior [ RunTime:0.000016s ]
INFO: [ app_init ] --END-- [ RunTime:0.000435s ]
INFO: [ app_begin ] --START--
INFO: Run Behavior\ReadHtmlCacheBehavior [ RunTime:0.000533s ]
INFO: [ app_begin ] --END-- [ RunTime:0.000597s ]
SQL: SHOW COLUMNS FROM `jg` [ RunTime:0.0078s ]
SQL: SELECT COUNT(*) AS tp_count FROM `jg` LIMIT 1   [ RunTime:0.0012s ]
SQL: SELECT `id`,`riq`,`gold`,`silver`,`silver1`,`pd`,`ru`,`pt`,`rh`,`yr`,`jcpd`,`jcpt` FROM `jg` ORDER BY riq desc LIMIT 0,14   [ RunTime:0.0019s ]
INFO: [ view_parse ] --START--
INFO: [ template_filter ] --START--
INFO: Run Behavior\ContentReplaceBehavior [ RunTime:0.000071s ]
INFO: [ template_filter ] --END-- [ RunTime:0.000123s ]
NOTIC: [8] Undefined variable: tablist D:\xampp\htdocs\Application\Runtime\Cache\Home\92b993b24b73b4310482dd193d5f8cb7.php 第 192 行.
INFO: Run Behavior\ParseTemplateBehavior [ RunTime:0.013598s ]
INFO: [ view_parse ] --END-- [ RunTime:0.013688s ]
INFO: [ view_filter ] --START--
INFO: Run Behavior\WriteHtmlCacheBehavior [ RunTime:0.000488s ]
INFO: [ view_filter ] --END-- [ RunTime:0.000551s ]
INFO: [ app_end ] --START--
INFO: Run Behavior\ShowPageTraceBehavior [ RunTime:0.000687s ]
INFO: [ app_end ] --END-- [ RunTime:0.000751s ]

[ 2018-03-25T20:15:18+08:00 ] ::1 /index.php/home/xg
INFO: [ app_init ] --START--
INFO: Run Behavior\BuildLiteBehavior [ RunTime:0.000013s ]
INFO: [ app_init ] --END-- [ RunTime:0.000369s ]
INFO: [ app_begin ] --START--
INFO: Run Behavior\ReadHtmlCacheBehavior [ RunTime:0.000589s ]
INFO: [ app_begin ] --END-- [ RunTime:0.000666s ]
SQL: SHOW COLUMNS FROM `jg` [ RunTime:0.0067s ]
SQL: SELECT COUNT(*) AS tp_count FROM `jg` LIMIT 1   [ RunTime:0.0007s ]
SQL: SELECT `id`,`riq`,`gold`,`silver`,`silver1`,`pd`,`ru`,`pt`,`rh`,`yr`,`jcpd`,`jcpt` FROM `jg` ORDER BY riq desc LIMIT 0,13   [ RunTime:0.0011s ]
INFO: [ view_parse ] --START--
INFO: [ template_filter ] --START--
INFO: Run Behavior\ContentReplaceBehavior [ RunTime:0.000081s ]
INFO: [ template_filter ] --END-- [ RunTime:0.000140s ]
NOTIC: [8] Undefined variable: tablist D:\xampp\htdocs\Application\Runtime\Cache\Home\92b993b24b73b4310482dd193d5f8cb7.php 第 192 行.
INFO: Run Behavior\ParseTemplateBehavior [ RunTime:0.009973s ]
INFO: [ view_parse ] --END-- [ RunTime:0.010037s ]
INFO: [ view_filter ] --START--
INFO: Run Behavior\WriteHtmlCacheBehavior [ RunTime:0.000348s ]
INFO: [ view_filter ] --END-- [ RunTime:0.000383s ]
INFO: [ app_end ] --START--
INFO: Run Behavior\ShowPageTraceBehavior [ RunTime:0.000952s ]
INFO: [ app_end ] --END-- [ RunTime:0.001034s ]

[ 2018-03-25T20:15:22+08:00 ] ::1 /index.php/home/xg
INFO: [ app_init ] --START--
INFO: Run Behavior\BuildLiteBehavior [ RunTime:0.000011s ]
INFO: [ app_init ] --END-- [ RunTime:0.000295s ]
INFO: [ app_begin ] --START--
INFO: Run Behavior\ReadHtmlCacheBehavior [ RunTime:0.000371s ]
INFO: [ app_begin ] --END-- [ RunTime:0.000414s ]
SQL: SHOW COLUMNS FROM `jg` [ RunTime:0.0349s ]
SQL: SELECT COUNT(*) AS tp_count FROM `jg` LIMIT 1   [ RunTime:0.0009s ]
SQL: SELECT `id`,`riq`,`gold`,`silver`,`silver1`,`pd`,`ru`,`pt`,`rh`,`yr`,`jcpd`,`jcpt` FROM `jg` ORDER BY riq desc LIMIT 0,13   [ RunTime:0.0018s ]
INFO: [ view_parse ] --START--
INFO: [ template_filter ] --START--
INFO: Run Behavior\ContentReplaceBehavior [ RunTime:0.000060s ]
INFO: [ template_filter ] --END-- [ RunTime:0.000099s ]
NOTIC: [8] Undefined variable: tablist D:\xampp\htdocs\Application\Runtime\Cache\Home\92b993b24b73b4310482dd193d5f8cb7.php 第 192 行.
INFO: Run Behavior\ParseTemplateBehavior [ RunTime:0.022771s ]
INFO: [ view_parse ] --END-- [ RunTime:0.022838s ]
INFO: [ view_filter ] --START--
INFO: Run Behavior\WriteHtmlCacheBehavior [ RunTime:0.000190s ]
INFO: [ view_filter ] --END-- [ RunTime:0.000221s ]
INFO: [ app_end ] --START--
INFO: Run Behavior\ShowPageTraceBehavior [ RunTime:0.000438s ]
INFO: [ app_end ] --END-- [ RunTime:0.000493s ]

[ 2018-03-25T20:33:19+08:00 ] ::1 /index.php/home/xg
INFO: [ app_init ] --START--
INFO: Run Behavior\BuildLiteBehavior [ RunTime:0.000016s ]
INFO: [ app_init ] --END-- [ RunTime:0.000481s ]
INFO: [ app_begin ] --START--
INFO: Run Behavior\ReadHtmlCacheBehavior [ RunTime:0.000567s ]
INFO: [ app_begin ] --END-- [ RunTime:0.000623s ]
SQL: SHOW COLUMNS FROM `jg` [ RunTime:0.0071s ]
SQL: SELECT COUNT(*) AS tp_count FROM `jg` LIMIT 1   [ RunTime:0.0007s ]
SQL: SELECT `id`,`riq`,`gold`,`silver`,`silver1`,`pd`,`ru`,`pt`,`rh`,`yr`,`jcpd`,`jcpt` FROM `jg` ORDER BY riq desc LIMIT 0,13   [ RunTime:0.0011s ]
INFO: [ view_parse ] --START--
INFO: [ template_filter ] --START--
INFO: Run Behavior\ContentReplaceBehavior [ RunTime:0.000083s ]
INFO: [ template_filter ] --END-- [ RunTime:0.000135s ]
NOTIC: [8] Undefined variable: tablist D:\xampp\htdocs\Application\Runtime\Cache\Home\92b993b24b73b4310482dd193d5f8cb7.php 第 192 行.
INFO: Run Behavior\ParseTemplateBehavior [ RunTime:0.014351s ]
INFO: [ view_parse ] --END-- [ RunTime:0.014436s ]
INFO: [ view_filter ] --START--
INFO: Run Behavior\WriteHtmlCacheBehavior [ RunTime:0.000371s ]
INFO: [ view_filter ] --END-- [ RunTime:0.000407s ]
INFO: [ app_end ] --START--
INFO: Run Behavior\ShowPageTraceBehavior [ RunTime:0.002197s ]
INFO: [ app_end ] --END-- [ RunTime:0.002290s ]

[ 2018-03-25T20:33:48+08:00 ] ::1 /index.php/home/xg
INFO: [ app_init ] --START--
INFO: Run Behavior\BuildLiteBehavior [ RunTime:0.000025s ]
INFO: [ app_init ] --END-- [ RunTime:0.000594s ]
INFO: [ app_begin ] --START--
INFO: Run Behavior\ReadHtmlCacheBehavior [ RunTime:0.000734s ]
INFO: [ app_begin ] --END-- [ RunTime:0.000834s ]
SQL: SHOW COLUMNS FROM `jg` [ RunTime:0.0102s ]
SQL: SELECT COUNT(*) AS tp_count FROM `jg` LIMIT 1   [ RunTime:0.0007s ]
SQL: SELECT `id`,`riq`,`gold`,`silver`,`silver1`,`pd`,`ru`,`pt`,`rh`,`yr`,`jcpd`,`jcpt` FROM `jg` ORDER BY riq desc LIMIT 0,13   [ RunTime:0.0015s ]
INFO: [ view_parse ] --START--
INFO: [ template_filter ] --START--
INFO: Run Behavior\ContentReplaceBehavior [ RunTime:0.000106s ]
INFO: [ template_filter ] --END-- [ RunTime:0.000187s ]
NOTIC: [8] Undefined variable: tablist D:\xampp\htdocs\Application\Runtime\Cache\Home\92b993b24b73b4310482dd193d5f8cb7.php 第 192 行.
INFO: Run Behavior\ParseTemplateBehavior [ RunTime:0.009796s ]
INFO: [ view_parse ] --END-- [ RunTime:0.009860s ]
INFO: [ view_filter ] --START--
INFO: Run Behavior\WriteHtmlCacheBehavior [ RunTime:0.000202s ]
INFO: [ view_filter ] --END-- [ RunTime:0.000232s ]
INFO: [ app_end ] --START--
INFO: Run Behavior\ShowPageTraceBehavior [ RunTime:0.000510s ]
INFO: [ app_end ] --END-- [ RunTime:0.000559s ]

[ 2018-03-25T20:34:32+08:00 ] ::1 /index.php/home/xg
INFO: [ app_init ] --START--
INFO: Run Behavior\BuildLiteBehavior [ RunTime:0.000011s ]
INFO: [ app_init ] --END-- [ RunTime:0.000297s ]
INFO: [ app_begin ] --START--
INFO: Run Behavior\ReadHtmlCacheBehavior [ RunTime:0.000508s ]
INFO: [ app_begin ] --END-- [ RunTime:0.000559s ]
SQL: SHOW COLUMNS FROM `jg` [ RunTime:0.0070s ]
SQL: SELECT COUNT(*) AS tp_count FROM `jg` LIMIT 1   [ RunTime:0.0007s ]
SQL: SELECT `id`,`riq`,`gold`,`silver`,`silver1`,`pd`,`ru`,`pt`,`rh`,`yr`,`jcpd`,`jcpt` FROM `jg` ORDER BY riq desc LIMIT 0,13   [ RunTime:0.0012s ]
INFO: [ view_parse ] --START--
INFO: [ template_filter ] --START--
INFO: Run Behavior\ContentReplaceBehavior [ RunTime:0.000061s ]
INFO: [ template_filter ] --END-- [ RunTime:0.000106s ]
NOTIC: [8] Undefined variable: tablist D:\xampp\htdocs\Application\Runtime\Cache\Home\92b993b24b73b4310482dd193d5f8cb7.php 第 192 行.
INFO: Run Behavior\ParseTemplateBehavior [ RunTime:0.009964s ]
INFO: [ view_parse ] --END-- [ RunTime:0.010046s ]
INFO: [ view_filter ] --START--
INFO: Run Behavior\WriteHtmlCacheBehavior [ RunTime:0.000203s ]
INFO: [ view_filter ] --END-- [ RunTime:0.000235s ]
INFO: [ app_end ] --START--
INFO: Run Behavior\ShowPageTraceBehavior [ RunTime:0.000569s ]
INFO: [ app_end ] --END-- [ RunTime:0.000638s ]

[ 2018-03-25T20:34:40+08:00 ] ::1 /index.php/Home/Xg/del.html
INFO: [ app_init ] --START--
INFO: Run Behavior\BuildLiteBehavior [ RunTime:0.000023s ]
INFO: [ app_init ] --END-- [ RunTime:0.000569s ]
INFO: [ app_begin ] --START--
INFO: Run Behavior\ReadHtmlCacheBehavior [ RunTime:0.000591s ]
INFO: [ app_begin ] --END-- [ RunTime:0.000666s ]
SQL: SHOW COLUMNS FROM `jg` [ RunTime:0.0085s ]
SQL: DELETE FROM `jg` WHERE `id` = 0 [ RunTime:0.0005s ]

[ 2018-03-25T20:47:59+08:00 ] ::1 /index.php/home/xg
INFO: [ app_init ] --START--
INFO: Run Behavior\BuildLiteBehavior [ RunTime:0.000023s ]
INFO: [ app_init ] --END-- [ RunTime:0.000864s ]
INFO: [ app_begin ] --START--
INFO: Run Behavior\ReadHtmlCacheBehavior [ RunTime:0.000942s ]
INFO: [ app_begin ] --END-- [ RunTime:0.001041s ]
SQL: SHOW COLUMNS FROM `jg` [ RunTime:0.0074s ]
SQL: SELECT COUNT(*) AS tp_count FROM `jg` LIMIT 1   [ RunTime:0.0010s ]
SQL: SELECT `id`,`riq`,`gold`,`silver`,`silver1`,`pd`,`ru`,`pt`,`rh`,`yr`,`jcpd`,`jcpt` FROM `jg` ORDER BY riq desc LIMIT 0,13   [ RunTime:0.0018s ]
INFO: [ view_parse ] --START--
INFO: [ template_filter ] --START--
INFO: Run Behavior\ContentReplaceBehavior [ RunTime:0.000112s ]
INFO: [ template_filter ] --END-- [ RunTime:0.000212s ]
NOTIC: [8] Undefined variable: tablist D:\xampp\htdocs\Application\Runtime\Cache\Home\92b993b24b73b4310482dd193d5f8cb7.php 第 192 行.
INFO: Run Behavior\ParseTemplateBehavior [ RunTime:0.015947s ]
INFO: [ view_parse ] --END-- [ RunTime:0.016079s ]
INFO: [ view_filter ] --START--
INFO: Run Behavior\WriteHtmlCacheBehavior [ RunTime:0.000629s ]
INFO: [ view_filter ] --END-- [ RunTime:0.000718s ]
INFO: [ app_end ] --START--
INFO: Run Behavior\ShowPageTraceBehavior [ RunTime:0.000889s ]
INFO: [ app_end ] --END-- [ RunTime:0.000985s ]

[ 2018-03-25T20:48:11+08:00 ] ::1 /index.php/home/xg
INFO: [ app_init ] --START--
INFO: Run Behavior\BuildLiteBehavior [ RunTime:0.000012s ]
INFO: [ app_init ] --END-- [ RunTime:0.000292s ]
INFO: [ app_begin ] --START--
INFO: Run Behavior\ReadHtmlCacheBehavior [ RunTime:0.000384s ]
INFO: [ app_begin ] --END-- [ RunTime:0.000443s ]
SQL: SHOW COLUMNS FROM `jg` [ RunTime:0.0070s ]
SQL: SELECT COUNT(*) AS tp_count FROM `jg` LIMIT 1   [ RunTime:0.0009s ]
SQL: SELECT `id`,`riq`,`gold`,`silver`,`silver1`,`pd`,`ru`,`pt`,`rh`,`yr`,`jcpd`,`jcpt` FROM `jg` ORDER BY riq desc LIMIT 0,13   [ RunTime:0.0017s ]
INFO: [ view_parse ] --START--
INFO: [ template_filter ] --START--
INFO: Run Behavior\ContentReplaceBehavior [ RunTime:0.000064s ]
INFO: [ template_filter ] --END-- [ RunTime:0.000116s ]
NOTIC: [8] Undefined variable: tablist D:\xampp\htdocs\Application\Runtime\Cache\Home\92b993b24b73b4310482dd193d5f8cb7.php 第 192 行.
INFO: Run Behavior\ParseTemplateBehavior [ RunTime:0.021389s ]
INFO: [ view_parse ] --END-- [ RunTime:0.021480s ]
INFO: [ view_filter ] --START--
INFO: Run Behavior\WriteHtmlCacheBehavior [ RunTime:0.000351s ]
INFO: [ view_filter ] --END-- [ RunTime:0.000401s ]
INFO: [ app_end ] --START--
INFO: Run Behavior\ShowPageTraceBehavior [ RunTime:0.000673s ]
INFO: [ app_end ] --END-- [ RunTime:0.000756s ]

[ 2018-03-25T20:48:12+08:00 ] ::1 /index.php/home/xg
INFO: [ app_init ] --START--
INFO: Run Behavior\BuildLiteBehavior [ RunTime:0.000019s ]
INFO: [ app_init ] --END-- [ RunTime:0.000383s ]
INFO: [ app_begin ] --START--
INFO: Run Behavior\ReadHtmlCacheBehavior [ RunTime:0.000405s ]
INFO: [ app_begin ] --END-- [ RunTime:0.000458s ]
SQL: SHOW COLUMNS FROM `jg` [ RunTime:0.0067s ]
SQL: SELECT COUNT(*) AS tp_count FROM `jg` LIMIT 1   [ RunTime:0.0007s ]
SQL: SELECT `id`,`riq`,`gold`,`silver`,`silver1`,`pd`,`ru`,`pt`,`rh`,`yr`,`jcpd`,`jcpt` FROM `jg` ORDER BY riq desc LIMIT 0,13   [ RunTime:0.0019s ]
INFO: [ view_parse ] --START--
INFO: [ template_filter ] --START--
INFO: Run Behavior\ContentReplaceBehavior [ RunTime:0.000312s ]
INFO: [ template_filter ] --END-- [ RunTime:0.000387s ]
NOTIC: [8] Undefined variable: tablist D:\xampp\htdocs\Application\Runtime\Cache\Home\92b993b24b73b4310482dd193d5f8cb7.php 第 192 行.
INFO: Run Behavior\ParseTemplateBehavior [ RunTime:0.014627s ]
INFO: [ view_parse ] --END-- [ RunTime:0.014742s ]
INFO: [ view_filter ] --START--
INFO: Run Behavior\WriteHtmlCacheBehavior [ RunTime:0.000253s ]
INFO: [ view_filter ] --END-- [ RunTime:0.000285s ]
INFO: [ app_end ] --START--
INFO: Run Behavior\ShowPageTraceBehavior [ RunTime:0.000718s ]
INFO: [ app_end ] --END-- [ RunTime:0.000787s ]

[ 2018-03-25T20:53:02+08:00 ] ::1 /index.php/Home/Xg/index/p/8.html
INFO: [ app_init ] --START--
INFO: Run Behavior\BuildLiteBehavior [ RunTime:0.000022s ]
INFO: [ app_init ] --END-- [ RunTime:0.000669s ]
INFO: [ app_begin ] --START--
INFO: Run Behavior\ReadHtmlCacheBehavior [ RunTime:0.000718s ]
INFO: [ app_begin ] --END-- [ RunTime:0.000801s ]
SQL: SHOW COLUMNS FROM `jg` [ RunTime:0.0082s ]
SQL: SELECT COUNT(*) AS tp_count FROM `jg` LIMIT 1   [ RunTime:0.0007s ]
SQL: SELECT `id`,`riq`,`gold`,`silver`,`silver1`,`pd`,`ru`,`pt`,`rh`,`yr`,`jcpd`,`jcpt` FROM `jg` ORDER BY riq desc LIMIT 91,13   [ RunTime:0.0031s ]
INFO: [ view_parse ] --START--
INFO: [ template_filter ] --START--
INFO: Run Behavior\ContentReplaceBehavior [ RunTime:0.000114s ]
INFO: [ template_filter ] --END-- [ RunTime:0.000182s ]
NOTIC: [8] Undefined variable: tablist D:\xampp\htdocs\Application\Runtime\Cache\Home\92b993b24b73b4310482dd193d5f8cb7.php 第 192 行.
INFO: Run Behavior\ParseTemplateBehavior [ RunTime:0.015579s ]
INFO: [ view_parse ] --END-- [ RunTime:0.015644s ]
INFO: [ view_filter ] --START--
INFO: Run Behavior\WriteHtmlCacheBehavior [ RunTime:0.000329s ]
INFO: [ view_filter ] --END-- [ RunTime:0.000371s ]
INFO: [ app_end ] --START--
INFO: Run Behavior\ShowPageTraceBehavior [ RunTime:0.000835s ]
INFO: [ app_end ] --END-- [ RunTime:0.000917s ]

[ 2018-03-25T20:53:04+08:00 ] ::1 /index.php/Home/Xg/index/p/7.html
INFO: [ app_init ] --START--
INFO: Run Behavior\BuildLiteBehavior [ RunTime:0.000022s ]
INFO: [ app_init ] --END-- [ RunTime:0.000568s ]
INFO: [ app_begin ] --START--
INFO: Run Behavior\ReadHtmlCacheBehavior [ RunTime:0.000690s ]
INFO: [ app_begin ] --END-- [ RunTime:0.000786s ]
SQL: SHOW COLUMNS FROM `jg` [ RunTime:0.0105s ]
SQL: SELECT COUNT(*) AS tp_count FROM `jg` LIMIT 1   [ RunTime:0.0013s ]
SQL: SELECT `id`,`riq`,`gold`,`silver`,`silver1`,`pd`,`ru`,`pt`,`rh`,`yr`,`jcpd`,`jcpt` FROM `jg` ORDER BY riq desc LIMIT 78,13   [ RunTime:0.0021s ]
INFO: [ view_parse ] --START--
INFO: [ template_filter ] --START--
INFO: Run Behavior\ContentReplaceBehavior [ RunTime:0.000250s ]
INFO: [ template_filter ] --END-- [ RunTime:0.000330s ]
NOTIC: [8] Undefined variable: tablist D:\xampp\htdocs\Application\Runtime\Cache\Home\92b993b24b73b4310482dd193d5f8cb7.php 第 192 行.
INFO: Run Behavior\ParseTemplateBehavior [ RunTime:0.017015s ]
INFO: [ view_parse ] --END-- [ RunTime:0.017123s ]
INFO: [ view_filter ] --START--
INFO: Run Behavior\WriteHtmlCacheBehavior [ RunTime:0.000603s ]
INFO: [ view_filter ] --END-- [ RunTime:0.000671s ]
INFO: [ app_end ] --START--
INFO: Run Behavior\ShowPageTraceBehavior [ RunTime:0.000967s ]
INFO: [ app_end ] --END-- [ RunTime:0.001052s ]

[ 2018-03-25T20:53:49+08:00 ] ::1 /index.php/Home/Xg/index/p/7.html
INFO: [ app_init ] --START--
INFO: Run Behavior\BuildLiteBehavior [ RunTime:0.000020s ]
INFO: [ app_init ] --END-- [ RunTime:0.000510s ]
INFO: [ app_begin ] --START--
INFO: Run Behavior\ReadHtmlCacheBehavior [ RunTime:0.000451s ]
INFO: [ app_begin ] --END-- [ RunTime:0.000508s ]
SQL: SHOW COLUMNS FROM `jg` [ RunTime:0.0073s ]
SQL: SELECT COUNT(*) AS tp_count FROM `jg` LIMIT 1   [ RunTime:0.0009s ]
SQL: SELECT `id`,`riq`,`gold`,`silver`,`silver1`,`pd`,`ru`,`pt`,`rh`,`yr`,`jcpd`,`jcpt` FROM `jg` ORDER BY riq desc LIMIT 78,13   [ RunTime:0.0014s ]
INFO: [ view_parse ] --START--
INFO: [ template_filter ] --START--
INFO: Run Behavior\ContentReplaceBehavior [ RunTime:0.000073s ]
INFO: [ template_filter ] --END-- [ RunTime:0.000131s ]
NOTIC: [8] Undefined variable: tablist D:\xampp\htdocs\Application\Runtime\Cache\Home\92b993b24b73b4310482dd193d5f8cb7.php 第 192 行.
INFO: Run Behavior\ParseTemplateBehavior [ RunTime:0.012390s ]
INFO: [ view_parse ] --END-- [ RunTime:0.012476s ]
INFO: [ view_filter ] --START--
INFO: Run Behavior\WriteHtmlCacheBehavior [ RunTime:0.000343s ]
INFO: [ view_filter ] --END-- [ RunTime:0.000397s ]
INFO: [ app_end ] --START--
INFO: Run Behavior\ShowPageTraceBehavior [ RunTime:0.000680s ]
INFO: [ app_end ] --END-- [ RunTime:0.000759s ]

[ 2018-03-25T20:53:49+08:00 ] ::1 /index.php/Home/Xg/index/p/7.html
INFO: [ app_init ] --START--
INFO: Run Behavior\BuildLiteBehavior [ RunTime:0.000012s ]
INFO: [ app_init ] --END-- [ RunTime:0.000304s ]
INFO: [ app_begin ] --START--
INFO: Run Behavior\ReadHtmlCacheBehavior [ RunTime:0.000421s ]
INFO: [ app_begin ] --END-- [ RunTime:0.000469s ]
SQL: SHOW COLUMNS FROM `jg` [ RunTime:0.0078s ]
SQL: SELECT COUNT(*) AS tp_count FROM `jg` LIMIT 1   [ RunTime:0.0010s ]
SQL: SELECT `id`,`riq`,`gold`,`silver`,`silver1`,`pd`,`ru`,`pt`,`rh`,`yr`,`jcpd`,`jcpt` FROM `jg` ORDER BY riq desc LIMIT 78,13   [ RunTime:0.0019s ]
INFO: [ view_parse ] --START--
INFO: [ template_filter ] --START--
INFO: Run Behavior\ContentReplaceBehavior [ RunTime:0.000109s ]
INFO: [ template_filter ] --END-- [ RunTime:0.000192s ]
NOTIC: [8] Undefined variable: tablist D:\xampp\htdocs\Application\Runtime\Cache\Home\92b993b24b73b4310482dd193d5f8cb7.php 第 192 行.
INFO: Run Behavior\ParseTemplateBehavior [ RunTime:0.011545s ]
INFO: [ view_parse ] --END-- [ RunTime:0.011635s ]
INFO: [ view_filter ] --START--
INFO: Run Behavior\WriteHtmlCacheBehavior [ RunTime:0.000265s ]
INFO: [ view_filter ] --END-- [ RunTime:0.000313s ]
INFO: [ app_end ] --START--
INFO: Run Behavior\ShowPageTraceBehavior [ RunTime:0.000697s ]
INFO: [ app_end ] --END-- [ RunTime:0.000764s ]

[ 2018-03-25T20:54:06+08:00 ] ::1 /index.php/Home/Xg/index/p/7.html
INFO: [ app_init ] --START--
INFO: Run Behavior\BuildLiteBehavior [ RunTime:0.000012s ]
INFO: [ app_init ] --END-- [ RunTime:0.000332s ]
INFO: [ app_begin ] --START--
INFO: Run Behavior\ReadHtmlCacheBehavior [ RunTime:0.000505s ]
INFO: [ app_begin ] --END-- [ RunTime:0.000560s ]
SQL: SHOW COLUMNS FROM `jg` [ RunTime:0.0061s ]
SQL: SELECT COUNT(*) AS tp_count FROM `jg` LIMIT 1   [ RunTime:0.0010s ]
SQL: SELECT `id`,`riq`,`gold`,`silver`,`silver1`,`pd`,`ru`,`pt`,`rh`,`yr`,`jcpd`,`jcpt` FROM `jg` ORDER BY riq desc LIMIT 78,13   [ RunTime:0.0014s ]
INFO: [ view_parse ] --START--
INFO: [ template_filter ] --START--
INFO: Run Behavior\ContentReplaceBehavior [ RunTime:0.000152s ]
INFO: [ template_filter ] --END-- [ RunTime:0.000228s ]
NOTIC: [8] Undefined variable: tablist D:\xampp\htdocs\Application\Runtime\Cache\Home\92b993b24b73b4310482dd193d5f8cb7.php 第 192 行.
INFO: Run Behavior\ParseTemplateBehavior [ RunTime:0.011790s ]
INFO: [ view_parse ] --END-- [ RunTime:0.011871s ]
INFO: [ view_filter ] --START--
INFO: Run Behavior\WriteHtmlCacheBehavior [ RunTime:0.000350s ]
INFO: [ view_filter ] --END-- [ RunTime:0.000382s ]
INFO: [ app_end ] --START--
INFO: Run Behavior\ShowPageTraceBehavior [ RunTime:0.000634s ]
INFO: [ app_end ] --END-- [ RunTime:0.000715s ]

[ 2018-03-25T20:54:35+08:00 ] ::1 /index.php/Home/Xg/index/p/7.html
INFO: [ app_init ] --START--
INFO: Run Behavior\BuildLiteBehavior [ RunTime:0.000017s ]
INFO: [ app_init ] --END-- [ RunTime:0.000346s ]
INFO: [ app_begin ] --START--
INFO: Run Behavior\ReadHtmlCacheBehavior [ RunTime:0.000395s ]
INFO: [ app_begin ] --END-- [ RunTime:0.000455s ]
SQL: SHOW COLUMNS FROM `jg` [ RunTime:0.0073s ]
SQL: SELECT COUNT(*) AS tp_count FROM `jg` LIMIT 1   [ RunTime:0.0008s ]
SQL: SELECT `id`,`riq`,`gold`,`silver`,`silver1`,`pd`,`ru`,`pt`,`rh`,`yr`,`jcpd`,`jcpt` FROM `jg` ORDER BY riq desc LIMIT 78,13   [ RunTime:0.0014s ]
INFO: [ view_parse ] --START--
INFO: [ template_filter ] --START--
INFO: Run Behavior\ContentReplaceBehavior [ RunTime:0.000082s ]
INFO: [ template_filter ] --END-- [ RunTime:0.000130s ]
NOTIC: [8] Undefined variable: tablist D:\xampp\htdocs\Application\Runtime\Cache\Home\92b993b24b73b4310482dd193d5f8cb7.php 第 192 行.
INFO: Run Behavior\ParseTemplateBehavior [ RunTime:0.011124s ]
INFO: [ view_parse ] --END-- [ RunTime:0.011217s ]
INFO: [ view_filter ] --START--
INFO: Run Behavior\WriteHtmlCacheBehavior [ RunTime:0.000456s ]
INFO: [ view_filter ] --END-- [ RunTime:0.000502s ]
INFO: [ app_end ] --START--
INFO: Run Behavior\ShowPageTraceBehavior [ RunTime:0.000712s ]
INFO: [ app_end ] --END-- [ RunTime:0.000790s ]

[ 2018-03-25T20:54:41+08:00 ] ::1 /index.php/Home/Xg/index/p/7.html
INFO: [ app_init ] --START--
INFO: Run Behavior\BuildLiteBehavior [ RunTime:0.000013s ]
INFO: [ app_init ] --END-- [ RunTime:0.000317s ]
INFO: [ app_begin ] --START--
INFO: Run Behavior\ReadHtmlCacheBehavior [ RunTime:0.000483s ]
INFO: [ app_begin ] --END-- [ RunTime:0.000549s ]
SQL: SHOW COLUMNS FROM `jg` [ RunTime:0.0076s ]
SQL: SELECT COUNT(*) AS tp_count FROM `jg` LIMIT 1   [ RunTime:0.0007s ]
SQL: SELECT `id`,`riq`,`gold`,`silver`,`silver1`,`pd`,`ru`,`pt`,`rh`,`yr`,`jcpd`,`jcpt` FROM `jg` ORDER BY riq desc LIMIT 78,13   [ RunTime:0.0014s ]
INFO: [ view_parse ] --START--
INFO: [ template_filter ] --START--
INFO: Run Behavior\ContentReplaceBehavior [ RunTime:0.000099s ]
INFO: [ template_filter ] --END-- [ RunTime:0.000159s ]
NOTIC: [8] Undefined variable: tablist D:\xampp\htdocs\Application\Runtime\Cache\Home\92b993b24b73b4310482dd193d5f8cb7.php 第 192 行.
INFO: Run Behavior\ParseTemplateBehavior [ RunTime:0.013034s ]
INFO: [ view_parse ] --END-- [ RunTime:0.013115s ]
INFO: [ view_filter ] --START--
INFO: Run Behavior\WriteHtmlCacheBehavior [ RunTime:0.000208s ]
INFO: [ view_filter ] --END-- [ RunTime:0.000241s ]
INFO: [ app_end ] --START--
INFO: Run Behavior\ShowPageTraceBehavior [ RunTime:0.000674s ]
INFO: [ app_end ] --END-- [ RunTime:0.000763s ]

[ 2018-03-25T21:28:23+08:00 ] ::1 /index.php/Home/Xg/index/p/7.html
INFO: [ app_init ] --START--
INFO: Run Behavior\BuildLiteBehavior [ RunTime:0.000020s ]
INFO: [ app_init ] --END-- [ RunTime:0.000555s ]
INFO: [ app_begin ] --START--
INFO: Run Behavior\ReadHtmlCacheBehavior [ RunTime:0.000791s ]
INFO: [ app_begin ] --END-- [ RunTime:0.000875s ]
SQL: SHOW COLUMNS FROM `jg` [ RunTime:0.0063s ]
SQL: SELECT COUNT(*) AS tp_count FROM `jg` LIMIT 1   [ RunTime:0.0007s ]
SQL: SELECT `id`,`riq`,`gold`,`silver`,`silver1`,`pd`,`ru`,`pt`,`rh`,`yr`,`jcpd`,`jcpt` FROM `jg` ORDER BY riq desc LIMIT 78,13   [ RunTime:0.0013s ]
INFO: [ view_parse ] --START--
INFO: [ template_filter ] --START--
INFO: Run Behavior\ContentReplaceBehavior [ RunTime:0.000093s ]
INFO: [ template_filter ] --END-- [ RunTime:0.000151s ]
INFO: Run Behavior\ParseTemplateBehavior [ RunTime:0.009157s ]
INFO: [ view_parse ] --END-- [ RunTime:0.009220s ]
INFO: [ view_filter ] --START--
INFO: Run Behavior\WriteHtmlCacheBehavior [ RunTime:0.000294s ]
INFO: [ view_filter ] --END-- [ RunTime:0.000325s ]
INFO: [ app_end ] --START--
INFO: Run Behavior\ShowPageTraceBehavior [ RunTime:0.000617s ]
INFO: [ app_end ] --END-- [ RunTime:0.000698s ]

[ 2018-03-25T21:28:27+08:00 ] ::1 /index.php/Home/Xg/index/p/6.html
INFO: [ app_init ] --START--
INFO: Run Behavior\BuildLiteBehavior [ RunTime:0.000010s ]
INFO: [ app_init ] --END-- [ RunTime:0.000294s ]
INFO: [ app_begin ] --START--
INFO: Run Behavior\ReadHtmlCacheBehavior [ RunTime:0.000426s ]
INFO: [ app_begin ] --END-- [ RunTime:0.000488s ]
SQL: SHOW COLUMNS FROM `jg` [ RunTime:0.0067s ]
SQL: SELECT COUNT(*) AS tp_count FROM `jg` LIMIT 1   [ RunTime:0.0016s ]
SQL: SELECT `id`,`riq`,`gold`,`silver`,`silver1`,`pd`,`ru`,`pt`,`rh`,`yr`,`jcpd`,`jcpt` FROM `jg` ORDER BY riq desc LIMIT 65,13   [ RunTime:0.0017s ]
INFO: [ view_parse ] --START--
INFO: [ template_filter ] --START--
INFO: Run Behavior\ContentReplaceBehavior [ RunTime:0.000106s ]
INFO: [ template_filter ] --END-- [ RunTime:0.000164s ]
INFO: Run Behavior\ParseTemplateBehavior [ RunTime:0.011747s ]
INFO: [ view_parse ] --END-- [ RunTime:0.011812s ]
INFO: [ view_filter ] --START--
INFO: Run Behavior\WriteHtmlCacheBehavior [ RunTime:0.000287s ]
INFO: [ view_filter ] --END-- [ RunTime:0.000339s ]
INFO: [ app_end ] --START--
INFO: Run Behavior\ShowPageTraceBehavior [ RunTime:0.000706s ]
INFO: [ app_end ] --END-- [ RunTime:0.000864s ]

[ 2018-03-25T21:28:29+08:00 ] ::1 /index.php/Home/Xg/index/p/3.html
INFO: [ app_init ] --START--
INFO: Run Behavior\BuildLiteBehavior [ RunTime:0.000018s ]
INFO: [ app_init ] --END-- [ RunTime:0.000435s ]
INFO: [ app_begin ] --START--
INFO: Run Behavior\ReadHtmlCacheBehavior [ RunTime:0.000562s ]
INFO: [ app_begin ] --END-- [ RunTime:0.000638s ]
SQL: SHOW COLUMNS FROM `jg` [ RunTime:0.0341s ]
SQL: SELECT COUNT(*) AS tp_count FROM `jg` LIMIT 1   [ RunTime:0.0010s ]
SQL: SELECT `id`,`riq`,`gold`,`silver`,`silver1`,`pd`,`ru`,`pt`,`rh`,`yr`,`jcpd`,`jcpt` FROM `jg` ORDER BY riq desc LIMIT 26,13   [ RunTime:0.0014s ]
INFO: [ view_parse ] --START--
INFO: [ template_filter ] --START--
INFO: Run Behavior\ContentReplaceBehavior [ RunTime:0.000073s ]
INFO: [ template_filter ] --END-- [ RunTime:0.000124s ]
INFO: Run Behavior\ParseTemplateBehavior [ RunTime:0.011637s ]
INFO: [ view_parse ] --END-- [ RunTime:0.011727s ]
INFO: [ view_filter ] --START--
INFO: Run Behavior\WriteHtmlCacheBehavior [ RunTime:0.000317s ]
INFO: [ view_filter ] --END-- [ RunTime:0.000368s ]
INFO: [ app_end ] --START--
INFO: Run Behavior\ShowPageTraceBehavior [ RunTime:0.000546s ]
INFO: [ app_end ] --END-- [ RunTime:0.000612s ]

[ 2018-03-25T21:28:29+08:00 ] ::1 /index.php/Home/Xg/index/p/2.html
INFO: [ app_init ] --START--
INFO: Run Behavior\BuildLiteBehavior [ RunTime:0.000012s ]
INFO: [ app_init ] --END-- [ RunTime:0.000304s ]
INFO: [ app_begin ] --START--
INFO: Run Behavior\ReadHtmlCacheBehavior [ RunTime:0.000490s ]
INFO: [ app_begin ] --END-- [ RunTime:0.000558s ]
SQL: SHOW COLUMNS FROM `jg` [ RunTime:0.0096s ]
SQL: SELECT COUNT(*) AS tp_count FROM `jg` LIMIT 1   [ RunTime:0.0012s ]
SQL: SELECT `id`,`riq`,`gold`,`silver`,`silver1`,`pd`,`ru`,`pt`,`rh`,`yr`,`jcpd`,`jcpt` FROM `jg` ORDER BY riq desc LIMIT 13,13   [ RunTime:0.0017s ]
INFO: [ view_parse ] --START--
INFO: [ template_filter ] --START--
INFO: Run Behavior\ContentReplaceBehavior [ RunTime:0.000093s ]
INFO: [ template_filter ] --END-- [ RunTime:0.000156s ]
INFO: Run Behavior\ParseTemplateBehavior [ RunTime:0.014493s ]
INFO: [ view_parse ] --END-- [ RunTime:0.014582s ]
INFO: [ view_filter ] --START--
INFO: Run Behavior\WriteHtmlCacheBehavior [ RunTime:0.000348s ]
INFO: [ view_filter ] --END-- [ RunTime:0.000401s ]
INFO: [ app_end ] --START--
INFO: Run Behavior\ShowPageTraceBehavior [ RunTime:0.001223s ]
INFO: [ app_end ] --END-- [ RunTime:0.001302s ]

[ 2018-03-25T21:28:31+08:00 ] ::1 /index.php/Home/Xg/index/p/11.html
INFO: [ app_init ] --START--
INFO: Run Behavior\BuildLiteBehavior [ RunTime:0.000012s ]
INFO: [ app_init ] --END-- [ RunTime:0.000268s ]
INFO: [ app_begin ] --START--
INFO: Run Behavior\ReadHtmlCacheBehavior [ RunTime:0.000722s ]
INFO: [ app_begin ] --END-- [ RunTime:0.000824s ]
SQL: SHOW COLUMNS FROM `jg` [ RunTime:0.0080s ]
SQL: SELECT COUNT(*) AS tp_count FROM `jg` LIMIT 1   [ RunTime:0.0016s ]
SQL: SELECT `id`,`riq`,`gold`,`silver`,`silver1`,`pd`,`ru`,`pt`,`rh`,`yr`,`jcpd`,`jcpt` FROM `jg` ORDER BY riq desc LIMIT 130,13   [ RunTime:0.0016s ]
INFO: [ view_parse ] --START--
INFO: [ template_filter ] --START--
INFO: Run Behavior\ContentReplaceBehavior [ RunTime:0.000060s ]
INFO: [ template_filter ] --END-- [ RunTime:0.000104s ]
INFO: Run Behavior\ParseTemplateBehavior [ RunTime:0.009424s ]
INFO: [ view_parse ] --END-- [ RunTime:0.009491s ]
INFO: [ view_filter ] --START--
INFO: Run Behavior\WriteHtmlCacheBehavior [ RunTime:0.000243s ]
INFO: [ view_filter ] --END-- [ RunTime:0.000277s ]
INFO: [ app_end ] --START--
INFO: Run Behavior\ShowPageTraceBehavior [ RunTime:0.000475s ]
INFO: [ app_end ] --END-- [ RunTime:0.000521s ]

[ 2018-03-25T21:28:32+08:00 ] ::1 /index.php/Home/Xg/index/p/14.html
INFO: [ app_init ] --START--
INFO: Run Behavior\BuildLiteBehavior [ RunTime:0.000020s ]
INFO: [ app_init ] --END-- [ RunTime:0.000875s ]
INFO: [ app_begin ] --START--
INFO: Run Behavior\ReadHtmlCacheBehavior [ RunTime:0.000489s ]
INFO: [ app_begin ] --END-- [ RunTime:0.000560s ]
SQL: SHOW COLUMNS FROM `jg` [ RunTime:0.0077s ]
SQL: SELECT COUNT(*) AS tp_count FROM `jg` LIMIT 1   [ RunTime:0.0010s ]
SQL: SELECT `id`,`riq`,`gold`,`silver`,`silver1`,`pd`,`ru`,`pt`,`rh`,`yr`,`jcpd`,`jcpt` FROM `jg` ORDER BY riq desc LIMIT 169,13   [ RunTime:0.0018s ]
INFO: [ view_parse ] --START--
INFO: [ template_filter ] --START--
INFO: Run Behavior\ContentReplaceBehavior [ RunTime:0.000066s ]
INFO: [ template_filter ] --END-- [ RunTime:0.000120s ]
INFO: Run Behavior\ParseTemplateBehavior [ RunTime:0.010994s ]
INFO: [ view_parse ] --END-- [ RunTime:0.011071s ]
INFO: [ view_filter ] --START--
INFO: Run Behavior\WriteHtmlCacheBehavior [ RunTime:0.000252s ]
INFO: [ view_filter ] --END-- [ RunTime:0.000293s ]
INFO: [ app_end ] --START--
INFO: Run Behavior\ShowPageTraceBehavior [ RunTime:0.000843s ]
INFO: [ app_end ] --END-- [ RunTime:0.000917s ]

[ 2018-03-25T21:28:34+08:00 ] ::1 /index.php/Home/Xg/index/p/13.html
INFO: [ app_init ] --START--
INFO: Run Behavior\BuildLiteBehavior [ RunTime:0.000014s ]
INFO: [ app_init ] --END-- [ RunTime:0.000313s ]
INFO: [ app_begin ] --START--
INFO: Run Behavior\ReadHtmlCacheBehavior [ RunTime:0.000385s ]
INFO: [ app_begin ] --END-- [ RunTime:0.000451s ]
SQL: SHOW COLUMNS FROM `jg` [ RunTime:0.0081s ]
SQL: SELECT COUNT(*) AS tp_count FROM `jg` LIMIT 1   [ RunTime:0.0011s ]
SQL: SELECT `id`,`riq`,`gold`,`silver`,`silver1`,`pd`,`ru`,`pt`,`rh`,`yr`,`jcpd`,`jcpt` FROM `jg` ORDER BY riq desc LIMIT 156,13   [ RunTime:0.0017s ]
INFO: [ view_parse ] --START--
INFO: [ template_filter ] --START--
INFO: Run Behavior\ContentReplaceBehavior [ RunTime:0.000124s ]
INFO: [ template_filter ] --END-- [ RunTime:0.000229s ]
INFO: Run Behavior\ParseTemplateBehavior [ RunTime:0.013871s ]
INFO: [ view_parse ] --END-- [ RunTime:0.013966s ]
INFO: [ view_filter ] --START--
INFO: Run Behavior\WriteHtmlCacheBehavior [ RunTime:0.000399s ]
INFO: [ view_filter ] --END-- [ RunTime:0.000463s ]
INFO: [ app_end ] --START--
INFO: Run Behavior\ShowPageTraceBehavior [ RunTime:0.000838s ]
INFO: [ app_end ] --END-- [ RunTime:0.000945s ]

[ 2018-03-25T21:30:39+08:00 ] ::1 /index.php/Home/Xg/index/p/13.html
INFO: [ app_init ] --START--
INFO: Run Behavior\BuildLiteBehavior [ RunTime:0.000038s ]
INFO: [ app_init ] --END-- [ RunTime:0.000509s ]
INFO: [ app_begin ] --START--
INFO: Run Behavior\ReadHtmlCacheBehavior [ RunTime:0.000726s ]
INFO: [ app_begin ] --END-- [ RunTime:0.000798s ]
SQL: SHOW COLUMNS FROM `jg` [ RunTime:0.0075s ]
SQL: SELECT COUNT(*) AS tp_count FROM `jg` LIMIT 1   [ RunTime:0.0008s ]
SQL: SELECT `id`,`riq`,`gold`,`silver`,`silver1`,`pd`,`ru`,`pt`,`rh`,`yr`,`jcpd`,`jcpt` FROM `jg` ORDER BY riq desc LIMIT 156,13   [ RunTime:0.0014s ]
INFO: [ view_parse ] --START--
INFO: [ template_filter ] --START--
INFO: Run Behavior\ContentReplaceBehavior [ RunTime:0.000072s ]
INFO: [ template_filter ] --END-- [ RunTime:0.000122s ]
INFO: Run Behavior\ParseTemplateBehavior [ RunTime:0.010988s ]
INFO: [ view_parse ] --END-- [ RunTime:0.011071s ]
INFO: [ view_filter ] --START--
INFO: Run Behavior\WriteHtmlCacheBehavior [ RunTime:0.000439s ]
INFO: [ view_filter ] --END-- [ RunTime:0.000488s ]
INFO: [ app_end ] --START--
INFO: Run Behavior\ShowPageTraceBehavior [ RunTime:0.000842s ]
INFO: [ app_end ] --END-- [ RunTime:0.000932s ]

[ 2018-03-25T21:31:04+08:00 ] ::1 /index.php/Home/Xg/index/p/13.html
INFO: [ app_init ] --START--
INFO: Run Behavior\BuildLiteBehavior [ RunTime:0.000013s ]
INFO: [ app_init ] --END-- [ RunTime:0.000378s ]
INFO: [ app_begin ] --START--
INFO: Run Behavior\ReadHtmlCacheBehavior [ RunTime:0.000696s ]
INFO: [ app_begin ] --END-- [ RunTime:0.000766s ]
SQL: SHOW COLUMNS FROM `jg` [ RunTime:0.0069s ]
SQL: SELECT COUNT(*) AS tp_count FROM `jg` LIMIT 1   [ RunTime:0.0006s ]
SQL: SELECT `id`,`riq`,`gold`,`silver`,`silver1`,`pd`,`ru`,`pt`,`rh`,`yr`,`jcpd`,`jcpt` FROM `jg` ORDER BY riq desc LIMIT 156,13   [ RunTime:0.0015s ]
INFO: [ view_parse ] --START--
INFO: [ template_filter ] --START--
INFO: Run Behavior\ContentReplaceBehavior [ RunTime:0.000068s ]
INFO: [ template_filter ] --END-- [ RunTime:0.000122s ]
INFO: Run Behavior\ParseTemplateBehavior [ RunTime:0.011092s ]
INFO: [ view_parse ] --END-- [ RunTime:0.011174s ]
INFO: [ view_filter ] --START--
INFO: Run Behavior\WriteHtmlCacheBehavior [ RunTime:0.000391s ]
INFO: [ view_filter ] --END-- [ RunTime:0.000432s ]
INFO: [ app_end ] --START--
INFO: Run Behavior\ShowPageTraceBehavior [ RunTime:0.000733s ]
INFO: [ app_end ] --END-- [ RunTime:0.000804s ]

[ 2018-03-25T21:31:43+08:00 ] ::1 /index.php/Home/Xg/index/p/13.html
INFO: [ app_init ] --START--
INFO: Run Behavior\BuildLiteBehavior [ RunTime:0.000031s ]
INFO: [ app_init ] --END-- [ RunTime:0.000643s ]
INFO: [ app_begin ] --START--
INFO: Run Behavior\ReadHtmlCacheBehavior [ RunTime:0.000781s ]
INFO: [ app_begin ] --END-- [ RunTime:0.000873s ]
SQL: SHOW COLUMNS FROM `jg` [ RunTime:0.0061s ]
SQL: SELECT COUNT(*) AS tp_count FROM `jg` LIMIT 1   [ RunTime:0.0007s ]
SQL: SELECT `id`,`riq`,`gold`,`silver`,`silver1`,`pd`,`ru`,`pt`,`rh`,`yr`,`jcpd`,`jcpt` FROM `jg` ORDER BY riq desc LIMIT 156,13   [ RunTime:0.0015s ]
INFO: [ view_parse ] --START--
INFO: [ template_filter ] --START--
INFO: Run Behavior\ContentReplaceBehavior [ RunTime:0.000063s ]
INFO: [ template_filter ] --END-- [ RunTime:0.000115s ]
INFO: Run Behavior\ParseTemplateBehavior [ RunTime:0.008447s ]
INFO: [ view_parse ] --END-- [ RunTime:0.008510s ]
INFO: [ view_filter ] --START--
INFO: Run Behavior\WriteHtmlCacheBehavior [ RunTime:0.000218s ]
INFO: [ view_filter ] --END-- [ RunTime:0.000248s ]
INFO: [ app_end ] --START--
INFO: Run Behavior\ShowPageTraceBehavior [ RunTime:0.000650s ]
INFO: [ app_end ] --END-- [ RunTime:0.000760s ]

[ 2018-03-25T21:31:56+08:00 ] ::1 /index.php/Home/Xg/index/p/13.html
INFO: [ app_init ] --START--
INFO: Run Behavior\BuildLiteBehavior [ RunTime:0.000021s ]
INFO: [ app_init ] --END-- [ RunTime:0.000502s ]
INFO: [ app_begin ] --START--
INFO: Run Behavior\ReadHtmlCacheBehavior [ RunTime:0.000768s ]
INFO: [ app_begin ] --END-- [ RunTime:0.000878s ]
SQL: SHOW COLUMNS FROM `jg` [ RunTime:0.0059s ]
SQL: SELECT COUNT(*) AS tp_count FROM `jg` LIMIT 1   [ RunTime:0.0007s ]
SQL: SELECT `id`,`riq`,`gold`,`silver`,`silver1`,`pd`,`ru`,`pt`,`rh`,`yr`,`jcpd`,`jcpt` FROM `jg` ORDER BY riq desc LIMIT 156,13   [ RunTime:0.0015s ]
INFO: [ view_parse ] --START--
INFO: [ template_filter ] --START--
INFO: Run Behavior\ContentReplaceBehavior [ RunTime:0.000067s ]
INFO: [ template_filter ] --END-- [ RunTime:0.000137s ]
INFO: Run Behavior\ParseTemplateBehavior [ RunTime:0.008696s ]
INFO: [ view_parse ] --END-- [ RunTime:0.008759s ]
INFO: [ view_filter ] --START--
INFO: Run Behavior\WriteHtmlCacheBehavior [ RunTime:0.000207s ]
INFO: [ view_filter ] --END-- [ RunTime:0.000244s ]
INFO: [ app_end ] --START--
INFO: Run Behavior\ShowPageTraceBehavior [ RunTime:0.000711s ]
INFO: [ app_end ] --END-- [ RunTime:0.000771s ]

[ 2018-03-25T21:33:21+08:00 ] ::1 /index.php/Home/Xg/index/p/13.html
INFO: [ app_init ] --START--
INFO: Run Behavior\BuildLiteBehavior [ RunTime:0.000018s ]
INFO: [ app_init ] --END-- [ RunTime:0.000512s ]
INFO: [ app_begin ] --START--
INFO: Run Behavior\ReadHtmlCacheBehavior [ RunTime:0.000807s ]
INFO: [ app_begin ] --END-- [ RunTime:0.000886s ]
SQL: SHOW COLUMNS FROM `jg` [ RunTime:0.0068s ]
SQL: SELECT COUNT(*) AS tp_count FROM `jg` LIMIT 1   [ RunTime:0.0007s ]
SQL: SELECT `id`,`riq`,`gold`,`silver`,`silver1`,`pd`,`ru`,`pt`,`rh`,`yr`,`jcpd`,`jcpt` FROM `jg` ORDER BY riq desc LIMIT 156,13   [ RunTime:0.0013s ]
INFO: [ view_parse ] --START--
INFO: [ template_filter ] --START--
INFO: Run Behavior\ContentReplaceBehavior [ RunTime:0.000059s ]
INFO: [ template_filter ] --END-- [ RunTime:0.000100s ]
INFO: Run Behavior\ParseTemplateBehavior [ RunTime:0.008801s ]
INFO: [ view_parse ] --END-- [ RunTime:0.008862s ]
INFO: [ view_filter ] --START--
INFO: Run Behavior\WriteHtmlCacheBehavior [ RunTime:0.000291s ]
INFO: [ view_filter ] --END-- [ RunTime:0.000334s ]
INFO: [ app_end ] --START--
INFO: Run Behavior\ShowPageTraceBehavior [ RunTime:0.000547s ]
INFO: [ app_end ] --END-- [ RunTime:0.000593s ]

[ 2018-03-25T21:33:41+08:00 ] ::1 /index.php/Home/Xg/index/p/13.html
INFO: [ app_init ] --START--
INFO: Run Behavior\BuildLiteBehavior [ RunTime:0.000022s ]
INFO: [ app_init ] --END-- [ RunTime:0.000799s ]
INFO: [ app_begin ] --START--
INFO: Run Behavior\ReadHtmlCacheBehavior [ RunTime:0.000787s ]
INFO: [ app_begin ] --END-- [ RunTime:0.000870s ]
SQL: SHOW COLUMNS FROM `jg` [ RunTime:0.0061s ]
SQL: SELECT COUNT(*) AS tp_count FROM `jg` LIMIT 1   [ RunTime:0.0007s ]
SQL: SELECT `id`,`riq`,`gold`,`silver`,`silver1`,`pd`,`ru`,`pt`,`rh`,`yr`,`jcpd`,`jcpt` FROM `jg` ORDER BY riq desc LIMIT 156,13   [ RunTime:0.0014s ]
INFO: [ view_parse ] --START--
INFO: [ template_filter ] --START--
INFO: Run Behavior\ContentReplaceBehavior [ RunTime:0.000101s ]
INFO: [ template_filter ] --END-- [ RunTime:0.000180s ]
INFO: Run Behavior\ParseTemplateBehavior [ RunTime:0.009625s ]
INFO: [ view_parse ] --END-- [ RunTime:0.009689s ]
INFO: [ view_filter ] --START--
INFO: Run Behavior\WriteHtmlCacheBehavior [ RunTime:0.000282s ]
INFO: [ view_filter ] --END-- [ RunTime:0.000315s ]
INFO: [ app_end ] --START--
INFO: Run Behavior\ShowPageTraceBehavior [ RunTime:0.000782s ]
INFO: [ app_end ] --END-- [ RunTime:0.000850s ]

[ 2018-03-25T21:35:54+08:00 ] ::1 /index.php/Home/Xg/index/p/13.html
INFO: [ app_init ] --START--
INFO: Run Behavior\BuildLiteBehavior [ RunTime:0.000013s ]
INFO: [ app_init ] --END-- [ RunTime:0.000357s ]
INFO: [ app_begin ] --START--
INFO: Run Behavior\ReadHtmlCacheBehavior [ RunTime:0.000710s ]
INFO: [ app_begin ] --END-- [ RunTime:0.000810s ]
SQL: SHOW COLUMNS FROM `jg` [ RunTime:0.0077s ]
SQL: SELECT COUNT(*) AS tp_count FROM `jg` LIMIT 1   [ RunTime:0.0008s ]
SQL: SELECT `id`,`riq`,`gold`,`silver`,`silver1`,`pd`,`ru`,`pt`,`rh`,`yr`,`jcpd`,`jcpt` FROM `jg` ORDER BY riq desc LIMIT 156,13   [ RunTime:0.0016s ]
INFO: [ view_parse ] --START--
INFO: [ template_filter ] --START--
INFO: Run Behavior\ContentReplaceBehavior [ RunTime:0.000087s ]
INFO: [ template_filter ] --END-- [ RunTime:0.000158s ]
INFO: Run Behavior\ParseTemplateBehavior [ RunTime:0.011608s ]
INFO: [ view_parse ] --END-- [ RunTime:0.011691s ]
INFO: [ view_filter ] --START--
INFO: Run Behavior\WriteHtmlCacheBehavior [ RunTime:0.000415s ]
INFO: [ view_filter ] --END-- [ RunTime:0.000464s ]
INFO: [ app_end ] --START--
INFO: Run Behavior\ShowPageTraceBehavior [ RunTime:0.000706s ]
INFO: [ app_end ] --END-- [ RunTime:0.000769s ]

[ 2018-03-25T21:36:56+08:00 ] ::1 /index.php/Home/Xg/del.html
INFO: [ app_init ] --START--
INFO: Run Behavior\BuildLiteBehavior [ RunTime:0.000089s ]
INFO: [ app_init ] --END-- [ RunTime:0.000794s ]
INFO: [ app_begin ] --START--
INFO: Run Behavior\ReadHtmlCacheBehavior [ RunTime:0.000627s ]
INFO: [ app_begin ] --END-- [ RunTime:0.000714s ]
SQL: SHOW COLUMNS FROM `jg` [ RunTime:0.0077s ]
SQL: DELETE FROM `jg` WHERE `id` = 0 [ RunTime:0.0003s ]

[ 2018-03-25T21:42:10+08:00 ] ::1 /index.php/Home/Xg/index/p/13.html
INFO: [ app_init ] --START--
INFO: Run Behavior\BuildLiteBehavior [ RunTime:0.000014s ]
INFO: [ app_init ] --END-- [ RunTime:0.000394s ]
INFO: [ app_begin ] --START--
INFO: Run Behavior\ReadHtmlCacheBehavior [ RunTime:0.000524s ]
INFO: [ app_begin ] --END-- [ RunTime:0.000581s ]
SQL: SHOW COLUMNS FROM `jg` [ RunTime:0.0070s ]
SQL: SELECT COUNT(*) AS tp_count FROM `jg` LIMIT 1   [ RunTime:0.0007s ]
SQL: SELECT `id`,`riq`,`gold`,`silver`,`silver1`,`pd`,`ru`,`pt`,`rh`,`yr`,`jcpd`,`jcpt` FROM `jg` ORDER BY riq desc LIMIT 156,13   [ RunTime:0.0014s ]
INFO: [ view_parse ] --START--
INFO: [ template_filter ] --START--
INFO: Run Behavior\ContentReplaceBehavior [ RunTime:0.000077s ]
INFO: [ template_filter ] --END-- [ RunTime:0.000128s ]
INFO: Run Behavior\ParseTemplateBehavior [ RunTime:0.010701s ]
INFO: [ view_parse ] --END-- [ RunTime:0.010764s ]
INFO: [ view_filter ] --START--
INFO: Run Behavior\WriteHtmlCacheBehavior [ RunTime:0.000291s ]
INFO: [ view_filter ] --END-- [ RunTime:0.000322s ]
INFO: [ app_end ] --START--
INFO: Run Behavior\ShowPageTraceBehavior [ RunTime:0.000800s ]
INFO: [ app_end ] --END-- [ RunTime:0.000867s ]

[ 2018-03-25T21:42:16+08:00 ] ::1 /index.php/Home/Xg/index/p/13.html
INFO: [ app_init ] --START--
INFO: Run Behavior\BuildLiteBehavior [ RunTime:0.000014s ]
INFO: [ app_init ] --END-- [ RunTime:0.000337s ]
INFO: [ app_begin ] --START--
INFO: Run Behavior\ReadHtmlCacheBehavior [ RunTime:0.000679s ]
INFO: [ app_begin ] --END-- [ RunTime:0.000775s ]
SQL: SHOW COLUMNS FROM `jg` [ RunTime:0.0063s ]
SQL: SELECT COUNT(*) AS tp_count FROM `jg` LIMIT 1   [ RunTime:0.0006s ]
SQL: SELECT `id`,`riq`,`gold`,`silver`,`silver1`,`pd`,`ru`,`pt`,`rh`,`yr`,`jcpd`,`jcpt` FROM `jg` ORDER BY riq desc LIMIT 156,13   [ RunTime:0.0015s ]
INFO: [ view_parse ] --START--
INFO: [ template_filter ] --START--
INFO: Run Behavior\ContentReplaceBehavior [ RunTime:0.000059s ]
INFO: [ template_filter ] --END-- [ RunTime:0.000102s ]
INFO: Run Behavior\ParseTemplateBehavior [ RunTime:0.008859s ]
INFO: [ view_parse ] --END-- [ RunTime:0.008925s ]
INFO: [ view_filter ] --START--
INFO: Run Behavior\WriteHtmlCacheBehavior [ RunTime:0.000224s ]
INFO: [ view_filter ] --END-- [ RunTime:0.000256s ]
INFO: [ app_end ] --START--
INFO: Run Behavior\ShowPageTraceBehavior [ RunTime:0.000516s ]
INFO: [ app_end ] --END-- [ RunTime:0.000566s ]

[ 2018-03-25T21:42:17+08:00 ] ::1 /index.php/Home/Xg/index/p/13.html
INFO: [ app_init ] --START--
INFO: Run Behavior\BuildLiteBehavior [ RunTime:0.000014s ]
INFO: [ app_init ] --END-- [ RunTime:0.000361s ]
INFO: [ app_begin ] --START--
INFO: Run Behavior\ReadHtmlCacheBehavior [ RunTime:0.000419s ]
INFO: [ app_begin ] --END-- [ RunTime:0.000472s ]
SQL: SHOW COLUMNS FROM `jg` [ RunTime:0.0058s ]
SQL: SELECT COUNT(*) AS tp_count FROM `jg` LIMIT 1   [ RunTime:0.0007s ]
SQL: SELECT `id`,`riq`,`gold`,`silver`,`silver1`,`pd`,`ru`,`pt`,`rh`,`yr`,`jcpd`,`jcpt` FROM `jg` ORDER BY riq desc LIMIT 156,13   [ RunTime:0.0014s ]
INFO: [ view_parse ] --START--
INFO: [ template_filter ] --START--
INFO: Run Behavior\ContentReplaceBehavior [ RunTime:0.000067s ]
INFO: [ template_filter ] --END-- [ RunTime:0.000118s ]
INFO: Run Behavior\ParseTemplateBehavior [ RunTime:0.009339s ]
INFO: [ view_parse ] --END-- [ RunTime:0.009405s ]
INFO: [ view_filter ] --START--
INFO: Run Behavior\WriteHtmlCacheBehavior [ RunTime:0.000452s ]
INFO: [ view_filter ] --END-- [ RunTime:0.000511s ]
INFO: [ app_end ] --START--
INFO: Run Behavior\ShowPageTraceBehavior [ RunTime:0.000710s ]
INFO: [ app_end ] --END-- [ RunTime:0.000793s ]

[ 2018-03-25T21:42:19+08:00 ] ::1 /index.php/Home/Xg/index/p/13.html
INFO: [ app_init ] --START--
INFO: Run Behavior\BuildLiteBehavior [ RunTime:0.000020s ]
INFO: [ app_init ] --END-- [ RunTime:0.000551s ]
INFO: [ app_begin ] --START--
INFO: Run Behavior\ReadHtmlCacheBehavior [ RunTime:0.000634s ]
INFO: [ app_begin ] --END-- [ RunTime:0.000725s ]
SQL: SHOW COLUMNS FROM `jg` [ RunTime:0.0090s ]
SQL: SELECT COUNT(*) AS tp_count FROM `jg` LIMIT 1   [ RunTime:0.0007s ]
SQL: SELECT `id`,`riq`,`gold`,`silver`,`silver1`,`pd`,`ru`,`pt`,`rh`,`yr`,`jcpd`,`jcpt` FROM `jg` ORDER BY riq desc LIMIT 156,13   [ RunTime:0.0015s ]
INFO: [ view_parse ] --START--
INFO: [ template_filter ] --START--
INFO: Run Behavior\ContentReplaceBehavior [ RunTime:0.000070s ]
INFO: [ template_filter ] --END-- [ RunTime:0.000120s ]
INFO: Run Behavior\ParseTemplateBehavior [ RunTime:0.010858s ]
INFO: [ view_parse ] --END-- [ RunTime:0.010944s ]
INFO: [ view_filter ] --START--
INFO: Run Behavior\WriteHtmlCacheBehavior [ RunTime:0.000258s ]
INFO: [ view_filter ] --END-- [ RunTime:0.000293s ]
INFO: [ app_end ] --START--
INFO: Run Behavior\ShowPageTraceBehavior [ RunTime:0.000682s ]
INFO: [ app_end ] --END-- [ RunTime:0.000742s ]

[ 2018-03-25T21:42:28+08:00 ] ::1 /index.php/Home/Xg/edit.html
INFO: [ app_init ] --START--
INFO: Run Behavior\BuildLiteBehavior [ RunTime:0.000011s ]
INFO: [ app_init ] --END-- [ RunTime:0.000268s ]
INFO: [ app_begin ] --START--
INFO: Run Behavior\ReadHtmlCacheBehavior [ RunTime:0.000341s ]
INFO: [ app_begin ] --END-- [ RunTime:0.000381s ]
SQL: SHOW COLUMNS FROM `jg` [ RunTime:0.0050s ]

[ 2018-03-25T21:42:31+08:00 ] ::1 /index.php/Home/Xg/index/p/13.html
INFO: [ app_init ] --START--
INFO: Run Behavior\BuildLiteBehavior [ RunTime:0.000018s ]
INFO: [ app_init ] --END-- [ RunTime:0.000429s ]
INFO: [ app_begin ] --START--
INFO: Run Behavior\ReadHtmlCacheBehavior [ RunTime:0.000649s ]
INFO: [ app_begin ] --END-- [ RunTime:0.000739s ]
SQL: SHOW COLUMNS FROM `jg` [ RunTime:0.0062s ]
SQL: SELECT COUNT(*) AS tp_count FROM `jg` LIMIT 1   [ RunTime:0.0007s ]
SQL: SELECT `id`,`riq`,`gold`,`silver`,`silver1`,`pd`,`ru`,`pt`,`rh`,`yr`,`jcpd`,`jcpt` FROM `jg` ORDER BY riq desc LIMIT 156,13   [ RunTime:0.0017s ]
INFO: [ view_parse ] --START--
INFO: [ template_filter ] --START--
INFO: Run Behavior\ContentReplaceBehavior [ RunTime:0.000068s ]
INFO: [ template_filter ] --END-- [ RunTime:0.000115s ]
INFO: Run Behavior\ParseTemplateBehavior [ RunTime:0.011302s ]
INFO: [ view_parse ] --END-- [ RunTime:0.011463s ]
INFO: [ view_filter ] --START--
INFO: Run Behavior\WriteHtmlCacheBehavior [ RunTime:0.000327s ]
INFO: [ view_filter ] --END-- [ RunTime:0.000377s ]
INFO: [ app_end ] --START--
INFO: Run Behavior\ShowPageTraceBehavior [ RunTime:0.000592s ]
INFO: [ app_end ] --END-- [ RunTime:0.000655s ]

[ 2018-03-25T21:43:18+08:00 ] ::1 /index.php/Home/Xg/index/p/1.html
INFO: [ app_init ] --START--
INFO: Run Behavior\BuildLiteBehavior [ RunTime:0.000012s ]
INFO: [ app_init ] --END-- [ RunTime:0.000299s ]
INFO: [ app_begin ] --START--
INFO: Run Behavior\ReadHtmlCacheBehavior [ RunTime:0.000790s ]
INFO: [ app_begin ] --END-- [ RunTime:0.000908s ]
SQL: SHOW COLUMNS FROM `jg` [ RunTime:0.0094s ]
SQL: SELECT COUNT(*) AS tp_count FROM `jg` LIMIT 1   [ RunTime:0.0010s ]
SQL: SELECT `id`,`riq`,`gold`,`silver`,`silver1`,`pd`,`ru`,`pt`,`rh`,`yr`,`jcpd`,`jcpt` FROM `jg` ORDER BY riq desc LIMIT 0,13   [ RunTime:0.0016s ]
INFO: [ view_parse ] --START--
INFO: [ template_filter ] --START--
INFO: Run Behavior\ContentReplaceBehavior [ RunTime:0.000070s ]
INFO: [ template_filter ] --END-- [ RunTime:0.000128s ]
INFO: Run Behavior\ParseTemplateBehavior [ RunTime:0.011399s ]
INFO: [ view_parse ] --END-- [ RunTime:0.011502s ]
INFO: [ view_filter ] --START--
INFO: Run Behavior\WriteHtmlCacheBehavior [ RunTime:0.000353s ]
INFO: [ view_filter ] --END-- [ RunTime:0.000419s ]
INFO: [ app_end ] --START--
INFO: Run Behavior\ShowPageTraceBehavior [ RunTime:0.000740s ]
INFO: [ app_end ] --END-- [ RunTime:0.000827s ]

[ 2018-03-25T21:43:20+08:00 ] ::1 /index.php/Home/Xg/del.html
INFO: [ app_init ] --START--
INFO: Run Behavior\BuildLiteBehavior [ RunTime:0.000021s ]
INFO: [ app_init ] --END-- [ RunTime:0.000677s ]
INFO: [ app_begin ] --START--
INFO: Run Behavior\ReadHtmlCacheBehavior [ RunTime:0.000634s ]
INFO: [ app_begin ] --END-- [ RunTime:0.000724s ]
SQL: SHOW COLUMNS FROM `jg` [ RunTime:0.0085s ]
SQL: DELETE FROM `jg` WHERE `id` = 0 [ RunTime:0.0005s ]

[ 2018-03-25T21:43:25+08:00 ] ::1 /index.php/Home/Xg/del.html
INFO: [ app_init ] --START--
INFO: Run Behavior\BuildLiteBehavior [ RunTime:0.000013s ]
INFO: [ app_init ] --END-- [ RunTime:0.000337s ]
INFO: [ app_begin ] --START--
INFO: Run Behavior\ReadHtmlCacheBehavior [ RunTime:0.000671s ]
INFO: [ app_begin ] --END-- [ RunTime:0.000744s ]
SQL: SHOW COLUMNS FROM `jg` [ RunTime:0.0079s ]
SQL: DELETE FROM `jg` WHERE `id` = 0 [ RunTime:0.0003s ]

[ 2018-03-25T21:43:31+08:00 ] ::1 /index.php/Home/Xg/index/p/1.html
INFO: [ app_init ] --START--
INFO: Run Behavior\BuildLiteBehavior [ RunTime:0.000024s ]
INFO: [ app_init ] --END-- [ RunTime:0.000406s ]
INFO: [ app_begin ] --START--
INFO: Run Behavior\ReadHtmlCacheBehavior [ RunTime:0.000566s ]
INFO: [ app_begin ] --END-- [ RunTime:0.000648s ]
SQL: SHOW COLUMNS FROM `jg` [ RunTime:0.0075s ]
SQL: SELECT COUNT(*) AS tp_count FROM `jg` LIMIT 1   [ RunTime:0.0010s ]
SQL: SELECT `id`,`riq`,`gold`,`silver`,`silver1`,`pd`,`ru`,`pt`,`rh`,`yr`,`jcpd`,`jcpt` FROM `jg` ORDER BY riq desc LIMIT 0,13   [ RunTime:0.0017s ]
INFO: [ view_parse ] --START--
INFO: [ template_filter ] --START--
INFO: Run Behavior\ContentReplaceBehavior [ RunTime:0.000079s ]
INFO: [ template_filter ] --END-- [ RunTime:0.000142s ]
INFO: Run Behavior\ParseTemplateBehavior [ RunTime:0.011036s ]
INFO: [ view_parse ] --END-- [ RunTime:0.011118s ]
INFO: [ view_filter ] --START--
INFO: Run Behavior\WriteHtmlCacheBehavior [ RunTime:0.000362s ]
INFO: [ view_filter ] --END-- [ RunTime:0.000426s ]
INFO: [ app_end ] --START--
INFO: Run Behavior\ShowPageTraceBehavior [ RunTime:0.000554s ]
INFO: [ app_end ] --END-- [ RunTime:0.000675s ]

[ 2018-03-25T21:43:31+08:00 ] ::1 /index.php/Home/Xg/index/p/1.html
INFO: [ app_init ] --START--
INFO: Run Behavior\BuildLiteBehavior [ RunTime:0.000019s ]
INFO: [ app_init ] --END-- [ RunTime:0.000495s ]
INFO: [ app_begin ] --START--
INFO: Run Behavior\ReadHtmlCacheBehavior [ RunTime:0.000477s ]
INFO: [ app_begin ] --END-- [ RunTime:0.000549s ]
SQL: SHOW COLUMNS FROM `jg` [ RunTime:0.0073s ]
SQL: SELECT COUNT(*) AS tp_count FROM `jg` LIMIT 1   [ RunTime:0.0007s ]
SQL: SELECT `id`,`riq`,`gold`,`silver`,`silver1`,`pd`,`ru`,`pt`,`rh`,`yr`,`jcpd`,`jcpt` FROM `jg` ORDER BY riq desc LIMIT 0,13   [ RunTime:0.0011s ]
INFO: [ view_parse ] --START--
INFO: [ template_filter ] --START--
INFO: Run Behavior\ContentReplaceBehavior [ RunTime:0.000064s ]
INFO: [ template_filter ] --END-- [ RunTime:0.000117s ]
INFO: Run Behavior\ParseTemplateBehavior [ RunTime:0.011284s ]
INFO: [ view_parse ] --END-- [ RunTime:0.011363s ]
INFO: [ view_filter ] --START--
INFO: Run Behavior\WriteHtmlCacheBehavior [ RunTime:0.000208s ]
INFO: [ view_filter ] --END-- [ RunTime:0.000242s ]
INFO: [ app_end ] --START--
INFO: Run Behavior\ShowPageTraceBehavior [ RunTime:0.000703s ]
INFO: [ app_end ] --END-- [ RunTime:0.000809s ]

[ 2018-03-25T21:43:32+08:00 ] ::1 /index.php/Home/Xg/index/p/1.html
INFO: [ app_init ] --START--
INFO: Run Behavior\BuildLiteBehavior [ RunTime:0.000019s ]
INFO: [ app_init ] --END-- [ RunTime:0.000374s ]
INFO: [ app_begin ] --START--
INFO: Run Behavior\ReadHtmlCacheBehavior [ RunTime:0.000579s ]
INFO: [ app_begin ] --END-- [ RunTime:0.000656s ]
SQL: SHOW COLUMNS FROM `jg` [ RunTime:0.0074s ]
SQL: SELECT COUNT(*) AS tp_count FROM `jg` LIMIT 1   [ RunTime:0.0011s ]
SQL: SELECT `id`,`riq`,`gold`,`silver`,`silver1`,`pd`,`ru`,`pt`,`rh`,`yr`,`jcpd`,`jcpt` FROM `jg` ORDER BY riq desc LIMIT 0,13   [ RunTime:0.0011s ]
INFO: [ view_parse ] --START--
INFO: [ template_filter ] --START--
INFO: Run Behavior\ContentReplaceBehavior [ RunTime:0.000094s ]
INFO: [ template_filter ] --END-- [ RunTime:0.000173s ]
INFO: Run Behavior\ParseTemplateBehavior [ RunTime:0.010611s ]
INFO: [ view_parse ] --END-- [ RunTime:0.010690s ]
INFO: [ view_filter ] --START--
INFO: Run Behavior\WriteHtmlCacheBehavior [ RunTime:0.000417s ]
INFO: [ view_filter ] --END-- [ RunTime:0.000495s ]
INFO: [ app_end ] --START--
INFO: Run Behavior\ShowPageTraceBehavior [ RunTime:0.000784s ]
INFO: [ app_end ] --END-- [ RunTime:0.000892s ]

[ 2018-03-25T21:43:33+08:00 ] ::1 /index.php/Home/Xg/del.html
INFO: [ app_init ] --START--
INFO: Run Behavior\BuildLiteBehavior [ RunTime:0.000017s ]
INFO: [ app_init ] --END-- [ RunTime:0.000438s ]
INFO: [ app_begin ] --START--
INFO: Run Behavior\ReadHtmlCacheBehavior [ RunTime:0.000833s ]
INFO: [ app_begin ] --END-- [ RunTime:0.000978s ]
SQL: SHOW COLUMNS FROM `jg` [ RunTime:0.0102s ]
SQL: DELETE FROM `jg` WHERE `id` = 0 [ RunTime:0.0005s ]

[ 2018-03-25T21:43:37+08:00 ] ::1 /index.php/Home/Xg/del.html
INFO: [ app_init ] --START--
INFO: Run Behavior\BuildLiteBehavior [ RunTime:0.000019s ]
INFO: [ app_init ] --END-- [ RunTime:0.000477s ]
INFO: [ app_begin ] --START--
INFO: Run Behavior\ReadHtmlCacheBehavior [ RunTime:0.000650s ]
INFO: [ app_begin ] --END-- [ RunTime:0.000736s ]
SQL: SHOW COLUMNS FROM `jg` [ RunTime:0.0076s ]
SQL: DELETE FROM `jg` WHERE `id` = 0 [ RunTime:0.0003s ]

[ 2018-03-25T21:47:51+08:00 ] ::1 /index.php/Home/Xg/index/p/1.html
INFO: [ app_init ] --START--
INFO: Run Behavior\BuildLiteBehavior [ RunTime:0.000012s ]
INFO: [ app_init ] --END-- [ RunTime:0.000329s ]
INFO: [ app_begin ] --START--
INFO: Run Behavior\ReadHtmlCacheBehavior [ RunTime:0.000457s ]
INFO: [ app_begin ] --END-- [ RunTime:0.000504s ]
SQL: SHOW COLUMNS FROM `jg` [ RunTime:0.0065s ]
SQL: SELECT COUNT(*) AS tp_count FROM `jg` LIMIT 1   [ RunTime:0.0007s ]
SQL: SELECT `id`,`riq`,`gold`,`silver`,`silver1`,`pd`,`ru`,`pt`,`rh`,`yr`,`jcpd`,`jcpt` FROM `jg` ORDER BY riq desc LIMIT 0,13   [ RunTime:0.0015s ]
INFO: [ view_parse ] --START--
INFO: [ template_filter ] --START--
INFO: Run Behavior\ContentReplaceBehavior [ RunTime:0.000065s ]
INFO: [ template_filter ] --END-- [ RunTime:0.000113s ]
INFO: Run Behavior\ParseTemplateBehavior [ RunTime:0.010739s ]
INFO: [ view_parse ] --END-- [ RunTime:0.010813s ]
INFO: [ view_filter ] --START--
INFO: Run Behavior\WriteHtmlCacheBehavior [ RunTime:0.000298s ]
INFO: [ view_filter ] --END-- [ RunTime:0.000331s ]
INFO: [ app_end ] --START--
INFO: Run Behavior\ShowPageTraceBehavior [ RunTime:0.000519s ]
INFO: [ app_end ] --END-- [ RunTime:0.000581s ]

[ 2018-03-25T21:47:59+08:00 ] ::1 /index.php/Home/Xg/edit
INFO: [ app_init ] --START--
INFO: Run Behavior\BuildLiteBehavior [ RunTime:0.000013s ]
INFO: [ app_init ] --END-- [ RunTime:0.000384s ]
INFO: [ app_begin ] --START--
INFO: Run Behavior\ReadHtmlCacheBehavior [ RunTime:0.000805s ]
INFO: [ app_begin ] --END-- [ RunTime:0.000898s ]
NOTIC: [8] Undefined index: post_files D:\xampp\htdocs\Application\Home\Controller\XgController.class.php 第 73 行.
NOTIC: [8] Undefined index: post_files D:\xampp\htdocs\Application\Home\Controller\XgController.class.php 第 74 行.
NOTIC: [8] Undefined index: post_files D:\xampp\htdocs\Application\Home\Controller\XgController.class.php 第 75 行.
NOTIC: [8] Undefined index: post_files D:\xampp\htdocs\Application\Home\Controller\XgController.class.php 第 76 行.
SQL: SHOW COLUMNS FROM `jg` [ RunTime:0.0097s ]
ERR: 1064:You have an error in your SQL syntax; check the manual that corresponds to your MariaDB server version for the right syntax to use near ')' at line 1
 [ SQL语句 ] : UPDATE `jg` SET `id`=NULL WHERE ( id= )
ERR: 1064:You have an error in your SQL syntax; check the manual that corresponds to your MariaDB server version for the right syntax to use near ')' at line 1
 [ SQL语句 ] : UPDATE `jg` SET `id`=NULL WHERE ( id= )

[ 2018-03-25T21:49:49+08:00 ] ::1 /index.php/Home/Xg/
INFO: [ app_init ] --START--
INFO: Run Behavior\BuildLiteBehavior [ RunTime:0.000018s ]
INFO: [ app_init ] --END-- [ RunTime:0.000354s ]
INFO: [ app_begin ] --START--
INFO: Run Behavior\ReadHtmlCacheBehavior [ RunTime:0.000686s ]
INFO: [ app_begin ] --END-- [ RunTime:0.000760s ]
SQL: SHOW COLUMNS FROM `jg` [ RunTime:0.0072s ]
SQL: SELECT COUNT(*) AS tp_count FROM `jg` LIMIT 1   [ RunTime:0.0013s ]
SQL: SELECT `id`,`riq`,`gold`,`silver`,`silver1`,`pd`,`ru`,`pt`,`rh`,`yr`,`jcpd`,`jcpt` FROM `jg` ORDER BY riq desc LIMIT 0,13   [ RunTime:0.0019s ]
INFO: [ view_parse ] --START--
INFO: [ template_filter ] --START--
INFO: Run Behavior\ContentReplaceBehavior [ RunTime:0.000081s ]
INFO: [ template_filter ] --END-- [ RunTime:0.000154s ]
INFO: Run Behavior\ParseTemplateBehavior [ RunTime:0.013960s ]
INFO: [ view_parse ] --END-- [ RunTime:0.014063s ]
INFO: [ view_filter ] --START--
INFO: Run Behavior\WriteHtmlCacheBehavior [ RunTime:0.000578s ]
INFO: [ view_filter ] --END-- [ RunTime:0.000648s ]
INFO: [ app_end ] --START--
INFO: Run Behavior\ShowPageTraceBehavior [ RunTime:0.000727s ]
INFO: [ app_end ] --END-- [ RunTime:0.000825s ]

[ 2018-03-25T21:58:58+08:00 ] ::1 /index.php/Home/Xg/
INFO: [ app_init ] --START--
INFO: Run Behavior\BuildLiteBehavior [ RunTime:0.000011s ]
INFO: [ app_init ] --END-- [ RunTime:0.000350s ]
INFO: [ app_begin ] --START--
INFO: Run Behavior\ReadHtmlCacheBehavior [ RunTime:0.000431s ]
INFO: [ app_begin ] --END-- [ RunTime:0.000476s ]
SQL: SHOW COLUMNS FROM `jg` [ RunTime:0.0067s ]
SQL: SELECT COUNT(*) AS tp_count FROM `jg` LIMIT 1   [ RunTime:0.0007s ]
SQL: SELECT `id`,`riq`,`gold`,`silver`,`silver1`,`pd`,`ru`,`pt`,`rh`,`yr`,`jcpd`,`jcpt` FROM `jg` ORDER BY riq desc LIMIT 0,13   [ RunTime:0.0011s ]
INFO: [ view_parse ] --START--
INFO: [ template_filter ] --START--
INFO: Run Behavior\ContentReplaceBehavior [ RunTime:0.000060s ]
INFO: [ template_filter ] --END-- [ RunTime:0.000100s ]
INFO: Run Behavior\ParseTemplateBehavior [ RunTime:0.008537s ]
INFO: [ view_parse ] --END-- [ RunTime:0.008595s ]
INFO: [ view_filter ] --START--
INFO: Run Behavior\WriteHtmlCacheBehavior [ RunTime:0.000271s ]
INFO: [ view_filter ] --END-- [ RunTime:0.000303s ]
INFO: [ app_end ] --START--
INFO: Run Behavior\ShowPageTraceBehavior [ RunTime:0.000528s ]
INFO: [ app_end ] --END-- [ RunTime:0.000575s ]

[ 2018-03-25T21:59:02+08:00 ] ::1 /index.php/Home/Xg/
INFO: [ app_init ] --START--
INFO: Run Behavior\BuildLiteBehavior [ RunTime:0.000021s ]
INFO: [ app_init ] --END-- [ RunTime:0.000588s ]
INFO: [ app_begin ] --START--
INFO: Run Behavior\ReadHtmlCacheBehavior [ RunTime:0.000725s ]
INFO: [ app_begin ] --END-- [ RunTime:0.000813s ]
SQL: SHOW COLUMNS FROM `jg` [ RunTime:0.0062s ]
SQL: SELECT COUNT(*) AS tp_count FROM `jg` LIMIT 1   [ RunTime:0.0006s ]
SQL: SELECT `id`,`riq`,`gold`,`silver`,`silver1`,`pd`,`ru`,`pt`,`rh`,`yr`,`jcpd`,`jcpt` FROM `jg` ORDER BY riq desc LIMIT 0,13   [ RunTime:0.0011s ]
INFO: [ view_parse ] --START--
INFO: [ template_filter ] --START--
INFO: Run Behavior\ContentReplaceBehavior [ RunTime:0.000057s ]
INFO: [ template_filter ] --END-- [ RunTime:0.000099s ]
INFO: Run Behavior\ParseTemplateBehavior [ RunTime:0.007973s ]
INFO: [ view_parse ] --END-- [ RunTime:0.008046s ]
INFO: [ view_filter ] --START--
INFO: Run Behavior\WriteHtmlCacheBehavior [ RunTime:0.000189s ]
INFO: [ view_filter ] --END-- [ RunTime:0.000219s ]
INFO: [ app_end ] --START--
INFO: Run Behavior\ShowPageTraceBehavior [ RunTime:0.000461s ]
INFO: [ app_end ] --END-- [ RunTime:0.000506s ]

[ 2018-03-25T23:51:20+08:00 ] ::1 /index.php/Home/Xg/
INFO: [ app_init ] --START--
INFO: Run Behavior\BuildLiteBehavior [ RunTime:0.000011s ]
INFO: [ app_init ] --END-- [ RunTime:0.000361s ]
INFO: [ app_begin ] --START--
INFO: Run Behavior\ReadHtmlCacheBehavior [ RunTime:0.000562s ]
INFO: [ app_begin ] --END-- [ RunTime:0.000614s ]
SQL: SHOW COLUMNS FROM `jg` [ RunTime:0.0063s ]
SQL: SELECT COUNT(*) AS tp_count FROM `jg` LIMIT 1   [ RunTime:0.0008s ]
SQL: SELECT `id`,`riq`,`gold`,`silver`,`silver1`,`pd`,`ru`,`pt`,`rh`,`yr`,`jcpd`,`jcpt` FROM `jg` ORDER BY riq desc LIMIT 0,13   [ RunTime:0.0011s ]
INFO: [ view_parse ] --START--
INFO: [ template_filter ] --START--
INFO: Run Behavior\ContentReplaceBehavior [ RunTime:0.000060s ]
INFO: [ template_filter ] --END-- [ RunTime:0.000102s ]
INFO: Run Behavior\ParseTemplateBehavior [ RunTime:0.008546s ]
INFO: [ view_parse ] --END-- [ RunTime:0.008655s ]
INFO: [ view_filter ] --START--
INFO: Run Behavior\WriteHtmlCacheBehavior [ RunTime:0.000304s ]
INFO: [ view_filter ] --END-- [ RunTime:0.000336s ]
INFO: [ app_end ] --START--
INFO: Run Behavior\ShowPageTraceBehavior [ RunTime:0.000770s ]
INFO: [ app_end ] --END-- [ RunTime:0.000857s ]

