[ 2018-04-19T00:20:10+08:00 ] ::1 /index.php/Home/Kh/khmx/k_id/333
INFO: [ app_init ] --START--
INFO: Run Behavior\BuildLiteBehavior [ RunTime:0.000013s ]
INFO: [ app_init ] --END-- [ RunTime:0.000343s ]
INFO: [ app_begin ] --START--
INFO: Run Behavior\ReadHtmlCacheBehavior [ RunTime:0.000526s ]
INFO: [ app_begin ] --END-- [ RunTime:0.000578s ]
SQL: SHOW COLUMNS FROM `k` [ RunTime:0.0071s ]
SQL: SELECT * FROM `k` WHERE ( k_id=333 )  [ RunTime:0.0004s ]
INFO: [ view_parse ] --START--
INFO: [ template_filter ] --START--
INFO: Run Behavior\ContentReplaceBehavior [ RunTime:0.000159s ]
INFO: [ template_filter ] --END-- [ RunTime:0.000211s ]
NOTIC: [8] Undefined variable: vo D:\xampp\htdocs\Application\Runtime\Cache\Home\a676da6858ca4c2be134c84274e7c1eb.php 第 114 行.
NOTIC: [8] Undefined index: k_shm D:\xampp\htdocs\Application\Runtime\Cache\Home\a676da6858ca4c2be134c84274e7c1eb.php 第 291 行.
NOTIC: [8] Undefined variable: page D:\xampp\htdocs\Application\Runtime\Cache\Home\a676da6858ca4c2be134c84274e7c1eb.php 第 387 行.
NOTIC: [8] Undefined variable: page D:\xampp\htdocs\Application\Runtime\Cache\Home\a676da6858ca4c2be134c84274e7c1eb.php 第 390 行.
INFO: Run Behavior\ParseTemplateBehavior [ RunTime:0.016845s ]
INFO: [ view_parse ] --END-- [ RunTime:0.016911s ]
INFO: [ view_filter ] --START--
INFO: Run Behavior\WriteHtmlCacheBehavior [ RunTime:0.000426s ]
INFO: [ view_filter ] --END-- [ RunTime:0.000474s ]
INFO: [ app_end ] --START--
INFO: Run Behavior\ShowPageTraceBehavior [ RunTime:0.000740s ]
INFO: [ app_end ] --END-- [ RunTime:0.000802s ]

[ 2018-04-19T00:20:15+08:00 ] ::1 /index.php/Home/Kh/khmx/k_id/333
INFO: [ app_init ] --START--
INFO: Run Behavior\BuildLiteBehavior [ RunTime:0.000010s ]
INFO: [ app_init ] --END-- [ RunTime:0.000264s ]
INFO: [ app_begin ] --START--
INFO: Run Behavior\ReadHtmlCacheBehavior [ RunTime:0.000530s ]
INFO: [ app_begin ] --END-- [ RunTime:0.000620s ]
SQL: SHOW COLUMNS FROM `k` [ RunTime:0.0052s ]
SQL: SELECT * FROM `k` WHERE ( k_id=333 )  [ RunTime:0.0005s ]
INFO: [ view_parse ] --START--
INFO: [ template_filter ] --START--
INFO: Run Behavior\ContentReplaceBehavior [ RunTime:0.000145s ]
INFO: [ template_filter ] --END-- [ RunTime:0.000191s ]
NOTIC: [8] Undefined variable: vo D:\xampp\htdocs\Application\Runtime\Cache\Home\a676da6858ca4c2be134c84274e7c1eb.php 第 114 行.
NOTIC: [8] Undefined index: k_shm D:\xampp\htdocs\Application\Runtime\Cache\Home\a676da6858ca4c2be134c84274e7c1eb.php 第 291 行.
NOTIC: [8] Undefined variable: page D:\xampp\htdocs\Application\Runtime\Cache\Home\a676da6858ca4c2be134c84274e7c1eb.php 第 387 行.
NOTIC: [8] Undefined variable: page D:\xampp\htdocs\Application\Runtime\Cache\Home\a676da6858ca4c2be134c84274e7c1eb.php 第 390 行.
INFO: Run Behavior\ParseTemplateBehavior [ RunTime:0.014834s ]
INFO: [ view_parse ] --END-- [ RunTime:0.014905s ]
INFO: [ view_filter ] --START--
INFO: Run Behavior\WriteHtmlCacheBehavior [ RunTime:0.000263s ]
INFO: [ view_filter ] --END-- [ RunTime:0.000310s ]
INFO: [ app_end ] --START--
INFO: Run Behavior\ShowPageTraceBehavior [ RunTime:0.000580s ]
INFO: [ app_end ] --END-- [ RunTime:0.000647s ]

[ 2018-04-19T00:20:15+08:00 ] ::1 /index.php/Home/Kh/khmx/k_id/333
INFO: [ app_init ] --START--
INFO: Run Behavior\BuildLiteBehavior [ RunTime:0.000010s ]
INFO: [ app_init ] --END-- [ RunTime:0.000288s ]
INFO: [ app_begin ] --START--
INFO: Run Behavior\ReadHtmlCacheBehavior [ RunTime:0.000337s ]
INFO: [ app_begin ] --END-- [ RunTime:0.000379s ]
SQL: SHOW COLUMNS FROM `k` [ RunTime:0.0074s ]
SQL: SELECT * FROM `k` WHERE ( k_id=333 )  [ RunTime:0.0004s ]
INFO: [ view_parse ] --START--
INFO: [ template_filter ] --START--
INFO: Run Behavior\ContentReplaceBehavior [ RunTime:0.000213s ]
INFO: [ template_filter ] --END-- [ RunTime:0.000292s ]
NOTIC: [8] Undefined variable: vo D:\xampp\htdocs\Application\Runtime\Cache\Home\a676da6858ca4c2be134c84274e7c1eb.php 第 114 行.
NOTIC: [8] Undefined index: k_shm D:\xampp\htdocs\Application\Runtime\Cache\Home\a676da6858ca4c2be134c84274e7c1eb.php 第 291 行.
NOTIC: [8] Undefined variable: page D:\xampp\htdocs\Application\Runtime\Cache\Home\a676da6858ca4c2be134c84274e7c1eb.php 第 387 行.
NOTIC: [8] Undefined variable: page D:\xampp\htdocs\Application\Runtime\Cache\Home\a676da6858ca4c2be134c84274e7c1eb.php 第 390 行.
INFO: Run Behavior\ParseTemplateBehavior [ RunTime:0.015839s ]
INFO: [ view_parse ] --END-- [ RunTime:0.015906s ]
INFO: [ view_filter ] --START--
INFO: Run Behavior\WriteHtmlCacheBehavior [ RunTime:0.000321s ]
INFO: [ view_filter ] --END-- [ RunTime:0.000368s ]
INFO: [ app_end ] --START--
INFO: Run Behavior\ShowPageTraceBehavior [ RunTime:0.000644s ]
INFO: [ app_end ] --END-- [ RunTime:0.000713s ]

[ 2018-04-19T00:20:16+08:00 ] ::1 /index.php/Home/Kh/khmx/k_id/333
INFO: [ app_init ] --START--
INFO: Run Behavior\BuildLiteBehavior [ RunTime:0.000013s ]
INFO: [ app_init ] --END-- [ RunTime:0.000307s ]
INFO: [ app_begin ] --START--
INFO: Run Behavior\ReadHtmlCacheBehavior [ RunTime:0.000376s ]
INFO: [ app_begin ] --END-- [ RunTime:0.000436s ]
SQL: SHOW COLUMNS FROM `k` [ RunTime:0.0253s ]
SQL: SELECT * FROM `k` WHERE ( k_id=333 )  [ RunTime:0.0004s ]
INFO: [ view_parse ] --START--
INFO: [ template_filter ] --START--
INFO: Run Behavior\ContentReplaceBehavior [ RunTime:0.000160s ]
INFO: [ template_filter ] --END-- [ RunTime:0.000212s ]
NOTIC: [8] Undefined variable: vo D:\xampp\htdocs\Application\Runtime\Cache\Home\a676da6858ca4c2be134c84274e7c1eb.php 第 114 行.
NOTIC: [8] Undefined index: k_shm D:\xampp\htdocs\Application\Runtime\Cache\Home\a676da6858ca4c2be134c84274e7c1eb.php 第 291 行.
NOTIC: [8] Undefined variable: page D:\xampp\htdocs\Application\Runtime\Cache\Home\a676da6858ca4c2be134c84274e7c1eb.php 第 387 行.
NOTIC: [8] Undefined variable: page D:\xampp\htdocs\Application\Runtime\Cache\Home\a676da6858ca4c2be134c84274e7c1eb.php 第 390 行.
INFO: Run Behavior\ParseTemplateBehavior [ RunTime:0.015300s ]
INFO: [ view_parse ] --END-- [ RunTime:0.015362s ]
INFO: [ view_filter ] --START--
INFO: Run Behavior\WriteHtmlCacheBehavior [ RunTime:0.000234s ]
INFO: [ view_filter ] --END-- [ RunTime:0.000269s ]
INFO: [ app_end ] --START--
INFO: Run Behavior\ShowPageTraceBehavior [ RunTime:0.000491s ]
INFO: [ app_end ] --END-- [ RunTime:0.000550s ]

[ 2018-04-19T00:20:16+08:00 ] ::1 /index.php/Home/Kh/khmx/k_id/333
INFO: [ app_init ] --START--
INFO: Run Behavior\BuildLiteBehavior [ RunTime:0.000017s ]
INFO: [ app_init ] --END-- [ RunTime:0.000317s ]
INFO: [ app_begin ] --START--
INFO: Run Behavior\ReadHtmlCacheBehavior [ RunTime:0.000563s ]
INFO: [ app_begin ] --END-- [ RunTime:0.000629s ]
SQL: SHOW COLUMNS FROM `k` [ RunTime:0.0075s ]
SQL: SELECT * FROM `k` WHERE ( k_id=333 )  [ RunTime:0.0004s ]
INFO: [ view_parse ] --START--
INFO: [ template_filter ] --START--
INFO: Run Behavior\ContentReplaceBehavior [ RunTime:0.000158s ]
INFO: [ template_filter ] --END-- [ RunTime:0.000211s ]
NOTIC: [8] Undefined variable: vo D:\xampp\htdocs\Application\Runtime\Cache\Home\a676da6858ca4c2be134c84274e7c1eb.php 第 114 行.
NOTIC: [8] Undefined index: k_shm D:\xampp\htdocs\Application\Runtime\Cache\Home\a676da6858ca4c2be134c84274e7c1eb.php 第 291 行.
NOTIC: [8] Undefined variable: page D:\xampp\htdocs\Application\Runtime\Cache\Home\a676da6858ca4c2be134c84274e7c1eb.php 第 387 行.
NOTIC: [8] Undefined variable: page D:\xampp\htdocs\Application\Runtime\Cache\Home\a676da6858ca4c2be134c84274e7c1eb.php 第 390 行.
INFO: Run Behavior\ParseTemplateBehavior [ RunTime:0.015526s ]
INFO: [ view_parse ] --END-- [ RunTime:0.015586s ]
INFO: [ view_filter ] --START--
INFO: Run Behavior\WriteHtmlCacheBehavior [ RunTime:0.000289s ]
INFO: [ view_filter ] --END-- [ RunTime:0.000339s ]
INFO: [ app_end ] --START--
INFO: Run Behavior\ShowPageTraceBehavior [ RunTime:0.000936s ]
INFO: [ app_end ] --END-- [ RunTime:0.001021s ]

[ 2018-04-19T00:21:17+08:00 ] ::1 /index.php/Home/Kh/khmx/k_id/333
INFO: [ app_init ] --START--
INFO: Run Behavior\BuildLiteBehavior [ RunTime:0.000020s ]
INFO: [ app_init ] --END-- [ RunTime:0.000347s ]
INFO: [ app_begin ] --START--
INFO: Run Behavior\ReadHtmlCacheBehavior [ RunTime:0.000464s ]
INFO: [ app_begin ] --END-- [ RunTime:0.000507s ]
SQL: SHOW COLUMNS FROM `k` [ RunTime:0.0065s ]
SQL: SELECT * FROM `k` WHERE ( k_id=333 )  [ RunTime:0.0004s ]
INFO: [ view_parse ] --START--
INFO: [ template_filter ] --START--
INFO: Run Behavior\ContentReplaceBehavior [ RunTime:0.000145s ]
INFO: [ template_filter ] --END-- [ RunTime:0.000201s ]
NOTIC: [8] Undefined index: k_shm D:\xampp\htdocs\Application\Runtime\Cache\Home\a676da6858ca4c2be134c84274e7c1eb.php 第 291 行.
NOTIC: [8] Undefined variable: page D:\xampp\htdocs\Application\Runtime\Cache\Home\a676da6858ca4c2be134c84274e7c1eb.php 第 387 行.
NOTIC: [8] Undefined variable: page D:\xampp\htdocs\Application\Runtime\Cache\Home\a676da6858ca4c2be134c84274e7c1eb.php 第 390 行.
INFO: Run Behavior\ParseTemplateBehavior [ RunTime:0.033170s ]
INFO: [ view_parse ] --END-- [ RunTime:0.033259s ]
INFO: [ view_filter ] --START--
INFO: Run Behavior\WriteHtmlCacheBehavior [ RunTime:0.000651s ]
INFO: [ view_filter ] --END-- [ RunTime:0.000708s ]
INFO: [ app_end ] --START--
INFO: Run Behavior\ShowPageTraceBehavior [ RunTime:0.000764s ]
INFO: [ app_end ] --END-- [ RunTime:0.000822s ]

[ 2018-04-19T00:25:01+08:00 ] ::1 /index.php/Home/Kh/khmx/k_id/333
INFO: [ app_init ] --START--
INFO: Run Behavior\BuildLiteBehavior [ RunTime:0.000012s ]
INFO: [ app_init ] --END-- [ RunTime:0.000347s ]
INFO: [ app_begin ] --START--
INFO: Run Behavior\ReadHtmlCacheBehavior [ RunTime:0.000470s ]
INFO: [ app_begin ] --END-- [ RunTime:0.000521s ]
SQL: SHOW COLUMNS FROM `k` [ RunTime:0.0078s ]
SQL: SELECT * FROM `k` WHERE ( k_id=333 )  [ RunTime:0.0007s ]
INFO: [ view_parse ] --START--
INFO: [ template_filter ] --START--
INFO: Run Behavior\ContentReplaceBehavior [ RunTime:0.000169s ]
INFO: [ template_filter ] --END-- [ RunTime:0.000223s ]
NOTIC: [8] Undefined index: k_shm D:\xampp\htdocs\Application\Runtime\Cache\Home\a676da6858ca4c2be134c84274e7c1eb.php 第 291 行.
NOTIC: [8] Undefined variable: page D:\xampp\htdocs\Application\Runtime\Cache\Home\a676da6858ca4c2be134c84274e7c1eb.php 第 387 行.
NOTIC: [8] Undefined variable: page D:\xampp\htdocs\Application\Runtime\Cache\Home\a676da6858ca4c2be134c84274e7c1eb.php 第 390 行.
INFO: Run Behavior\ParseTemplateBehavior [ RunTime:0.017907s ]
INFO: [ view_parse ] --END-- [ RunTime:0.017977s ]
INFO: [ view_filter ] --START--
INFO: Run Behavior\WriteHtmlCacheBehavior [ RunTime:0.000614s ]
INFO: [ view_filter ] --END-- [ RunTime:0.000694s ]
INFO: [ app_end ] --START--
INFO: Run Behavior\ShowPageTraceBehavior [ RunTime:0.001020s ]
INFO: [ app_end ] --END-- [ RunTime:0.001121s ]

[ 2018-04-19T00:25:02+08:00 ] ::1 /index.php/Home/Kh/khmx/k_id/333
INFO: [ app_init ] --START--
INFO: Run Behavior\BuildLiteBehavior [ RunTime:0.000010s ]
INFO: [ app_init ] --END-- [ RunTime:0.000264s ]
INFO: [ app_begin ] --START--
INFO: Run Behavior\ReadHtmlCacheBehavior [ RunTime:0.000345s ]
INFO: [ app_begin ] --END-- [ RunTime:0.000392s ]
SQL: SHOW COLUMNS FROM `k` [ RunTime:0.0074s ]
SQL: SELECT * FROM `k` WHERE ( k_id=333 )  [ RunTime:0.0004s ]
INFO: [ view_parse ] --START--
INFO: [ template_filter ] --START--
INFO: Run Behavior\ContentReplaceBehavior [ RunTime:0.000167s ]
INFO: [ template_filter ] --END-- [ RunTime:0.000218s ]
NOTIC: [8] Undefined index: k_shm D:\xampp\htdocs\Application\Runtime\Cache\Home\a676da6858ca4c2be134c84274e7c1eb.php 第 291 行.
NOTIC: [8] Undefined variable: page D:\xampp\htdocs\Application\Runtime\Cache\Home\a676da6858ca4c2be134c84274e7c1eb.php 第 387 行.
NOTIC: [8] Undefined variable: page D:\xampp\htdocs\Application\Runtime\Cache\Home\a676da6858ca4c2be134c84274e7c1eb.php 第 390 行.
INFO: Run Behavior\ParseTemplateBehavior [ RunTime:0.016017s ]
INFO: [ view_parse ] --END-- [ RunTime:0.016062s ]
INFO: [ view_filter ] --START--
INFO: Run Behavior\WriteHtmlCacheBehavior [ RunTime:0.000210s ]
INFO: [ view_filter ] --END-- [ RunTime:0.000248s ]
INFO: [ app_end ] --START--
INFO: Run Behavior\ShowPageTraceBehavior [ RunTime:0.000414s ]
INFO: [ app_end ] --END-- [ RunTime:0.000458s ]

[ 2018-04-19T08:22:46+08:00 ] ::1 /index.php/Home/Kh/khmx/k_id/333
INFO: [ app_init ] --START--
INFO: Run Behavior\BuildLiteBehavior [ RunTime:0.000020s ]
INFO: [ app_init ] --END-- [ RunTime:0.011035s ]
INFO: [ app_begin ] --START--
INFO: Run Behavior\ReadHtmlCacheBehavior [ RunTime:0.011449s ]
INFO: [ app_begin ] --END-- [ RunTime:0.011522s ]
SQL: SHOW COLUMNS FROM `k` [ RunTime:0.0074s ]
SQL: SELECT * FROM `k` WHERE ( k_id=333 )  [ RunTime:0.0004s ]
INFO: [ view_parse ] --START--
INFO: [ template_filter ] --START--
INFO: Run Behavior\ContentReplaceBehavior [ RunTime:0.000263s ]
INFO: [ template_filter ] --END-- [ RunTime:0.000366s ]
NOTIC: [8] Undefined index: k_shm D:\xampp\htdocs\Application\Runtime\Cache\Home\a676da6858ca4c2be134c84274e7c1eb.php 第 292 行.
NOTIC: [8] Undefined variable: page D:\xampp\htdocs\Application\Runtime\Cache\Home\a676da6858ca4c2be134c84274e7c1eb.php 第 391 行.
NOTIC: [8] Undefined variable: page D:\xampp\htdocs\Application\Runtime\Cache\Home\a676da6858ca4c2be134c84274e7c1eb.php 第 394 行.
INFO: Run Behavior\ParseTemplateBehavior [ RunTime:0.062012s ]
INFO: [ view_parse ] --END-- [ RunTime:0.062072s ]
INFO: [ view_filter ] --START--
INFO: Run Behavior\WriteHtmlCacheBehavior [ RunTime:0.006759s ]
INFO: [ view_filter ] --END-- [ RunTime:0.006808s ]
INFO: [ app_end ] --START--
INFO: Run Behavior\ShowPageTraceBehavior [ RunTime:0.001042s ]
INFO: [ app_end ] --END-- [ RunTime:0.001114s ]

[ 2018-04-19T08:23:08+08:00 ] ::1 /index.php/Home/Kh/khmx/k_id/333
INFO: [ app_init ] --START--
INFO: Run Behavior\BuildLiteBehavior [ RunTime:0.000012s ]
INFO: [ app_init ] --END-- [ RunTime:0.000351s ]
INFO: [ app_begin ] --START--
INFO: Run Behavior\ReadHtmlCacheBehavior [ RunTime:0.000435s ]
INFO: [ app_begin ] --END-- [ RunTime:0.000480s ]
SQL: SHOW COLUMNS FROM `k` [ RunTime:0.0147s ]
SQL: SELECT * FROM `k` WHERE ( k_id=333 )  [ RunTime:0.0003s ]
INFO: [ view_parse ] --START--
INFO: [ template_filter ] --START--
INFO: Run Behavior\ContentReplaceBehavior [ RunTime:0.000144s ]
INFO: [ template_filter ] --END-- [ RunTime:0.000192s ]
NOTIC: [8] Undefined index: k_shm D:\xampp\htdocs\Application\Runtime\Cache\Home\a676da6858ca4c2be134c84274e7c1eb.php 第 292 行.
NOTIC: [8] Undefined variable: page D:\xampp\htdocs\Application\Runtime\Cache\Home\a676da6858ca4c2be134c84274e7c1eb.php 第 391 行.
NOTIC: [8] Undefined variable: page D:\xampp\htdocs\Application\Runtime\Cache\Home\a676da6858ca4c2be134c84274e7c1eb.php 第 394 行.
INFO: Run Behavior\ParseTemplateBehavior [ RunTime:0.015857s ]
INFO: [ view_parse ] --END-- [ RunTime:0.015902s ]
INFO: [ view_filter ] --START--
INFO: Run Behavior\WriteHtmlCacheBehavior [ RunTime:0.000313s ]
INFO: [ view_filter ] --END-- [ RunTime:0.000347s ]
INFO: [ app_end ] --START--
INFO: Run Behavior\ShowPageTraceBehavior [ RunTime:0.000917s ]
INFO: [ app_end ] --END-- [ RunTime:0.001009s ]

[ 2018-04-19T08:23:08+08:00 ] ::1 /index.php/Home/Kh/khmx/k_id/333
INFO: [ app_init ] --START--
INFO: Run Behavior\BuildLiteBehavior [ RunTime:0.000012s ]
INFO: [ app_init ] --END-- [ RunTime:0.000320s ]
INFO: [ app_begin ] --START--
INFO: Run Behavior\ReadHtmlCacheBehavior [ RunTime:0.000347s ]
INFO: [ app_begin ] --END-- [ RunTime:0.000392s ]
SQL: SHOW COLUMNS FROM `k` [ RunTime:0.0067s ]
SQL: SELECT * FROM `k` WHERE ( k_id=333 )  [ RunTime:0.0003s ]
INFO: [ view_parse ] --START--
INFO: [ template_filter ] --START--
INFO: Run Behavior\ContentReplaceBehavior [ RunTime:0.000147s ]
INFO: [ template_filter ] --END-- [ RunTime:0.000204s ]
NOTIC: [8] Undefined index: k_shm D:\xampp\htdocs\Application\Runtime\Cache\Home\a676da6858ca4c2be134c84274e7c1eb.php 第 292 行.
NOTIC: [8] Undefined variable: page D:\xampp\htdocs\Application\Runtime\Cache\Home\a676da6858ca4c2be134c84274e7c1eb.php 第 391 行.
NOTIC: [8] Undefined variable: page D:\xampp\htdocs\Application\Runtime\Cache\Home\a676da6858ca4c2be134c84274e7c1eb.php 第 394 行.
INFO: Run Behavior\ParseTemplateBehavior [ RunTime:0.014859s ]
INFO: [ view_parse ] --END-- [ RunTime:0.014906s ]
INFO: [ view_filter ] --START--
INFO: Run Behavior\WriteHtmlCacheBehavior [ RunTime:0.000204s ]
INFO: [ view_filter ] --END-- [ RunTime:0.000236s ]
INFO: [ app_end ] --START--
INFO: Run Behavior\ShowPageTraceBehavior [ RunTime:0.000470s ]
INFO: [ app_end ] --END-- [ RunTime:0.000528s ]

[ 2018-04-19T08:23:09+08:00 ] ::1 /index.php/Home/Kh/khmx/k_id/333
INFO: [ app_init ] --START--
INFO: Run Behavior\BuildLiteBehavior [ RunTime:0.000011s ]
INFO: [ app_init ] --END-- [ RunTime:0.000263s ]
INFO: [ app_begin ] --START--
INFO: Run Behavior\ReadHtmlCacheBehavior [ RunTime:0.000337s ]
INFO: [ app_begin ] --END-- [ RunTime:0.000380s ]
SQL: SHOW COLUMNS FROM `k` [ RunTime:0.0059s ]
SQL: SELECT * FROM `k` WHERE ( k_id=333 )  [ RunTime:0.0004s ]
INFO: [ view_parse ] --START--
INFO: [ template_filter ] --START--
INFO: Run Behavior\ContentReplaceBehavior [ RunTime:0.000148s ]
INFO: [ template_filter ] --END-- [ RunTime:0.000202s ]
NOTIC: [8] Undefined index: k_shm D:\xampp\htdocs\Application\Runtime\Cache\Home\a676da6858ca4c2be134c84274e7c1eb.php 第 292 行.
NOTIC: [8] Undefined variable: page D:\xampp\htdocs\Application\Runtime\Cache\Home\a676da6858ca4c2be134c84274e7c1eb.php 第 391 行.
NOTIC: [8] Undefined variable: page D:\xampp\htdocs\Application\Runtime\Cache\Home\a676da6858ca4c2be134c84274e7c1eb.php 第 394 行.
INFO: Run Behavior\ParseTemplateBehavior [ RunTime:0.015595s ]
INFO: [ view_parse ] --END-- [ RunTime:0.015644s ]
INFO: [ view_filter ] --START--
INFO: Run Behavior\WriteHtmlCacheBehavior [ RunTime:0.000205s ]
INFO: [ view_filter ] --END-- [ RunTime:0.000237s ]
INFO: [ app_end ] --START--
INFO: Run Behavior\ShowPageTraceBehavior [ RunTime:0.000439s ]
INFO: [ app_end ] --END-- [ RunTime:0.000488s ]

[ 2018-04-19T08:23:09+08:00 ] ::1 /index.php/Home/Kh/khmx/k_id/333
INFO: [ app_init ] --START--
INFO: Run Behavior\BuildLiteBehavior [ RunTime:0.000010s ]
INFO: [ app_init ] --END-- [ RunTime:0.000268s ]
INFO: [ app_begin ] --START--
INFO: Run Behavior\ReadHtmlCacheBehavior [ RunTime:0.000337s ]
INFO: [ app_begin ] --END-- [ RunTime:0.000379s ]
SQL: SHOW COLUMNS FROM `k` [ RunTime:0.0071s ]
SQL: SELECT * FROM `k` WHERE ( k_id=333 )  [ RunTime:0.0004s ]
INFO: [ view_parse ] --START--
INFO: [ template_filter ] --START--
INFO: Run Behavior\ContentReplaceBehavior [ RunTime:0.000149s ]
INFO: [ template_filter ] --END-- [ RunTime:0.000205s ]
NOTIC: [8] Undefined index: k_shm D:\xampp\htdocs\Application\Runtime\Cache\Home\a676da6858ca4c2be134c84274e7c1eb.php 第 292 行.
NOTIC: [8] Undefined variable: page D:\xampp\htdocs\Application\Runtime\Cache\Home\a676da6858ca4c2be134c84274e7c1eb.php 第 391 行.
NOTIC: [8] Undefined variable: page D:\xampp\htdocs\Application\Runtime\Cache\Home\a676da6858ca4c2be134c84274e7c1eb.php 第 394 行.
INFO: Run Behavior\ParseTemplateBehavior [ RunTime:0.015587s ]
INFO: [ view_parse ] --END-- [ RunTime:0.015644s ]
INFO: [ view_filter ] --START--
INFO: Run Behavior\WriteHtmlCacheBehavior [ RunTime:0.000236s ]
INFO: [ view_filter ] --END-- [ RunTime:0.000268s ]
INFO: [ app_end ] --START--
INFO: Run Behavior\ShowPageTraceBehavior [ RunTime:0.000462s ]
INFO: [ app_end ] --END-- [ RunTime:0.000540s ]

[ 2018-04-19T08:23:09+08:00 ] ::1 /index.php/Home/Kh/khmx/k_id/333
INFO: [ app_init ] --START--
INFO: Run Behavior\BuildLiteBehavior [ RunTime:0.000024s ]
INFO: [ app_init ] --END-- [ RunTime:0.000595s ]
INFO: [ app_begin ] --START--
INFO: Run Behavior\ReadHtmlCacheBehavior [ RunTime:0.000372s ]
INFO: [ app_begin ] --END-- [ RunTime:0.000421s ]
SQL: SHOW COLUMNS FROM `k` [ RunTime:0.0129s ]
SQL: SELECT * FROM `k` WHERE ( k_id=333 )  [ RunTime:0.0004s ]
INFO: [ view_parse ] --START--
INFO: [ template_filter ] --START--
INFO: Run Behavior\ContentReplaceBehavior [ RunTime:0.000169s ]
INFO: [ template_filter ] --END-- [ RunTime:0.000218s ]
NOTIC: [8] Undefined index: k_shm D:\xampp\htdocs\Application\Runtime\Cache\Home\a676da6858ca4c2be134c84274e7c1eb.php 第 292 行.
NOTIC: [8] Undefined variable: page D:\xampp\htdocs\Application\Runtime\Cache\Home\a676da6858ca4c2be134c84274e7c1eb.php 第 391 行.
NOTIC: [8] Undefined variable: page D:\xampp\htdocs\Application\Runtime\Cache\Home\a676da6858ca4c2be134c84274e7c1eb.php 第 394 行.
INFO: Run Behavior\ParseTemplateBehavior [ RunTime:0.014890s ]
INFO: [ view_parse ] --END-- [ RunTime:0.014936s ]
INFO: [ view_filter ] --START--
INFO: Run Behavior\WriteHtmlCacheBehavior [ RunTime:0.000209s ]
INFO: [ view_filter ] --END-- [ RunTime:0.000249s ]
INFO: [ app_end ] --START--
INFO: Run Behavior\ShowPageTraceBehavior [ RunTime:0.000556s ]
INFO: [ app_end ] --END-- [ RunTime:0.000610s ]

[ 2018-04-19T08:25:31+08:00 ] ::1 /index.php/Home/Kh/khmx/k_id/333
INFO: [ app_init ] --START--
INFO: Run Behavior\BuildLiteBehavior [ RunTime:0.000020s ]
INFO: [ app_init ] --END-- [ RunTime:0.000496s ]
INFO: [ app_begin ] --START--
INFO: Run Behavior\ReadHtmlCacheBehavior [ RunTime:0.000574s ]
INFO: [ app_begin ] --END-- [ RunTime:0.000633s ]
SQL: SHOW COLUMNS FROM `k` [ RunTime:0.0073s ]
SQL: SELECT * FROM `k` WHERE ( k_id=333 )  [ RunTime:0.0004s ]
INFO: [ view_parse ] --START--
INFO: [ template_filter ] --START--
INFO: Run Behavior\ContentReplaceBehavior [ RunTime:0.000265s ]
INFO: [ template_filter ] --END-- [ RunTime:0.000358s ]
NOTIC: [8] Undefined variable: vo D:\xampp\htdocs\Application\Runtime\Cache\Home\a676da6858ca4c2be134c84274e7c1eb.php 第 115 行.
NOTIC: [8] Undefined variable: vo D:\xampp\htdocs\Application\Runtime\Cache\Home\a676da6858ca4c2be134c84274e7c1eb.php 第 123 行.
NOTIC: [8] Undefined variable: vo D:\xampp\htdocs\Application\Runtime\Cache\Home\a676da6858ca4c2be134c84274e7c1eb.php 第 131 行.
NOTIC: [8] Undefined variable: vo D:\xampp\htdocs\Application\Runtime\Cache\Home\a676da6858ca4c2be134c84274e7c1eb.php 第 139 行.
NOTIC: [8] Undefined variable: vo D:\xampp\htdocs\Application\Runtime\Cache\Home\a676da6858ca4c2be134c84274e7c1eb.php 第 146 行.
NOTIC: [8] Undefined variable: vo D:\xampp\htdocs\Application\Runtime\Cache\Home\a676da6858ca4c2be134c84274e7c1eb.php 第 155 行.
NOTIC: [8] Undefined variable: vo D:\xampp\htdocs\Application\Runtime\Cache\Home\a676da6858ca4c2be134c84274e7c1eb.php 第 162 行.
NOTIC: [8] Undefined variable: vo D:\xampp\htdocs\Application\Runtime\Cache\Home\a676da6858ca4c2be134c84274e7c1eb.php 第 171 行.
NOTIC: [8] Undefined variable: vo D:\xampp\htdocs\Application\Runtime\Cache\Home\a676da6858ca4c2be134c84274e7c1eb.php 第 195 行.
NOTIC: [8] Undefined variable: vo D:\xampp\htdocs\Application\Runtime\Cache\Home\a676da6858ca4c2be134c84274e7c1eb.php 第 202 行.
NOTIC: [8] Undefined variable: vo D:\xampp\htdocs\Application\Runtime\Cache\Home\a676da6858ca4c2be134c84274e7c1eb.php 第 211 行.
NOTIC: [8] Undefined variable: vo D:\xampp\htdocs\Application\Runtime\Cache\Home\a676da6858ca4c2be134c84274e7c1eb.php 第 224 行.
NOTIC: [8] Undefined variable: vo D:\xampp\htdocs\Application\Runtime\Cache\Home\a676da6858ca4c2be134c84274e7c1eb.php 第 287 行.
NOTIC: [8] Undefined variable: vo D:\xampp\htdocs\Application\Runtime\Cache\Home\a676da6858ca4c2be134c84274e7c1eb.php 第 289 行.
NOTIC: [8] Undefined index: k_shm D:\xampp\htdocs\Application\Runtime\Cache\Home\a676da6858ca4c2be134c84274e7c1eb.php 第 294 行.
NOTIC: [8] Undefined variable: vo D:\xampp\htdocs\Application\Runtime\Cache\Home\a676da6858ca4c2be134c84274e7c1eb.php 第 299 行.
NOTIC: [8] Undefined variable: vo D:\xampp\htdocs\Application\Runtime\Cache\Home\a676da6858ca4c2be134c84274e7c1eb.php 第 306 行.
NOTIC: [8] Undefined variable: vo D:\xampp\htdocs\Application\Runtime\Cache\Home\a676da6858ca4c2be134c84274e7c1eb.php 第 309 行.
NOTIC: [8] Undefined variable: vo D:\xampp\htdocs\Application\Runtime\Cache\Home\a676da6858ca4c2be134c84274e7c1eb.php 第 314 行.
NOTIC: [8] Undefined variable: vo D:\xampp\htdocs\Application\Runtime\Cache\Home\a676da6858ca4c2be134c84274e7c1eb.php 第 316 行.
NOTIC: [8] Undefined variable: vo D:\xampp\htdocs\Application\Runtime\Cache\Home\a676da6858ca4c2be134c84274e7c1eb.php 第 323 行.
NOTIC: [8] Undefined variable: vo D:\xampp\htdocs\Application\Runtime\Cache\Home\a676da6858ca4c2be134c84274e7c1eb.php 第 327 行.
NOTIC: [8] Undefined variable: vo D:\xampp\htdocs\Application\Runtime\Cache\Home\a676da6858ca4c2be134c84274e7c1eb.php 第 334 行.
NOTIC: [8] Undefined variable: vo D:\xampp\htdocs\Application\Runtime\Cache\Home\a676da6858ca4c2be134c84274e7c1eb.php 第 337 行.
NOTIC: [8] Undefined variable: vo D:\xampp\htdocs\Application\Runtime\Cache\Home\a676da6858ca4c2be134c84274e7c1eb.php 第 344 行.
NOTIC: [8] Undefined variable: vo D:\xampp\htdocs\Application\Runtime\Cache\Home\a676da6858ca4c2be134c84274e7c1eb.php 第 365 行.
NOTIC: [8] Undefined variable: vo D:\xampp\htdocs\Application\Runtime\Cache\Home\a676da6858ca4c2be134c84274e7c1eb.php 第 365 行.
NOTIC: [8] Undefined variable: vo D:\xampp\htdocs\Application\Runtime\Cache\Home\a676da6858ca4c2be134c84274e7c1eb.php 第 367 行.
NOTIC: [8] Undefined variable: vo D:\xampp\htdocs\Application\Runtime\Cache\Home\a676da6858ca4c2be134c84274e7c1eb.php 第 368 行.
NOTIC: [8] Undefined variable: vo D:\xampp\htdocs\Application\Runtime\Cache\Home\a676da6858ca4c2be134c84274e7c1eb.php 第 369 行.
NOTIC: [8] Undefined variable: vo D:\xampp\htdocs\Application\Runtime\Cache\Home\a676da6858ca4c2be134c84274e7c1eb.php 第 370 行.
NOTIC: [8] Undefined variable: vo D:\xampp\htdocs\Application\Runtime\Cache\Home\a676da6858ca4c2be134c84274e7c1eb.php 第 371 行.
NOTIC: [8] Undefined variable: vo D:\xampp\htdocs\Application\Runtime\Cache\Home\a676da6858ca4c2be134c84274e7c1eb.php 第 372 行.
NOTIC: [8] Undefined variable: vo D:\xampp\htdocs\Application\Runtime\Cache\Home\a676da6858ca4c2be134c84274e7c1eb.php 第 373 行.
NOTIC: [8] Undefined variable: vo D:\xampp\htdocs\Application\Runtime\Cache\Home\a676da6858ca4c2be134c84274e7c1eb.php 第 374 行.
NOTIC: [8] Undefined variable: vo D:\xampp\htdocs\Application\Runtime\Cache\Home\a676da6858ca4c2be134c84274e7c1eb.php 第 375 行.
NOTIC: [8] Undefined variable: vo D:\xampp\htdocs\Application\Runtime\Cache\Home\a676da6858ca4c2be134c84274e7c1eb.php 第 376 行.
NOTIC: [8] Undefined variable: vo D:\xampp\htdocs\Application\Runtime\Cache\Home\a676da6858ca4c2be134c84274e7c1eb.php 第 377 行.
NOTIC: [8] Undefined variable: vo D:\xampp\htdocs\Application\Runtime\Cache\Home\a676da6858ca4c2be134c84274e7c1eb.php 第 378 行.
NOTIC: [8] Undefined variable: vo D:\xampp\htdocs\Application\Runtime\Cache\Home\a676da6858ca4c2be134c84274e7c1eb.php 第 379 行.
NOTIC: [8] Undefined variable: page D:\xampp\htdocs\Application\Runtime\Cache\Home\a676da6858ca4c2be134c84274e7c1eb.php 第 393 行.
NOTIC: [8] Undefined variable: page D:\xampp\htdocs\Application\Runtime\Cache\Home\a676da6858ca4c2be134c84274e7c1eb.php 第 396 行.
INFO: Run Behavior\ParseTemplateBehavior [ RunTime:0.019056s ]
INFO: [ view_parse ] --END-- [ RunTime:0.019118s ]
INFO: [ view_filter ] --START--
INFO: Run Behavior\WriteHtmlCacheBehavior [ RunTime:0.000450s ]
INFO: [ view_filter ] --END-- [ RunTime:0.000496s ]
INFO: [ app_end ] --START--
INFO: Run Behavior\ShowPageTraceBehavior [ RunTime:0.001041s ]
INFO: [ app_end ] --END-- [ RunTime:0.001144s ]

[ 2018-04-19T08:25:32+08:00 ] ::1 /index.php/Home/Kh/khmx/k_id/333
INFO: [ app_init ] --START--
INFO: Run Behavior\BuildLiteBehavior [ RunTime:0.000010s ]
INFO: [ app_init ] --END-- [ RunTime:0.000307s ]
INFO: [ app_begin ] --START--
INFO: Run Behavior\ReadHtmlCacheBehavior [ RunTime:0.000445s ]
INFO: [ app_begin ] --END-- [ RunTime:0.000508s ]
SQL: SHOW COLUMNS FROM `k` [ RunTime:0.0078s ]
SQL: SELECT * FROM `k` WHERE ( k_id=333 )  [ RunTime:0.0005s ]
INFO: [ view_parse ] --START--
INFO: [ template_filter ] --START--
INFO: Run Behavior\ContentReplaceBehavior [ RunTime:0.000152s ]
INFO: [ template_filter ] --END-- [ RunTime:0.000198s ]
NOTIC: [8] Undefined variable: vo D:\xampp\htdocs\Application\Runtime\Cache\Home\a676da6858ca4c2be134c84274e7c1eb.php 第 115 行.
NOTIC: [8] Undefined variable: vo D:\xampp\htdocs\Application\Runtime\Cache\Home\a676da6858ca4c2be134c84274e7c1eb.php 第 123 行.
NOTIC: [8] Undefined variable: vo D:\xampp\htdocs\Application\Runtime\Cache\Home\a676da6858ca4c2be134c84274e7c1eb.php 第 131 行.
NOTIC: [8] Undefined variable: vo D:\xampp\htdocs\Application\Runtime\Cache\Home\a676da6858ca4c2be134c84274e7c1eb.php 第 139 行.
NOTIC: [8] Undefined variable: vo D:\xampp\htdocs\Application\Runtime\Cache\Home\a676da6858ca4c2be134c84274e7c1eb.php 第 146 行.
NOTIC: [8] Undefined variable: vo D:\xampp\htdocs\Application\Runtime\Cache\Home\a676da6858ca4c2be134c84274e7c1eb.php 第 155 行.
NOTIC: [8] Undefined variable: vo D:\xampp\htdocs\Application\Runtime\Cache\Home\a676da6858ca4c2be134c84274e7c1eb.php 第 162 行.
NOTIC: [8] Undefined variable: vo D:\xampp\htdocs\Application\Runtime\Cache\Home\a676da6858ca4c2be134c84274e7c1eb.php 第 171 行.
NOTIC: [8] Undefined variable: vo D:\xampp\htdocs\Application\Runtime\Cache\Home\a676da6858ca4c2be134c84274e7c1eb.php 第 195 行.
NOTIC: [8] Undefined variable: vo D:\xampp\htdocs\Application\Runtime\Cache\Home\a676da6858ca4c2be134c84274e7c1eb.php 第 202 行.
NOTIC: [8] Undefined variable: vo D:\xampp\htdocs\Application\Runtime\Cache\Home\a676da6858ca4c2be134c84274e7c1eb.php 第 211 行.
NOTIC: [8] Undefined variable: vo D:\xampp\htdocs\Application\Runtime\Cache\Home\a676da6858ca4c2be134c84274e7c1eb.php 第 224 行.
NOTIC: [8] Undefined variable: vo D:\xampp\htdocs\Application\Runtime\Cache\Home\a676da6858ca4c2be134c84274e7c1eb.php 第 287 行.
NOTIC: [8] Undefined variable: vo D:\xampp\htdocs\Application\Runtime\Cache\Home\a676da6858ca4c2be134c84274e7c1eb.php 第 289 行.
NOTIC: [8] Undefined index: k_shm D:\xampp\htdocs\Application\Runtime\Cache\Home\a676da6858ca4c2be134c84274e7c1eb.php 第 294 行.
NOTIC: [8] Undefined variable: vo D:\xampp\htdocs\Application\Runtime\Cache\Home\a676da6858ca4c2be134c84274e7c1eb.php 第 299 行.
NOTIC: [8] Undefined variable: vo D:\xampp\htdocs\Application\Runtime\Cache\Home\a676da6858ca4c2be134c84274e7c1eb.php 第 306 行.
NOTIC: [8] Undefined variable: vo D:\xampp\htdocs\Application\Runtime\Cache\Home\a676da6858ca4c2be134c84274e7c1eb.php 第 309 行.
NOTIC: [8] Undefined variable: vo D:\xampp\htdocs\Application\Runtime\Cache\Home\a676da6858ca4c2be134c84274e7c1eb.php 第 314 行.
NOTIC: [8] Undefined variable: vo D:\xampp\htdocs\Application\Runtime\Cache\Home\a676da6858ca4c2be134c84274e7c1eb.php 第 316 行.
NOTIC: [8] Undefined variable: vo D:\xampp\htdocs\Application\Runtime\Cache\Home\a676da6858ca4c2be134c84274e7c1eb.php 第 323 行.
NOTIC: [8] Undefined variable: vo D:\xampp\htdocs\Application\Runtime\Cache\Home\a676da6858ca4c2be134c84274e7c1eb.php 第 327 行.
NOTIC: [8] Undefined variable: vo D:\xampp\htdocs\Application\Runtime\Cache\Home\a676da6858ca4c2be134c84274e7c1eb.php 第 334 行.
NOTIC: [8] Undefined variable: vo D:\xampp\htdocs\Application\Runtime\Cache\Home\a676da6858ca4c2be134c84274e7c1eb.php 第 337 行.
NOTIC: [8] Undefined variable: vo D:\xampp\htdocs\Application\Runtime\Cache\Home\a676da6858ca4c2be134c84274e7c1eb.php 第 344 行.
NOTIC: [8] Undefined variable: vo D:\xampp\htdocs\Application\Runtime\Cache\Home\a676da6858ca4c2be134c84274e7c1eb.php 第 365 行.
NOTIC: [8] Undefined variable: vo D:\xampp\htdocs\Application\Runtime\Cache\Home\a676da6858ca4c2be134c84274e7c1eb.php 第 365 行.
NOTIC: [8] Undefined variable: vo D:\xampp\htdocs\Application\Runtime\Cache\Home\a676da6858ca4c2be134c84274e7c1eb.php 第 367 行.
NOTIC: [8] Undefined variable: vo D:\xampp\htdocs\Application\Runtime\Cache\Home\a676da6858ca4c2be134c84274e7c1eb.php 第 368 行.
NOTIC: [8] Undefined variable: vo D:\xampp\htdocs\Application\Runtime\Cache\Home\a676da6858ca4c2be134c84274e7c1eb.php 第 369 行.
NOTIC: [8] Undefined variable: vo D:\xampp\htdocs\Application\Runtime\Cache\Home\a676da6858ca4c2be134c84274e7c1eb.php 第 370 行.
NOTIC: [8] Undefined variable: vo D:\xampp\htdocs\Application\Runtime\Cache\Home\a676da6858ca4c2be134c84274e7c1eb.php 第 371 行.
NOTIC: [8] Undefined variable: vo D:\xampp\htdocs\Application\Runtime\Cache\Home\a676da6858ca4c2be134c84274e7c1eb.php 第 372 行.
NOTIC: [8] Undefined variable: vo D:\xampp\htdocs\Application\Runtime\Cache\Home\a676da6858ca4c2be134c84274e7c1eb.php 第 373 行.
NOTIC: [8] Undefined variable: vo D:\xampp\htdocs\Application\Runtime\Cache\Home\a676da6858ca4c2be134c84274e7c1eb.php 第 374 行.
NOTIC: [8] Undefined variable: vo D:\xampp\htdocs\Application\Runtime\Cache\Home\a676da6858ca4c2be134c84274e7c1eb.php 第 375 行.
NOTIC: [8] Undefined variable: vo D:\xampp\htdocs\Application\Runtime\Cache\Home\a676da6858ca4c2be134c84274e7c1eb.php 第 376 行.
NOTIC: [8] Undefined variable: vo D:\xampp\htdocs\Application\Runtime\Cache\Home\a676da6858ca4c2be134c84274e7c1eb.php 第 377 行.
NOTIC: [8] Undefined variable: vo D:\xampp\htdocs\Application\Runtime\Cache\Home\a676da6858ca4c2be134c84274e7c1eb.php 第 378 行.
NOTIC: [8] Undefined variable: vo D:\xampp\htdocs\Application\Runtime\Cache\Home\a676da6858ca4c2be134c84274e7c1eb.php 第 379 行.
NOTIC: [8] Undefined variable: page D:\xampp\htdocs\Application\Runtime\Cache\Home\a676da6858ca4c2be134c84274e7c1eb.php 第 393 行.
NOTIC: [8] Undefined variable: page D:\xampp\htdocs\Application\Runtime\Cache\Home\a676da6858ca4c2be134c84274e7c1eb.php 第 396 行.
INFO: Run Behavior\ParseTemplateBehavior [ RunTime:0.012831s ]
INFO: [ view_parse ] --END-- [ RunTime:0.012889s ]
INFO: [ view_filter ] --START--
INFO: Run Behavior\WriteHtmlCacheBehavior [ RunTime:0.000198s ]
INFO: [ view_filter ] --END-- [ RunTime:0.000228s ]
INFO: [ app_end ] --START--
INFO: Run Behavior\ShowPageTraceBehavior [ RunTime:0.000454s ]
INFO: [ app_end ] --END-- [ RunTime:0.000506s ]

[ 2018-04-19T08:25:34+08:00 ] ::1 /index.php/Home/Kh/khmx/k_id/333
INFO: [ app_init ] --START--
INFO: Run Behavior\BuildLiteBehavior [ RunTime:0.000017s ]
INFO: [ app_init ] --END-- [ RunTime:0.000317s ]
INFO: [ app_begin ] --START--
INFO: Run Behavior\ReadHtmlCacheBehavior [ RunTime:0.000374s ]
INFO: [ app_begin ] --END-- [ RunTime:0.000425s ]
SQL: SHOW COLUMNS FROM `k` [ RunTime:0.0080s ]
SQL: SELECT * FROM `k` WHERE ( k_id=333 )  [ RunTime:0.0009s ]
INFO: [ view_parse ] --START--
INFO: [ template_filter ] --START--
INFO: Run Behavior\ContentReplaceBehavior [ RunTime:0.000167s ]
INFO: [ template_filter ] --END-- [ RunTime:0.000224s ]
NOTIC: [8] Undefined variable: vo D:\xampp\htdocs\Application\Runtime\Cache\Home\a676da6858ca4c2be134c84274e7c1eb.php 第 115 行.
NOTIC: [8] Undefined variable: vo D:\xampp\htdocs\Application\Runtime\Cache\Home\a676da6858ca4c2be134c84274e7c1eb.php 第 123 行.
NOTIC: [8] Undefined variable: vo D:\xampp\htdocs\Application\Runtime\Cache\Home\a676da6858ca4c2be134c84274e7c1eb.php 第 131 行.
NOTIC: [8] Undefined variable: vo D:\xampp\htdocs\Application\Runtime\Cache\Home\a676da6858ca4c2be134c84274e7c1eb.php 第 139 行.
NOTIC: [8] Undefined variable: vo D:\xampp\htdocs\Application\Runtime\Cache\Home\a676da6858ca4c2be134c84274e7c1eb.php 第 146 行.
NOTIC: [8] Undefined variable: vo D:\xampp\htdocs\Application\Runtime\Cache\Home\a676da6858ca4c2be134c84274e7c1eb.php 第 155 行.
NOTIC: [8] Undefined variable: vo D:\xampp\htdocs\Application\Runtime\Cache\Home\a676da6858ca4c2be134c84274e7c1eb.php 第 162 行.
NOTIC: [8] Undefined variable: vo D:\xampp\htdocs\Application\Runtime\Cache\Home\a676da6858ca4c2be134c84274e7c1eb.php 第 171 行.
NOTIC: [8] Undefined variable: vo D:\xampp\htdocs\Application\Runtime\Cache\Home\a676da6858ca4c2be134c84274e7c1eb.php 第 195 行.
NOTIC: [8] Undefined variable: vo D:\xampp\htdocs\Application\Runtime\Cache\Home\a676da6858ca4c2be134c84274e7c1eb.php 第 202 行.
NOTIC: [8] Undefined variable: vo D:\xampp\htdocs\Application\Runtime\Cache\Home\a676da6858ca4c2be134c84274e7c1eb.php 第 211 行.
NOTIC: [8] Undefined variable: vo D:\xampp\htdocs\Application\Runtime\Cache\Home\a676da6858ca4c2be134c84274e7c1eb.php 第 224 行.
NOTIC: [8] Undefined variable: vo D:\xampp\htdocs\Application\Runtime\Cache\Home\a676da6858ca4c2be134c84274e7c1eb.php 第 287 行.
NOTIC: [8] Undefined variable: vo D:\xampp\htdocs\Application\Runtime\Cache\Home\a676da6858ca4c2be134c84274e7c1eb.php 第 289 行.
NOTIC: [8] Undefined index: k_shm D:\xampp\htdocs\Application\Runtime\Cache\Home\a676da6858ca4c2be134c84274e7c1eb.php 第 294 行.
NOTIC: [8] Undefined variable: vo D:\xampp\htdocs\Application\Runtime\Cache\Home\a676da6858ca4c2be134c84274e7c1eb.php 第 299 行.
NOTIC: [8] Undefined variable: vo D:\xampp\htdocs\Application\Runtime\Cache\Home\a676da6858ca4c2be134c84274e7c1eb.php 第 306 行.
NOTIC: [8] Undefined variable: vo D:\xampp\htdocs\Application\Runtime\Cache\Home\a676da6858ca4c2be134c84274e7c1eb.php 第 309 行.
NOTIC: [8] Undefined variable: vo D:\xampp\htdocs\Application\Runtime\Cache\Home\a676da6858ca4c2be134c84274e7c1eb.php 第 314 行.
NOTIC: [8] Undefined variable: vo D:\xampp\htdocs\Application\Runtime\Cache\Home\a676da6858ca4c2be134c84274e7c1eb.php 第 316 行.
NOTIC: [8] Undefined variable: vo D:\xampp\htdocs\Application\Runtime\Cache\Home\a676da6858ca4c2be134c84274e7c1eb.php 第 323 行.
NOTIC: [8] Undefined variable: vo D:\xampp\htdocs\Application\Runtime\Cache\Home\a676da6858ca4c2be134c84274e7c1eb.php 第 327 行.
NOTIC: [8] Undefined variable: vo D:\xampp\htdocs\Application\Runtime\Cache\Home\a676da6858ca4c2be134c84274e7c1eb.php 第 334 行.
NOTIC: [8] Undefined variable: vo D:\xampp\htdocs\Application\Runtime\Cache\Home\a676da6858ca4c2be134c84274e7c1eb.php 第 337 行.
NOTIC: [8] Undefined variable: vo D:\xampp\htdocs\Application\Runtime\Cache\Home\a676da6858ca4c2be134c84274e7c1eb.php 第 344 行.
NOTIC: [8] Undefined variable: vo D:\xampp\htdocs\Application\Runtime\Cache\Home\a676da6858ca4c2be134c84274e7c1eb.php 第 365 行.
NOTIC: [8] Undefined variable: vo D:\xampp\htdocs\Application\Runtime\Cache\Home\a676da6858ca4c2be134c84274e7c1eb.php 第 365 行.
NOTIC: [8] Undefined variable: vo D:\xampp\htdocs\Application\Runtime\Cache\Home\a676da6858ca4c2be134c84274e7c1eb.php 第 367 行.
NOTIC: [8] Undefined variable: vo D:\xampp\htdocs\Application\Runtime\Cache\Home\a676da6858ca4c2be134c84274e7c1eb.php 第 368 行.
NOTIC: [8] Undefined variable: vo D:\xampp\htdocs\Application\Runtime\Cache\Home\a676da6858ca4c2be134c84274e7c1eb.php 第 369 行.
NOTIC: [8] Undefined variable: vo D:\xampp\htdocs\Application\Runtime\Cache\Home\a676da6858ca4c2be134c84274e7c1eb.php 第 370 行.
NOTIC: [8] Undefined variable: vo D:\xampp\htdocs\Application\Runtime\Cache\Home\a676da6858ca4c2be134c84274e7c1eb.php 第 371 行.
NOTIC: [8] Undefined variable: vo D:\xampp\htdocs\Application\Runtime\Cache\Home\a676da6858ca4c2be134c84274e7c1eb.php 第 372 行.
NOTIC: [8] Undefined variable: vo D:\xampp\htdocs\Application\Runtime\Cache\Home\a676da6858ca4c2be134c84274e7c1eb.php 第 373 行.
NOTIC: [8] Undefined variable: vo D:\xampp\htdocs\Application\Runtime\Cache\Home\a676da6858ca4c2be134c84274e7c1eb.php 第 374 行.
NOTIC: [8] Undefined variable: vo D:\xampp\htdocs\Application\Runtime\Cache\Home\a676da6858ca4c2be134c84274e7c1eb.php 第 375 行.
NOTIC: [8] Undefined variable: vo D:\xampp\htdocs\Application\Runtime\Cache\Home\a676da6858ca4c2be134c84274e7c1eb.php 第 376 行.
NOTIC: [8] Undefined variable: vo D:\xampp\htdocs\Application\Runtime\Cache\Home\a676da6858ca4c2be134c84274e7c1eb.php 第 377 行.
NOTIC: [8] Undefined variable: vo D:\xampp\htdocs\Application\Runtime\Cache\Home\a676da6858ca4c2be134c84274e7c1eb.php 第 378 行.
NOTIC: [8] Undefined variable: vo D:\xampp\htdocs\Application\Runtime\Cache\Home\a676da6858ca4c2be134c84274e7c1eb.php 第 379 行.
NOTIC: [8] Undefined variable: page D:\xampp\htdocs\Application\Runtime\Cache\Home\a676da6858ca4c2be134c84274e7c1eb.php 第 393 行.
NOTIC: [8] Undefined variable: page D:\xampp\htdocs\Application\Runtime\Cache\Home\a676da6858ca4c2be134c84274e7c1eb.php 第 396 行.
INFO: Run Behavior\ParseTemplateBehavior [ RunTime:0.016320s ]
INFO: [ view_parse ] --END-- [ RunTime:0.016379s ]
INFO: [ view_filter ] --START--
INFO: Run Behavior\WriteHtmlCacheBehavior [ RunTime:0.000208s ]
INFO: [ view_filter ] --END-- [ RunTime:0.000238s ]
INFO: [ app_end ] --START--
INFO: Run Behavior\ShowPageTraceBehavior [ RunTime:0.000636s ]
INFO: [ app_end ] --END-- [ RunTime:0.000687s ]

[ 2018-04-19T08:25:58+08:00 ] ::1 /index.php/Home/Kh/khmx/k_id/333
INFO: [ app_init ] --START--
INFO: Run Behavior\BuildLiteBehavior [ RunTime:0.000011s ]
INFO: [ app_init ] --END-- [ RunTime:0.000318s ]
INFO: [ app_begin ] --START--
INFO: Run Behavior\ReadHtmlCacheBehavior [ RunTime:0.000430s ]
INFO: [ app_begin ] --END-- [ RunTime:0.000475s ]
SQL: SHOW COLUMNS FROM `k` [ RunTime:0.0078s ]
SQL: SELECT * FROM `k` WHERE ( k_id=333 )  [ RunTime:0.0004s ]
INFO: [ view_parse ] --START--
INFO: [ template_filter ] --START--
INFO: Run Behavior\ContentReplaceBehavior [ RunTime:0.000147s ]
INFO: [ template_filter ] --END-- [ RunTime:0.000202s ]
NOTIC: [8] Undefined index: k_shm D:\xampp\htdocs\Application\Runtime\Cache\Home\a676da6858ca4c2be134c84274e7c1eb.php 第 292 行.
NOTIC: [8] Undefined variable: page D:\xampp\htdocs\Application\Runtime\Cache\Home\a676da6858ca4c2be134c84274e7c1eb.php 第 391 行.
NOTIC: [8] Undefined variable: page D:\xampp\htdocs\Application\Runtime\Cache\Home\a676da6858ca4c2be134c84274e7c1eb.php 第 394 行.
INFO: Run Behavior\ParseTemplateBehavior [ RunTime:0.014842s ]
INFO: [ view_parse ] --END-- [ RunTime:0.014893s ]
INFO: [ view_filter ] --START--
INFO: Run Behavior\WriteHtmlCacheBehavior [ RunTime:0.000289s ]
INFO: [ view_filter ] --END-- [ RunTime:0.000322s ]
INFO: [ app_end ] --START--
INFO: Run Behavior\ShowPageTraceBehavior [ RunTime:0.000562s ]
INFO: [ app_end ] --END-- [ RunTime:0.000617s ]

[ 2018-04-19T10:33:05+08:00 ] ::1 /index.php/home/xg
INFO: [ app_init ] --START--
INFO: Run Behavior\BuildLiteBehavior [ RunTime:0.000015s ]
INFO: [ app_init ] --END-- [ RunTime:0.021950s ]
INFO: [ app_begin ] --START--
INFO: Run Behavior\ReadHtmlCacheBehavior [ RunTime:0.004832s ]
INFO: [ app_begin ] --END-- [ RunTime:0.004924s ]
SQL: SHOW COLUMNS FROM `k` [ RunTime:0.0422s ]
SQL: SELECT COUNT(*) AS tp_count FROM `k` LIMIT 1   [ RunTime:0.0020s ]
SQL: SELECT `k_id`,`k_m`,`k_hkfs`,`k_shdq`,`k_zdate`,`k_shm`,`k_shdz`,`k_lxr`,`k_hy`,`k_tel`,`k_sj`,`k_fax`,`k_yb`,`k_email`,`k_bz`,`片区`,`营销员`,`k_dzbq` FROM `k` ORDER BY k_id desc LIMIT 0,13   [ RunTime:0.0008s ]
INFO: [ view_parse ] --START--
INFO: [ template_filter ] --START--
INFO: Run Behavior\ContentReplaceBehavior [ RunTime:0.018459s ]
INFO: [ template_filter ] --END-- [ RunTime:0.018551s ]
INFO: Run Behavior\ParseTemplateBehavior [ RunTime:0.096401s ]
INFO: [ view_parse ] --END-- [ RunTime:0.096487s ]
INFO: [ view_filter ] --START--
INFO: Run Behavior\WriteHtmlCacheBehavior [ RunTime:0.008657s ]
INFO: [ view_filter ] --END-- [ RunTime:0.008725s ]
INFO: [ app_end ] --START--
INFO: Run Behavior\ShowPageTraceBehavior [ RunTime:0.015781s ]
INFO: [ app_end ] --END-- [ RunTime:0.015926s ]

