[ 2018-03-30T11:47:22+08:00 ] ::1 /
INFO: [ app_init ] --START--
INFO: Run Behavior\BuildLiteBehavior [ RunTime:0.000019s ]
INFO: [ app_init ] --END-- [ RunTime:0.029749s ]
INFO: [ app_begin ] --START--
INFO: Run Behavior\ReadHtmlCacheBehavior [ RunTime:0.010984s ]
INFO: [ app_begin ] --END-- [ RunTime:0.011070s ]
NOTIC: [2048] Declaration of Home\Controller\IndexController::show() should be compatible with Think\Controller::show($content, $charset = '', $contentType = '', $prefix = '') D:\xampp\htdocs\Application\Home\Controller\IndexController.class.php 第 153 行.
INFO: [ view_parse ] --START--
INFO: [ template_filter ] --START--
INFO: Run Behavior\ContentReplaceBehavior [ RunTime:0.009725s ]
INFO: [ template_filter ] --END-- [ RunTime:0.009797s ]
INFO: Run Behavior\ParseTemplateBehavior [ RunTime:0.048404s ]
INFO: [ view_parse ] --END-- [ RunTime:0.048483s ]
INFO: [ view_filter ] --START--
INFO: Run Behavior\WriteHtmlCacheBehavior [ RunTime:0.011824s ]
INFO: [ view_filter ] --END-- [ RunTime:0.011892s ]
INFO: [ app_end ] --START--
INFO: Run Behavior\ShowPageTraceBehavior [ RunTime:0.000772s ]
INFO: [ app_end ] --END-- [ RunTime:0.000824s ]

[ 2018-03-30T11:47:24+08:00 ] ::1 /
INFO: [ app_init ] --START--
INFO: Run Behavior\BuildLiteBehavior [ RunTime:0.000042s ]
INFO: [ app_init ] --END-- [ RunTime:0.000362s ]
INFO: [ app_begin ] --START--
INFO: Run Behavior\ReadHtmlCacheBehavior [ RunTime:0.000373s ]
INFO: [ app_begin ] --END-- [ RunTime:0.000421s ]
NOTIC: [2048] Declaration of Home\Controller\IndexController::show() should be compatible with Think\Controller::show($content, $charset = '', $contentType = '', $prefix = '') D:\xampp\htdocs\Application\Home\Controller\IndexController.class.php 第 153 行.
SQL: SHOW COLUMNS FROM `admin` [ RunTime:0.0809s ]
NOTIC: [8] Undefined index: validate D:\xampp\htdocs\ThinkPHP\Library\Think\Model.class.php 第 1185 行.
NOTIC: [8] Undefined index: auto D:\xampp\htdocs\ThinkPHP\Library\Think\Model.class.php 第 1128 行.
SQL: SELECT `id`,`uname`,`yxy`,`pw`,`jb`,`bz` FROM `admin` WHERE `uname` = 'mjg' AND `pw` = 'ewater' LIMIT 1   [ RunTime:0.0003s ]
INFO: [ view_parse ] --START--
INFO: [ template_filter ] --START--
INFO: Run Behavior\ContentReplaceBehavior [ RunTime:0.000067s ]
INFO: [ template_filter ] --END-- [ RunTime:0.000157s ]
INFO: Run Behavior\ParseTemplateBehavior [ RunTime:0.030616s ]
INFO: [ view_parse ] --END-- [ RunTime:0.030718s ]
INFO: [ view_filter ] --START--
INFO: Run Behavior\WriteHtmlCacheBehavior [ RunTime:0.000358s ]
INFO: [ view_filter ] --END-- [ RunTime:0.000419s ]
INFO: [ app_end ] --START--
INFO: Run Behavior\ShowPageTraceBehavior [ RunTime:0.000722s ]
INFO: [ app_end ] --END-- [ RunTime:0.000789s ]

[ 2018-03-30T11:47:25+08:00 ] ::1 /index.php/Home/Index/show.html
INFO: [ app_init ] --START--
INFO: Run Behavior\BuildLiteBehavior [ RunTime:0.000029s ]
INFO: [ app_init ] --END-- [ RunTime:0.000821s ]
INFO: [ app_begin ] --START--
INFO: Run Behavior\ReadHtmlCacheBehavior [ RunTime:0.000610s ]
INFO: [ app_begin ] --END-- [ RunTime:0.000686s ]
NOTIC: [2048] Declaration of Home\Controller\IndexController::show() should be compatible with Think\Controller::show($content, $charset = '', $contentType = '', $prefix = '') D:\xampp\htdocs\Application\Home\Controller\IndexController.class.php 第 153 行.
SQL: SHOW COLUMNS FROM `jg` [ RunTime:0.0599s ]
SQL: SELECT COUNT(*) AS tp_count FROM `jg` LIMIT 1   [ RunTime:0.0379s ]
SQL: SELECT `id`,`riq`,`gold`,`silver`,`silver1`,`pd`,`ru`,`pt`,`rh`,`yr`,`jcpd`,`jcpt` FROM `jg` ORDER BY riq desc LIMIT 0,14   [ RunTime:0.0024s ]
INFO: [ view_parse ] --START--
INFO: [ template_filter ] --START--
INFO: Run Behavior\ContentReplaceBehavior [ RunTime:0.005843s ]
INFO: [ template_filter ] --END-- [ RunTime:0.006050s ]
NOTIC: [8] Undefined variable: row D:\xampp\htdocs\Application\Runtime\Cache\Home\ef90aeb0d15d5181851dc046c9941189.php 第 74 行.
NOTIC: [8] Trying to get property of non-object D:\xampp\htdocs\Application\Runtime\Cache\Home\ef90aeb0d15d5181851dc046c9941189.php 第 74 行.
NOTIC: [8] Undefined variable: row D:\xampp\htdocs\Application\Runtime\Cache\Home\ef90aeb0d15d5181851dc046c9941189.php 第 74 行.
NOTIC: [8] Trying to get property of non-object D:\xampp\htdocs\Application\Runtime\Cache\Home\ef90aeb0d15d5181851dc046c9941189.php 第 74 行.
NOTIC: [8] Undefined variable: row D:\xampp\htdocs\Application\Runtime\Cache\Home\ef90aeb0d15d5181851dc046c9941189.php 第 74 行.
NOTIC: [8] Trying to get property of non-object D:\xampp\htdocs\Application\Runtime\Cache\Home\ef90aeb0d15d5181851dc046c9941189.php 第 74 行.
NOTIC: [8] Undefined variable: row D:\xampp\htdocs\Application\Runtime\Cache\Home\ef90aeb0d15d5181851dc046c9941189.php 第 74 行.
NOTIC: [8] Trying to get property of non-object D:\xampp\htdocs\Application\Runtime\Cache\Home\ef90aeb0d15d5181851dc046c9941189.php 第 74 行.
NOTIC: [8] Undefined variable: row D:\xampp\htdocs\Application\Runtime\Cache\Home\ef90aeb0d15d5181851dc046c9941189.php 第 74 行.
NOTIC: [8] Trying to get property of non-object D:\xampp\htdocs\Application\Runtime\Cache\Home\ef90aeb0d15d5181851dc046c9941189.php 第 74 行.
NOTIC: [8] Undefined variable: row D:\xampp\htdocs\Application\Runtime\Cache\Home\ef90aeb0d15d5181851dc046c9941189.php 第 74 行.
NOTIC: [8] Trying to get property of non-object D:\xampp\htdocs\Application\Runtime\Cache\Home\ef90aeb0d15d5181851dc046c9941189.php 第 74 行.
NOTIC: [8] Undefined variable: row D:\xampp\htdocs\Application\Runtime\Cache\Home\ef90aeb0d15d5181851dc046c9941189.php 第 74 行.
NOTIC: [8] Trying to get property of non-object D:\xampp\htdocs\Application\Runtime\Cache\Home\ef90aeb0d15d5181851dc046c9941189.php 第 74 行.
NOTIC: [8] Undefined variable: row D:\xampp\htdocs\Application\Runtime\Cache\Home\ef90aeb0d15d5181851dc046c9941189.php 第 74 行.
NOTIC: [8] Trying to get property of non-object D:\xampp\htdocs\Application\Runtime\Cache\Home\ef90aeb0d15d5181851dc046c9941189.php 第 74 行.
NOTIC: [8] Undefined variable: row D:\xampp\htdocs\Application\Runtime\Cache\Home\ef90aeb0d15d5181851dc046c9941189.php 第 74 行.
NOTIC: [8] Trying to get property of non-object D:\xampp\htdocs\Application\Runtime\Cache\Home\ef90aeb0d15d5181851dc046c9941189.php 第 74 行.
NOTIC: [8] Undefined variable: row D:\xampp\htdocs\Application\Runtime\Cache\Home\ef90aeb0d15d5181851dc046c9941189.php 第 74 行.
NOTIC: [8] Trying to get property of non-object D:\xampp\htdocs\Application\Runtime\Cache\Home\ef90aeb0d15d5181851dc046c9941189.php 第 74 行.
NOTIC: [8] Undefined variable: row D:\xampp\htdocs\Application\Runtime\Cache\Home\ef90aeb0d15d5181851dc046c9941189.php 第 74 行.
NOTIC: [8] Trying to get property of non-object D:\xampp\htdocs\Application\Runtime\Cache\Home\ef90aeb0d15d5181851dc046c9941189.php 第 74 行.
NOTIC: [8] Undefined variable: row D:\xampp\htdocs\Application\Runtime\Cache\Home\ef90aeb0d15d5181851dc046c9941189.php 第 74 行.
NOTIC: [8] Trying to get property of non-object D:\xampp\htdocs\Application\Runtime\Cache\Home\ef90aeb0d15d5181851dc046c9941189.php 第 74 行.
NOTIC: [8] Undefined variable: row D:\xampp\htdocs\Application\Runtime\Cache\Home\ef90aeb0d15d5181851dc046c9941189.php 第 74 行.
NOTIC: [8] Trying to get property of non-object D:\xampp\htdocs\Application\Runtime\Cache\Home\ef90aeb0d15d5181851dc046c9941189.php 第 74 行.
NOTIC: [8] Undefined variable: row D:\xampp\htdocs\Application\Runtime\Cache\Home\ef90aeb0d15d5181851dc046c9941189.php 第 74 行.
NOTIC: [8] Trying to get property of non-object D:\xampp\htdocs\Application\Runtime\Cache\Home\ef90aeb0d15d5181851dc046c9941189.php 第 74 行.
NOTIC: [8] Undefined variable: row D:\xampp\htdocs\Application\Runtime\Cache\Home\ef90aeb0d15d5181851dc046c9941189.php 第 74 行.
NOTIC: [8] Trying to get property of non-object D:\xampp\htdocs\Application\Runtime\Cache\Home\ef90aeb0d15d5181851dc046c9941189.php 第 74 行.
NOTIC: [8] Undefined variable: row D:\xampp\htdocs\Application\Runtime\Cache\Home\ef90aeb0d15d5181851dc046c9941189.php 第 74 行.
NOTIC: [8] Trying to get property of non-object D:\xampp\htdocs\Application\Runtime\Cache\Home\ef90aeb0d15d5181851dc046c9941189.php 第 74 行.
NOTIC: [8] Undefined variable: row D:\xampp\htdocs\Application\Runtime\Cache\Home\ef90aeb0d15d5181851dc046c9941189.php 第 74 行.
NOTIC: [8] Trying to get property of non-object D:\xampp\htdocs\Application\Runtime\Cache\Home\ef90aeb0d15d5181851dc046c9941189.php 第 74 行.
NOTIC: [8] Undefined variable: row D:\xampp\htdocs\Application\Runtime\Cache\Home\ef90aeb0d15d5181851dc046c9941189.php 第 74 行.
NOTIC: [8] Trying to get property of non-object D:\xampp\htdocs\Application\Runtime\Cache\Home\ef90aeb0d15d5181851dc046c9941189.php 第 74 行.
NOTIC: [8] Undefined variable: row D:\xampp\htdocs\Application\Runtime\Cache\Home\ef90aeb0d15d5181851dc046c9941189.php 第 74 行.
NOTIC: [8] Trying to get property of non-object D:\xampp\htdocs\Application\Runtime\Cache\Home\ef90aeb0d15d5181851dc046c9941189.php 第 74 行.
NOTIC: [8] Undefined variable: row D:\xampp\htdocs\Application\Runtime\Cache\Home\ef90aeb0d15d5181851dc046c9941189.php 第 74 行.
NOTIC: [8] Trying to get property of non-object D:\xampp\htdocs\Application\Runtime\Cache\Home\ef90aeb0d15d5181851dc046c9941189.php 第 74 行.
NOTIC: [8] Undefined variable: row D:\xampp\htdocs\Application\Runtime\Cache\Home\ef90aeb0d15d5181851dc046c9941189.php 第 74 行.
NOTIC: [8] Trying to get property of non-object D:\xampp\htdocs\Application\Runtime\Cache\Home\ef90aeb0d15d5181851dc046c9941189.php 第 74 行.
NOTIC: [8] Undefined variable: row D:\xampp\htdocs\Application\Runtime\Cache\Home\ef90aeb0d15d5181851dc046c9941189.php 第 74 行.
NOTIC: [8] Trying to get property of non-object D:\xampp\htdocs\Application\Runtime\Cache\Home\ef90aeb0d15d5181851dc046c9941189.php 第 74 行.
NOTIC: [8] Undefined variable: row D:\xampp\htdocs\Application\Runtime\Cache\Home\ef90aeb0d15d5181851dc046c9941189.php 第 74 行.
NOTIC: [8] Trying to get property of non-object D:\xampp\htdocs\Application\Runtime\Cache\Home\ef90aeb0d15d5181851dc046c9941189.php 第 74 行.
NOTIC: [8] Undefined variable: row D:\xampp\htdocs\Application\Runtime\Cache\Home\ef90aeb0d15d5181851dc046c9941189.php 第 74 行.
NOTIC: [8] Trying to get property of non-object D:\xampp\htdocs\Application\Runtime\Cache\Home\ef90aeb0d15d5181851dc046c9941189.php 第 74 行.
NOTIC: [8] Undefined variable: row D:\xampp\htdocs\Application\Runtime\Cache\Home\ef90aeb0d15d5181851dc046c9941189.php 第 74 行.
NOTIC: [8] Trying to get property of non-object D:\xampp\htdocs\Application\Runtime\Cache\Home\ef90aeb0d15d5181851dc046c9941189.php 第 74 行.
NOTIC: [8] Undefined variable: row D:\xampp\htdocs\Application\Runtime\Cache\Home\ef90aeb0d15d5181851dc046c9941189.php 第 74 行.
NOTIC: [8] Trying to get property of non-object D:\xampp\htdocs\Application\Runtime\Cache\Home\ef90aeb0d15d5181851dc046c9941189.php 第 74 行.
NOTIC: [8] Undefined variable: row D:\xampp\htdocs\Application\Runtime\Cache\Home\ef90aeb0d15d5181851dc046c9941189.php 第 74 行.
NOTIC: [8] Trying to get property of non-object D:\xampp\htdocs\Application\Runtime\Cache\Home\ef90aeb0d15d5181851dc046c9941189.php 第 74 行.
NOTIC: [8] Undefined variable: row D:\xampp\htdocs\Application\Runtime\Cache\Home\ef90aeb0d15d5181851dc046c9941189.php 第 74 行.
NOTIC: [8] Trying to get property of non-object D:\xampp\htdocs\Application\Runtime\Cache\Home\ef90aeb0d15d5181851dc046c9941189.php 第 74 行.
INFO: Run Behavior\ParseTemplateBehavior [ RunTime:0.075277s ]
INFO: [ view_parse ] --END-- [ RunTime:0.075389s ]
INFO: [ view_filter ] --START--
INFO: Run Behavior\WriteHtmlCacheBehavior [ RunTime:0.000710s ]
INFO: [ view_filter ] --END-- [ RunTime:0.000816s ]
INFO: [ app_end ] --START--
INFO: Run Behavior\ShowPageTraceBehavior [ RunTime:0.001845s ]
INFO: [ app_end ] --END-- [ RunTime:0.002026s ]

[ 2018-03-30T11:47:54+08:00 ] ::1 /index.php/Home/kh
INFO: [ app_init ] --START--
INFO: Run Behavior\BuildLiteBehavior [ RunTime:0.000011s ]
INFO: [ app_init ] --END-- [ RunTime:0.000334s ]
INFO: [ app_begin ] --START--
INFO: Run Behavior\ReadHtmlCacheBehavior [ RunTime:0.000449s ]
INFO: [ app_begin ] --END-- [ RunTime:0.000506s ]
SQL: SHOW COLUMNS FROM `k` [ RunTime:0.0517s ]
SQL: SELECT COUNT(*) AS tp_count FROM `k` LIMIT 1   [ RunTime:0.0409s ]
SQL: SELECT `k_id`,`k_bz`,`k_m`,`k_hkfs`,`k_shdq`,`k_zdate`,`k_shm`,`k_shdz`,`k_lxr`,`k_hy`,`k_tel`,`k_sj`,`k_fax`,`k_yb`,`k_email`,`片区`,`营销员`,`k_dzbq` FROM `k` ORDER BY k_m desc LIMIT 0,13   [ RunTime:0.0026s ]
INFO: [ view_parse ] --START--
INFO: [ template_filter ] --START--
INFO: Run Behavior\ContentReplaceBehavior [ RunTime:0.000086s ]
INFO: [ template_filter ] --END-- [ RunTime:0.000143s ]
INFO: Run Behavior\ParseTemplateBehavior [ RunTime:0.045090s ]
INFO: [ view_parse ] --END-- [ RunTime:0.045173s ]
INFO: [ view_filter ] --START--
INFO: Run Behavior\WriteHtmlCacheBehavior [ RunTime:0.000289s ]
INFO: [ view_filter ] --END-- [ RunTime:0.000325s ]
INFO: [ app_end ] --START--
INFO: Run Behavior\ShowPageTraceBehavior [ RunTime:0.000554s ]
INFO: [ app_end ] --END-- [ RunTime:0.000604s ]

[ 2018-03-30T11:48:07+08:00 ] ::1 /index.php/Home/Kh/index/p/2.html
INFO: [ app_init ] --START--
INFO: Run Behavior\BuildLiteBehavior [ RunTime:0.000013s ]
INFO: [ app_init ] --END-- [ RunTime:0.000337s ]
INFO: [ app_begin ] --START--
INFO: Run Behavior\ReadHtmlCacheBehavior [ RunTime:0.001542s ]
INFO: [ app_begin ] --END-- [ RunTime:0.001699s ]
SQL: SHOW COLUMNS FROM `k` [ RunTime:0.0110s ]
SQL: SELECT COUNT(*) AS tp_count FROM `k` LIMIT 1   [ RunTime:0.0005s ]
SQL: SELECT `k_id`,`k_bz`,`k_m`,`k_hkfs`,`k_shdq`,`k_zdate`,`k_shm`,`k_shdz`,`k_lxr`,`k_hy`,`k_tel`,`k_sj`,`k_fax`,`k_yb`,`k_email`,`片区`,`营销员`,`k_dzbq` FROM `k` ORDER BY k_m desc LIMIT 13,13   [ RunTime:0.0012s ]
INFO: [ view_parse ] --START--
INFO: [ template_filter ] --START--
INFO: Run Behavior\ContentReplaceBehavior [ RunTime:0.000097s ]
INFO: [ template_filter ] --END-- [ RunTime:0.000178s ]
INFO: Run Behavior\ParseTemplateBehavior [ RunTime:0.013877s ]
INFO: [ view_parse ] --END-- [ RunTime:0.013963s ]
INFO: [ view_filter ] --START--
INFO: Run Behavior\WriteHtmlCacheBehavior [ RunTime:0.000448s ]
INFO: [ view_filter ] --END-- [ RunTime:0.000501s ]
INFO: [ app_end ] --START--
INFO: Run Behavior\ShowPageTraceBehavior [ RunTime:0.001104s ]
INFO: [ app_end ] --END-- [ RunTime:0.001211s ]

[ 2018-03-30T11:48:10+08:00 ] ::1 /index.php/Home/Kh/index/p/11.html
INFO: [ app_init ] --START--
INFO: Run Behavior\BuildLiteBehavior [ RunTime:0.000031s ]
INFO: [ app_init ] --END-- [ RunTime:0.001529s ]
INFO: [ app_begin ] --START--
INFO: Run Behavior\ReadHtmlCacheBehavior [ RunTime:0.000465s ]
INFO: [ app_begin ] --END-- [ RunTime:0.000528s ]
SQL: SHOW COLUMNS FROM `k` [ RunTime:0.0067s ]
SQL: SELECT COUNT(*) AS tp_count FROM `k` LIMIT 1   [ RunTime:0.0004s ]
SQL: SELECT `k_id`,`k_bz`,`k_m`,`k_hkfs`,`k_shdq`,`k_zdate`,`k_shm`,`k_shdz`,`k_lxr`,`k_hy`,`k_tel`,`k_sj`,`k_fax`,`k_yb`,`k_email`,`片区`,`营销员`,`k_dzbq` FROM `k` ORDER BY k_m desc LIMIT 130,13   [ RunTime:0.0023s ]
INFO: [ view_parse ] --START--
INFO: [ template_filter ] --START--
INFO: Run Behavior\ContentReplaceBehavior [ RunTime:0.000072s ]
INFO: [ template_filter ] --END-- [ RunTime:0.000119s ]
INFO: Run Behavior\ParseTemplateBehavior [ RunTime:0.010901s ]
INFO: [ view_parse ] --END-- [ RunTime:0.010967s ]
INFO: [ view_filter ] --START--
INFO: Run Behavior\WriteHtmlCacheBehavior [ RunTime:0.000266s ]
INFO: [ view_filter ] --END-- [ RunTime:0.000310s ]
INFO: [ app_end ] --START--
INFO: Run Behavior\ShowPageTraceBehavior [ RunTime:0.000516s ]
INFO: [ app_end ] --END-- [ RunTime:0.000575s ]

[ 2018-03-30T11:48:22+08:00 ] ::1 /index.php/Home/Kh/index.html?search=%E6%B7%B1%E5%9C%B3%E5%B8%82%E9%87%91%E8%99%B9%E9%A3%9E%E7%94%B5%E5%AD%90%E6%9C%89%E9%99%90%E5%85%AC%E5%8F%B8&cxfs=jqcx
INFO: [ app_init ] --START--
INFO: Run Behavior\BuildLiteBehavior [ RunTime:0.000021s ]
INFO: [ app_init ] --END-- [ RunTime:0.000459s ]
INFO: [ app_begin ] --START--
INFO: Run Behavior\ReadHtmlCacheBehavior [ RunTime:0.000739s ]
INFO: [ app_begin ] --END-- [ RunTime:0.000839s ]
NOTIC: [8] Use of undefined constant jqcx - assumed 'jqcx' D:\xampp\htdocs\Application\Home\Controller\KhController.class.php 第 12 行.
SQL: SHOW COLUMNS FROM `k` [ RunTime:0.0073s ]
SQL: SELECT COUNT(*) AS tp_count FROM `k` WHERE ( `k_m` = '深圳市金虹飞电子有限公司' OR `k_lxr` = '深圳市金虹飞电子有限公司' OR `k_tel` = '深圳市金虹飞电子有限公司' OR `k_sj` = '深圳市金虹飞电子有限公司' OR `k_shdz` = '深圳市金虹飞电子有限公司' OR `k_bz` = '深圳市金虹飞电子有限公司' ) LIMIT 1   [ RunTime:0.0009s ]
SQL: SELECT `k_id`,`k_bz`,`k_m`,`k_hkfs`,`k_shdq`,`k_zdate`,`k_shm`,`k_shdz`,`k_lxr`,`k_hy`,`k_tel`,`k_sj`,`k_fax`,`k_yb`,`k_email`,`片区`,`营销员`,`k_dzbq` FROM `k` WHERE ( `k_m` = '深圳市金虹飞电子有限公司' OR `k_lxr` = '深圳市金虹飞电子有限公司' OR `k_tel` = '深圳市金虹飞电子有限公司' OR `k_sj` = '深圳市金虹飞电子有限公司' OR `k_shdz` = '深圳市金虹飞电子有限公司' OR `k_bz` = '深圳市金虹飞电子有限公司' ) ORDER BY k_m desc LIMIT 0,13   [ RunTime:0.0014s ]
INFO: [ view_parse ] --START--
INFO: [ template_filter ] --START--
INFO: Run Behavior\ContentReplaceBehavior [ RunTime:0.000849s ]
INFO: [ template_filter ] --END-- [ RunTime:0.001142s ]
INFO: Run Behavior\ParseTemplateBehavior [ RunTime:0.011589s ]
INFO: [ view_parse ] --END-- [ RunTime:0.011674s ]
INFO: [ view_filter ] --START--
INFO: Run Behavior\WriteHtmlCacheBehavior [ RunTime:0.000298s ]
INFO: [ view_filter ] --END-- [ RunTime:0.000343s ]
INFO: [ app_end ] --START--
INFO: Run Behavior\ShowPageTraceBehavior [ RunTime:0.001323s ]
INFO: [ app_end ] --END-- [ RunTime:0.001532s ]

[ 2018-03-30T11:48:31+08:00 ] ::1 /index.php/Home/Kh/index.html?search=%E5%85%B0%E7%91%9E&cxfs=mhcx
INFO: [ app_init ] --START--
INFO: Run Behavior\BuildLiteBehavior [ RunTime:0.000042s ]
INFO: [ app_init ] --END-- [ RunTime:0.000444s ]
INFO: [ app_begin ] --START--
INFO: Run Behavior\ReadHtmlCacheBehavior [ RunTime:0.000612s ]
INFO: [ app_begin ] --END-- [ RunTime:0.000695s ]
NOTIC: [8] Use of undefined constant jqcx - assumed 'jqcx' D:\xampp\htdocs\Application\Home\Controller\KhController.class.php 第 12 行.
NOTIC: [8] Use of undefined constant mhcx - assumed 'mhcx' D:\xampp\htdocs\Application\Home\Controller\KhController.class.php 第 16 行.
SQL: SHOW COLUMNS FROM `k` [ RunTime:0.0093s ]
SQL: SELECT COUNT(*) AS tp_count FROM `k` WHERE ( `k_m` LIKE '%兰瑞%' OR `k_lxr` LIKE '%兰瑞%' OR `k_tel` LIKE '%兰瑞%' OR `k_sj` LIKE '%兰瑞%' OR `k_shdz` LIKE '%兰瑞%' OR `k_bz` LIKE '%兰瑞%' ) LIMIT 1   [ RunTime:0.0011s ]
SQL: SELECT `k_id`,`k_bz`,`k_m`,`k_hkfs`,`k_shdq`,`k_zdate`,`k_shm`,`k_shdz`,`k_lxr`,`k_hy`,`k_tel`,`k_sj`,`k_fax`,`k_yb`,`k_email`,`片区`,`营销员`,`k_dzbq` FROM `k` WHERE ( `k_m` LIKE '%兰瑞%' OR `k_lxr` LIKE '%兰瑞%' OR `k_tel` LIKE '%兰瑞%' OR `k_sj` LIKE '%兰瑞%' OR `k_shdz` LIKE '%兰瑞%' OR `k_bz` LIKE '%兰瑞%' ) ORDER BY k_m desc LIMIT 0,13   [ RunTime:0.0017s ]
INFO: [ view_parse ] --START--
INFO: [ template_filter ] --START--
INFO: Run Behavior\ContentReplaceBehavior [ RunTime:0.000080s ]
INFO: [ template_filter ] --END-- [ RunTime:0.000133s ]
INFO: Run Behavior\ParseTemplateBehavior [ RunTime:0.009837s ]
INFO: [ view_parse ] --END-- [ RunTime:0.009902s ]
INFO: [ view_filter ] --START--
INFO: Run Behavior\WriteHtmlCacheBehavior [ RunTime:0.000267s ]
INFO: [ view_filter ] --END-- [ RunTime:0.000309s ]
INFO: [ app_end ] --START--
INFO: Run Behavior\ShowPageTraceBehavior [ RunTime:0.000563s ]
INFO: [ app_end ] --END-- [ RunTime:0.000624s ]

[ 2018-03-30T11:48:35+08:00 ] ::1 /index.php/Home/Kh/index/search/%E5%85%B0%E7%91%9E/cxfs/mhcx/p/2.html
INFO: [ app_init ] --START--
INFO: Run Behavior\BuildLiteBehavior [ RunTime:0.000012s ]
INFO: [ app_init ] --END-- [ RunTime:0.000273s ]
INFO: [ app_begin ] --START--
INFO: Run Behavior\ReadHtmlCacheBehavior [ RunTime:0.000356s ]
INFO: [ app_begin ] --END-- [ RunTime:0.000402s ]
NOTIC: [8] Use of undefined constant jqcx - assumed 'jqcx' D:\xampp\htdocs\Application\Home\Controller\KhController.class.php 第 12 行.
NOTIC: [8] Use of undefined constant mhcx - assumed 'mhcx' D:\xampp\htdocs\Application\Home\Controller\KhController.class.php 第 16 行.
SQL: SHOW COLUMNS FROM `k` [ RunTime:0.0098s ]
SQL: SELECT COUNT(*) AS tp_count FROM `k` WHERE ( `k_m` LIKE '%兰瑞%' OR `k_lxr` LIKE '%兰瑞%' OR `k_tel` LIKE '%兰瑞%' OR `k_sj` LIKE '%兰瑞%' OR `k_shdz` LIKE '%兰瑞%' OR `k_bz` LIKE '%兰瑞%' ) LIMIT 1   [ RunTime:0.0012s ]
SQL: SELECT `k_id`,`k_bz`,`k_m`,`k_hkfs`,`k_shdq`,`k_zdate`,`k_shm`,`k_shdz`,`k_lxr`,`k_hy`,`k_tel`,`k_sj`,`k_fax`,`k_yb`,`k_email`,`片区`,`营销员`,`k_dzbq` FROM `k` WHERE ( `k_m` LIKE '%兰瑞%' OR `k_lxr` LIKE '%兰瑞%' OR `k_tel` LIKE '%兰瑞%' OR `k_sj` LIKE '%兰瑞%' OR `k_shdz` LIKE '%兰瑞%' OR `k_bz` LIKE '%兰瑞%' ) ORDER BY k_m desc LIMIT 13,13   [ RunTime:0.0016s ]
INFO: [ view_parse ] --START--
INFO: [ template_filter ] --START--
INFO: Run Behavior\ContentReplaceBehavior [ RunTime:0.000074s ]
INFO: [ template_filter ] --END-- [ RunTime:0.000128s ]
INFO: Run Behavior\ParseTemplateBehavior [ RunTime:0.010538s ]
INFO: [ view_parse ] --END-- [ RunTime:0.010620s ]
INFO: [ view_filter ] --START--
INFO: Run Behavior\WriteHtmlCacheBehavior [ RunTime:0.000199s ]
INFO: [ view_filter ] --END-- [ RunTime:0.000231s ]
INFO: [ app_end ] --START--
INFO: Run Behavior\ShowPageTraceBehavior [ RunTime:0.000485s ]
INFO: [ app_end ] --END-- [ RunTime:0.000534s ]

[ 2018-03-30T11:48:38+08:00 ] ::1 /index.php/Home/Kh/index/search/%E5%85%B0%E7%91%9E/cxfs/mhcx/p/3.html
INFO: [ app_init ] --START--
INFO: Run Behavior\BuildLiteBehavior [ RunTime:0.000018s ]
INFO: [ app_init ] --END-- [ RunTime:0.000408s ]
INFO: [ app_begin ] --START--
INFO: Run Behavior\ReadHtmlCacheBehavior [ RunTime:0.000539s ]
INFO: [ app_begin ] --END-- [ RunTime:0.000616s ]
NOTIC: [8] Use of undefined constant jqcx - assumed 'jqcx' D:\xampp\htdocs\Application\Home\Controller\KhController.class.php 第 12 行.
NOTIC: [8] Use of undefined constant mhcx - assumed 'mhcx' D:\xampp\htdocs\Application\Home\Controller\KhController.class.php 第 16 行.
SQL: SHOW COLUMNS FROM `k` [ RunTime:0.0084s ]
SQL: SELECT COUNT(*) AS tp_count FROM `k` WHERE ( `k_m` LIKE '%兰瑞%' OR `k_lxr` LIKE '%兰瑞%' OR `k_tel` LIKE '%兰瑞%' OR `k_sj` LIKE '%兰瑞%' OR `k_shdz` LIKE '%兰瑞%' OR `k_bz` LIKE '%兰瑞%' ) LIMIT 1   [ RunTime:0.0021s ]
SQL: SELECT `k_id`,`k_bz`,`k_m`,`k_hkfs`,`k_shdq`,`k_zdate`,`k_shm`,`k_shdz`,`k_lxr`,`k_hy`,`k_tel`,`k_sj`,`k_fax`,`k_yb`,`k_email`,`片区`,`营销员`,`k_dzbq` FROM `k` WHERE ( `k_m` LIKE '%兰瑞%' OR `k_lxr` LIKE '%兰瑞%' OR `k_tel` LIKE '%兰瑞%' OR `k_sj` LIKE '%兰瑞%' OR `k_shdz` LIKE '%兰瑞%' OR `k_bz` LIKE '%兰瑞%' ) ORDER BY k_m desc LIMIT 26,13   [ RunTime:0.0023s ]
INFO: [ view_parse ] --START--
INFO: [ template_filter ] --START--
INFO: Run Behavior\ContentReplaceBehavior [ RunTime:0.000139s ]
INFO: [ template_filter ] --END-- [ RunTime:0.000270s ]
INFO: Run Behavior\ParseTemplateBehavior [ RunTime:0.011544s ]
INFO: [ view_parse ] --END-- [ RunTime:0.011707s ]
INFO: [ view_filter ] --START--
INFO: Run Behavior\WriteHtmlCacheBehavior [ RunTime:0.000586s ]
INFO: [ view_filter ] --END-- [ RunTime:0.000686s ]
INFO: [ app_end ] --START--
INFO: Run Behavior\ShowPageTraceBehavior [ RunTime:0.001348s ]
INFO: [ app_end ] --END-- [ RunTime:0.001645s ]

[ 2018-03-30T11:48:40+08:00 ] ::1 /index.php/Home/Kh/index/search/%E5%85%B0%E7%91%9E/cxfs/mhcx/p/2.html
INFO: [ app_init ] --START--
INFO: Run Behavior\BuildLiteBehavior [ RunTime:0.000026s ]
INFO: [ app_init ] --END-- [ RunTime:0.000544s ]
INFO: [ app_begin ] --START--
INFO: Run Behavior\ReadHtmlCacheBehavior [ RunTime:0.000395s ]
INFO: [ app_begin ] --END-- [ RunTime:0.000448s ]
NOTIC: [8] Use of undefined constant jqcx - assumed 'jqcx' D:\xampp\htdocs\Application\Home\Controller\KhController.class.php 第 12 行.
NOTIC: [8] Use of undefined constant mhcx - assumed 'mhcx' D:\xampp\htdocs\Application\Home\Controller\KhController.class.php 第 16 行.
SQL: SHOW COLUMNS FROM `k` [ RunTime:0.0104s ]
SQL: SELECT COUNT(*) AS tp_count FROM `k` WHERE ( `k_m` LIKE '%兰瑞%' OR `k_lxr` LIKE '%兰瑞%' OR `k_tel` LIKE '%兰瑞%' OR `k_sj` LIKE '%兰瑞%' OR `k_shdz` LIKE '%兰瑞%' OR `k_bz` LIKE '%兰瑞%' ) LIMIT 1   [ RunTime:0.0012s ]
SQL: SELECT `k_id`,`k_bz`,`k_m`,`k_hkfs`,`k_shdq`,`k_zdate`,`k_shm`,`k_shdz`,`k_lxr`,`k_hy`,`k_tel`,`k_sj`,`k_fax`,`k_yb`,`k_email`,`片区`,`营销员`,`k_dzbq` FROM `k` WHERE ( `k_m` LIKE '%兰瑞%' OR `k_lxr` LIKE '%兰瑞%' OR `k_tel` LIKE '%兰瑞%' OR `k_sj` LIKE '%兰瑞%' OR `k_shdz` LIKE '%兰瑞%' OR `k_bz` LIKE '%兰瑞%' ) ORDER BY k_m desc LIMIT 13,13   [ RunTime:0.0014s ]
INFO: [ view_parse ] --START--
INFO: [ template_filter ] --START--
INFO: Run Behavior\ContentReplaceBehavior [ RunTime:0.000268s ]
INFO: [ template_filter ] --END-- [ RunTime:0.000358s ]
INFO: Run Behavior\ParseTemplateBehavior [ RunTime:0.011619s ]
INFO: [ view_parse ] --END-- [ RunTime:0.011705s ]
INFO: [ view_filter ] --START--
INFO: Run Behavior\WriteHtmlCacheBehavior [ RunTime:0.000486s ]
INFO: [ view_filter ] --END-- [ RunTime:0.000557s ]
INFO: [ app_end ] --START--
INFO: Run Behavior\ShowPageTraceBehavior [ RunTime:0.000713s ]
INFO: [ app_end ] --END-- [ RunTime:0.000789s ]

[ 2018-03-30T11:54:16+08:00 ] ::1 /index.php/Home/Kh/index/search/%E5%85%B0%E7%91%9E/cxfs/mhcx/p/2.html
INFO: [ app_init ] --START--
INFO: Run Behavior\BuildLiteBehavior [ RunTime:0.000021s ]
INFO: [ app_init ] --END-- [ RunTime:0.000534s ]
INFO: [ app_begin ] --START--
INFO: Run Behavior\ReadHtmlCacheBehavior [ RunTime:0.000905s ]
INFO: [ app_begin ] --END-- [ RunTime:0.001007s ]
NOTIC: [8] Use of undefined constant jqcx - assumed 'jqcx' D:\xampp\htdocs\Application\Home\Controller\KhController.class.php 第 12 行.
NOTIC: [8] Use of undefined constant mhcx - assumed 'mhcx' D:\xampp\htdocs\Application\Home\Controller\KhController.class.php 第 16 行.
SQL: SHOW COLUMNS FROM `k` [ RunTime:0.0423s ]
SQL: SELECT COUNT(*) AS tp_count FROM `k` WHERE ( `k_m` LIKE '%兰瑞%' OR `k_lxr` LIKE '%兰瑞%' OR `k_tel` LIKE '%兰瑞%' OR `k_sj` LIKE '%兰瑞%' OR `k_shdz` LIKE '%兰瑞%' OR `k_bz` LIKE '%兰瑞%' ) LIMIT 1   [ RunTime:0.0013s ]
SQL: SELECT `k_id`,`k_bz`,`k_m`,`k_hkfs`,`k_shdq`,`k_zdate`,`k_shm`,`k_shdz`,`k_lxr`,`k_hy`,`k_tel`,`k_sj`,`k_fax`,`k_yb`,`k_email`,`片区`,`营销员`,`k_dzbq` FROM `k` WHERE ( `k_m` LIKE '%兰瑞%' OR `k_lxr` LIKE '%兰瑞%' OR `k_tel` LIKE '%兰瑞%' OR `k_sj` LIKE '%兰瑞%' OR `k_shdz` LIKE '%兰瑞%' OR `k_bz` LIKE '%兰瑞%' ) ORDER BY k_m desc LIMIT 13,13   [ RunTime:0.0014s ]
INFO: [ view_parse ] --START--
INFO: [ template_filter ] --START--
INFO: Run Behavior\ContentReplaceBehavior [ RunTime:0.000083s ]
INFO: [ template_filter ] --END-- [ RunTime:0.000140s ]
INFO: Run Behavior\ParseTemplateBehavior [ RunTime:0.011251s ]
INFO: [ view_parse ] --END-- [ RunTime:0.011325s ]
INFO: [ view_filter ] --START--
INFO: Run Behavior\WriteHtmlCacheBehavior [ RunTime:0.000646s ]
INFO: [ view_filter ] --END-- [ RunTime:0.000732s ]
INFO: [ app_end ] --START--
INFO: Run Behavior\ShowPageTraceBehavior [ RunTime:0.000955s ]
INFO: [ app_end ] --END-- [ RunTime:0.001034s ]

[ 2018-03-30T11:54:18+08:00 ] ::1 /index.php/Home/Kh/index.html?search=&cxfs=mhcx
INFO: [ app_init ] --START--
INFO: Run Behavior\BuildLiteBehavior [ RunTime:0.000012s ]
INFO: [ app_init ] --END-- [ RunTime:0.000331s ]
INFO: [ app_begin ] --START--
INFO: Run Behavior\ReadHtmlCacheBehavior [ RunTime:0.000418s ]
INFO: [ app_begin ] --END-- [ RunTime:0.000481s ]
SQL: SHOW COLUMNS FROM `k` [ RunTime:0.0073s ]
SQL: SELECT COUNT(*) AS tp_count FROM `k` LIMIT 1   [ RunTime:0.0005s ]
SQL: SELECT `k_id`,`k_bz`,`k_m`,`k_hkfs`,`k_shdq`,`k_zdate`,`k_shm`,`k_shdz`,`k_lxr`,`k_hy`,`k_tel`,`k_sj`,`k_fax`,`k_yb`,`k_email`,`片区`,`营销员`,`k_dzbq` FROM `k` ORDER BY k_m desc LIMIT 0,13   [ RunTime:0.0017s ]
INFO: [ view_parse ] --START--
INFO: [ template_filter ] --START--
INFO: Run Behavior\ContentReplaceBehavior [ RunTime:0.000077s ]
INFO: [ template_filter ] --END-- [ RunTime:0.000129s ]
INFO: Run Behavior\ParseTemplateBehavior [ RunTime:0.009997s ]
INFO: [ view_parse ] --END-- [ RunTime:0.010074s ]
INFO: [ view_filter ] --START--
INFO: Run Behavior\WriteHtmlCacheBehavior [ RunTime:0.000221s ]
INFO: [ view_filter ] --END-- [ RunTime:0.000257s ]
INFO: [ app_end ] --START--
INFO: Run Behavior\ShowPageTraceBehavior [ RunTime:0.000643s ]
INFO: [ app_end ] --END-- [ RunTime:0.000709s ]

[ 2018-03-30T14:00:39+08:00 ] ::1 /index.php/Home/Kh/index/cxfs/mhcx/p/2.html
INFO: [ app_init ] --START--
INFO: Run Behavior\BuildLiteBehavior [ RunTime:0.000016s ]
INFO: [ app_init ] --END-- [ RunTime:0.011023s ]
INFO: [ app_begin ] --START--
INFO: Run Behavior\ReadHtmlCacheBehavior [ RunTime:0.008885s ]
INFO: [ app_begin ] --END-- [ RunTime:0.008962s ]
SQL: SHOW COLUMNS FROM `k` [ RunTime:0.0075s ]
SQL: SELECT COUNT(*) AS tp_count FROM `k` LIMIT 1   [ RunTime:0.0010s ]
SQL: SELECT `k_id`,`k_bz`,`k_m`,`k_hkfs`,`k_shdq`,`k_zdate`,`k_shm`,`k_shdz`,`k_lxr`,`k_hy`,`k_tel`,`k_sj`,`k_fax`,`k_yb`,`k_email`,`片区`,`营销员`,`k_dzbq` FROM `k` ORDER BY k_m desc LIMIT 13,13   [ RunTime:0.0018s ]
INFO: [ view_parse ] --START--
INFO: [ template_filter ] --START--
INFO: Run Behavior\ContentReplaceBehavior [ RunTime:0.000172s ]
INFO: [ template_filter ] --END-- [ RunTime:0.000275s ]
INFO: Run Behavior\ParseTemplateBehavior [ RunTime:0.051076s ]
INFO: [ view_parse ] --END-- [ RunTime:0.051138s ]
INFO: [ view_filter ] --START--
INFO: Run Behavior\WriteHtmlCacheBehavior [ RunTime:0.009790s ]
INFO: [ view_filter ] --END-- [ RunTime:0.009851s ]
INFO: [ app_end ] --START--
INFO: Run Behavior\ShowPageTraceBehavior [ RunTime:0.001774s ]
INFO: [ app_end ] --END-- [ RunTime:0.001856s ]

