[ 2018-03-24T00:01:27+08:00 ] ::1 /index.php/home/xg
INFO: [ app_init ] --START--
INFO: Run Behavior\BuildLiteBehavior [ RunTime:0.000011s ]
INFO: [ app_init ] --END-- [ RunTime:0.000410s ]
INFO: [ app_begin ] --START--
INFO: Run Behavior\ReadHtmlCacheBehavior [ RunTime:0.000442s ]
INFO: [ app_begin ] --END-- [ RunTime:0.000489s ]
SQL: SHOW COLUMNS FROM `jg` [ RunTime:0.0073s ]
SQL: SELECT * FROM `jg`  [ RunTime:0.0075s ]
INFO: [ view_parse ] --START--
INFO: [ template_filter ] --START--
INFO: Run Behavior\ContentReplaceBehavior [ RunTime:0.000062s ]
INFO: [ template_filter ] --END-- [ RunTime:0.000115s ]
INFO: Run Behavior\ParseTemplateBehavior [ RunTime:0.011588s ]
INFO: [ view_parse ] --END-- [ RunTime:0.011665s ]
INFO: [ view_filter ] --START--
INFO: Run Behavior\WriteHtmlCacheBehavior [ RunTime:0.000350s ]
INFO: [ view_filter ] --END-- [ RunTime:0.000389s ]
INFO: [ app_end ] --START--
INFO: Run Behavior\ShowPageTraceBehavior [ RunTime:0.000909s ]
INFO: [ app_end ] --END-- [ RunTime:0.001005s ]

[ 2018-03-24T00:01:44+08:00 ] ::1 /index.php/Home/Xg/edit.html
INFO: [ app_init ] --START--
INFO: Run Behavior\BuildLiteBehavior [ RunTime:0.000015s ]
INFO: [ app_init ] --END-- [ RunTime:0.000485s ]
INFO: [ app_begin ] --START--
INFO: Run Behavior\ReadHtmlCacheBehavior [ RunTime:0.000758s ]
INFO: [ app_begin ] --END-- [ RunTime:0.000846s ]
SQL: SHOW COLUMNS FROM `jg` [ RunTime:0.0078s ]

[ 2018-03-24T00:01:46+08:00 ] ::1 /index.php/home/xg
INFO: [ app_init ] --START--
INFO: Run Behavior\BuildLiteBehavior [ RunTime:0.000022s ]
INFO: [ app_init ] --END-- [ RunTime:0.000466s ]
INFO: [ app_begin ] --START--
INFO: Run Behavior\ReadHtmlCacheBehavior [ RunTime:0.000714s ]
INFO: [ app_begin ] --END-- [ RunTime:0.000807s ]
SQL: SHOW COLUMNS FROM `jg` [ RunTime:0.0058s ]
SQL: SELECT * FROM `jg`  [ RunTime:0.0071s ]
INFO: [ view_parse ] --START--
INFO: [ template_filter ] --START--
INFO: Run Behavior\ContentReplaceBehavior [ RunTime:0.000089s ]
INFO: [ template_filter ] --END-- [ RunTime:0.000159s ]
INFO: Run Behavior\ParseTemplateBehavior [ RunTime:0.012719s ]
INFO: [ view_parse ] --END-- [ RunTime:0.012794s ]
INFO: [ view_filter ] --START--
INFO: Run Behavior\WriteHtmlCacheBehavior [ RunTime:0.000411s ]
INFO: [ view_filter ] --END-- [ RunTime:0.000454s ]
INFO: [ app_end ] --START--
INFO: Run Behavior\ShowPageTraceBehavior [ RunTime:0.000657s ]
INFO: [ app_end ] --END-- [ RunTime:0.000743s ]

[ 2018-03-24T06:08:34+08:00 ] ::1 /
INFO: [ app_init ] --START--
INFO: Run Behavior\BuildLiteBehavior [ RunTime:0.000015s ]
INFO: [ app_init ] --END-- [ RunTime:0.031419s ]
INFO: [ app_begin ] --START--
INFO: Run Behavior\ReadHtmlCacheBehavior [ RunTime:0.004709s ]
INFO: [ app_begin ] --END-- [ RunTime:0.004790s ]
NOTIC: [2048] Declaration of Home\Controller\IndexController::show() should be compatible with Think\Controller::show($content, $charset = '', $contentType = '', $prefix = '') D:\xampp\htdocs\Application\Home\Controller\IndexController.class.php 第 153 行.
INFO: [ view_parse ] --START--
INFO: [ template_filter ] --START--
INFO: Run Behavior\ContentReplaceBehavior [ RunTime:0.017409s ]
INFO: [ template_filter ] --END-- [ RunTime:0.017517s ]
INFO: Run Behavior\ParseTemplateBehavior [ RunTime:0.069521s ]
INFO: [ view_parse ] --END-- [ RunTime:0.069611s ]
INFO: [ view_filter ] --START--
INFO: Run Behavior\WriteHtmlCacheBehavior [ RunTime:0.010145s ]
INFO: [ view_filter ] --END-- [ RunTime:0.010263s ]
INFO: [ app_end ] --START--
INFO: Run Behavior\ShowPageTraceBehavior [ RunTime:0.000921s ]
INFO: [ app_end ] --END-- [ RunTime:0.000979s ]

[ 2018-03-24T06:08:36+08:00 ] ::1 /
INFO: [ app_init ] --START--
INFO: Run Behavior\BuildLiteBehavior [ RunTime:0.000019s ]
INFO: [ app_init ] --END-- [ RunTime:0.000454s ]
INFO: [ app_begin ] --START--
INFO: Run Behavior\ReadHtmlCacheBehavior [ RunTime:0.000499s ]
INFO: [ app_begin ] --END-- [ RunTime:0.000583s ]
NOTIC: [2048] Declaration of Home\Controller\IndexController::show() should be compatible with Think\Controller::show($content, $charset = '', $contentType = '', $prefix = '') D:\xampp\htdocs\Application\Home\Controller\IndexController.class.php 第 153 行.
SQL: SHOW COLUMNS FROM `admin` [ RunTime:0.0291s ]
NOTIC: [8] Undefined index: validate D:\xampp\htdocs\ThinkPHP\Library\Think\Model.class.php 第 1185 行.
NOTIC: [8] Undefined index: auto D:\xampp\htdocs\ThinkPHP\Library\Think\Model.class.php 第 1128 行.
SQL: SELECT `id`,`uname`,`yxy`,`pw`,`jb`,`bz` FROM `admin` WHERE `uname` = 'mjg' AND `pw` = 'ewater' LIMIT 1   [ RunTime:0.0005s ]
INFO: [ view_parse ] --START--
INFO: [ template_filter ] --START--
INFO: Run Behavior\ContentReplaceBehavior [ RunTime:0.000036s ]
INFO: [ template_filter ] --END-- [ RunTime:0.000084s ]
INFO: Run Behavior\ParseTemplateBehavior [ RunTime:0.006660s ]
INFO: [ view_parse ] --END-- [ RunTime:0.006734s ]
INFO: [ view_filter ] --START--
INFO: Run Behavior\WriteHtmlCacheBehavior [ RunTime:0.000186s ]
INFO: [ view_filter ] --END-- [ RunTime:0.000217s ]
INFO: [ app_end ] --START--
INFO: Run Behavior\ShowPageTraceBehavior [ RunTime:0.000381s ]
INFO: [ app_end ] --END-- [ RunTime:0.000415s ]

[ 2018-03-24T06:08:38+08:00 ] ::1 /index.php/Home/Index/show.html
INFO: [ app_init ] --START--
INFO: Run Behavior\BuildLiteBehavior [ RunTime:0.000015s ]
INFO: [ app_init ] --END-- [ RunTime:0.000410s ]
INFO: [ app_begin ] --START--
INFO: Run Behavior\ReadHtmlCacheBehavior [ RunTime:0.000682s ]
INFO: [ app_begin ] --END-- [ RunTime:0.000773s ]
NOTIC: [2048] Declaration of Home\Controller\IndexController::show() should be compatible with Think\Controller::show($content, $charset = '', $contentType = '', $prefix = '') D:\xampp\htdocs\Application\Home\Controller\IndexController.class.php 第 153 行.
SQL: SHOW COLUMNS FROM `jg` [ RunTime:0.0420s ]
SQL: SELECT COUNT(*) AS tp_count FROM `jg` LIMIT 1   [ RunTime:0.0396s ]
SQL: SELECT `id`,`riq`,`gold`,`silver`,`silver1`,`pd`,`ru`,`pt`,`rh`,`yr`,`jcpd`,`jcpt` FROM `jg` ORDER BY riq desc LIMIT 0,14   [ RunTime:0.0014s ]
INFO: [ view_parse ] --START--
INFO: [ template_filter ] --START--
INFO: Run Behavior\ContentReplaceBehavior [ RunTime:0.000045s ]
INFO: [ template_filter ] --END-- [ RunTime:0.000089s ]
NOTIC: [8] Undefined variable: row D:\xampp\htdocs\Application\Runtime\Cache\Home\ef90aeb0d15d5181851dc046c9941189.php 第 74 行.
NOTIC: [8] Trying to get property of non-object D:\xampp\htdocs\Application\Runtime\Cache\Home\ef90aeb0d15d5181851dc046c9941189.php 第 74 行.
NOTIC: [8] Undefined variable: row D:\xampp\htdocs\Application\Runtime\Cache\Home\ef90aeb0d15d5181851dc046c9941189.php 第 74 行.
NOTIC: [8] Trying to get property of non-object D:\xampp\htdocs\Application\Runtime\Cache\Home\ef90aeb0d15d5181851dc046c9941189.php 第 74 行.
NOTIC: [8] Undefined variable: row D:\xampp\htdocs\Application\Runtime\Cache\Home\ef90aeb0d15d5181851dc046c9941189.php 第 74 行.
NOTIC: [8] Trying to get property of non-object D:\xampp\htdocs\Application\Runtime\Cache\Home\ef90aeb0d15d5181851dc046c9941189.php 第 74 行.
NOTIC: [8] Undefined variable: row D:\xampp\htdocs\Application\Runtime\Cache\Home\ef90aeb0d15d5181851dc046c9941189.php 第 74 行.
NOTIC: [8] Trying to get property of non-object D:\xampp\htdocs\Application\Runtime\Cache\Home\ef90aeb0d15d5181851dc046c9941189.php 第 74 行.
NOTIC: [8] Undefined variable: row D:\xampp\htdocs\Application\Runtime\Cache\Home\ef90aeb0d15d5181851dc046c9941189.php 第 74 行.
NOTIC: [8] Trying to get property of non-object D:\xampp\htdocs\Application\Runtime\Cache\Home\ef90aeb0d15d5181851dc046c9941189.php 第 74 行.
NOTIC: [8] Undefined variable: row D:\xampp\htdocs\Application\Runtime\Cache\Home\ef90aeb0d15d5181851dc046c9941189.php 第 74 行.
NOTIC: [8] Trying to get property of non-object D:\xampp\htdocs\Application\Runtime\Cache\Home\ef90aeb0d15d5181851dc046c9941189.php 第 74 行.
NOTIC: [8] Undefined variable: row D:\xampp\htdocs\Application\Runtime\Cache\Home\ef90aeb0d15d5181851dc046c9941189.php 第 74 行.
NOTIC: [8] Trying to get property of non-object D:\xampp\htdocs\Application\Runtime\Cache\Home\ef90aeb0d15d5181851dc046c9941189.php 第 74 行.
NOTIC: [8] Undefined variable: row D:\xampp\htdocs\Application\Runtime\Cache\Home\ef90aeb0d15d5181851dc046c9941189.php 第 74 行.
NOTIC: [8] Trying to get property of non-object D:\xampp\htdocs\Application\Runtime\Cache\Home\ef90aeb0d15d5181851dc046c9941189.php 第 74 行.
NOTIC: [8] Undefined variable: row D:\xampp\htdocs\Application\Runtime\Cache\Home\ef90aeb0d15d5181851dc046c9941189.php 第 74 行.
NOTIC: [8] Trying to get property of non-object D:\xampp\htdocs\Application\Runtime\Cache\Home\ef90aeb0d15d5181851dc046c9941189.php 第 74 行.
NOTIC: [8] Undefined variable: row D:\xampp\htdocs\Application\Runtime\Cache\Home\ef90aeb0d15d5181851dc046c9941189.php 第 74 行.
NOTIC: [8] Trying to get property of non-object D:\xampp\htdocs\Application\Runtime\Cache\Home\ef90aeb0d15d5181851dc046c9941189.php 第 74 行.
NOTIC: [8] Undefined variable: row D:\xampp\htdocs\Application\Runtime\Cache\Home\ef90aeb0d15d5181851dc046c9941189.php 第 74 行.
NOTIC: [8] Trying to get property of non-object D:\xampp\htdocs\Application\Runtime\Cache\Home\ef90aeb0d15d5181851dc046c9941189.php 第 74 行.
NOTIC: [8] Undefined variable: row D:\xampp\htdocs\Application\Runtime\Cache\Home\ef90aeb0d15d5181851dc046c9941189.php 第 74 行.
NOTIC: [8] Trying to get property of non-object D:\xampp\htdocs\Application\Runtime\Cache\Home\ef90aeb0d15d5181851dc046c9941189.php 第 74 行.
NOTIC: [8] Undefined variable: row D:\xampp\htdocs\Application\Runtime\Cache\Home\ef90aeb0d15d5181851dc046c9941189.php 第 74 行.
NOTIC: [8] Trying to get property of non-object D:\xampp\htdocs\Application\Runtime\Cache\Home\ef90aeb0d15d5181851dc046c9941189.php 第 74 行.
NOTIC: [8] Undefined variable: row D:\xampp\htdocs\Application\Runtime\Cache\Home\ef90aeb0d15d5181851dc046c9941189.php 第 74 行.
NOTIC: [8] Trying to get property of non-object D:\xampp\htdocs\Application\Runtime\Cache\Home\ef90aeb0d15d5181851dc046c9941189.php 第 74 行.
NOTIC: [8] Undefined variable: row D:\xampp\htdocs\Application\Runtime\Cache\Home\ef90aeb0d15d5181851dc046c9941189.php 第 74 行.
NOTIC: [8] Trying to get property of non-object D:\xampp\htdocs\Application\Runtime\Cache\Home\ef90aeb0d15d5181851dc046c9941189.php 第 74 行.
NOTIC: [8] Undefined variable: row D:\xampp\htdocs\Application\Runtime\Cache\Home\ef90aeb0d15d5181851dc046c9941189.php 第 74 行.
NOTIC: [8] Trying to get property of non-object D:\xampp\htdocs\Application\Runtime\Cache\Home\ef90aeb0d15d5181851dc046c9941189.php 第 74 行.
NOTIC: [8] Undefined variable: row D:\xampp\htdocs\Application\Runtime\Cache\Home\ef90aeb0d15d5181851dc046c9941189.php 第 74 行.
NOTIC: [8] Trying to get property of non-object D:\xampp\htdocs\Application\Runtime\Cache\Home\ef90aeb0d15d5181851dc046c9941189.php 第 74 行.
NOTIC: [8] Undefined variable: row D:\xampp\htdocs\Application\Runtime\Cache\Home\ef90aeb0d15d5181851dc046c9941189.php 第 74 行.
NOTIC: [8] Trying to get property of non-object D:\xampp\htdocs\Application\Runtime\Cache\Home\ef90aeb0d15d5181851dc046c9941189.php 第 74 行.
NOTIC: [8] Undefined variable: row D:\xampp\htdocs\Application\Runtime\Cache\Home\ef90aeb0d15d5181851dc046c9941189.php 第 74 行.
NOTIC: [8] Trying to get property of non-object D:\xampp\htdocs\Application\Runtime\Cache\Home\ef90aeb0d15d5181851dc046c9941189.php 第 74 行.
NOTIC: [8] Undefined variable: row D:\xampp\htdocs\Application\Runtime\Cache\Home\ef90aeb0d15d5181851dc046c9941189.php 第 74 行.
NOTIC: [8] Trying to get property of non-object D:\xampp\htdocs\Application\Runtime\Cache\Home\ef90aeb0d15d5181851dc046c9941189.php 第 74 行.
NOTIC: [8] Undefined variable: row D:\xampp\htdocs\Application\Runtime\Cache\Home\ef90aeb0d15d5181851dc046c9941189.php 第 74 行.
NOTIC: [8] Trying to get property of non-object D:\xampp\htdocs\Application\Runtime\Cache\Home\ef90aeb0d15d5181851dc046c9941189.php 第 74 行.
NOTIC: [8] Undefined variable: row D:\xampp\htdocs\Application\Runtime\Cache\Home\ef90aeb0d15d5181851dc046c9941189.php 第 74 行.
NOTIC: [8] Trying to get property of non-object D:\xampp\htdocs\Application\Runtime\Cache\Home\ef90aeb0d15d5181851dc046c9941189.php 第 74 行.
NOTIC: [8] Undefined variable: row D:\xampp\htdocs\Application\Runtime\Cache\Home\ef90aeb0d15d5181851dc046c9941189.php 第 74 行.
NOTIC: [8] Trying to get property of non-object D:\xampp\htdocs\Application\Runtime\Cache\Home\ef90aeb0d15d5181851dc046c9941189.php 第 74 行.
NOTIC: [8] Undefined variable: row D:\xampp\htdocs\Application\Runtime\Cache\Home\ef90aeb0d15d5181851dc046c9941189.php 第 74 行.
NOTIC: [8] Trying to get property of non-object D:\xampp\htdocs\Application\Runtime\Cache\Home\ef90aeb0d15d5181851dc046c9941189.php 第 74 行.
NOTIC: [8] Undefined variable: row D:\xampp\htdocs\Application\Runtime\Cache\Home\ef90aeb0d15d5181851dc046c9941189.php 第 74 行.
NOTIC: [8] Trying to get property of non-object D:\xampp\htdocs\Application\Runtime\Cache\Home\ef90aeb0d15d5181851dc046c9941189.php 第 74 行.
NOTIC: [8] Undefined variable: row D:\xampp\htdocs\Application\Runtime\Cache\Home\ef90aeb0d15d5181851dc046c9941189.php 第 74 行.
NOTIC: [8] Trying to get property of non-object D:\xampp\htdocs\Application\Runtime\Cache\Home\ef90aeb0d15d5181851dc046c9941189.php 第 74 行.
NOTIC: [8] Undefined variable: row D:\xampp\htdocs\Application\Runtime\Cache\Home\ef90aeb0d15d5181851dc046c9941189.php 第 74 行.
NOTIC: [8] Trying to get property of non-object D:\xampp\htdocs\Application\Runtime\Cache\Home\ef90aeb0d15d5181851dc046c9941189.php 第 74 行.
NOTIC: [8] Undefined variable: row D:\xampp\htdocs\Application\Runtime\Cache\Home\ef90aeb0d15d5181851dc046c9941189.php 第 74 行.
NOTIC: [8] Trying to get property of non-object D:\xampp\htdocs\Application\Runtime\Cache\Home\ef90aeb0d15d5181851dc046c9941189.php 第 74 行.
INFO: Run Behavior\ParseTemplateBehavior [ RunTime:0.032085s ]
INFO: [ view_parse ] --END-- [ RunTime:0.032132s ]
INFO: [ view_filter ] --START--
INFO: Run Behavior\WriteHtmlCacheBehavior [ RunTime:0.000221s ]
INFO: [ view_filter ] --END-- [ RunTime:0.000254s ]
INFO: [ app_end ] --START--
INFO: Run Behavior\ShowPageTraceBehavior [ RunTime:0.000559s ]
INFO: [ app_end ] --END-- [ RunTime:0.000621s ]

[ 2018-03-24T06:08:48+08:00 ] ::1 /index.php/home/xg
INFO: [ app_init ] --START--
INFO: Run Behavior\BuildLiteBehavior [ RunTime:0.000022s ]
INFO: [ app_init ] --END-- [ RunTime:0.000462s ]
INFO: [ app_begin ] --START--
INFO: Run Behavior\ReadHtmlCacheBehavior [ RunTime:0.000570s ]
INFO: [ app_begin ] --END-- [ RunTime:0.000635s ]
SQL: SHOW COLUMNS FROM `jg` [ RunTime:0.0069s ]
SQL: SELECT * FROM `jg`  [ RunTime:0.0092s ]
INFO: [ view_parse ] --START--
INFO: [ template_filter ] --START--
INFO: Run Behavior\ContentReplaceBehavior [ RunTime:0.000094s ]
INFO: [ template_filter ] --END-- [ RunTime:0.000160s ]
NOTIC: [8] Undefined variable: select D:\xampp\htdocs\Application\Runtime\Cache\Home\92b993b24b73b4310482dd193d5f8cb7.php 第 136 行.
NOTIC: [8] Undefined variable: page D:\xampp\htdocs\Application\Runtime\Cache\Home\92b993b24b73b4310482dd193d5f8cb7.php 第 245 行.
NOTIC: [8] Undefined variable: page D:\xampp\htdocs\Application\Runtime\Cache\Home\92b993b24b73b4310482dd193d5f8cb7.php 第 247 行.
INFO: Run Behavior\ParseTemplateBehavior [ RunTime:0.029095s ]
INFO: [ view_parse ] --END-- [ RunTime:0.029189s ]
INFO: [ view_filter ] --START--
INFO: Run Behavior\WriteHtmlCacheBehavior [ RunTime:0.000510s ]
INFO: [ view_filter ] --END-- [ RunTime:0.000587s ]
INFO: [ app_end ] --START--
INFO: Run Behavior\ShowPageTraceBehavior [ RunTime:0.000773s ]
INFO: [ app_end ] --END-- [ RunTime:0.000854s ]

[ 2018-03-24T06:08:53+08:00 ] ::1 /index.php/Home/Xg/del.html
INFO: [ app_init ] --START--
INFO: Run Behavior\BuildLiteBehavior [ RunTime:0.000021s ]
INFO: [ app_init ] --END-- [ RunTime:0.000463s ]
INFO: [ app_begin ] --START--
INFO: Run Behavior\ReadHtmlCacheBehavior [ RunTime:0.000605s ]
INFO: [ app_begin ] --END-- [ RunTime:0.000686s ]
SQL: SHOW COLUMNS FROM `jg` [ RunTime:0.0074s ]
SQL: DELETE FROM `jg` WHERE `id` = 2 [ RunTime:0.0666s ]

[ 2018-03-24T06:08:59+08:00 ] ::1 /index.php/Home/Xg/del.html
INFO: [ app_init ] --START--
INFO: Run Behavior\BuildLiteBehavior [ RunTime:0.000023s ]
INFO: [ app_init ] --END-- [ RunTime:0.000524s ]
INFO: [ app_begin ] --START--
INFO: Run Behavior\ReadHtmlCacheBehavior [ RunTime:0.000599s ]
INFO: [ app_begin ] --END-- [ RunTime:0.000678s ]
SQL: SHOW COLUMNS FROM `jg` [ RunTime:0.0077s ]
SQL: DELETE FROM `jg` WHERE `id` = 3 [ RunTime:0.0744s ]

[ 2018-03-24T06:09:02+08:00 ] ::1 /index.php/home/xg
INFO: [ app_init ] --START--
INFO: Run Behavior\BuildLiteBehavior [ RunTime:0.000012s ]
INFO: [ app_init ] --END-- [ RunTime:0.000301s ]
INFO: [ app_begin ] --START--
INFO: Run Behavior\ReadHtmlCacheBehavior [ RunTime:0.000380s ]
INFO: [ app_begin ] --END-- [ RunTime:0.000442s ]
SQL: SHOW COLUMNS FROM `jg` [ RunTime:0.0063s ]
SQL: SELECT * FROM `jg`  [ RunTime:0.0084s ]
INFO: [ view_parse ] --START--
INFO: [ template_filter ] --START--
INFO: Run Behavior\ContentReplaceBehavior [ RunTime:0.000133s ]
INFO: [ template_filter ] --END-- [ RunTime:0.000226s ]
NOTIC: [8] Undefined variable: select D:\xampp\htdocs\Application\Runtime\Cache\Home\92b993b24b73b4310482dd193d5f8cb7.php 第 136 行.
NOTIC: [8] Undefined variable: page D:\xampp\htdocs\Application\Runtime\Cache\Home\92b993b24b73b4310482dd193d5f8cb7.php 第 245 行.
NOTIC: [8] Undefined variable: page D:\xampp\htdocs\Application\Runtime\Cache\Home\92b993b24b73b4310482dd193d5f8cb7.php 第 247 行.
INFO: Run Behavior\ParseTemplateBehavior [ RunTime:0.017329s ]
INFO: [ view_parse ] --END-- [ RunTime:0.017382s ]
INFO: [ view_filter ] --START--
INFO: Run Behavior\WriteHtmlCacheBehavior [ RunTime:0.000259s ]
INFO: [ view_filter ] --END-- [ RunTime:0.000292s ]
INFO: [ app_end ] --START--
INFO: Run Behavior\ShowPageTraceBehavior [ RunTime:0.000667s ]
INFO: [ app_end ] --END-- [ RunTime:0.000806s ]

[ 2018-03-24T06:18:44+08:00 ] ::1 /index.php/home/xg
INFO: [ app_init ] --START--
INFO: Run Behavior\BuildLiteBehavior [ RunTime:0.000017s ]
INFO: [ app_init ] --END-- [ RunTime:0.000356s ]
INFO: [ app_begin ] --START--
INFO: Run Behavior\ReadHtmlCacheBehavior [ RunTime:0.000709s ]
INFO: [ app_begin ] --END-- [ RunTime:0.000789s ]
SQL: SHOW COLUMNS FROM `jg` [ RunTime:0.0061s ]
SQL: SELECT * FROM `jg`  [ RunTime:0.0081s ]
INFO: [ view_parse ] --START--
INFO: [ template_filter ] --START--
INFO: Run Behavior\ContentReplaceBehavior [ RunTime:0.000123s ]
INFO: [ template_filter ] --END-- [ RunTime:0.000208s ]
NOTIC: [8] Undefined variable: select D:\xampp\htdocs\Application\Runtime\Cache\Home\92b993b24b73b4310482dd193d5f8cb7.php 第 136 行.
NOTIC: [8] Undefined variable: page D:\xampp\htdocs\Application\Runtime\Cache\Home\92b993b24b73b4310482dd193d5f8cb7.php 第 245 行.
NOTIC: [8] Undefined variable: page D:\xampp\htdocs\Application\Runtime\Cache\Home\92b993b24b73b4310482dd193d5f8cb7.php 第 247 行.
INFO: Run Behavior\ParseTemplateBehavior [ RunTime:0.020218s ]
INFO: [ view_parse ] --END-- [ RunTime:0.020295s ]
INFO: [ view_filter ] --START--
INFO: Run Behavior\WriteHtmlCacheBehavior [ RunTime:0.000472s ]
INFO: [ view_filter ] --END-- [ RunTime:0.000527s ]
INFO: [ app_end ] --START--
INFO: Run Behavior\ShowPageTraceBehavior [ RunTime:0.000630s ]
INFO: [ app_end ] --END-- [ RunTime:0.000711s ]

[ 2018-03-24T06:30:40+08:00 ] ::1 /index.php/home/xg
INFO: [ app_init ] --START--
INFO: Run Behavior\BuildLiteBehavior [ RunTime:0.000025s ]
INFO: [ app_init ] --END-- [ RunTime:0.000626s ]
INFO: [ app_begin ] --START--
INFO: Run Behavior\ReadHtmlCacheBehavior [ RunTime:0.000704s ]
INFO: [ app_begin ] --END-- [ RunTime:0.000773s ]
SQL: SHOW COLUMNS FROM `jg` [ RunTime:0.0060s ]
SQL: SELECT * FROM `jg`  [ RunTime:0.0093s ]
INFO: [ view_parse ] --START--
INFO: [ template_filter ] --START--
INFO: Run Behavior\ContentReplaceBehavior [ RunTime:0.000121s ]
INFO: [ template_filter ] --END-- [ RunTime:0.000193s ]
NOTIC: [8] Undefined variable: select D:\xampp\htdocs\Application\Runtime\Cache\Home\92b993b24b73b4310482dd193d5f8cb7.php 第 136 行.
NOTIC: [8] Undefined variable: page D:\xampp\htdocs\Application\Runtime\Cache\Home\92b993b24b73b4310482dd193d5f8cb7.php 第 246 行.
NOTIC: [8] Undefined variable: page D:\xampp\htdocs\Application\Runtime\Cache\Home\92b993b24b73b4310482dd193d5f8cb7.php 第 248 行.
INFO: Run Behavior\ParseTemplateBehavior [ RunTime:0.018877s ]
INFO: [ view_parse ] --END-- [ RunTime:0.018954s ]
INFO: [ view_filter ] --START--
INFO: Run Behavior\WriteHtmlCacheBehavior [ RunTime:0.000475s ]
INFO: [ view_filter ] --END-- [ RunTime:0.000524s ]
INFO: [ app_end ] --START--
INFO: Run Behavior\ShowPageTraceBehavior [ RunTime:0.001017s ]
INFO: [ app_end ] --END-- [ RunTime:0.001171s ]

[ 2018-03-24T06:30:48+08:00 ] ::1 /index.php/home/xg
INFO: [ app_init ] --START--
INFO: Run Behavior\BuildLiteBehavior [ RunTime:0.000013s ]
INFO: [ app_init ] --END-- [ RunTime:0.000345s ]
INFO: [ app_begin ] --START--
INFO: Run Behavior\ReadHtmlCacheBehavior [ RunTime:0.000574s ]
INFO: [ app_begin ] --END-- [ RunTime:0.000644s ]
SQL: SHOW COLUMNS FROM `jg` [ RunTime:0.0061s ]
SQL: SELECT * FROM `jg`  [ RunTime:0.0089s ]
INFO: [ view_parse ] --START--
INFO: [ template_filter ] --START--
INFO: Run Behavior\ContentReplaceBehavior [ RunTime:0.000100s ]
INFO: [ template_filter ] --END-- [ RunTime:0.000180s ]
NOTIC: [8] Undefined variable: select D:\xampp\htdocs\Application\Runtime\Cache\Home\92b993b24b73b4310482dd193d5f8cb7.php 第 136 行.
NOTIC: [8] Undefined variable: page D:\xampp\htdocs\Application\Runtime\Cache\Home\92b993b24b73b4310482dd193d5f8cb7.php 第 246 行.
NOTIC: [8] Undefined variable: page D:\xampp\htdocs\Application\Runtime\Cache\Home\92b993b24b73b4310482dd193d5f8cb7.php 第 248 行.
INFO: Run Behavior\ParseTemplateBehavior [ RunTime:0.017838s ]
INFO: [ view_parse ] --END-- [ RunTime:0.017909s ]
INFO: [ view_filter ] --START--
INFO: Run Behavior\WriteHtmlCacheBehavior [ RunTime:0.000371s ]
INFO: [ view_filter ] --END-- [ RunTime:0.000412s ]
INFO: [ app_end ] --START--
INFO: Run Behavior\ShowPageTraceBehavior [ RunTime:0.000870s ]
INFO: [ app_end ] --END-- [ RunTime:0.000961s ]

[ 2018-03-24T06:33:14+08:00 ] ::1 /index.php/home/xg
INFO: [ app_init ] --START--
INFO: Run Behavior\BuildLiteBehavior [ RunTime:0.000022s ]
INFO: [ app_init ] --END-- [ RunTime:0.000620s ]
INFO: [ app_begin ] --START--
INFO: Run Behavior\ReadHtmlCacheBehavior [ RunTime:0.000656s ]
INFO: [ app_begin ] --END-- [ RunTime:0.000742s ]
SQL: SHOW COLUMNS FROM `jg` [ RunTime:0.0073s ]
SQL: SELECT * FROM `jg`  [ RunTime:0.0088s ]
INFO: [ view_parse ] --START--
INFO: [ template_filter ] --START--
INFO: Run Behavior\ContentReplaceBehavior [ RunTime:0.000086s ]
INFO: [ template_filter ] --END-- [ RunTime:0.000148s ]
NOTIC: [8] Undefined variable: select D:\xampp\htdocs\Application\Runtime\Cache\Home\92b993b24b73b4310482dd193d5f8cb7.php 第 136 行.
NOTIC: [8] Undefined variable: page D:\xampp\htdocs\Application\Runtime\Cache\Home\92b993b24b73b4310482dd193d5f8cb7.php 第 247 行.
NOTIC: [8] Undefined variable: page D:\xampp\htdocs\Application\Runtime\Cache\Home\92b993b24b73b4310482dd193d5f8cb7.php 第 249 行.
INFO: Run Behavior\ParseTemplateBehavior [ RunTime:0.018769s ]
INFO: [ view_parse ] --END-- [ RunTime:0.018851s ]
INFO: [ view_filter ] --START--
INFO: Run Behavior\WriteHtmlCacheBehavior [ RunTime:0.000507s ]
INFO: [ view_filter ] --END-- [ RunTime:0.000576s ]
INFO: [ app_end ] --START--
INFO: Run Behavior\ShowPageTraceBehavior [ RunTime:0.000883s ]
INFO: [ app_end ] --END-- [ RunTime:0.001047s ]

[ 2018-03-24T06:33:15+08:00 ] ::1 /index.php/home/xg
INFO: [ app_init ] --START--
INFO: Run Behavior\BuildLiteBehavior [ RunTime:0.000013s ]
INFO: [ app_init ] --END-- [ RunTime:0.000315s ]
INFO: [ app_begin ] --START--
INFO: Run Behavior\ReadHtmlCacheBehavior [ RunTime:0.000432s ]
INFO: [ app_begin ] --END-- [ RunTime:0.000487s ]
SQL: SHOW COLUMNS FROM `jg` [ RunTime:0.0068s ]
SQL: SELECT * FROM `jg`  [ RunTime:0.0095s ]
INFO: [ view_parse ] --START--
INFO: [ template_filter ] --START--
INFO: Run Behavior\ContentReplaceBehavior [ RunTime:0.000129s ]
INFO: [ template_filter ] --END-- [ RunTime:0.000226s ]
NOTIC: [8] Undefined variable: select D:\xampp\htdocs\Application\Runtime\Cache\Home\92b993b24b73b4310482dd193d5f8cb7.php 第 136 行.
NOTIC: [8] Undefined variable: page D:\xampp\htdocs\Application\Runtime\Cache\Home\92b993b24b73b4310482dd193d5f8cb7.php 第 247 行.
NOTIC: [8] Undefined variable: page D:\xampp\htdocs\Application\Runtime\Cache\Home\92b993b24b73b4310482dd193d5f8cb7.php 第 249 行.
INFO: Run Behavior\ParseTemplateBehavior [ RunTime:0.016334s ]
INFO: [ view_parse ] --END-- [ RunTime:0.016414s ]
INFO: [ view_filter ] --START--
INFO: Run Behavior\WriteHtmlCacheBehavior [ RunTime:0.000410s ]
INFO: [ view_filter ] --END-- [ RunTime:0.000487s ]
INFO: [ app_end ] --START--
INFO: Run Behavior\ShowPageTraceBehavior [ RunTime:0.000726s ]
INFO: [ app_end ] --END-- [ RunTime:0.001004s ]

[ 2018-03-24T06:33:25+08:00 ] ::1 /index.php/home/xg
INFO: [ app_init ] --START--
INFO: Run Behavior\BuildLiteBehavior [ RunTime:0.000043s ]
INFO: [ app_init ] --END-- [ RunTime:0.000714s ]
INFO: [ app_begin ] --START--
INFO: Run Behavior\ReadHtmlCacheBehavior [ RunTime:0.000891s ]
INFO: [ app_begin ] --END-- [ RunTime:0.001002s ]
SQL: SHOW COLUMNS FROM `jg` [ RunTime:0.0082s ]
SQL: SELECT * FROM `jg`  [ RunTime:0.0105s ]
INFO: [ view_parse ] --START--
INFO: [ template_filter ] --START--
INFO: Run Behavior\ContentReplaceBehavior [ RunTime:0.000117s ]
INFO: [ template_filter ] --END-- [ RunTime:0.000200s ]
NOTIC: [8] Undefined variable: select D:\xampp\htdocs\Application\Runtime\Cache\Home\92b993b24b73b4310482dd193d5f8cb7.php 第 136 行.
NOTIC: [8] Undefined variable: page D:\xampp\htdocs\Application\Runtime\Cache\Home\92b993b24b73b4310482dd193d5f8cb7.php 第 247 行.
NOTIC: [8] Undefined variable: page D:\xampp\htdocs\Application\Runtime\Cache\Home\92b993b24b73b4310482dd193d5f8cb7.php 第 249 行.
INFO: Run Behavior\ParseTemplateBehavior [ RunTime:0.025663s ]
INFO: [ view_parse ] --END-- [ RunTime:0.025759s ]
INFO: [ view_filter ] --START--
INFO: Run Behavior\WriteHtmlCacheBehavior [ RunTime:0.000677s ]
INFO: [ view_filter ] --END-- [ RunTime:0.000776s ]
INFO: [ app_end ] --START--
INFO: Run Behavior\ShowPageTraceBehavior [ RunTime:0.001186s ]
INFO: [ app_end ] --END-- [ RunTime:0.001971s ]

[ 2018-03-24T06:35:03+08:00 ] ::1 /index.php/home/xg
INFO: [ app_init ] --START--
INFO: Run Behavior\BuildLiteBehavior [ RunTime:0.000012s ]
INFO: [ app_init ] --END-- [ RunTime:0.000286s ]
INFO: [ app_begin ] --START--
INFO: Run Behavior\ReadHtmlCacheBehavior [ RunTime:0.000409s ]
INFO: [ app_begin ] --END-- [ RunTime:0.000468s ]

[ 2018-03-24T06:35:53+08:00 ] ::1 /index.php/home/xg
INFO: [ app_init ] --START--
INFO: Run Behavior\BuildLiteBehavior [ RunTime:0.000013s ]
INFO: [ app_init ] --END-- [ RunTime:0.000376s ]
INFO: [ app_begin ] --START--
INFO: Run Behavior\ReadHtmlCacheBehavior [ RunTime:0.000810s ]
INFO: [ app_begin ] --END-- [ RunTime:0.000899s ]
SQL: SHOW COLUMNS FROM `jg` [ RunTime:0.0070s ]
SQL: SELECT COUNT(*) AS tp_count FROM `jg` LIMIT 1   [ RunTime:0.0010s ]
SQL: SELECT `id`,`riq`,`gold`,`silver`,`silver1`,`pd`,`ru`,`pt`,`rh`,`yr`,`jcpd`,`jcpt` FROM `jg` ORDER BY riq desc LIMIT 0,14   [ RunTime:0.0012s ]
INFO: [ view_parse ] --START--
INFO: [ template_filter ] --START--
INFO: Run Behavior\ContentReplaceBehavior [ RunTime:0.000113s ]
INFO: [ template_filter ] --END-- [ RunTime:0.000183s ]
NOTIC: [8] Undefined variable: del1 D:\xampp\htdocs\Application\Runtime\Cache\Home\92b993b24b73b4310482dd193d5f8cb7.php 第 181 行.
NOTIC: [8] Undefined variable: jgid D:\xampp\htdocs\Application\Runtime\Cache\Home\92b993b24b73b4310482dd193d5f8cb7.php 第 181 行.
NOTIC: [8] Undefined variable: row D:\xampp\htdocs\Application\Runtime\Cache\Home\92b993b24b73b4310482dd193d5f8cb7.php 第 213 行.
NOTIC: [8] Undefined variable: del1 D:\xampp\htdocs\Application\Runtime\Cache\Home\92b993b24b73b4310482dd193d5f8cb7.php 第 181 行.
NOTIC: [8] Undefined variable: jgid D:\xampp\htdocs\Application\Runtime\Cache\Home\92b993b24b73b4310482dd193d5f8cb7.php 第 181 行.
NOTIC: [8] Undefined variable: row D:\xampp\htdocs\Application\Runtime\Cache\Home\92b993b24b73b4310482dd193d5f8cb7.php 第 213 行.
NOTIC: [8] Undefined variable: del1 D:\xampp\htdocs\Application\Runtime\Cache\Home\92b993b24b73b4310482dd193d5f8cb7.php 第 181 行.
NOTIC: [8] Undefined variable: jgid D:\xampp\htdocs\Application\Runtime\Cache\Home\92b993b24b73b4310482dd193d5f8cb7.php 第 181 行.
NOTIC: [8] Undefined variable: row D:\xampp\htdocs\Application\Runtime\Cache\Home\92b993b24b73b4310482dd193d5f8cb7.php 第 213 行.
NOTIC: [8] Undefined variable: del1 D:\xampp\htdocs\Application\Runtime\Cache\Home\92b993b24b73b4310482dd193d5f8cb7.php 第 181 行.
NOTIC: [8] Undefined variable: jgid D:\xampp\htdocs\Application\Runtime\Cache\Home\92b993b24b73b4310482dd193d5f8cb7.php 第 181 行.
NOTIC: [8] Undefined variable: row D:\xampp\htdocs\Application\Runtime\Cache\Home\92b993b24b73b4310482dd193d5f8cb7.php 第 213 行.
NOTIC: [8] Undefined variable: del1 D:\xampp\htdocs\Application\Runtime\Cache\Home\92b993b24b73b4310482dd193d5f8cb7.php 第 181 行.
NOTIC: [8] Undefined variable: jgid D:\xampp\htdocs\Application\Runtime\Cache\Home\92b993b24b73b4310482dd193d5f8cb7.php 第 181 行.
NOTIC: [8] Undefined variable: row D:\xampp\htdocs\Application\Runtime\Cache\Home\92b993b24b73b4310482dd193d5f8cb7.php 第 213 行.
NOTIC: [8] Undefined variable: del1 D:\xampp\htdocs\Application\Runtime\Cache\Home\92b993b24b73b4310482dd193d5f8cb7.php 第 181 行.
NOTIC: [8] Undefined variable: jgid D:\xampp\htdocs\Application\Runtime\Cache\Home\92b993b24b73b4310482dd193d5f8cb7.php 第 181 行.
NOTIC: [8] Undefined variable: row D:\xampp\htdocs\Application\Runtime\Cache\Home\92b993b24b73b4310482dd193d5f8cb7.php 第 213 行.
NOTIC: [8] Undefined variable: del1 D:\xampp\htdocs\Application\Runtime\Cache\Home\92b993b24b73b4310482dd193d5f8cb7.php 第 181 行.
NOTIC: [8] Undefined variable: jgid D:\xampp\htdocs\Application\Runtime\Cache\Home\92b993b24b73b4310482dd193d5f8cb7.php 第 181 行.
NOTIC: [8] Undefined variable: row D:\xampp\htdocs\Application\Runtime\Cache\Home\92b993b24b73b4310482dd193d5f8cb7.php 第 213 行.
NOTIC: [8] Undefined variable: del1 D:\xampp\htdocs\Application\Runtime\Cache\Home\92b993b24b73b4310482dd193d5f8cb7.php 第 181 行.
NOTIC: [8] Undefined variable: jgid D:\xampp\htdocs\Application\Runtime\Cache\Home\92b993b24b73b4310482dd193d5f8cb7.php 第 181 行.
NOTIC: [8] Undefined variable: row D:\xampp\htdocs\Application\Runtime\Cache\Home\92b993b24b73b4310482dd193d5f8cb7.php 第 213 行.
NOTIC: [8] Undefined variable: del1 D:\xampp\htdocs\Application\Runtime\Cache\Home\92b993b24b73b4310482dd193d5f8cb7.php 第 181 行.
NOTIC: [8] Undefined variable: jgid D:\xampp\htdocs\Application\Runtime\Cache\Home\92b993b24b73b4310482dd193d5f8cb7.php 第 181 行.
NOTIC: [8] Undefined variable: row D:\xampp\htdocs\Application\Runtime\Cache\Home\92b993b24b73b4310482dd193d5f8cb7.php 第 213 行.
NOTIC: [8] Undefined variable: del1 D:\xampp\htdocs\Application\Runtime\Cache\Home\92b993b24b73b4310482dd193d5f8cb7.php 第 181 行.
NOTIC: [8] Undefined variable: jgid D:\xampp\htdocs\Application\Runtime\Cache\Home\92b993b24b73b4310482dd193d5f8cb7.php 第 181 行.
NOTIC: [8] Undefined variable: row D:\xampp\htdocs\Application\Runtime\Cache\Home\92b993b24b73b4310482dd193d5f8cb7.php 第 213 行.
NOTIC: [8] Undefined variable: del1 D:\xampp\htdocs\Application\Runtime\Cache\Home\92b993b24b73b4310482dd193d5f8cb7.php 第 181 行.
NOTIC: [8] Undefined variable: jgid D:\xampp\htdocs\Application\Runtime\Cache\Home\92b993b24b73b4310482dd193d5f8cb7.php 第 181 行.
NOTIC: [8] Undefined variable: row D:\xampp\htdocs\Application\Runtime\Cache\Home\92b993b24b73b4310482dd193d5f8cb7.php 第 213 行.
NOTIC: [8] Undefined variable: del1 D:\xampp\htdocs\Application\Runtime\Cache\Home\92b993b24b73b4310482dd193d5f8cb7.php 第 181 行.
NOTIC: [8] Undefined variable: jgid D:\xampp\htdocs\Application\Runtime\Cache\Home\92b993b24b73b4310482dd193d5f8cb7.php 第 181 行.
NOTIC: [8] Undefined variable: row D:\xampp\htdocs\Application\Runtime\Cache\Home\92b993b24b73b4310482dd193d5f8cb7.php 第 213 行.
NOTIC: [8] Undefined variable: del1 D:\xampp\htdocs\Application\Runtime\Cache\Home\92b993b24b73b4310482dd193d5f8cb7.php 第 181 行.
NOTIC: [8] Undefined variable: jgid D:\xampp\htdocs\Application\Runtime\Cache\Home\92b993b24b73b4310482dd193d5f8cb7.php 第 181 行.
NOTIC: [8] Undefined variable: row D:\xampp\htdocs\Application\Runtime\Cache\Home\92b993b24b73b4310482dd193d5f8cb7.php 第 213 行.
NOTIC: [8] Undefined variable: del1 D:\xampp\htdocs\Application\Runtime\Cache\Home\92b993b24b73b4310482dd193d5f8cb7.php 第 181 行.
NOTIC: [8] Undefined variable: jgid D:\xampp\htdocs\Application\Runtime\Cache\Home\92b993b24b73b4310482dd193d5f8cb7.php 第 181 行.
NOTIC: [8] Undefined variable: row D:\xampp\htdocs\Application\Runtime\Cache\Home\92b993b24b73b4310482dd193d5f8cb7.php 第 213 行.
NOTIC: [8] Undefined variable: tablist D:\xampp\htdocs\Application\Runtime\Cache\Home\92b993b24b73b4310482dd193d5f8cb7.php 第 267 行.
INFO: Run Behavior\ParseTemplateBehavior [ RunTime:0.015818s ]
INFO: [ view_parse ] --END-- [ RunTime:0.015890s ]
INFO: [ view_filter ] --START--
INFO: Run Behavior\WriteHtmlCacheBehavior [ RunTime:0.000588s ]
INFO: [ view_filter ] --END-- [ RunTime:0.000645s ]
INFO: [ app_end ] --START--
INFO: Run Behavior\ShowPageTraceBehavior [ RunTime:0.000884s ]
INFO: [ app_end ] --END-- [ RunTime:0.000963s ]

[ 2018-03-24T06:36:18+08:00 ] ::1 /index.php/home/xg
INFO: [ app_init ] --START--
INFO: Run Behavior\BuildLiteBehavior [ RunTime:0.000028s ]
INFO: [ app_init ] --END-- [ RunTime:0.000649s ]
INFO: [ app_begin ] --START--
INFO: Run Behavior\ReadHtmlCacheBehavior [ RunTime:0.000844s ]
INFO: [ app_begin ] --END-- [ RunTime:0.000930s ]
SQL: SHOW COLUMNS FROM `jg` [ RunTime:0.0091s ]
SQL: SELECT COUNT(*) AS tp_count FROM `jg` LIMIT 1   [ RunTime:0.0007s ]
SQL: SELECT `id`,`riq`,`gold`,`silver`,`silver1`,`pd`,`ru`,`pt`,`rh`,`yr`,`jcpd`,`jcpt` FROM `jg` ORDER BY riq desc LIMIT 0,14   [ RunTime:0.0014s ]
INFO: [ view_parse ] --START--
INFO: [ template_filter ] --START--
INFO: Run Behavior\ContentReplaceBehavior [ RunTime:0.000075s ]
INFO: [ template_filter ] --END-- [ RunTime:0.000128s ]
NOTIC: [8] Undefined variable: del1 D:\xampp\htdocs\Application\Runtime\Cache\Home\92b993b24b73b4310482dd193d5f8cb7.php 第 181 行.
NOTIC: [8] Undefined variable: jgid D:\xampp\htdocs\Application\Runtime\Cache\Home\92b993b24b73b4310482dd193d5f8cb7.php 第 181 行.
NOTIC: [8] Undefined variable: row D:\xampp\htdocs\Application\Runtime\Cache\Home\92b993b24b73b4310482dd193d5f8cb7.php 第 213 行.
NOTIC: [8] Undefined variable: del1 D:\xampp\htdocs\Application\Runtime\Cache\Home\92b993b24b73b4310482dd193d5f8cb7.php 第 181 行.
NOTIC: [8] Undefined variable: jgid D:\xampp\htdocs\Application\Runtime\Cache\Home\92b993b24b73b4310482dd193d5f8cb7.php 第 181 行.
NOTIC: [8] Undefined variable: row D:\xampp\htdocs\Application\Runtime\Cache\Home\92b993b24b73b4310482dd193d5f8cb7.php 第 213 行.
NOTIC: [8] Undefined variable: del1 D:\xampp\htdocs\Application\Runtime\Cache\Home\92b993b24b73b4310482dd193d5f8cb7.php 第 181 行.
NOTIC: [8] Undefined variable: jgid D:\xampp\htdocs\Application\Runtime\Cache\Home\92b993b24b73b4310482dd193d5f8cb7.php 第 181 行.
NOTIC: [8] Undefined variable: row D:\xampp\htdocs\Application\Runtime\Cache\Home\92b993b24b73b4310482dd193d5f8cb7.php 第 213 行.
NOTIC: [8] Undefined variable: del1 D:\xampp\htdocs\Application\Runtime\Cache\Home\92b993b24b73b4310482dd193d5f8cb7.php 第 181 行.
NOTIC: [8] Undefined variable: jgid D:\xampp\htdocs\Application\Runtime\Cache\Home\92b993b24b73b4310482dd193d5f8cb7.php 第 181 行.
NOTIC: [8] Undefined variable: row D:\xampp\htdocs\Application\Runtime\Cache\Home\92b993b24b73b4310482dd193d5f8cb7.php 第 213 行.
NOTIC: [8] Undefined variable: del1 D:\xampp\htdocs\Application\Runtime\Cache\Home\92b993b24b73b4310482dd193d5f8cb7.php 第 181 行.
NOTIC: [8] Undefined variable: jgid D:\xampp\htdocs\Application\Runtime\Cache\Home\92b993b24b73b4310482dd193d5f8cb7.php 第 181 行.
NOTIC: [8] Undefined variable: row D:\xampp\htdocs\Application\Runtime\Cache\Home\92b993b24b73b4310482dd193d5f8cb7.php 第 213 行.
NOTIC: [8] Undefined variable: del1 D:\xampp\htdocs\Application\Runtime\Cache\Home\92b993b24b73b4310482dd193d5f8cb7.php 第 181 行.
NOTIC: [8] Undefined variable: jgid D:\xampp\htdocs\Application\Runtime\Cache\Home\92b993b24b73b4310482dd193d5f8cb7.php 第 181 行.
NOTIC: [8] Undefined variable: row D:\xampp\htdocs\Application\Runtime\Cache\Home\92b993b24b73b4310482dd193d5f8cb7.php 第 213 行.
NOTIC: [8] Undefined variable: del1 D:\xampp\htdocs\Application\Runtime\Cache\Home\92b993b24b73b4310482dd193d5f8cb7.php 第 181 行.
NOTIC: [8] Undefined variable: jgid D:\xampp\htdocs\Application\Runtime\Cache\Home\92b993b24b73b4310482dd193d5f8cb7.php 第 181 行.
NOTIC: [8] Undefined variable: row D:\xampp\htdocs\Application\Runtime\Cache\Home\92b993b24b73b4310482dd193d5f8cb7.php 第 213 行.
NOTIC: [8] Undefined variable: del1 D:\xampp\htdocs\Application\Runtime\Cache\Home\92b993b24b73b4310482dd193d5f8cb7.php 第 181 行.
NOTIC: [8] Undefined variable: jgid D:\xampp\htdocs\Application\Runtime\Cache\Home\92b993b24b73b4310482dd193d5f8cb7.php 第 181 行.
NOTIC: [8] Undefined variable: row D:\xampp\htdocs\Application\Runtime\Cache\Home\92b993b24b73b4310482dd193d5f8cb7.php 第 213 行.
NOTIC: [8] Undefined variable: del1 D:\xampp\htdocs\Application\Runtime\Cache\Home\92b993b24b73b4310482dd193d5f8cb7.php 第 181 行.
NOTIC: [8] Undefined variable: jgid D:\xampp\htdocs\Application\Runtime\Cache\Home\92b993b24b73b4310482dd193d5f8cb7.php 第 181 行.
NOTIC: [8] Undefined variable: row D:\xampp\htdocs\Application\Runtime\Cache\Home\92b993b24b73b4310482dd193d5f8cb7.php 第 213 行.
NOTIC: [8] Undefined variable: del1 D:\xampp\htdocs\Application\Runtime\Cache\Home\92b993b24b73b4310482dd193d5f8cb7.php 第 181 行.
NOTIC: [8] Undefined variable: jgid D:\xampp\htdocs\Application\Runtime\Cache\Home\92b993b24b73b4310482dd193d5f8cb7.php 第 181 行.
NOTIC: [8] Undefined variable: row D:\xampp\htdocs\Application\Runtime\Cache\Home\92b993b24b73b4310482dd193d5f8cb7.php 第 213 行.
NOTIC: [8] Undefined variable: del1 D:\xampp\htdocs\Application\Runtime\Cache\Home\92b993b24b73b4310482dd193d5f8cb7.php 第 181 行.
NOTIC: [8] Undefined variable: jgid D:\xampp\htdocs\Application\Runtime\Cache\Home\92b993b24b73b4310482dd193d5f8cb7.php 第 181 行.
NOTIC: [8] Undefined variable: row D:\xampp\htdocs\Application\Runtime\Cache\Home\92b993b24b73b4310482dd193d5f8cb7.php 第 213 行.
NOTIC: [8] Undefined variable: del1 D:\xampp\htdocs\Application\Runtime\Cache\Home\92b993b24b73b4310482dd193d5f8cb7.php 第 181 行.
NOTIC: [8] Undefined variable: jgid D:\xampp\htdocs\Application\Runtime\Cache\Home\92b993b24b73b4310482dd193d5f8cb7.php 第 181 行.
NOTIC: [8] Undefined variable: row D:\xampp\htdocs\Application\Runtime\Cache\Home\92b993b24b73b4310482dd193d5f8cb7.php 第 213 行.
NOTIC: [8] Undefined variable: del1 D:\xampp\htdocs\Application\Runtime\Cache\Home\92b993b24b73b4310482dd193d5f8cb7.php 第 181 行.
NOTIC: [8] Undefined variable: jgid D:\xampp\htdocs\Application\Runtime\Cache\Home\92b993b24b73b4310482dd193d5f8cb7.php 第 181 行.
NOTIC: [8] Undefined variable: row D:\xampp\htdocs\Application\Runtime\Cache\Home\92b993b24b73b4310482dd193d5f8cb7.php 第 213 行.
NOTIC: [8] Undefined variable: del1 D:\xampp\htdocs\Application\Runtime\Cache\Home\92b993b24b73b4310482dd193d5f8cb7.php 第 181 行.
NOTIC: [8] Undefined variable: jgid D:\xampp\htdocs\Application\Runtime\Cache\Home\92b993b24b73b4310482dd193d5f8cb7.php 第 181 行.
NOTIC: [8] Undefined variable: row D:\xampp\htdocs\Application\Runtime\Cache\Home\92b993b24b73b4310482dd193d5f8cb7.php 第 213 行.
NOTIC: [8] Undefined variable: tablist D:\xampp\htdocs\Application\Runtime\Cache\Home\92b993b24b73b4310482dd193d5f8cb7.php 第 267 行.
INFO: Run Behavior\ParseTemplateBehavior [ RunTime:0.017648s ]
INFO: [ view_parse ] --END-- [ RunTime:0.017812s ]
INFO: [ view_filter ] --START--
INFO: Run Behavior\WriteHtmlCacheBehavior [ RunTime:0.000457s ]
INFO: [ view_filter ] --END-- [ RunTime:0.000517s ]
INFO: [ app_end ] --START--
INFO: Run Behavior\ShowPageTraceBehavior [ RunTime:0.001106s ]
INFO: [ app_end ] --END-- [ RunTime:0.001218s ]

[ 2018-03-24T06:38:17+08:00 ] ::1 /index.php/home/xg
INFO: [ app_init ] --START--
INFO: Run Behavior\BuildLiteBehavior [ RunTime:0.000022s ]
INFO: [ app_init ] --END-- [ RunTime:0.000567s ]
INFO: [ app_begin ] --START--
INFO: Run Behavior\ReadHtmlCacheBehavior [ RunTime:0.000707s ]
INFO: [ app_begin ] --END-- [ RunTime:0.000798s ]
SQL: SHOW COLUMNS FROM `jg` [ RunTime:0.0063s ]
SQL: SELECT COUNT(*) AS tp_count FROM `jg` LIMIT 1   [ RunTime:0.0007s ]
SQL: SELECT `id`,`riq`,`gold`,`silver`,`silver1`,`pd`,`ru`,`pt`,`rh`,`yr`,`jcpd`,`jcpt` FROM `jg` ORDER BY riq desc LIMIT 0,14   [ RunTime:0.0011s ]
INFO: [ view_parse ] --START--
INFO: [ template_filter ] --START--
INFO: Run Behavior\ContentReplaceBehavior [ RunTime:0.000088s ]
INFO: [ template_filter ] --END-- [ RunTime:0.000141s ]
NOTIC: [8] Undefined variable: del1 D:\xampp\htdocs\Application\Runtime\Cache\Home\92b993b24b73b4310482dd193d5f8cb7.php 第 181 行.
NOTIC: [8] Undefined variable: jgid D:\xampp\htdocs\Application\Runtime\Cache\Home\92b993b24b73b4310482dd193d5f8cb7.php 第 181 行.
NOTIC: [8] Undefined variable: row D:\xampp\htdocs\Application\Runtime\Cache\Home\92b993b24b73b4310482dd193d5f8cb7.php 第 213 行.
NOTIC: [8] Undefined variable: del1 D:\xampp\htdocs\Application\Runtime\Cache\Home\92b993b24b73b4310482dd193d5f8cb7.php 第 181 行.
NOTIC: [8] Undefined variable: jgid D:\xampp\htdocs\Application\Runtime\Cache\Home\92b993b24b73b4310482dd193d5f8cb7.php 第 181 行.
NOTIC: [8] Undefined variable: row D:\xampp\htdocs\Application\Runtime\Cache\Home\92b993b24b73b4310482dd193d5f8cb7.php 第 213 行.
NOTIC: [8] Undefined variable: del1 D:\xampp\htdocs\Application\Runtime\Cache\Home\92b993b24b73b4310482dd193d5f8cb7.php 第 181 行.
NOTIC: [8] Undefined variable: jgid D:\xampp\htdocs\Application\Runtime\Cache\Home\92b993b24b73b4310482dd193d5f8cb7.php 第 181 行.
NOTIC: [8] Undefined variable: row D:\xampp\htdocs\Application\Runtime\Cache\Home\92b993b24b73b4310482dd193d5f8cb7.php 第 213 行.
NOTIC: [8] Undefined variable: del1 D:\xampp\htdocs\Application\Runtime\Cache\Home\92b993b24b73b4310482dd193d5f8cb7.php 第 181 行.
NOTIC: [8] Undefined variable: jgid D:\xampp\htdocs\Application\Runtime\Cache\Home\92b993b24b73b4310482dd193d5f8cb7.php 第 181 行.
NOTIC: [8] Undefined variable: row D:\xampp\htdocs\Application\Runtime\Cache\Home\92b993b24b73b4310482dd193d5f8cb7.php 第 213 行.
NOTIC: [8] Undefined variable: del1 D:\xampp\htdocs\Application\Runtime\Cache\Home\92b993b24b73b4310482dd193d5f8cb7.php 第 181 行.
NOTIC: [8] Undefined variable: jgid D:\xampp\htdocs\Application\Runtime\Cache\Home\92b993b24b73b4310482dd193d5f8cb7.php 第 181 行.
NOTIC: [8] Undefined variable: row D:\xampp\htdocs\Application\Runtime\Cache\Home\92b993b24b73b4310482dd193d5f8cb7.php 第 213 行.
NOTIC: [8] Undefined variable: del1 D:\xampp\htdocs\Application\Runtime\Cache\Home\92b993b24b73b4310482dd193d5f8cb7.php 第 181 行.
NOTIC: [8] Undefined variable: jgid D:\xampp\htdocs\Application\Runtime\Cache\Home\92b993b24b73b4310482dd193d5f8cb7.php 第 181 行.
NOTIC: [8] Undefined variable: row D:\xampp\htdocs\Application\Runtime\Cache\Home\92b993b24b73b4310482dd193d5f8cb7.php 第 213 行.
NOTIC: [8] Undefined variable: del1 D:\xampp\htdocs\Application\Runtime\Cache\Home\92b993b24b73b4310482dd193d5f8cb7.php 第 181 行.
NOTIC: [8] Undefined variable: jgid D:\xampp\htdocs\Application\Runtime\Cache\Home\92b993b24b73b4310482dd193d5f8cb7.php 第 181 行.
NOTIC: [8] Undefined variable: row D:\xampp\htdocs\Application\Runtime\Cache\Home\92b993b24b73b4310482dd193d5f8cb7.php 第 213 行.
NOTIC: [8] Undefined variable: del1 D:\xampp\htdocs\Application\Runtime\Cache\Home\92b993b24b73b4310482dd193d5f8cb7.php 第 181 行.
NOTIC: [8] Undefined variable: jgid D:\xampp\htdocs\Application\Runtime\Cache\Home\92b993b24b73b4310482dd193d5f8cb7.php 第 181 行.
NOTIC: [8] Undefined variable: row D:\xampp\htdocs\Application\Runtime\Cache\Home\92b993b24b73b4310482dd193d5f8cb7.php 第 213 行.
NOTIC: [8] Undefined variable: del1 D:\xampp\htdocs\Application\Runtime\Cache\Home\92b993b24b73b4310482dd193d5f8cb7.php 第 181 行.
NOTIC: [8] Undefined variable: jgid D:\xampp\htdocs\Application\Runtime\Cache\Home\92b993b24b73b4310482dd193d5f8cb7.php 第 181 行.
NOTIC: [8] Undefined variable: row D:\xampp\htdocs\Application\Runtime\Cache\Home\92b993b24b73b4310482dd193d5f8cb7.php 第 213 行.
NOTIC: [8] Undefined variable: del1 D:\xampp\htdocs\Application\Runtime\Cache\Home\92b993b24b73b4310482dd193d5f8cb7.php 第 181 行.
NOTIC: [8] Undefined variable: jgid D:\xampp\htdocs\Application\Runtime\Cache\Home\92b993b24b73b4310482dd193d5f8cb7.php 第 181 行.
NOTIC: [8] Undefined variable: row D:\xampp\htdocs\Application\Runtime\Cache\Home\92b993b24b73b4310482dd193d5f8cb7.php 第 213 行.
NOTIC: [8] Undefined variable: del1 D:\xampp\htdocs\Application\Runtime\Cache\Home\92b993b24b73b4310482dd193d5f8cb7.php 第 181 行.
NOTIC: [8] Undefined variable: jgid D:\xampp\htdocs\Application\Runtime\Cache\Home\92b993b24b73b4310482dd193d5f8cb7.php 第 181 行.
NOTIC: [8] Undefined variable: row D:\xampp\htdocs\Application\Runtime\Cache\Home\92b993b24b73b4310482dd193d5f8cb7.php 第 213 行.
NOTIC: [8] Undefined variable: del1 D:\xampp\htdocs\Application\Runtime\Cache\Home\92b993b24b73b4310482dd193d5f8cb7.php 第 181 行.
NOTIC: [8] Undefined variable: jgid D:\xampp\htdocs\Application\Runtime\Cache\Home\92b993b24b73b4310482dd193d5f8cb7.php 第 181 行.
NOTIC: [8] Undefined variable: row D:\xampp\htdocs\Application\Runtime\Cache\Home\92b993b24b73b4310482dd193d5f8cb7.php 第 213 行.
NOTIC: [8] Undefined variable: del1 D:\xampp\htdocs\Application\Runtime\Cache\Home\92b993b24b73b4310482dd193d5f8cb7.php 第 181 行.
NOTIC: [8] Undefined variable: jgid D:\xampp\htdocs\Application\Runtime\Cache\Home\92b993b24b73b4310482dd193d5f8cb7.php 第 181 行.
NOTIC: [8] Undefined variable: row D:\xampp\htdocs\Application\Runtime\Cache\Home\92b993b24b73b4310482dd193d5f8cb7.php 第 213 行.
NOTIC: [8] Undefined variable: del1 D:\xampp\htdocs\Application\Runtime\Cache\Home\92b993b24b73b4310482dd193d5f8cb7.php 第 181 行.
NOTIC: [8] Undefined variable: jgid D:\xampp\htdocs\Application\Runtime\Cache\Home\92b993b24b73b4310482dd193d5f8cb7.php 第 181 行.
NOTIC: [8] Undefined variable: row D:\xampp\htdocs\Application\Runtime\Cache\Home\92b993b24b73b4310482dd193d5f8cb7.php 第 213 行.
NOTIC: [8] Undefined variable: tablist D:\xampp\htdocs\Application\Runtime\Cache\Home\92b993b24b73b4310482dd193d5f8cb7.php 第 267 行.
INFO: Run Behavior\ParseTemplateBehavior [ RunTime:0.012073s ]
INFO: [ view_parse ] --END-- [ RunTime:0.012134s ]
INFO: [ view_filter ] --START--
INFO: Run Behavior\WriteHtmlCacheBehavior [ RunTime:0.000263s ]
INFO: [ view_filter ] --END-- [ RunTime:0.000295s ]
INFO: [ app_end ] --START--
INFO: Run Behavior\ShowPageTraceBehavior [ RunTime:0.000501s ]
INFO: [ app_end ] --END-- [ RunTime:0.000556s ]

[ 2018-03-24T06:38:25+08:00 ] ::1 /index.php/home/xg
INFO: [ app_init ] --START--
INFO: Run Behavior\BuildLiteBehavior [ RunTime:0.000013s ]
INFO: [ app_init ] --END-- [ RunTime:0.000371s ]
INFO: [ app_begin ] --START--
INFO: Run Behavior\ReadHtmlCacheBehavior [ RunTime:0.000546s ]
INFO: [ app_begin ] --END-- [ RunTime:0.000604s ]
SQL: SHOW COLUMNS FROM `jg` [ RunTime:0.0405s ]
SQL: SELECT COUNT(*) AS tp_count FROM `jg` LIMIT 1   [ RunTime:0.0007s ]
SQL: SELECT `id`,`riq`,`gold`,`silver`,`silver1`,`pd`,`ru`,`pt`,`rh`,`yr`,`jcpd`,`jcpt` FROM `jg` ORDER BY riq desc LIMIT 0,14   [ RunTime:0.0010s ]
INFO: [ view_parse ] --START--
INFO: [ template_filter ] --START--
INFO: Run Behavior\ContentReplaceBehavior [ RunTime:0.000086s ]
INFO: [ template_filter ] --END-- [ RunTime:0.000144s ]
NOTIC: [8] Undefined variable: del1 D:\xampp\htdocs\Application\Runtime\Cache\Home\92b993b24b73b4310482dd193d5f8cb7.php 第 181 行.
NOTIC: [8] Undefined variable: jgid D:\xampp\htdocs\Application\Runtime\Cache\Home\92b993b24b73b4310482dd193d5f8cb7.php 第 181 行.
NOTIC: [8] Undefined variable: row D:\xampp\htdocs\Application\Runtime\Cache\Home\92b993b24b73b4310482dd193d5f8cb7.php 第 213 行.
NOTIC: [8] Undefined variable: del1 D:\xampp\htdocs\Application\Runtime\Cache\Home\92b993b24b73b4310482dd193d5f8cb7.php 第 181 行.
NOTIC: [8] Undefined variable: jgid D:\xampp\htdocs\Application\Runtime\Cache\Home\92b993b24b73b4310482dd193d5f8cb7.php 第 181 行.
NOTIC: [8] Undefined variable: row D:\xampp\htdocs\Application\Runtime\Cache\Home\92b993b24b73b4310482dd193d5f8cb7.php 第 213 行.
NOTIC: [8] Undefined variable: del1 D:\xampp\htdocs\Application\Runtime\Cache\Home\92b993b24b73b4310482dd193d5f8cb7.php 第 181 行.
NOTIC: [8] Undefined variable: jgid D:\xampp\htdocs\Application\Runtime\Cache\Home\92b993b24b73b4310482dd193d5f8cb7.php 第 181 行.
NOTIC: [8] Undefined variable: row D:\xampp\htdocs\Application\Runtime\Cache\Home\92b993b24b73b4310482dd193d5f8cb7.php 第 213 行.
NOTIC: [8] Undefined variable: del1 D:\xampp\htdocs\Application\Runtime\Cache\Home\92b993b24b73b4310482dd193d5f8cb7.php 第 181 行.
NOTIC: [8] Undefined variable: jgid D:\xampp\htdocs\Application\Runtime\Cache\Home\92b993b24b73b4310482dd193d5f8cb7.php 第 181 行.
NOTIC: [8] Undefined variable: row D:\xampp\htdocs\Application\Runtime\Cache\Home\92b993b24b73b4310482dd193d5f8cb7.php 第 213 行.
NOTIC: [8] Undefined variable: del1 D:\xampp\htdocs\Application\Runtime\Cache\Home\92b993b24b73b4310482dd193d5f8cb7.php 第 181 行.
NOTIC: [8] Undefined variable: jgid D:\xampp\htdocs\Application\Runtime\Cache\Home\92b993b24b73b4310482dd193d5f8cb7.php 第 181 行.
NOTIC: [8] Undefined variable: row D:\xampp\htdocs\Application\Runtime\Cache\Home\92b993b24b73b4310482dd193d5f8cb7.php 第 213 行.
NOTIC: [8] Undefined variable: del1 D:\xampp\htdocs\Application\Runtime\Cache\Home\92b993b24b73b4310482dd193d5f8cb7.php 第 181 行.
NOTIC: [8] Undefined variable: jgid D:\xampp\htdocs\Application\Runtime\Cache\Home\92b993b24b73b4310482dd193d5f8cb7.php 第 181 行.
NOTIC: [8] Undefined variable: row D:\xampp\htdocs\Application\Runtime\Cache\Home\92b993b24b73b4310482dd193d5f8cb7.php 第 213 行.
NOTIC: [8] Undefined variable: del1 D:\xampp\htdocs\Application\Runtime\Cache\Home\92b993b24b73b4310482dd193d5f8cb7.php 第 181 行.
NOTIC: [8] Undefined variable: jgid D:\xampp\htdocs\Application\Runtime\Cache\Home\92b993b24b73b4310482dd193d5f8cb7.php 第 181 行.
NOTIC: [8] Undefined variable: row D:\xampp\htdocs\Application\Runtime\Cache\Home\92b993b24b73b4310482dd193d5f8cb7.php 第 213 行.
NOTIC: [8] Undefined variable: del1 D:\xampp\htdocs\Application\Runtime\Cache\Home\92b993b24b73b4310482dd193d5f8cb7.php 第 181 行.
NOTIC: [8] Undefined variable: jgid D:\xampp\htdocs\Application\Runtime\Cache\Home\92b993b24b73b4310482dd193d5f8cb7.php 第 181 行.
NOTIC: [8] Undefined variable: row D:\xampp\htdocs\Application\Runtime\Cache\Home\92b993b24b73b4310482dd193d5f8cb7.php 第 213 行.
NOTIC: [8] Undefined variable: del1 D:\xampp\htdocs\Application\Runtime\Cache\Home\92b993b24b73b4310482dd193d5f8cb7.php 第 181 行.
NOTIC: [8] Undefined variable: jgid D:\xampp\htdocs\Application\Runtime\Cache\Home\92b993b24b73b4310482dd193d5f8cb7.php 第 181 行.
NOTIC: [8] Undefined variable: row D:\xampp\htdocs\Application\Runtime\Cache\Home\92b993b24b73b4310482dd193d5f8cb7.php 第 213 行.
NOTIC: [8] Undefined variable: del1 D:\xampp\htdocs\Application\Runtime\Cache\Home\92b993b24b73b4310482dd193d5f8cb7.php 第 181 行.
NOTIC: [8] Undefined variable: jgid D:\xampp\htdocs\Application\Runtime\Cache\Home\92b993b24b73b4310482dd193d5f8cb7.php 第 181 行.
NOTIC: [8] Undefined variable: row D:\xampp\htdocs\Application\Runtime\Cache\Home\92b993b24b73b4310482dd193d5f8cb7.php 第 213 行.
NOTIC: [8] Undefined variable: del1 D:\xampp\htdocs\Application\Runtime\Cache\Home\92b993b24b73b4310482dd193d5f8cb7.php 第 181 行.
NOTIC: [8] Undefined variable: jgid D:\xampp\htdocs\Application\Runtime\Cache\Home\92b993b24b73b4310482dd193d5f8cb7.php 第 181 行.
NOTIC: [8] Undefined variable: row D:\xampp\htdocs\Application\Runtime\Cache\Home\92b993b24b73b4310482dd193d5f8cb7.php 第 213 行.
NOTIC: [8] Undefined variable: del1 D:\xampp\htdocs\Application\Runtime\Cache\Home\92b993b24b73b4310482dd193d5f8cb7.php 第 181 行.
NOTIC: [8] Undefined variable: jgid D:\xampp\htdocs\Application\Runtime\Cache\Home\92b993b24b73b4310482dd193d5f8cb7.php 第 181 行.
NOTIC: [8] Undefined variable: row D:\xampp\htdocs\Application\Runtime\Cache\Home\92b993b24b73b4310482dd193d5f8cb7.php 第 213 行.
NOTIC: [8] Undefined variable: del1 D:\xampp\htdocs\Application\Runtime\Cache\Home\92b993b24b73b4310482dd193d5f8cb7.php 第 181 行.
NOTIC: [8] Undefined variable: jgid D:\xampp\htdocs\Application\Runtime\Cache\Home\92b993b24b73b4310482dd193d5f8cb7.php 第 181 行.
NOTIC: [8] Undefined variable: row D:\xampp\htdocs\Application\Runtime\Cache\Home\92b993b24b73b4310482dd193d5f8cb7.php 第 213 行.
NOTIC: [8] Undefined variable: del1 D:\xampp\htdocs\Application\Runtime\Cache\Home\92b993b24b73b4310482dd193d5f8cb7.php 第 181 行.
NOTIC: [8] Undefined variable: jgid D:\xampp\htdocs\Application\Runtime\Cache\Home\92b993b24b73b4310482dd193d5f8cb7.php 第 181 行.
NOTIC: [8] Undefined variable: row D:\xampp\htdocs\Application\Runtime\Cache\Home\92b993b24b73b4310482dd193d5f8cb7.php 第 213 行.
NOTIC: [8] Undefined variable: tablist D:\xampp\htdocs\Application\Runtime\Cache\Home\92b993b24b73b4310482dd193d5f8cb7.php 第 267 行.
INFO: Run Behavior\ParseTemplateBehavior [ RunTime:0.012470s ]
INFO: [ view_parse ] --END-- [ RunTime:0.012529s ]
INFO: [ view_filter ] --START--
INFO: Run Behavior\WriteHtmlCacheBehavior [ RunTime:0.000439s ]
INFO: [ view_filter ] --END-- [ RunTime:0.000499s ]
INFO: [ app_end ] --START--
INFO: Run Behavior\ShowPageTraceBehavior [ RunTime:0.000869s ]
INFO: [ app_end ] --END-- [ RunTime:0.000960s ]

[ 2018-03-24T06:38:30+08:00 ] ::1 /index.php/Home/Xg/del.html
INFO: [ app_init ] --START--
INFO: Run Behavior\BuildLiteBehavior [ RunTime:0.000013s ]
INFO: [ app_init ] --END-- [ RunTime:0.000308s ]
INFO: [ app_begin ] --START--
INFO: Run Behavior\ReadHtmlCacheBehavior [ RunTime:0.000391s ]
INFO: [ app_begin ] --END-- [ RunTime:0.000440s ]
SQL: SHOW COLUMNS FROM `jg` [ RunTime:0.0069s ]
SQL: DELETE FROM `jg` WHERE `id` = 0 [ RunTime:0.0003s ]

[ 2018-03-24T06:38:56+08:00 ] ::1 /index.php/Home/Xg/edit.html
INFO: [ app_init ] --START--
INFO: Run Behavior\BuildLiteBehavior [ RunTime:0.000014s ]
INFO: [ app_init ] --END-- [ RunTime:0.000353s ]
INFO: [ app_begin ] --START--
INFO: Run Behavior\ReadHtmlCacheBehavior [ RunTime:0.000445s ]
INFO: [ app_begin ] --END-- [ RunTime:0.000497s ]
SQL: SHOW COLUMNS FROM `jg` [ RunTime:0.0055s ]

[ 2018-03-24T06:38:58+08:00 ] ::1 /index.php/home/xg
INFO: [ app_init ] --START--
INFO: Run Behavior\BuildLiteBehavior [ RunTime:0.000017s ]
INFO: [ app_init ] --END-- [ RunTime:0.000683s ]
INFO: [ app_begin ] --START--
INFO: Run Behavior\ReadHtmlCacheBehavior [ RunTime:0.000434s ]
INFO: [ app_begin ] --END-- [ RunTime:0.000488s ]
SQL: SHOW COLUMNS FROM `jg` [ RunTime:0.0081s ]
SQL: SELECT COUNT(*) AS tp_count FROM `jg` LIMIT 1   [ RunTime:0.0014s ]
SQL: SELECT `id`,`riq`,`gold`,`silver`,`silver1`,`pd`,`ru`,`pt`,`rh`,`yr`,`jcpd`,`jcpt` FROM `jg` ORDER BY riq desc LIMIT 0,14   [ RunTime:0.0012s ]
INFO: [ view_parse ] --START--
INFO: [ template_filter ] --START--
INFO: Run Behavior\ContentReplaceBehavior [ RunTime:0.000076s ]
INFO: [ template_filter ] --END-- [ RunTime:0.000126s ]
NOTIC: [8] Undefined variable: del1 D:\xampp\htdocs\Application\Runtime\Cache\Home\92b993b24b73b4310482dd193d5f8cb7.php 第 181 行.
NOTIC: [8] Undefined variable: jgid D:\xampp\htdocs\Application\Runtime\Cache\Home\92b993b24b73b4310482dd193d5f8cb7.php 第 181 行.
NOTIC: [8] Undefined variable: row D:\xampp\htdocs\Application\Runtime\Cache\Home\92b993b24b73b4310482dd193d5f8cb7.php 第 213 行.
NOTIC: [8] Undefined variable: del1 D:\xampp\htdocs\Application\Runtime\Cache\Home\92b993b24b73b4310482dd193d5f8cb7.php 第 181 行.
NOTIC: [8] Undefined variable: jgid D:\xampp\htdocs\Application\Runtime\Cache\Home\92b993b24b73b4310482dd193d5f8cb7.php 第 181 行.
NOTIC: [8] Undefined variable: row D:\xampp\htdocs\Application\Runtime\Cache\Home\92b993b24b73b4310482dd193d5f8cb7.php 第 213 行.
NOTIC: [8] Undefined variable: del1 D:\xampp\htdocs\Application\Runtime\Cache\Home\92b993b24b73b4310482dd193d5f8cb7.php 第 181 行.
NOTIC: [8] Undefined variable: jgid D:\xampp\htdocs\Application\Runtime\Cache\Home\92b993b24b73b4310482dd193d5f8cb7.php 第 181 行.
NOTIC: [8] Undefined variable: row D:\xampp\htdocs\Application\Runtime\Cache\Home\92b993b24b73b4310482dd193d5f8cb7.php 第 213 行.
NOTIC: [8] Undefined variable: del1 D:\xampp\htdocs\Application\Runtime\Cache\Home\92b993b24b73b4310482dd193d5f8cb7.php 第 181 行.
NOTIC: [8] Undefined variable: jgid D:\xampp\htdocs\Application\Runtime\Cache\Home\92b993b24b73b4310482dd193d5f8cb7.php 第 181 行.
NOTIC: [8] Undefined variable: row D:\xampp\htdocs\Application\Runtime\Cache\Home\92b993b24b73b4310482dd193d5f8cb7.php 第 213 行.
NOTIC: [8] Undefined variable: del1 D:\xampp\htdocs\Application\Runtime\Cache\Home\92b993b24b73b4310482dd193d5f8cb7.php 第 181 行.
NOTIC: [8] Undefined variable: jgid D:\xampp\htdocs\Application\Runtime\Cache\Home\92b993b24b73b4310482dd193d5f8cb7.php 第 181 行.
NOTIC: [8] Undefined variable: row D:\xampp\htdocs\Application\Runtime\Cache\Home\92b993b24b73b4310482dd193d5f8cb7.php 第 213 行.
NOTIC: [8] Undefined variable: del1 D:\xampp\htdocs\Application\Runtime\Cache\Home\92b993b24b73b4310482dd193d5f8cb7.php 第 181 行.
NOTIC: [8] Undefined variable: jgid D:\xampp\htdocs\Application\Runtime\Cache\Home\92b993b24b73b4310482dd193d5f8cb7.php 第 181 行.
NOTIC: [8] Undefined variable: row D:\xampp\htdocs\Application\Runtime\Cache\Home\92b993b24b73b4310482dd193d5f8cb7.php 第 213 行.
NOTIC: [8] Undefined variable: del1 D:\xampp\htdocs\Application\Runtime\Cache\Home\92b993b24b73b4310482dd193d5f8cb7.php 第 181 行.
NOTIC: [8] Undefined variable: jgid D:\xampp\htdocs\Application\Runtime\Cache\Home\92b993b24b73b4310482dd193d5f8cb7.php 第 181 行.
NOTIC: [8] Undefined variable: row D:\xampp\htdocs\Application\Runtime\Cache\Home\92b993b24b73b4310482dd193d5f8cb7.php 第 213 行.
NOTIC: [8] Undefined variable: del1 D:\xampp\htdocs\Application\Runtime\Cache\Home\92b993b24b73b4310482dd193d5f8cb7.php 第 181 行.
NOTIC: [8] Undefined variable: jgid D:\xampp\htdocs\Application\Runtime\Cache\Home\92b993b24b73b4310482dd193d5f8cb7.php 第 181 行.
NOTIC: [8] Undefined variable: row D:\xampp\htdocs\Application\Runtime\Cache\Home\92b993b24b73b4310482dd193d5f8cb7.php 第 213 行.
NOTIC: [8] Undefined variable: del1 D:\xampp\htdocs\Application\Runtime\Cache\Home\92b993b24b73b4310482dd193d5f8cb7.php 第 181 行.
NOTIC: [8] Undefined variable: jgid D:\xampp\htdocs\Application\Runtime\Cache\Home\92b993b24b73b4310482dd193d5f8cb7.php 第 181 行.
NOTIC: [8] Undefined variable: row D:\xampp\htdocs\Application\Runtime\Cache\Home\92b993b24b73b4310482dd193d5f8cb7.php 第 213 行.
NOTIC: [8] Undefined variable: del1 D:\xampp\htdocs\Application\Runtime\Cache\Home\92b993b24b73b4310482dd193d5f8cb7.php 第 181 行.
NOTIC: [8] Undefined variable: jgid D:\xampp\htdocs\Application\Runtime\Cache\Home\92b993b24b73b4310482dd193d5f8cb7.php 第 181 行.
NOTIC: [8] Undefined variable: row D:\xampp\htdocs\Application\Runtime\Cache\Home\92b993b24b73b4310482dd193d5f8cb7.php 第 213 行.
NOTIC: [8] Undefined variable: del1 D:\xampp\htdocs\Application\Runtime\Cache\Home\92b993b24b73b4310482dd193d5f8cb7.php 第 181 行.
NOTIC: [8] Undefined variable: jgid D:\xampp\htdocs\Application\Runtime\Cache\Home\92b993b24b73b4310482dd193d5f8cb7.php 第 181 行.
NOTIC: [8] Undefined variable: row D:\xampp\htdocs\Application\Runtime\Cache\Home\92b993b24b73b4310482dd193d5f8cb7.php 第 213 行.
NOTIC: [8] Undefined variable: del1 D:\xampp\htdocs\Application\Runtime\Cache\Home\92b993b24b73b4310482dd193d5f8cb7.php 第 181 行.
NOTIC: [8] Undefined variable: jgid D:\xampp\htdocs\Application\Runtime\Cache\Home\92b993b24b73b4310482dd193d5f8cb7.php 第 181 行.
NOTIC: [8] Undefined variable: row D:\xampp\htdocs\Application\Runtime\Cache\Home\92b993b24b73b4310482dd193d5f8cb7.php 第 213 行.
NOTIC: [8] Undefined variable: del1 D:\xampp\htdocs\Application\Runtime\Cache\Home\92b993b24b73b4310482dd193d5f8cb7.php 第 181 行.
NOTIC: [8] Undefined variable: jgid D:\xampp\htdocs\Application\Runtime\Cache\Home\92b993b24b73b4310482dd193d5f8cb7.php 第 181 行.
NOTIC: [8] Undefined variable: row D:\xampp\htdocs\Application\Runtime\Cache\Home\92b993b24b73b4310482dd193d5f8cb7.php 第 213 行.
NOTIC: [8] Undefined variable: del1 D:\xampp\htdocs\Application\Runtime\Cache\Home\92b993b24b73b4310482dd193d5f8cb7.php 第 181 行.
NOTIC: [8] Undefined variable: jgid D:\xampp\htdocs\Application\Runtime\Cache\Home\92b993b24b73b4310482dd193d5f8cb7.php 第 181 行.
NOTIC: [8] Undefined variable: row D:\xampp\htdocs\Application\Runtime\Cache\Home\92b993b24b73b4310482dd193d5f8cb7.php 第 213 行.
NOTIC: [8] Undefined variable: tablist D:\xampp\htdocs\Application\Runtime\Cache\Home\92b993b24b73b4310482dd193d5f8cb7.php 第 267 行.
INFO: Run Behavior\ParseTemplateBehavior [ RunTime:0.012739s ]
INFO: [ view_parse ] --END-- [ RunTime:0.012803s ]
INFO: [ view_filter ] --START--
INFO: Run Behavior\WriteHtmlCacheBehavior [ RunTime:0.000201s ]
INFO: [ view_filter ] --END-- [ RunTime:0.000232s ]
INFO: [ app_end ] --START--
INFO: Run Behavior\ShowPageTraceBehavior [ RunTime:0.000445s ]
INFO: [ app_end ] --END-- [ RunTime:0.000527s ]

[ 2018-03-24T06:39:10+08:00 ] ::1 /index.php/home/xg
INFO: [ app_init ] --START--
INFO: Run Behavior\BuildLiteBehavior [ RunTime:0.000043s ]
INFO: [ app_init ] --END-- [ RunTime:0.000448s ]
INFO: [ app_begin ] --START--
INFO: Run Behavior\ReadHtmlCacheBehavior [ RunTime:0.000594s ]
INFO: [ app_begin ] --END-- [ RunTime:0.000672s ]
SQL: SHOW COLUMNS FROM `jg` [ RunTime:0.0073s ]
SQL: SELECT COUNT(*) AS tp_count FROM `jg` LIMIT 1   [ RunTime:0.0011s ]
SQL: SELECT `id`,`riq`,`gold`,`silver`,`silver1`,`pd`,`ru`,`pt`,`rh`,`yr`,`jcpd`,`jcpt` FROM `jg` ORDER BY riq desc LIMIT 0,14   [ RunTime:0.0014s ]
INFO: [ view_parse ] --START--
INFO: [ template_filter ] --START--
INFO: Run Behavior\ContentReplaceBehavior [ RunTime:0.000077s ]
INFO: [ template_filter ] --END-- [ RunTime:0.000126s ]
NOTIC: [8] Undefined variable: del1 D:\xampp\htdocs\Application\Runtime\Cache\Home\92b993b24b73b4310482dd193d5f8cb7.php 第 181 行.
NOTIC: [8] Undefined variable: jgid D:\xampp\htdocs\Application\Runtime\Cache\Home\92b993b24b73b4310482dd193d5f8cb7.php 第 181 行.
NOTIC: [8] Undefined variable: row D:\xampp\htdocs\Application\Runtime\Cache\Home\92b993b24b73b4310482dd193d5f8cb7.php 第 213 行.
NOTIC: [8] Undefined variable: del1 D:\xampp\htdocs\Application\Runtime\Cache\Home\92b993b24b73b4310482dd193d5f8cb7.php 第 181 行.
NOTIC: [8] Undefined variable: jgid D:\xampp\htdocs\Application\Runtime\Cache\Home\92b993b24b73b4310482dd193d5f8cb7.php 第 181 行.
NOTIC: [8] Undefined variable: row D:\xampp\htdocs\Application\Runtime\Cache\Home\92b993b24b73b4310482dd193d5f8cb7.php 第 213 行.
NOTIC: [8] Undefined variable: del1 D:\xampp\htdocs\Application\Runtime\Cache\Home\92b993b24b73b4310482dd193d5f8cb7.php 第 181 行.
NOTIC: [8] Undefined variable: jgid D:\xampp\htdocs\Application\Runtime\Cache\Home\92b993b24b73b4310482dd193d5f8cb7.php 第 181 行.
NOTIC: [8] Undefined variable: row D:\xampp\htdocs\Application\Runtime\Cache\Home\92b993b24b73b4310482dd193d5f8cb7.php 第 213 行.
NOTIC: [8] Undefined variable: del1 D:\xampp\htdocs\Application\Runtime\Cache\Home\92b993b24b73b4310482dd193d5f8cb7.php 第 181 行.
NOTIC: [8] Undefined variable: jgid D:\xampp\htdocs\Application\Runtime\Cache\Home\92b993b24b73b4310482dd193d5f8cb7.php 第 181 行.
NOTIC: [8] Undefined variable: row D:\xampp\htdocs\Application\Runtime\Cache\Home\92b993b24b73b4310482dd193d5f8cb7.php 第 213 行.
NOTIC: [8] Undefined variable: del1 D:\xampp\htdocs\Application\Runtime\Cache\Home\92b993b24b73b4310482dd193d5f8cb7.php 第 181 行.
NOTIC: [8] Undefined variable: jgid D:\xampp\htdocs\Application\Runtime\Cache\Home\92b993b24b73b4310482dd193d5f8cb7.php 第 181 行.
NOTIC: [8] Undefined variable: row D:\xampp\htdocs\Application\Runtime\Cache\Home\92b993b24b73b4310482dd193d5f8cb7.php 第 213 行.
NOTIC: [8] Undefined variable: del1 D:\xampp\htdocs\Application\Runtime\Cache\Home\92b993b24b73b4310482dd193d5f8cb7.php 第 181 行.
NOTIC: [8] Undefined variable: jgid D:\xampp\htdocs\Application\Runtime\Cache\Home\92b993b24b73b4310482dd193d5f8cb7.php 第 181 行.
NOTIC: [8] Undefined variable: row D:\xampp\htdocs\Application\Runtime\Cache\Home\92b993b24b73b4310482dd193d5f8cb7.php 第 213 行.
NOTIC: [8] Undefined variable: del1 D:\xampp\htdocs\Application\Runtime\Cache\Home\92b993b24b73b4310482dd193d5f8cb7.php 第 181 行.
NOTIC: [8] Undefined variable: jgid D:\xampp\htdocs\Application\Runtime\Cache\Home\92b993b24b73b4310482dd193d5f8cb7.php 第 181 行.
NOTIC: [8] Undefined variable: row D:\xampp\htdocs\Application\Runtime\Cache\Home\92b993b24b73b4310482dd193d5f8cb7.php 第 213 行.
NOTIC: [8] Undefined variable: del1 D:\xampp\htdocs\Application\Runtime\Cache\Home\92b993b24b73b4310482dd193d5f8cb7.php 第 181 行.
NOTIC: [8] Undefined variable: jgid D:\xampp\htdocs\Application\Runtime\Cache\Home\92b993b24b73b4310482dd193d5f8cb7.php 第 181 行.
NOTIC: [8] Undefined variable: row D:\xampp\htdocs\Application\Runtime\Cache\Home\92b993b24b73b4310482dd193d5f8cb7.php 第 213 行.
NOTIC: [8] Undefined variable: del1 D:\xampp\htdocs\Application\Runtime\Cache\Home\92b993b24b73b4310482dd193d5f8cb7.php 第 181 行.
NOTIC: [8] Undefined variable: jgid D:\xampp\htdocs\Application\Runtime\Cache\Home\92b993b24b73b4310482dd193d5f8cb7.php 第 181 行.
NOTIC: [8] Undefined variable: row D:\xampp\htdocs\Application\Runtime\Cache\Home\92b993b24b73b4310482dd193d5f8cb7.php 第 213 行.
NOTIC: [8] Undefined variable: del1 D:\xampp\htdocs\Application\Runtime\Cache\Home\92b993b24b73b4310482dd193d5f8cb7.php 第 181 行.
NOTIC: [8] Undefined variable: jgid D:\xampp\htdocs\Application\Runtime\Cache\Home\92b993b24b73b4310482dd193d5f8cb7.php 第 181 行.
NOTIC: [8] Undefined variable: row D:\xampp\htdocs\Application\Runtime\Cache\Home\92b993b24b73b4310482dd193d5f8cb7.php 第 213 行.
NOTIC: [8] Undefined variable: del1 D:\xampp\htdocs\Application\Runtime\Cache\Home\92b993b24b73b4310482dd193d5f8cb7.php 第 181 行.
NOTIC: [8] Undefined variable: jgid D:\xampp\htdocs\Application\Runtime\Cache\Home\92b993b24b73b4310482dd193d5f8cb7.php 第 181 行.
NOTIC: [8] Undefined variable: row D:\xampp\htdocs\Application\Runtime\Cache\Home\92b993b24b73b4310482dd193d5f8cb7.php 第 213 行.
NOTIC: [8] Undefined variable: del1 D:\xampp\htdocs\Application\Runtime\Cache\Home\92b993b24b73b4310482dd193d5f8cb7.php 第 181 行.
NOTIC: [8] Undefined variable: jgid D:\xampp\htdocs\Application\Runtime\Cache\Home\92b993b24b73b4310482dd193d5f8cb7.php 第 181 行.
NOTIC: [8] Undefined variable: row D:\xampp\htdocs\Application\Runtime\Cache\Home\92b993b24b73b4310482dd193d5f8cb7.php 第 213 行.
NOTIC: [8] Undefined variable: del1 D:\xampp\htdocs\Application\Runtime\Cache\Home\92b993b24b73b4310482dd193d5f8cb7.php 第 181 行.
NOTIC: [8] Undefined variable: jgid D:\xampp\htdocs\Application\Runtime\Cache\Home\92b993b24b73b4310482dd193d5f8cb7.php 第 181 行.
NOTIC: [8] Undefined variable: row D:\xampp\htdocs\Application\Runtime\Cache\Home\92b993b24b73b4310482dd193d5f8cb7.php 第 213 行.
NOTIC: [8] Undefined variable: del1 D:\xampp\htdocs\Application\Runtime\Cache\Home\92b993b24b73b4310482dd193d5f8cb7.php 第 181 行.
NOTIC: [8] Undefined variable: jgid D:\xampp\htdocs\Application\Runtime\Cache\Home\92b993b24b73b4310482dd193d5f8cb7.php 第 181 行.
NOTIC: [8] Undefined variable: row D:\xampp\htdocs\Application\Runtime\Cache\Home\92b993b24b73b4310482dd193d5f8cb7.php 第 213 行.
NOTIC: [8] Undefined variable: tablist D:\xampp\htdocs\Application\Runtime\Cache\Home\92b993b24b73b4310482dd193d5f8cb7.php 第 267 行.
INFO: Run Behavior\ParseTemplateBehavior [ RunTime:0.014626s ]
INFO: [ view_parse ] --END-- [ RunTime:0.014701s ]
INFO: [ view_filter ] --START--
INFO: Run Behavior\WriteHtmlCacheBehavior [ RunTime:0.000273s ]
INFO: [ view_filter ] --END-- [ RunTime:0.000309s ]
INFO: [ app_end ] --START--
INFO: Run Behavior\ShowPageTraceBehavior [ RunTime:0.000769s ]
INFO: [ app_end ] --END-- [ RunTime:0.000846s ]

[ 2018-03-24T06:39:16+08:00 ] ::1 /index.php/home/xg
INFO: [ app_init ] --START--
INFO: Run Behavior\BuildLiteBehavior [ RunTime:0.000014s ]
INFO: [ app_init ] --END-- [ RunTime:0.000379s ]
INFO: [ app_begin ] --START--
INFO: Run Behavior\ReadHtmlCacheBehavior [ RunTime:0.000467s ]
INFO: [ app_begin ] --END-- [ RunTime:0.000528s ]
SQL: SHOW COLUMNS FROM `jg` [ RunTime:0.0069s ]
SQL: SELECT COUNT(*) AS tp_count FROM `jg` LIMIT 1   [ RunTime:0.0007s ]
SQL: SELECT `id`,`riq`,`gold`,`silver`,`silver1`,`pd`,`ru`,`pt`,`rh`,`yr`,`jcpd`,`jcpt` FROM `jg` ORDER BY riq desc LIMIT 0,14   [ RunTime:0.0011s ]
INFO: [ view_parse ] --START--
INFO: [ template_filter ] --START--
INFO: Run Behavior\ContentReplaceBehavior [ RunTime:0.000072s ]
INFO: [ template_filter ] --END-- [ RunTime:0.000118s ]
NOTIC: [8] Undefined variable: del1 D:\xampp\htdocs\Application\Runtime\Cache\Home\92b993b24b73b4310482dd193d5f8cb7.php 第 181 行.
NOTIC: [8] Undefined variable: jgid D:\xampp\htdocs\Application\Runtime\Cache\Home\92b993b24b73b4310482dd193d5f8cb7.php 第 181 行.
NOTIC: [8] Undefined variable: row D:\xampp\htdocs\Application\Runtime\Cache\Home\92b993b24b73b4310482dd193d5f8cb7.php 第 213 行.
NOTIC: [8] Undefined variable: del1 D:\xampp\htdocs\Application\Runtime\Cache\Home\92b993b24b73b4310482dd193d5f8cb7.php 第 181 行.
NOTIC: [8] Undefined variable: jgid D:\xampp\htdocs\Application\Runtime\Cache\Home\92b993b24b73b4310482dd193d5f8cb7.php 第 181 行.
NOTIC: [8] Undefined variable: row D:\xampp\htdocs\Application\Runtime\Cache\Home\92b993b24b73b4310482dd193d5f8cb7.php 第 213 行.
NOTIC: [8] Undefined variable: del1 D:\xampp\htdocs\Application\Runtime\Cache\Home\92b993b24b73b4310482dd193d5f8cb7.php 第 181 行.
NOTIC: [8] Undefined variable: jgid D:\xampp\htdocs\Application\Runtime\Cache\Home\92b993b24b73b4310482dd193d5f8cb7.php 第 181 行.
NOTIC: [8] Undefined variable: row D:\xampp\htdocs\Application\Runtime\Cache\Home\92b993b24b73b4310482dd193d5f8cb7.php 第 213 行.
NOTIC: [8] Undefined variable: del1 D:\xampp\htdocs\Application\Runtime\Cache\Home\92b993b24b73b4310482dd193d5f8cb7.php 第 181 行.
NOTIC: [8] Undefined variable: jgid D:\xampp\htdocs\Application\Runtime\Cache\Home\92b993b24b73b4310482dd193d5f8cb7.php 第 181 行.
NOTIC: [8] Undefined variable: row D:\xampp\htdocs\Application\Runtime\Cache\Home\92b993b24b73b4310482dd193d5f8cb7.php 第 213 行.
NOTIC: [8] Undefined variable: del1 D:\xampp\htdocs\Application\Runtime\Cache\Home\92b993b24b73b4310482dd193d5f8cb7.php 第 181 行.
NOTIC: [8] Undefined variable: jgid D:\xampp\htdocs\Application\Runtime\Cache\Home\92b993b24b73b4310482dd193d5f8cb7.php 第 181 行.
NOTIC: [8] Undefined variable: row D:\xampp\htdocs\Application\Runtime\Cache\Home\92b993b24b73b4310482dd193d5f8cb7.php 第 213 行.
NOTIC: [8] Undefined variable: del1 D:\xampp\htdocs\Application\Runtime\Cache\Home\92b993b24b73b4310482dd193d5f8cb7.php 第 181 行.
NOTIC: [8] Undefined variable: jgid D:\xampp\htdocs\Application\Runtime\Cache\Home\92b993b24b73b4310482dd193d5f8cb7.php 第 181 行.
NOTIC: [8] Undefined variable: row D:\xampp\htdocs\Application\Runtime\Cache\Home\92b993b24b73b4310482dd193d5f8cb7.php 第 213 行.
NOTIC: [8] Undefined variable: del1 D:\xampp\htdocs\Application\Runtime\Cache\Home\92b993b24b73b4310482dd193d5f8cb7.php 第 181 行.
NOTIC: [8] Undefined variable: jgid D:\xampp\htdocs\Application\Runtime\Cache\Home\92b993b24b73b4310482dd193d5f8cb7.php 第 181 行.
NOTIC: [8] Undefined variable: row D:\xampp\htdocs\Application\Runtime\Cache\Home\92b993b24b73b4310482dd193d5f8cb7.php 第 213 行.
NOTIC: [8] Undefined variable: del1 D:\xampp\htdocs\Application\Runtime\Cache\Home\92b993b24b73b4310482dd193d5f8cb7.php 第 181 行.
NOTIC: [8] Undefined variable: jgid D:\xampp\htdocs\Application\Runtime\Cache\Home\92b993b24b73b4310482dd193d5f8cb7.php 第 181 行.
NOTIC: [8] Undefined variable: row D:\xampp\htdocs\Application\Runtime\Cache\Home\92b993b24b73b4310482dd193d5f8cb7.php 第 213 行.
NOTIC: [8] Undefined variable: del1 D:\xampp\htdocs\Application\Runtime\Cache\Home\92b993b24b73b4310482dd193d5f8cb7.php 第 181 行.
NOTIC: [8] Undefined variable: jgid D:\xampp\htdocs\Application\Runtime\Cache\Home\92b993b24b73b4310482dd193d5f8cb7.php 第 181 行.
NOTIC: [8] Undefined variable: row D:\xampp\htdocs\Application\Runtime\Cache\Home\92b993b24b73b4310482dd193d5f8cb7.php 第 213 行.
NOTIC: [8] Undefined variable: del1 D:\xampp\htdocs\Application\Runtime\Cache\Home\92b993b24b73b4310482dd193d5f8cb7.php 第 181 行.
NOTIC: [8] Undefined variable: jgid D:\xampp\htdocs\Application\Runtime\Cache\Home\92b993b24b73b4310482dd193d5f8cb7.php 第 181 行.
NOTIC: [8] Undefined variable: row D:\xampp\htdocs\Application\Runtime\Cache\Home\92b993b24b73b4310482dd193d5f8cb7.php 第 213 行.
NOTIC: [8] Undefined variable: del1 D:\xampp\htdocs\Application\Runtime\Cache\Home\92b993b24b73b4310482dd193d5f8cb7.php 第 181 行.
NOTIC: [8] Undefined variable: jgid D:\xampp\htdocs\Application\Runtime\Cache\Home\92b993b24b73b4310482dd193d5f8cb7.php 第 181 行.
NOTIC: [8] Undefined variable: row D:\xampp\htdocs\Application\Runtime\Cache\Home\92b993b24b73b4310482dd193d5f8cb7.php 第 213 行.
NOTIC: [8] Undefined variable: del1 D:\xampp\htdocs\Application\Runtime\Cache\Home\92b993b24b73b4310482dd193d5f8cb7.php 第 181 行.
NOTIC: [8] Undefined variable: jgid D:\xampp\htdocs\Application\Runtime\Cache\Home\92b993b24b73b4310482dd193d5f8cb7.php 第 181 行.
NOTIC: [8] Undefined variable: row D:\xampp\htdocs\Application\Runtime\Cache\Home\92b993b24b73b4310482dd193d5f8cb7.php 第 213 行.
NOTIC: [8] Undefined variable: del1 D:\xampp\htdocs\Application\Runtime\Cache\Home\92b993b24b73b4310482dd193d5f8cb7.php 第 181 行.
NOTIC: [8] Undefined variable: jgid D:\xampp\htdocs\Application\Runtime\Cache\Home\92b993b24b73b4310482dd193d5f8cb7.php 第 181 行.
NOTIC: [8] Undefined variable: row D:\xampp\htdocs\Application\Runtime\Cache\Home\92b993b24b73b4310482dd193d5f8cb7.php 第 213 行.
NOTIC: [8] Undefined variable: del1 D:\xampp\htdocs\Application\Runtime\Cache\Home\92b993b24b73b4310482dd193d5f8cb7.php 第 181 行.
NOTIC: [8] Undefined variable: jgid D:\xampp\htdocs\Application\Runtime\Cache\Home\92b993b24b73b4310482dd193d5f8cb7.php 第 181 行.
NOTIC: [8] Undefined variable: row D:\xampp\htdocs\Application\Runtime\Cache\Home\92b993b24b73b4310482dd193d5f8cb7.php 第 213 行.
NOTIC: [8] Undefined variable: tablist D:\xampp\htdocs\Application\Runtime\Cache\Home\92b993b24b73b4310482dd193d5f8cb7.php 第 267 行.
INFO: Run Behavior\ParseTemplateBehavior [ RunTime:0.011920s ]
INFO: [ view_parse ] --END-- [ RunTime:0.011995s ]
INFO: [ view_filter ] --START--
INFO: Run Behavior\WriteHtmlCacheBehavior [ RunTime:0.000234s ]
INFO: [ view_filter ] --END-- [ RunTime:0.000265s ]
INFO: [ app_end ] --START--
INFO: Run Behavior\ShowPageTraceBehavior [ RunTime:0.000463s ]
INFO: [ app_end ] --END-- [ RunTime:0.000522s ]

[ 2018-03-24T06:39:23+08:00 ] ::1 /index.php/home/xg
INFO: [ app_init ] --START--
INFO: Run Behavior\BuildLiteBehavior [ RunTime:0.000012s ]
INFO: [ app_init ] --END-- [ RunTime:0.000310s ]
INFO: [ app_begin ] --START--
INFO: Run Behavior\ReadHtmlCacheBehavior [ RunTime:0.000370s ]
INFO: [ app_begin ] --END-- [ RunTime:0.000416s ]
SQL: SHOW COLUMNS FROM `jg` [ RunTime:0.0069s ]
SQL: SELECT COUNT(*) AS tp_count FROM `jg` LIMIT 1   [ RunTime:0.0008s ]
SQL: SELECT `id`,`riq`,`gold`,`silver`,`silver1`,`pd`,`ru`,`pt`,`rh`,`yr`,`jcpd`,`jcpt` FROM `jg` ORDER BY riq desc LIMIT 0,14   [ RunTime:0.0012s ]
INFO: [ view_parse ] --START--
INFO: [ template_filter ] --START--
INFO: Run Behavior\ContentReplaceBehavior [ RunTime:0.000070s ]
INFO: [ template_filter ] --END-- [ RunTime:0.000125s ]
NOTIC: [8] Undefined variable: del1 D:\xampp\htdocs\Application\Runtime\Cache\Home\92b993b24b73b4310482dd193d5f8cb7.php 第 181 行.
NOTIC: [8] Undefined variable: jgid D:\xampp\htdocs\Application\Runtime\Cache\Home\92b993b24b73b4310482dd193d5f8cb7.php 第 181 行.
NOTIC: [8] Undefined variable: row D:\xampp\htdocs\Application\Runtime\Cache\Home\92b993b24b73b4310482dd193d5f8cb7.php 第 213 行.
NOTIC: [8] Undefined variable: del1 D:\xampp\htdocs\Application\Runtime\Cache\Home\92b993b24b73b4310482dd193d5f8cb7.php 第 181 行.
NOTIC: [8] Undefined variable: jgid D:\xampp\htdocs\Application\Runtime\Cache\Home\92b993b24b73b4310482dd193d5f8cb7.php 第 181 行.
NOTIC: [8] Undefined variable: row D:\xampp\htdocs\Application\Runtime\Cache\Home\92b993b24b73b4310482dd193d5f8cb7.php 第 213 行.
NOTIC: [8] Undefined variable: del1 D:\xampp\htdocs\Application\Runtime\Cache\Home\92b993b24b73b4310482dd193d5f8cb7.php 第 181 行.
NOTIC: [8] Undefined variable: jgid D:\xampp\htdocs\Application\Runtime\Cache\Home\92b993b24b73b4310482dd193d5f8cb7.php 第 181 行.
NOTIC: [8] Undefined variable: row D:\xampp\htdocs\Application\Runtime\Cache\Home\92b993b24b73b4310482dd193d5f8cb7.php 第 213 行.
NOTIC: [8] Undefined variable: del1 D:\xampp\htdocs\Application\Runtime\Cache\Home\92b993b24b73b4310482dd193d5f8cb7.php 第 181 行.
NOTIC: [8] Undefined variable: jgid D:\xampp\htdocs\Application\Runtime\Cache\Home\92b993b24b73b4310482dd193d5f8cb7.php 第 181 行.
NOTIC: [8] Undefined variable: row D:\xampp\htdocs\Application\Runtime\Cache\Home\92b993b24b73b4310482dd193d5f8cb7.php 第 213 行.
NOTIC: [8] Undefined variable: del1 D:\xampp\htdocs\Application\Runtime\Cache\Home\92b993b24b73b4310482dd193d5f8cb7.php 第 181 行.
NOTIC: [8] Undefined variable: jgid D:\xampp\htdocs\Application\Runtime\Cache\Home\92b993b24b73b4310482dd193d5f8cb7.php 第 181 行.
NOTIC: [8] Undefined variable: row D:\xampp\htdocs\Application\Runtime\Cache\Home\92b993b24b73b4310482dd193d5f8cb7.php 第 213 行.
NOTIC: [8] Undefined variable: del1 D:\xampp\htdocs\Application\Runtime\Cache\Home\92b993b24b73b4310482dd193d5f8cb7.php 第 181 行.
NOTIC: [8] Undefined variable: jgid D:\xampp\htdocs\Application\Runtime\Cache\Home\92b993b24b73b4310482dd193d5f8cb7.php 第 181 行.
NOTIC: [8] Undefined variable: row D:\xampp\htdocs\Application\Runtime\Cache\Home\92b993b24b73b4310482dd193d5f8cb7.php 第 213 行.
NOTIC: [8] Undefined variable: del1 D:\xampp\htdocs\Application\Runtime\Cache\Home\92b993b24b73b4310482dd193d5f8cb7.php 第 181 行.
NOTIC: [8] Undefined variable: jgid D:\xampp\htdocs\Application\Runtime\Cache\Home\92b993b24b73b4310482dd193d5f8cb7.php 第 181 行.
NOTIC: [8] Undefined variable: row D:\xampp\htdocs\Application\Runtime\Cache\Home\92b993b24b73b4310482dd193d5f8cb7.php 第 213 行.
NOTIC: [8] Undefined variable: del1 D:\xampp\htdocs\Application\Runtime\Cache\Home\92b993b24b73b4310482dd193d5f8cb7.php 第 181 行.
NOTIC: [8] Undefined variable: jgid D:\xampp\htdocs\Application\Runtime\Cache\Home\92b993b24b73b4310482dd193d5f8cb7.php 第 181 行.
NOTIC: [8] Undefined variable: row D:\xampp\htdocs\Application\Runtime\Cache\Home\92b993b24b73b4310482dd193d5f8cb7.php 第 213 行.
NOTIC: [8] Undefined variable: del1 D:\xampp\htdocs\Application\Runtime\Cache\Home\92b993b24b73b4310482dd193d5f8cb7.php 第 181 行.
NOTIC: [8] Undefined variable: jgid D:\xampp\htdocs\Application\Runtime\Cache\Home\92b993b24b73b4310482dd193d5f8cb7.php 第 181 行.
NOTIC: [8] Undefined variable: row D:\xampp\htdocs\Application\Runtime\Cache\Home\92b993b24b73b4310482dd193d5f8cb7.php 第 213 行.
NOTIC: [8] Undefined variable: del1 D:\xampp\htdocs\Application\Runtime\Cache\Home\92b993b24b73b4310482dd193d5f8cb7.php 第 181 行.
NOTIC: [8] Undefined variable: jgid D:\xampp\htdocs\Application\Runtime\Cache\Home\92b993b24b73b4310482dd193d5f8cb7.php 第 181 行.
NOTIC: [8] Undefined variable: row D:\xampp\htdocs\Application\Runtime\Cache\Home\92b993b24b73b4310482dd193d5f8cb7.php 第 213 行.
NOTIC: [8] Undefined variable: del1 D:\xampp\htdocs\Application\Runtime\Cache\Home\92b993b24b73b4310482dd193d5f8cb7.php 第 181 行.
NOTIC: [8] Undefined variable: jgid D:\xampp\htdocs\Application\Runtime\Cache\Home\92b993b24b73b4310482dd193d5f8cb7.php 第 181 行.
NOTIC: [8] Undefined variable: row D:\xampp\htdocs\Application\Runtime\Cache\Home\92b993b24b73b4310482dd193d5f8cb7.php 第 213 行.
NOTIC: [8] Undefined variable: del1 D:\xampp\htdocs\Application\Runtime\Cache\Home\92b993b24b73b4310482dd193d5f8cb7.php 第 181 行.
NOTIC: [8] Undefined variable: jgid D:\xampp\htdocs\Application\Runtime\Cache\Home\92b993b24b73b4310482dd193d5f8cb7.php 第 181 行.
NOTIC: [8] Undefined variable: row D:\xampp\htdocs\Application\Runtime\Cache\Home\92b993b24b73b4310482dd193d5f8cb7.php 第 213 行.
NOTIC: [8] Undefined variable: del1 D:\xampp\htdocs\Application\Runtime\Cache\Home\92b993b24b73b4310482dd193d5f8cb7.php 第 181 行.
NOTIC: [8] Undefined variable: jgid D:\xampp\htdocs\Application\Runtime\Cache\Home\92b993b24b73b4310482dd193d5f8cb7.php 第 181 行.
NOTIC: [8] Undefined variable: row D:\xampp\htdocs\Application\Runtime\Cache\Home\92b993b24b73b4310482dd193d5f8cb7.php 第 213 行.
NOTIC: [8] Undefined variable: del1 D:\xampp\htdocs\Application\Runtime\Cache\Home\92b993b24b73b4310482dd193d5f8cb7.php 第 181 行.
NOTIC: [8] Undefined variable: jgid D:\xampp\htdocs\Application\Runtime\Cache\Home\92b993b24b73b4310482dd193d5f8cb7.php 第 181 行.
NOTIC: [8] Undefined variable: row D:\xampp\htdocs\Application\Runtime\Cache\Home\92b993b24b73b4310482dd193d5f8cb7.php 第 213 行.
NOTIC: [8] Undefined variable: tablist D:\xampp\htdocs\Application\Runtime\Cache\Home\92b993b24b73b4310482dd193d5f8cb7.php 第 267 行.
INFO: Run Behavior\ParseTemplateBehavior [ RunTime:0.011566s ]
INFO: [ view_parse ] --END-- [ RunTime:0.011622s ]
INFO: [ view_filter ] --START--
INFO: Run Behavior\WriteHtmlCacheBehavior [ RunTime:0.000219s ]
INFO: [ view_filter ] --END-- [ RunTime:0.000260s ]
INFO: [ app_end ] --START--
INFO: Run Behavior\ShowPageTraceBehavior [ RunTime:0.000459s ]
INFO: [ app_end ] --END-- [ RunTime:0.000507s ]

