[ 2018-04-23T10:29:15+08:00 ] ::1 /index.php/home/xg
INFO: [ app_init ] --START--
INFO: Run Behavior\BuildLiteBehavior [ RunTime:0.000020s ]
INFO: [ app_init ] --END-- [ RunTime:0.022590s ]
INFO: [ app_begin ] --START--
INFO: Run Behavior\ReadHtmlCacheBehavior [ RunTime:0.001387s ]
INFO: [ app_begin ] --END-- [ RunTime:0.001488s ]
SQL: SHOW COLUMNS FROM `k` [ RunTime:0.0465s ]
SQL: SELECT COUNT(*) AS tp_count FROM `k` LIMIT 1   [ RunTime:0.0014s ]
SQL: SELECT `k_id`,`k_m`,`k_hkfs`,`k_shdq`,`k_zdate`,`k_shm`,`k_shdz`,`k_lxr`,`k_hy`,`k_tel`,`k_sj`,`k_fax`,`k_yb`,`k_email`,`k_bz`,`片区`,`营销员`,`k_dzbq` FROM `k` ORDER BY k_id desc LIMIT 0,13   [ RunTime:0.0009s ]
INFO: [ view_parse ] --START--
INFO: [ template_filter ] --START--
INFO: Run Behavior\ContentReplaceBehavior [ RunTime:0.017429s ]
INFO: [ template_filter ] --END-- [ RunTime:0.017534s ]
INFO: Run Behavior\ParseTemplateBehavior [ RunTime:0.088269s ]
INFO: [ view_parse ] --END-- [ RunTime:0.088349s ]
INFO: [ view_filter ] --START--
INFO: Run Behavior\WriteHtmlCacheBehavior [ RunTime:0.025469s ]
INFO: [ view_filter ] --END-- [ RunTime:0.025536s ]
INFO: [ app_end ] --START--
INFO: Run Behavior\ShowPageTraceBehavior [ RunTime:0.013952s ]
INFO: [ app_end ] --END-- [ RunTime:0.014075s ]

[ 2018-04-23T10:29:15+08:00 ] ::1 /index.php/Home/Kh/index.html
INFO: [ app_init ] --START--
INFO: Run Behavior\BuildLiteBehavior [ RunTime:0.000017s ]
INFO: [ app_init ] --END-- [ RunTime:0.022589s ]
INFO: [ app_begin ] --START--
INFO: Run Behavior\ReadHtmlCacheBehavior [ RunTime:0.001386s ]
INFO: [ app_begin ] --END-- [ RunTime:0.001488s ]
SQL: SHOW COLUMNS FROM `k` [ RunTime:0.0459s ]
SQL: SELECT COUNT(*) AS tp_count FROM `k` LIMIT 1   [ RunTime:0.0018s ]
SQL: SELECT `k_id`,`k_m`,`k_hkfs`,`k_shdq`,`k_zdate`,`k_shm`,`k_shdz`,`k_lxr`,`k_hy`,`k_tel`,`k_sj`,`k_fax`,`k_yb`,`k_email`,`k_bz`,`片区`,`营销员`,`k_dzbq` FROM `k` ORDER BY k_m desc,k_id desc LIMIT 0,15   [ RunTime:0.0020s ]
INFO: [ view_parse ] --START--
INFO: [ template_filter ] --START--
INFO: Run Behavior\ContentReplaceBehavior [ RunTime:0.027703s ]
INFO: [ template_filter ] --END-- [ RunTime:0.027790s ]
INFO: Run Behavior\ParseTemplateBehavior [ RunTime:0.074708s ]
INFO: [ view_parse ] --END-- [ RunTime:0.074801s ]
INFO: [ view_filter ] --START--
INFO: Run Behavior\WriteHtmlCacheBehavior [ RunTime:0.024838s ]
INFO: [ view_filter ] --END-- [ RunTime:0.024915s ]
INFO: [ app_end ] --START--
INFO: Run Behavior\ShowPageTraceBehavior [ RunTime:0.014904s ]
INFO: [ app_end ] --END-- [ RunTime:0.015444s ]

[ 2018-04-23T10:30:22+08:00 ] ::1 /index.php/Home/Kh/khmx/k_id/432
INFO: [ app_init ] --START--
INFO: Run Behavior\BuildLiteBehavior [ RunTime:0.000018s ]
INFO: [ app_init ] --END-- [ RunTime:0.000435s ]
INFO: [ app_begin ] --START--
INFO: Run Behavior\ReadHtmlCacheBehavior [ RunTime:0.000510s ]
INFO: [ app_begin ] --END-- [ RunTime:0.000572s ]
SQL: SHOW COLUMNS FROM `k` [ RunTime:0.0326s ]
SQL: SELECT * FROM `k` WHERE ( k_id=432 )  [ RunTime:0.0008s ]
INFO: [ view_parse ] --START--
INFO: [ template_filter ] --START--
INFO: Run Behavior\ContentReplaceBehavior [ RunTime:0.000146s ]
INFO: [ template_filter ] --END-- [ RunTime:0.000201s ]
NOTIC: [8] Undefined index: k_shm D:\xampp\htdocs\Application\Runtime\Cache\Home\a676da6858ca4c2be134c84274e7c1eb.php 第 290 行.
NOTIC: [8] Undefined variable: page D:\xampp\htdocs\Application\Runtime\Cache\Home\a676da6858ca4c2be134c84274e7c1eb.php 第 375 行.
NOTIC: [8] Undefined variable: page D:\xampp\htdocs\Application\Runtime\Cache\Home\a676da6858ca4c2be134c84274e7c1eb.php 第 378 行.
INFO: Run Behavior\ParseTemplateBehavior [ RunTime:0.033223s ]
INFO: [ view_parse ] --END-- [ RunTime:0.033330s ]
INFO: [ view_filter ] --START--
INFO: Run Behavior\WriteHtmlCacheBehavior [ RunTime:0.000789s ]
INFO: [ view_filter ] --END-- [ RunTime:0.000905s ]
INFO: [ app_end ] --START--
INFO: Run Behavior\ShowPageTraceBehavior [ RunTime:0.000607s ]
INFO: [ app_end ] --END-- [ RunTime:0.000718s ]

[ 2018-04-23T11:07:26+08:00 ] ::1 /index.php/Home/Jg/index.html
INFO: [ app_init ] --START--
INFO: Run Behavior\BuildLiteBehavior [ RunTime:0.000018s ]
INFO: [ app_init ] --END-- [ RunTime:0.000531s ]
INFO: [ app_begin ] --START--
INFO: Run Behavior\ReadHtmlCacheBehavior [ RunTime:0.000688s ]
INFO: [ app_begin ] --END-- [ RunTime:0.000763s ]
SQL: SHOW COLUMNS FROM `jg` [ RunTime:0.0543s ]
SQL: SELECT COUNT(*) AS tp_count FROM `jg` LIMIT 1   [ RunTime:0.0284s ]
SQL: SELECT `id`,`riq`,`gold`,`silver`,`silver1`,`pd`,`ru`,`pt`,`rh`,`yr`,`jcpd`,`jcpt` FROM `jg` ORDER BY riq desc LIMIT 0,15   [ RunTime:0.0012s ]
INFO: [ view_parse ] --START--
INFO: [ template_filter ] --START--
INFO: Run Behavior\ContentReplaceBehavior [ RunTime:0.000125s ]
INFO: [ template_filter ] --END-- [ RunTime:0.000204s ]
INFO: Run Behavior\ParseTemplateBehavior [ RunTime:0.034216s ]
INFO: [ view_parse ] --END-- [ RunTime:0.034284s ]
INFO: [ view_filter ] --START--
INFO: Run Behavior\WriteHtmlCacheBehavior [ RunTime:0.000947s ]
INFO: [ view_filter ] --END-- [ RunTime:0.001067s ]
INFO: [ app_end ] --START--
INFO: Run Behavior\ShowPageTraceBehavior [ RunTime:0.000879s ]
INFO: [ app_end ] --END-- [ RunTime:0.000990s ]

[ 2018-04-23T11:07:54+08:00 ] ::1 /index.php/Home/Jg/indexedit.html
INFO: [ app_init ] --START--
INFO: Run Behavior\BuildLiteBehavior [ RunTime:0.000014s ]
INFO: [ app_init ] --END-- [ RunTime:0.000520s ]
INFO: [ app_begin ] --START--
INFO: Run Behavior\ReadHtmlCacheBehavior [ RunTime:0.000375s ]
INFO: [ app_begin ] --END-- [ RunTime:0.000421s ]
SQL: SHOW COLUMNS FROM `jg` [ RunTime:0.0082s ]
SQL: SELECT COUNT(*) AS tp_count FROM `jg` LIMIT 1   [ RunTime:0.0006s ]
SQL: SELECT `id`,`riq`,`gold`,`silver`,`silver1`,`pd`,`ru`,`pt`,`rh`,`yr`,`jcpd`,`jcpt` FROM `jg` ORDER BY riq desc LIMIT 0,15   [ RunTime:0.0010s ]
INFO: [ view_parse ] --START--
INFO: [ template_filter ] --START--
INFO: Run Behavior\ContentReplaceBehavior [ RunTime:0.000204s ]
INFO: [ template_filter ] --END-- [ RunTime:0.000296s ]
INFO: Run Behavior\ParseTemplateBehavior [ RunTime:0.018940s ]
INFO: [ view_parse ] --END-- [ RunTime:0.019027s ]
INFO: [ view_filter ] --START--
INFO: Run Behavior\WriteHtmlCacheBehavior [ RunTime:0.000343s ]
INFO: [ view_filter ] --END-- [ RunTime:0.000405s ]
INFO: [ app_end ] --START--
INFO: Run Behavior\ShowPageTraceBehavior [ RunTime:0.000835s ]
INFO: [ app_end ] --END-- [ RunTime:0.001553s ]

[ 2018-04-23T11:08:06+08:00 ] ::1 /index.php/Home/Jg/index.html
INFO: [ app_init ] --START--
INFO: Run Behavior\BuildLiteBehavior [ RunTime:0.000023s ]
INFO: [ app_init ] --END-- [ RunTime:0.000539s ]
INFO: [ app_begin ] --START--
INFO: Run Behavior\ReadHtmlCacheBehavior [ RunTime:0.000609s ]
INFO: [ app_begin ] --END-- [ RunTime:0.000697s ]
SQL: SHOW COLUMNS FROM `jg` [ RunTime:0.0075s ]
SQL: SELECT COUNT(*) AS tp_count FROM `jg` LIMIT 1   [ RunTime:0.0007s ]
SQL: SELECT `id`,`riq`,`gold`,`silver`,`silver1`,`pd`,`ru`,`pt`,`rh`,`yr`,`jcpd`,`jcpt` FROM `jg` ORDER BY riq desc LIMIT 0,15   [ RunTime:0.0010s ]
INFO: [ view_parse ] --START--
INFO: [ template_filter ] --START--
INFO: Run Behavior\ContentReplaceBehavior [ RunTime:0.000104s ]
INFO: [ template_filter ] --END-- [ RunTime:0.000185s ]
INFO: Run Behavior\ParseTemplateBehavior [ RunTime:0.012711s ]
INFO: [ view_parse ] --END-- [ RunTime:0.012784s ]
INFO: [ view_filter ] --START--
INFO: Run Behavior\WriteHtmlCacheBehavior [ RunTime:0.000260s ]
INFO: [ view_filter ] --END-- [ RunTime:0.000304s ]
INFO: [ app_end ] --START--
INFO: Run Behavior\ShowPageTraceBehavior [ RunTime:0.000544s ]
INFO: [ app_end ] --END-- [ RunTime:0.000605s ]

[ 2018-04-23T11:08:06+08:00 ] ::1 /index.php/Home/Kh/index.html
INFO: [ app_init ] --START--
INFO: Run Behavior\BuildLiteBehavior [ RunTime:0.000015s ]
INFO: [ app_init ] --END-- [ RunTime:0.000310s ]
INFO: [ app_begin ] --START--
INFO: Run Behavior\ReadHtmlCacheBehavior [ RunTime:0.000378s ]
INFO: [ app_begin ] --END-- [ RunTime:0.000428s ]
SQL: SHOW COLUMNS FROM `k` [ RunTime:0.0077s ]
SQL: SELECT COUNT(*) AS tp_count FROM `k` LIMIT 1   [ RunTime:0.0006s ]
SQL: SELECT `k_id`,`k_m`,`k_hkfs`,`k_shdq`,`k_zdate`,`k_shm`,`k_shdz`,`k_lxr`,`k_hy`,`k_tel`,`k_sj`,`k_fax`,`k_yb`,`k_email`,`k_bz`,`片区`,`营销员`,`k_dzbq` FROM `k` ORDER BY k_m desc,k_id desc LIMIT 0,15   [ RunTime:0.0016s ]
INFO: [ view_parse ] --START--
INFO: [ template_filter ] --START--
INFO: Run Behavior\ContentReplaceBehavior [ RunTime:0.000176s ]
INFO: [ template_filter ] --END-- [ RunTime:0.000243s ]
INFO: Run Behavior\ParseTemplateBehavior [ RunTime:0.011901s ]
INFO: [ view_parse ] --END-- [ RunTime:0.011954s ]
INFO: [ view_filter ] --START--
INFO: Run Behavior\WriteHtmlCacheBehavior [ RunTime:0.000214s ]
INFO: [ view_filter ] --END-- [ RunTime:0.000258s ]
INFO: [ app_end ] --START--
INFO: Run Behavior\ShowPageTraceBehavior [ RunTime:0.000629s ]
INFO: [ app_end ] --END-- [ RunTime:0.000703s ]

[ 2018-04-23T11:08:08+08:00 ] ::1 /index.php/Home/Kh/khmx/k_id/295
INFO: [ app_init ] --START--
INFO: Run Behavior\BuildLiteBehavior [ RunTime:0.000014s ]
INFO: [ app_init ] --END-- [ RunTime:0.000326s ]
INFO: [ app_begin ] --START--
INFO: Run Behavior\ReadHtmlCacheBehavior [ RunTime:0.000454s ]
INFO: [ app_begin ] --END-- [ RunTime:0.000515s ]
SQL: SHOW COLUMNS FROM `k` [ RunTime:0.0058s ]
SQL: SELECT * FROM `k` WHERE ( k_id=295 )  [ RunTime:0.0003s ]
INFO: [ view_parse ] --START--
INFO: [ template_filter ] --START--
INFO: Run Behavior\ContentReplaceBehavior [ RunTime:0.000168s ]
INFO: [ template_filter ] --END-- [ RunTime:0.000219s ]
NOTIC: [8] Undefined index: k_shm D:\xampp\htdocs\Application\Runtime\Cache\Home\a676da6858ca4c2be134c84274e7c1eb.php 第 290 行.
NOTIC: [8] Undefined variable: page D:\xampp\htdocs\Application\Runtime\Cache\Home\a676da6858ca4c2be134c84274e7c1eb.php 第 375 行.
NOTIC: [8] Undefined variable: page D:\xampp\htdocs\Application\Runtime\Cache\Home\a676da6858ca4c2be134c84274e7c1eb.php 第 378 行.
INFO: Run Behavior\ParseTemplateBehavior [ RunTime:0.018432s ]
INFO: [ view_parse ] --END-- [ RunTime:0.018482s ]
INFO: [ view_filter ] --START--
INFO: Run Behavior\WriteHtmlCacheBehavior [ RunTime:0.000254s ]
INFO: [ view_filter ] --END-- [ RunTime:0.000288s ]
INFO: [ app_end ] --START--
INFO: Run Behavior\ShowPageTraceBehavior [ RunTime:0.000960s ]
INFO: [ app_end ] --END-- [ RunTime:0.001027s ]

