[ 2018-05-03T16:00:04+08:00 ] ::1 /index.php/home/xg
INFO: [ app_init ] --START--
INFO: Run Behavior\BuildLiteBehavior [ RunTime:0.000018s ]
INFO: [ app_init ] --END-- [ RunTime:0.005232s ]
INFO: [ app_begin ] --START--
INFO: Run Behavior\ReadHtmlCacheBehavior [ RunTime:0.000785s ]
INFO: [ app_begin ] --END-- [ RunTime:0.000854s ]
SQL: SHOW COLUMNS FROM `k` [ RunTime:0.1446s ]
SQL: SELECT COUNT(*) AS tp_count FROM `k` LIMIT 1   [ RunTime:0.0365s ]
SQL: SELECT `k_id`,`k_m`,`k_hkfs`,`k_shdq`,`k_zdate`,`k_shm`,`k_shdz`,`k_lxr`,`k_hy`,`k_tel`,`k_sj`,`k_fax`,`k_yb`,`k_email`,`k_bz`,`片区`,`营销员`,`k_dzbq` FROM `k` ORDER BY k_id desc LIMIT 0,13   [ RunTime:0.0008s ]
INFO: [ view_parse ] --START--
INFO: [ template_filter ] --START--
INFO: Run Behavior\ContentReplaceBehavior [ RunTime:0.012336s ]
INFO: [ template_filter ] --END-- [ RunTime:0.012413s ]
INFO: Run Behavior\ParseTemplateBehavior [ RunTime:0.095631s ]
INFO: [ view_parse ] --END-- [ RunTime:0.095699s ]
INFO: [ view_filter ] --START--
INFO: Run Behavior\WriteHtmlCacheBehavior [ RunTime:0.011326s ]
INFO: [ view_filter ] --END-- [ RunTime:0.011459s ]
INFO: [ app_end ] --START--
INFO: Run Behavior\ShowPageTraceBehavior [ RunTime:0.013285s ]
INFO: [ app_end ] --END-- [ RunTime:0.013429s ]

[ 2018-05-03T16:00:08+08:00 ] ::1 /index.php/Home/Kh/index.html
INFO: [ app_init ] --START--
INFO: Run Behavior\BuildLiteBehavior [ RunTime:0.000019s ]
INFO: [ app_init ] --END-- [ RunTime:0.000547s ]
INFO: [ app_begin ] --START--
INFO: Run Behavior\ReadHtmlCacheBehavior [ RunTime:0.000638s ]
INFO: [ app_begin ] --END-- [ RunTime:0.000721s ]
SQL: SHOW COLUMNS FROM `k` [ RunTime:0.0061s ]
SQL: SELECT COUNT(*) AS tp_count FROM `k` LIMIT 1   [ RunTime:0.0006s ]
SQL: SELECT `k_id`,`k_m`,`k_hkfs`,`k_shdq`,`k_zdate`,`k_shm`,`k_shdz`,`k_lxr`,`k_hy`,`k_tel`,`k_sj`,`k_fax`,`k_yb`,`k_email`,`k_bz`,`片区`,`营销员`,`k_dzbq` FROM `k` ORDER BY k_m desc,k_id desc LIMIT 0,15   [ RunTime:0.0194s ]
INFO: [ view_parse ] --START--
INFO: [ template_filter ] --START--
INFO: Run Behavior\ContentReplaceBehavior [ RunTime:0.000217s ]
INFO: [ template_filter ] --END-- [ RunTime:0.000296s ]
INFO: Run Behavior\ParseTemplateBehavior [ RunTime:0.025327s ]
INFO: [ view_parse ] --END-- [ RunTime:0.025409s ]
INFO: [ view_filter ] --START--
INFO: Run Behavior\WriteHtmlCacheBehavior [ RunTime:0.000370s ]
INFO: [ view_filter ] --END-- [ RunTime:0.000433s ]
INFO: [ app_end ] --START--
INFO: Run Behavior\ShowPageTraceBehavior [ RunTime:0.000794s ]
INFO: [ app_end ] --END-- [ RunTime:0.000897s ]

[ 2018-05-03T19:06:38+08:00 ] ::1 /index.php/home/xg
INFO: [ app_init ] --START--
INFO: Run Behavior\BuildLiteBehavior [ RunTime:0.000013s ]
INFO: [ app_init ] --END-- [ RunTime:0.005242s ]
INFO: [ app_begin ] --START--
INFO: Run Behavior\ReadHtmlCacheBehavior [ RunTime:0.002025s ]
INFO: [ app_begin ] --END-- [ RunTime:0.002210s ]
SQL: SHOW COLUMNS FROM `k` [ RunTime:0.0998s ]
SQL: SELECT COUNT(*) AS tp_count FROM `k` LIMIT 1   [ RunTime:0.0042s ]
SQL: SELECT `k_id`,`k_m`,`k_hkfs`,`k_shdq`,`k_zdate`,`k_shm`,`k_shdz`,`k_lxr`,`k_hy`,`k_tel`,`k_sj`,`k_fax`,`k_yb`,`k_email`,`k_bz`,`片区`,`营销员`,`k_dzbq` FROM `k` ORDER BY k_id desc LIMIT 0,13   [ RunTime:0.0016s ]
INFO: [ view_parse ] --START--
INFO: [ template_filter ] --START--
INFO: Run Behavior\ContentReplaceBehavior [ RunTime:0.042823s ]
INFO: [ template_filter ] --END-- [ RunTime:0.043039s ]
INFO: Run Behavior\ParseTemplateBehavior [ RunTime:0.167056s ]
INFO: [ view_parse ] --END-- [ RunTime:0.167229s ]
INFO: [ view_filter ] --START--
INFO: Run Behavior\WriteHtmlCacheBehavior [ RunTime:0.010565s ]
INFO: [ view_filter ] --END-- [ RunTime:0.010731s ]
INFO: [ app_end ] --START--
INFO: Run Behavior\ShowPageTraceBehavior [ RunTime:0.014237s ]
INFO: [ app_end ] --END-- [ RunTime:0.014457s ]

[ 2018-05-03T19:06:41+08:00 ] ::1 /index.php/Home/Kh/index.html
INFO: [ app_init ] --START--
INFO: Run Behavior\BuildLiteBehavior [ RunTime:0.000017s ]
INFO: [ app_init ] --END-- [ RunTime:0.000451s ]
INFO: [ app_begin ] --START--
INFO: Run Behavior\ReadHtmlCacheBehavior [ RunTime:0.000568s ]
INFO: [ app_begin ] --END-- [ RunTime:0.000655s ]
SQL: SHOW COLUMNS FROM `k` [ RunTime:0.0210s ]
SQL: SELECT COUNT(*) AS tp_count FROM `k` LIMIT 1   [ RunTime:0.0015s ]
SQL: SELECT `k_id`,`k_m`,`k_hkfs`,`k_shdq`,`k_zdate`,`k_shm`,`k_shdz`,`k_lxr`,`k_hy`,`k_tel`,`k_sj`,`k_fax`,`k_yb`,`k_email`,`k_bz`,`片区`,`营销员`,`k_dzbq` FROM `k` ORDER BY k_m desc,k_id desc LIMIT 0,15   [ RunTime:0.0038s ]
INFO: [ view_parse ] --START--
INFO: [ template_filter ] --START--
INFO: Run Behavior\ContentReplaceBehavior [ RunTime:0.000387s ]
INFO: [ template_filter ] --END-- [ RunTime:0.000528s ]
INFO: Run Behavior\ParseTemplateBehavior [ RunTime:0.044010s ]
INFO: [ view_parse ] --END-- [ RunTime:0.044478s ]
INFO: [ view_filter ] --START--
INFO: Run Behavior\WriteHtmlCacheBehavior [ RunTime:0.000598s ]
INFO: [ view_filter ] --END-- [ RunTime:0.000720s ]
INFO: [ app_end ] --START--
INFO: Run Behavior\ShowPageTraceBehavior [ RunTime:0.001596s ]
INFO: [ app_end ] --END-- [ RunTime:0.001785s ]

[ 2018-05-03T19:06:43+08:00 ] ::1 /index.php/Home/Kh/khmx/k_id/251
INFO: [ app_init ] --START--
INFO: Run Behavior\BuildLiteBehavior [ RunTime:0.000013s ]
INFO: [ app_init ] --END-- [ RunTime:0.000347s ]
INFO: [ app_begin ] --START--
INFO: Run Behavior\ReadHtmlCacheBehavior [ RunTime:0.000515s ]
INFO: [ app_begin ] --END-- [ RunTime:0.000591s ]
SQL: SHOW COLUMNS FROM `k` [ RunTime:0.0096s ]
SQL: SELECT * FROM `k` WHERE ( k_id=251 )  [ RunTime:0.0441s ]
SQL: SHOW COLUMNS FROM `ht` [ RunTime:0.0318s ]
SQL: SELECT COUNT(*) AS tp_count FROM `ht` LIMIT 1   [ RunTime:0.1467s ]
SQL: SELECT `h_id`,`h_date`,`k_id`,`h_h`,`h_jdate`,`h_hy`,`h_hdate`,`h_zl`,`h_hkfs`,`h_jhd`,`营销员`,`fhk_id`,`h_khht`,`备注` FROM `ht` WHERE ( k_id=251 ) ORDER BY h_id desc LIMIT 0,10   [ RunTime:0.0179s ]
INFO: [ view_parse ] --START--
INFO: [ template_filter ] --START--
INFO: Run Behavior\ContentReplaceBehavior [ RunTime:0.000276s ]
INFO: [ template_filter ] --END-- [ RunTime:0.000362s ]
NOTIC: [8] Trying to get property of non-object D:\xampp\htdocs\Application\Runtime\Cache\Home\a676da6858ca4c2be134c84274e7c1eb.php 第 311 行.
NOTIC: [8] Undefined variable: vo1 D:\xampp\htdocs\Application\Runtime\Cache\Home\a676da6858ca4c2be134c84274e7c1eb.php 第 344 行.
NOTIC: [8] Undefined variable: vo1 D:\xampp\htdocs\Application\Runtime\Cache\Home\a676da6858ca4c2be134c84274e7c1eb.php 第 346 行.
NOTIC: [8] Undefined variable: vo1 D:\xampp\htdocs\Application\Runtime\Cache\Home\a676da6858ca4c2be134c84274e7c1eb.php 第 347 行.
INFO: Run Behavior\ParseTemplateBehavior [ RunTime:0.059237s ]
INFO: [ view_parse ] --END-- [ RunTime:0.059368s ]
INFO: [ view_filter ] --START--
INFO: Run Behavior\WriteHtmlCacheBehavior [ RunTime:0.000481s ]
INFO: [ view_filter ] --END-- [ RunTime:0.000551s ]
INFO: [ app_end ] --START--
INFO: Run Behavior\ShowPageTraceBehavior [ RunTime:0.001459s ]
INFO: [ app_end ] --END-- [ RunTime:0.001620s ]

[ 2018-05-03T19:42:33+08:00 ] ::1 /index.php/Home/Kh/khmx/k_id/251
INFO: [ app_init ] --START--
INFO: Run Behavior\BuildLiteBehavior [ RunTime:0.000129s ]
INFO: [ app_init ] --END-- [ RunTime:0.001526s ]
INFO: [ app_begin ] --START--
INFO: Run Behavior\ReadHtmlCacheBehavior [ RunTime:0.001378s ]
INFO: [ app_begin ] --END-- [ RunTime:0.001502s ]
SQL: SHOW COLUMNS FROM `k` [ RunTime:0.0090s ]
SQL: SELECT * FROM `k` WHERE ( k_id=251 )  [ RunTime:0.0109s ]
SQL: SHOW COLUMNS FROM `ht` [ RunTime:0.0086s ]
SQL: SELECT COUNT(*) AS tp_count FROM `ht` LIMIT 1   [ RunTime:0.0028s ]
SQL: SELECT `h_id`,`h_date`,`k_id`,`h_h`,`h_jdate`,`h_hy`,`h_hdate`,`h_zl`,`h_hkfs`,`h_jhd`,`营销员`,`fhk_id`,`h_khht`,`备注` FROM `ht` WHERE ( k_id=251 ) ORDER BY h_id desc LIMIT 0,10   [ RunTime:0.0069s ]
INFO: [ view_parse ] --START--
INFO: [ template_filter ] --START--
INFO: Run Behavior\ContentReplaceBehavior [ RunTime:0.000226s ]
INFO: [ template_filter ] --END-- [ RunTime:0.000299s ]
NOTIC: [8] Trying to get property of non-object D:\xampp\htdocs\Application\Runtime\Cache\Home\a676da6858ca4c2be134c84274e7c1eb.php 第 311 行.
NOTIC: [8] Undefined variable: vo1 D:\xampp\htdocs\Application\Runtime\Cache\Home\a676da6858ca4c2be134c84274e7c1eb.php 第 344 行.
NOTIC: [8] Undefined variable: vo1 D:\xampp\htdocs\Application\Runtime\Cache\Home\a676da6858ca4c2be134c84274e7c1eb.php 第 346 行.
NOTIC: [8] Undefined variable: vo1 D:\xampp\htdocs\Application\Runtime\Cache\Home\a676da6858ca4c2be134c84274e7c1eb.php 第 347 行.
INFO: Run Behavior\ParseTemplateBehavior [ RunTime:0.064362s ]
INFO: [ view_parse ] --END-- [ RunTime:0.064461s ]
INFO: [ view_filter ] --START--
INFO: Run Behavior\WriteHtmlCacheBehavior [ RunTime:0.013152s ]
INFO: [ view_filter ] --END-- [ RunTime:0.013230s ]
INFO: [ app_end ] --START--
INFO: Run Behavior\ShowPageTraceBehavior [ RunTime:0.007454s ]
INFO: [ app_end ] --END-- [ RunTime:0.007541s ]

