[ 2018-05-13T00:24:12+08:00 ] ::1 /index.php/home/xg
INFO: [ app_init ] --START--
INFO: Run Behavior\BuildLiteBehavior [ RunTime:0.000022s ]
INFO: [ app_init ] --END-- [ RunTime:0.005107s ]
INFO: [ app_begin ] --START--
INFO: Run Behavior\ReadHtmlCacheBehavior [ RunTime:0.008103s ]
INFO: [ app_begin ] --END-- [ RunTime:0.008169s ]
SQL: SHOW COLUMNS FROM `k` [ RunTime:0.0321s ]
SQL: SELECT COUNT(*) AS tp_count FROM `k` LIMIT 1   [ RunTime:0.0016s ]
SQL: SELECT `k_id`,`k_m`,`k_hkfs`,`k_shdq`,`k_zdate`,`k_shm`,`k_shdz`,`k_lxr`,`k_hy`,`k_tel`,`k_sj`,`k_fax`,`k_yb`,`k_email`,`k_bz`,`片区`,`营销员`,`k_dzbq` FROM `k` ORDER BY k_id desc LIMIT 0,13   [ RunTime:0.0006s ]
INFO: [ view_parse ] --START--
INFO: [ template_filter ] --START--
INFO: Run Behavior\ContentReplaceBehavior [ RunTime:0.008193s ]
INFO: [ template_filter ] --END-- [ RunTime:0.008256s ]
INFO: Run Behavior\ParseTemplateBehavior [ RunTime:0.082677s ]
INFO: [ view_parse ] --END-- [ RunTime:0.082739s ]
INFO: [ view_filter ] --START--
INFO: Run Behavior\WriteHtmlCacheBehavior [ RunTime:0.006764s ]
INFO: [ view_filter ] --END-- [ RunTime:0.006815s ]
INFO: [ app_end ] --START--
INFO: Run Behavior\ShowPageTraceBehavior [ RunTime:0.013070s ]
INFO: [ app_end ] --END-- [ RunTime:0.014017s ]

[ 2018-05-13T00:24:16+08:00 ] ::1 /index.php/Home/Kh/khmx/k_id/222
INFO: [ app_init ] --START--
INFO: Run Behavior\BuildLiteBehavior [ RunTime:0.000018s ]
INFO: [ app_init ] --END-- [ RunTime:0.000491s ]
INFO: [ app_begin ] --START--
INFO: Run Behavior\ReadHtmlCacheBehavior [ RunTime:0.000700s ]
INFO: [ app_begin ] --END-- [ RunTime:0.000776s ]
SQL: SHOW COLUMNS FROM `k` [ RunTime:0.0114s ]
SQL: SELECT * FROM `k` WHERE ( k_id=222 )  [ RunTime:0.0006s ]
SQL: SHOW COLUMNS FROM `ht` [ RunTime:0.0182s ]
SQL: SELECT COUNT(*) AS tp_count FROM `ht` WHERE ( k_id=222 ) LIMIT 1   [ RunTime:0.1476s ]
SQL: SELECT `h_id`,`h_date`,`k_id`,`h_h`,`h_jdate`,`h_hy`,`h_hdate`,`h_zl`,`h_hkfs`,`h_jhd`,`营销员`,`fhk_id`,`h_khht`,`备注` FROM `ht` WHERE ( k_id=222 ) ORDER BY h_id desc LIMIT 0,10   [ RunTime:0.0047s ]
INFO: [ view_parse ] --START--
INFO: [ template_filter ] --START--
INFO: Run Behavior\ContentReplaceBehavior [ RunTime:0.000149s ]
INFO: [ template_filter ] --END-- [ RunTime:0.000211s ]
INFO: Run Behavior\ParseTemplateBehavior [ RunTime:0.024439s ]
INFO: [ view_parse ] --END-- [ RunTime:0.024499s ]
INFO: [ view_filter ] --START--
INFO: Run Behavior\WriteHtmlCacheBehavior [ RunTime:0.000353s ]
INFO: [ view_filter ] --END-- [ RunTime:0.000395s ]
INFO: [ app_end ] --START--
INFO: Run Behavior\ShowPageTraceBehavior [ RunTime:0.000819s ]
INFO: [ app_end ] --END-- [ RunTime:0.000900s ]

[ 2018-05-13T00:24:33+08:00 ] ::1 /index.php/Home/Kh/khmx/k_id/444
INFO: [ app_init ] --START--
INFO: Run Behavior\BuildLiteBehavior [ RunTime:0.000056s ]
INFO: [ app_init ] --END-- [ RunTime:0.001044s ]
INFO: [ app_begin ] --START--
INFO: Run Behavior\ReadHtmlCacheBehavior [ RunTime:0.000536s ]
INFO: [ app_begin ] --END-- [ RunTime:0.000603s ]
SQL: SHOW COLUMNS FROM `k` [ RunTime:0.0106s ]
SQL: SELECT * FROM `k` WHERE ( k_id=444 )  [ RunTime:0.0004s ]
SQL: SHOW COLUMNS FROM `ht` [ RunTime:0.0051s ]
SQL: SELECT COUNT(*) AS tp_count FROM `ht` WHERE ( k_id=444 ) LIMIT 1   [ RunTime:0.0019s ]
SQL: SELECT `h_id`,`h_date`,`k_id`,`h_h`,`h_jdate`,`h_hy`,`h_hdate`,`h_zl`,`h_hkfs`,`h_jhd`,`营销员`,`fhk_id`,`h_khht`,`备注` FROM `ht` WHERE ( k_id=444 ) ORDER BY h_id desc LIMIT 0,10   [ RunTime:0.0044s ]
INFO: [ view_parse ] --START--
INFO: [ template_filter ] --START--
INFO: Run Behavior\ContentReplaceBehavior [ RunTime:0.000142s ]
INFO: [ template_filter ] --END-- [ RunTime:0.000185s ]
INFO: Run Behavior\ParseTemplateBehavior [ RunTime:0.016239s ]
INFO: [ view_parse ] --END-- [ RunTime:0.016300s ]
INFO: [ view_filter ] --START--
INFO: Run Behavior\WriteHtmlCacheBehavior [ RunTime:0.000286s ]
INFO: [ view_filter ] --END-- [ RunTime:0.000318s ]
INFO: [ app_end ] --START--
INFO: Run Behavior\ShowPageTraceBehavior [ RunTime:0.000538s ]
INFO: [ app_end ] --END-- [ RunTime:0.000581s ]

[ 2018-05-13T23:18:51+08:00 ] ::1 /index.php/Home/Kh/khmx/k_id/444
INFO: [ app_init ] --START--
INFO: Run Behavior\BuildLiteBehavior [ RunTime:0.000038s ]
INFO: [ app_init ] --END-- [ RunTime:0.013260s ]
INFO: [ app_begin ] --START--
INFO: Run Behavior\ReadHtmlCacheBehavior [ RunTime:0.001296s ]
INFO: [ app_begin ] --END-- [ RunTime:0.001397s ]
SQL: SHOW COLUMNS FROM `k` [ RunTime:0.0382s ]
SQL: SELECT * FROM `k` WHERE ( k_id=444 )  [ RunTime:0.0008s ]
SQL: SHOW COLUMNS FROM `ht` [ RunTime:0.0351s ]
SQL: SELECT COUNT(*) AS tp_count FROM `ht` WHERE ( k_id=444 ) LIMIT 1   [ RunTime:0.1464s ]
SQL: SELECT `h_id`,`h_date`,`k_id`,`h_h`,`h_jdate`,`h_hy`,`h_hdate`,`h_zl`,`h_hkfs`,`h_jhd`,`营销员`,`fhk_id`,`h_khht`,`备注` FROM `ht` WHERE ( k_id=444 ) ORDER BY h_id desc LIMIT 0,10   [ RunTime:0.0073s ]
INFO: [ view_parse ] --START--
INFO: [ template_filter ] --START--
INFO: Run Behavior\ContentReplaceBehavior [ RunTime:0.028997s ]
INFO: [ template_filter ] --END-- [ RunTime:0.029099s ]
INFO: Run Behavior\ParseTemplateBehavior [ RunTime:0.119702s ]
INFO: [ view_parse ] --END-- [ RunTime:0.119803s ]
INFO: [ view_filter ] --START--
INFO: Run Behavior\WriteHtmlCacheBehavior [ RunTime:0.012989s ]
INFO: [ view_filter ] --END-- [ RunTime:0.013056s ]
INFO: [ app_end ] --START--
INFO: Run Behavior\ShowPageTraceBehavior [ RunTime:0.013485s ]
INFO: [ app_end ] --END-- [ RunTime:0.013608s ]

[ 2018-05-13T23:19:23+08:00 ] ::1 /index.php/Home/Kh/khmx/k_id/444
INFO: [ app_init ] --START--
INFO: Run Behavior\BuildLiteBehavior [ RunTime:0.000012s ]
INFO: [ app_init ] --END-- [ RunTime:0.000332s ]
INFO: [ app_begin ] --START--
INFO: Run Behavior\ReadHtmlCacheBehavior [ RunTime:0.000494s ]
INFO: [ app_begin ] --END-- [ RunTime:0.000544s ]
SQL: SHOW COLUMNS FROM `k` [ RunTime:0.0081s ]
SQL: SELECT * FROM `k` WHERE ( k_id=444 )  [ RunTime:0.0004s ]
SQL: SHOW COLUMNS FROM `ht` [ RunTime:0.0064s ]
SQL: SELECT COUNT(*) AS tp_count FROM `ht` WHERE ( k_id=444 ) LIMIT 1   [ RunTime:0.0018s ]
SQL: SELECT `h_id`,`h_date`,`k_id`,`h_h`,`h_jdate`,`h_hy`,`h_hdate`,`h_zl`,`h_hkfs`,`h_jhd`,`营销员`,`fhk_id`,`h_khht`,`备注` FROM `ht` WHERE ( k_id=444 ) ORDER BY h_id desc LIMIT 0,10   [ RunTime:0.0046s ]
INFO: [ view_parse ] --START--
INFO: [ template_filter ] --START--
INFO: Run Behavior\ContentReplaceBehavior [ RunTime:0.000139s ]
INFO: [ template_filter ] --END-- [ RunTime:0.000183s ]
INFO: Run Behavior\ParseTemplateBehavior [ RunTime:0.015354s ]
INFO: [ view_parse ] --END-- [ RunTime:0.015405s ]
INFO: [ view_filter ] --START--
INFO: Run Behavior\WriteHtmlCacheBehavior [ RunTime:0.000297s ]
INFO: [ view_filter ] --END-- [ RunTime:0.000347s ]
INFO: [ app_end ] --START--
INFO: Run Behavior\ShowPageTraceBehavior [ RunTime:0.000552s ]
INFO: [ app_end ] --END-- [ RunTime:0.000602s ]

